[2025-08-17T14:49:25.720+0000] {processor.py:186} INFO - Started process (PID=98) to work on /home/airflow/.local/lib/python3.12/site-packages/airflow/example_dags/example_complex.py
[2025-08-17T14:49:25.721+0000] {processor.py:914} INFO - Processing file /home/airflow/.local/lib/python3.12/site-packages/airflow/example_dags/example_complex.py for tasks to queue
[2025-08-17T14:49:25.726+0000] {logging_mixin.py:190} INFO - [2025-08-17T14:49:25.725+0000] {dagbag.py:587} INFO - Filling up the DagBag from /home/airflow/.local/lib/python3.12/site-packages/airflow/example_dags/example_complex.py
[2025-08-17T14:49:25.737+0000] {processor.py:925} INFO - DAG(s) 'example_complex' retrieved from /home/airflow/.local/lib/python3.12/site-packages/airflow/example_dags/example_complex.py
[2025-08-17T14:49:25.847+0000] {logging_mixin.py:190} INFO - [2025-08-17T14:49:25.846+0000] {override.py:1858} INFO - Created Permission View: can read on DAG:example_complex
[2025-08-17T14:49:25.858+0000] {logging_mixin.py:190} INFO - [2025-08-17T14:49:25.857+0000] {override.py:1858} INFO - Created Permission View: can delete on DAG:example_complex
[2025-08-17T14:49:25.869+0000] {logging_mixin.py:190} INFO - [2025-08-17T14:49:25.869+0000] {override.py:1858} INFO - Created Permission View: can edit on DAG:example_complex
[2025-08-17T14:49:25.870+0000] {logging_mixin.py:190} INFO - [2025-08-17T14:49:25.870+0000] {dag.py:3211} INFO - Sync 1 DAGs
[2025-08-17T14:49:25.882+0000] {logging_mixin.py:190} INFO - [2025-08-17T14:49:25.882+0000] {dag.py:3234} INFO - Creating ORM DAG for example_complex
[2025-08-17T14:49:25.883+0000] {logging_mixin.py:190} INFO - [2025-08-17T14:49:25.883+0000] {dag.py:4138} INFO - Setting next_dagrun for example_complex to None, run_after=None
[2025-08-17T14:49:25.899+0000] {processor.py:208} INFO - Processing /home/airflow/.local/lib/python3.12/site-packages/airflow/example_dags/example_complex.py took 0.184 seconds
[2025-08-17T14:49:55.997+0000] {processor.py:186} INFO - Started process (PID=160) to work on /home/airflow/.local/lib/python3.12/site-packages/airflow/example_dags/example_complex.py
[2025-08-17T14:49:55.998+0000] {processor.py:914} INFO - Processing file /home/airflow/.local/lib/python3.12/site-packages/airflow/example_dags/example_complex.py for tasks to queue
[2025-08-17T14:49:56.001+0000] {logging_mixin.py:190} INFO - [2025-08-17T14:49:56.000+0000] {dagbag.py:587} INFO - Filling up the DagBag from /home/airflow/.local/lib/python3.12/site-packages/airflow/example_dags/example_complex.py
[2025-08-17T14:49:56.011+0000] {processor.py:925} INFO - DAG(s) 'example_complex' retrieved from /home/airflow/.local/lib/python3.12/site-packages/airflow/example_dags/example_complex.py
[2025-08-17T14:49:56.052+0000] {logging_mixin.py:190} INFO - [2025-08-17T14:49:56.051+0000] {dag.py:3211} INFO - Sync 1 DAGs
[2025-08-17T14:49:56.074+0000] {logging_mixin.py:190} INFO - [2025-08-17T14:49:56.074+0000] {dag.py:4138} INFO - Setting next_dagrun for example_complex to None, run_after=None
[2025-08-17T14:49:56.100+0000] {processor.py:208} INFO - Processing /home/airflow/.local/lib/python3.12/site-packages/airflow/example_dags/example_complex.py took 0.109 seconds
[2025-08-17T14:50:26.231+0000] {processor.py:186} INFO - Started process (PID=222) to work on /home/airflow/.local/lib/python3.12/site-packages/airflow/example_dags/example_complex.py
[2025-08-17T14:50:26.232+0000] {processor.py:914} INFO - Processing file /home/airflow/.local/lib/python3.12/site-packages/airflow/example_dags/example_complex.py for tasks to queue
[2025-08-17T14:50:26.235+0000] {logging_mixin.py:190} INFO - [2025-08-17T14:50:26.234+0000] {dagbag.py:587} INFO - Filling up the DagBag from /home/airflow/.local/lib/python3.12/site-packages/airflow/example_dags/example_complex.py
[2025-08-17T14:50:26.244+0000] {processor.py:925} INFO - DAG(s) 'example_complex' retrieved from /home/airflow/.local/lib/python3.12/site-packages/airflow/example_dags/example_complex.py
[2025-08-17T14:50:26.268+0000] {logging_mixin.py:190} INFO - [2025-08-17T14:50:26.268+0000] {dag.py:3211} INFO - Sync 1 DAGs
[2025-08-17T14:50:26.281+0000] {logging_mixin.py:190} INFO - [2025-08-17T14:50:26.281+0000] {dag.py:4138} INFO - Setting next_dagrun for example_complex to None, run_after=None
[2025-08-17T14:50:26.299+0000] {processor.py:208} INFO - Processing /home/airflow/.local/lib/python3.12/site-packages/airflow/example_dags/example_complex.py took 0.072 seconds
[2025-08-17T14:50:56.743+0000] {processor.py:186} INFO - Started process (PID=284) to work on /home/airflow/.local/lib/python3.12/site-packages/airflow/example_dags/example_complex.py
[2025-08-17T14:50:56.745+0000] {processor.py:914} INFO - Processing file /home/airflow/.local/lib/python3.12/site-packages/airflow/example_dags/example_complex.py for tasks to queue
[2025-08-17T14:50:56.747+0000] {logging_mixin.py:190} INFO - [2025-08-17T14:50:56.747+0000] {dagbag.py:587} INFO - Filling up the DagBag from /home/airflow/.local/lib/python3.12/site-packages/airflow/example_dags/example_complex.py
[2025-08-17T14:50:56.757+0000] {processor.py:925} INFO - DAG(s) 'example_complex' retrieved from /home/airflow/.local/lib/python3.12/site-packages/airflow/example_dags/example_complex.py
[2025-08-17T14:50:56.779+0000] {logging_mixin.py:190} INFO - [2025-08-17T14:50:56.779+0000] {dag.py:3211} INFO - Sync 1 DAGs
[2025-08-17T14:50:56.790+0000] {logging_mixin.py:190} INFO - [2025-08-17T14:50:56.789+0000] {dag.py:4138} INFO - Setting next_dagrun for example_complex to None, run_after=None
[2025-08-17T14:50:56.806+0000] {processor.py:208} INFO - Processing /home/airflow/.local/lib/python3.12/site-packages/airflow/example_dags/example_complex.py took 0.068 seconds
[2025-08-17T14:51:27.598+0000] {processor.py:186} INFO - Started process (PID=346) to work on /home/airflow/.local/lib/python3.12/site-packages/airflow/example_dags/example_complex.py
[2025-08-17T14:51:27.600+0000] {processor.py:914} INFO - Processing file /home/airflow/.local/lib/python3.12/site-packages/airflow/example_dags/example_complex.py for tasks to queue
[2025-08-17T14:51:27.602+0000] {logging_mixin.py:190} INFO - [2025-08-17T14:51:27.602+0000] {dagbag.py:587} INFO - Filling up the DagBag from /home/airflow/.local/lib/python3.12/site-packages/airflow/example_dags/example_complex.py
[2025-08-17T14:51:27.611+0000] {processor.py:925} INFO - DAG(s) 'example_complex' retrieved from /home/airflow/.local/lib/python3.12/site-packages/airflow/example_dags/example_complex.py
[2025-08-17T14:51:27.636+0000] {logging_mixin.py:190} INFO - [2025-08-17T14:51:27.636+0000] {dag.py:3211} INFO - Sync 1 DAGs
[2025-08-17T14:51:27.647+0000] {logging_mixin.py:190} INFO - [2025-08-17T14:51:27.647+0000] {dag.py:4138} INFO - Setting next_dagrun for example_complex to None, run_after=None
[2025-08-17T14:51:27.663+0000] {processor.py:208} INFO - Processing /home/airflow/.local/lib/python3.12/site-packages/airflow/example_dags/example_complex.py took 0.070 seconds
[2025-08-17T14:51:58.375+0000] {processor.py:186} INFO - Started process (PID=408) to work on /home/airflow/.local/lib/python3.12/site-packages/airflow/example_dags/example_complex.py
[2025-08-17T14:51:58.376+0000] {processor.py:914} INFO - Processing file /home/airflow/.local/lib/python3.12/site-packages/airflow/example_dags/example_complex.py for tasks to queue
[2025-08-17T14:51:58.378+0000] {logging_mixin.py:190} INFO - [2025-08-17T14:51:58.378+0000] {dagbag.py:587} INFO - Filling up the DagBag from /home/airflow/.local/lib/python3.12/site-packages/airflow/example_dags/example_complex.py
[2025-08-17T14:51:58.387+0000] {processor.py:925} INFO - DAG(s) 'example_complex' retrieved from /home/airflow/.local/lib/python3.12/site-packages/airflow/example_dags/example_complex.py
[2025-08-17T14:51:58.411+0000] {logging_mixin.py:190} INFO - [2025-08-17T14:51:58.411+0000] {dag.py:3211} INFO - Sync 1 DAGs
[2025-08-17T14:51:58.422+0000] {logging_mixin.py:190} INFO - [2025-08-17T14:51:58.422+0000] {dag.py:4138} INFO - Setting next_dagrun for example_complex to None, run_after=None
[2025-08-17T14:51:58.438+0000] {processor.py:208} INFO - Processing /home/airflow/.local/lib/python3.12/site-packages/airflow/example_dags/example_complex.py took 0.068 seconds
[2025-08-17T14:52:29.483+0000] {processor.py:186} INFO - Started process (PID=470) to work on /home/airflow/.local/lib/python3.12/site-packages/airflow/example_dags/example_complex.py
[2025-08-17T14:52:29.485+0000] {processor.py:914} INFO - Processing file /home/airflow/.local/lib/python3.12/site-packages/airflow/example_dags/example_complex.py for tasks to queue
[2025-08-17T14:52:29.488+0000] {logging_mixin.py:190} INFO - [2025-08-17T14:52:29.487+0000] {dagbag.py:587} INFO - Filling up the DagBag from /home/airflow/.local/lib/python3.12/site-packages/airflow/example_dags/example_complex.py
[2025-08-17T14:52:29.496+0000] {processor.py:925} INFO - DAG(s) 'example_complex' retrieved from /home/airflow/.local/lib/python3.12/site-packages/airflow/example_dags/example_complex.py
[2025-08-17T14:52:29.519+0000] {logging_mixin.py:190} INFO - [2025-08-17T14:52:29.518+0000] {dag.py:3211} INFO - Sync 1 DAGs
[2025-08-17T14:52:29.530+0000] {logging_mixin.py:190} INFO - [2025-08-17T14:52:29.529+0000] {dag.py:4138} INFO - Setting next_dagrun for example_complex to None, run_after=None
[2025-08-17T14:52:29.546+0000] {processor.py:208} INFO - Processing /home/airflow/.local/lib/python3.12/site-packages/airflow/example_dags/example_complex.py took 0.068 seconds
[2025-08-17T14:52:59.769+0000] {processor.py:186} INFO - Started process (PID=532) to work on /home/airflow/.local/lib/python3.12/site-packages/airflow/example_dags/example_complex.py
[2025-08-17T14:52:59.771+0000] {processor.py:914} INFO - Processing file /home/airflow/.local/lib/python3.12/site-packages/airflow/example_dags/example_complex.py for tasks to queue
[2025-08-17T14:52:59.774+0000] {logging_mixin.py:190} INFO - [2025-08-17T14:52:59.774+0000] {dagbag.py:587} INFO - Filling up the DagBag from /home/airflow/.local/lib/python3.12/site-packages/airflow/example_dags/example_complex.py
[2025-08-17T14:52:59.785+0000] {processor.py:925} INFO - DAG(s) 'example_complex' retrieved from /home/airflow/.local/lib/python3.12/site-packages/airflow/example_dags/example_complex.py
[2025-08-17T14:52:59.811+0000] {logging_mixin.py:190} INFO - [2025-08-17T14:52:59.811+0000] {dag.py:3211} INFO - Sync 1 DAGs
[2025-08-17T14:52:59.823+0000] {logging_mixin.py:190} INFO - [2025-08-17T14:52:59.823+0000] {dag.py:4138} INFO - Setting next_dagrun for example_complex to None, run_after=None
[2025-08-17T14:52:59.841+0000] {processor.py:208} INFO - Processing /home/airflow/.local/lib/python3.12/site-packages/airflow/example_dags/example_complex.py took 0.076 seconds
[2025-08-17T14:53:30.665+0000] {processor.py:186} INFO - Started process (PID=594) to work on /home/airflow/.local/lib/python3.12/site-packages/airflow/example_dags/example_complex.py
[2025-08-17T14:53:30.667+0000] {processor.py:914} INFO - Processing file /home/airflow/.local/lib/python3.12/site-packages/airflow/example_dags/example_complex.py for tasks to queue
[2025-08-17T14:53:30.670+0000] {logging_mixin.py:190} INFO - [2025-08-17T14:53:30.670+0000] {dagbag.py:587} INFO - Filling up the DagBag from /home/airflow/.local/lib/python3.12/site-packages/airflow/example_dags/example_complex.py
[2025-08-17T14:53:30.683+0000] {processor.py:925} INFO - DAG(s) 'example_complex' retrieved from /home/airflow/.local/lib/python3.12/site-packages/airflow/example_dags/example_complex.py
[2025-08-17T14:53:30.715+0000] {logging_mixin.py:190} INFO - [2025-08-17T14:53:30.715+0000] {dag.py:3211} INFO - Sync 1 DAGs
[2025-08-17T14:53:30.731+0000] {logging_mixin.py:190} INFO - [2025-08-17T14:53:30.730+0000] {dag.py:4138} INFO - Setting next_dagrun for example_complex to None, run_after=None
[2025-08-17T14:53:30.748+0000] {processor.py:208} INFO - Processing /home/airflow/.local/lib/python3.12/site-packages/airflow/example_dags/example_complex.py took 0.088 seconds
[2025-08-17T14:54:00.944+0000] {processor.py:186} INFO - Started process (PID=656) to work on /home/airflow/.local/lib/python3.12/site-packages/airflow/example_dags/example_complex.py
[2025-08-17T14:54:00.946+0000] {processor.py:914} INFO - Processing file /home/airflow/.local/lib/python3.12/site-packages/airflow/example_dags/example_complex.py for tasks to queue
[2025-08-17T14:54:00.951+0000] {logging_mixin.py:190} INFO - [2025-08-17T14:54:00.950+0000] {dagbag.py:587} INFO - Filling up the DagBag from /home/airflow/.local/lib/python3.12/site-packages/airflow/example_dags/example_complex.py
[2025-08-17T14:54:00.962+0000] {processor.py:925} INFO - DAG(s) 'example_complex' retrieved from /home/airflow/.local/lib/python3.12/site-packages/airflow/example_dags/example_complex.py
[2025-08-17T14:54:00.991+0000] {logging_mixin.py:190} INFO - [2025-08-17T14:54:00.991+0000] {dag.py:3211} INFO - Sync 1 DAGs
[2025-08-17T14:54:01.005+0000] {logging_mixin.py:190} INFO - [2025-08-17T14:54:01.004+0000] {dag.py:4138} INFO - Setting next_dagrun for example_complex to None, run_after=None
[2025-08-17T14:54:01.023+0000] {processor.py:208} INFO - Processing /home/airflow/.local/lib/python3.12/site-packages/airflow/example_dags/example_complex.py took 0.085 seconds
[2025-08-17T14:54:31.626+0000] {processor.py:186} INFO - Started process (PID=718) to work on /home/airflow/.local/lib/python3.12/site-packages/airflow/example_dags/example_complex.py
[2025-08-17T14:54:31.627+0000] {processor.py:914} INFO - Processing file /home/airflow/.local/lib/python3.12/site-packages/airflow/example_dags/example_complex.py for tasks to queue
[2025-08-17T14:54:31.630+0000] {logging_mixin.py:190} INFO - [2025-08-17T14:54:31.629+0000] {dagbag.py:587} INFO - Filling up the DagBag from /home/airflow/.local/lib/python3.12/site-packages/airflow/example_dags/example_complex.py
[2025-08-17T14:54:31.639+0000] {processor.py:925} INFO - DAG(s) 'example_complex' retrieved from /home/airflow/.local/lib/python3.12/site-packages/airflow/example_dags/example_complex.py
[2025-08-17T14:54:31.664+0000] {logging_mixin.py:190} INFO - [2025-08-17T14:54:31.664+0000] {dag.py:3211} INFO - Sync 1 DAGs
[2025-08-17T14:54:31.677+0000] {logging_mixin.py:190} INFO - [2025-08-17T14:54:31.677+0000] {dag.py:4138} INFO - Setting next_dagrun for example_complex to None, run_after=None
[2025-08-17T14:54:31.692+0000] {processor.py:208} INFO - Processing /home/airflow/.local/lib/python3.12/site-packages/airflow/example_dags/example_complex.py took 0.070 seconds
