[2025-08-17T14:49:22.636+0000] {processor.py:186} INFO - Started process (PID=77) to work on /home/airflow/.local/lib/python3.12/site-packages/airflow/example_dags/example_local_kubernetes_executor.py
[2025-08-17T14:49:22.638+0000] {processor.py:914} INFO - Processing file /home/airflow/.local/lib/python3.12/site-packages/airflow/example_dags/example_local_kubernetes_executor.py for tasks to queue
[2025-08-17T14:49:22.642+0000] {logging_mixin.py:190} INFO - [2025-08-17T14:49:22.641+0000] {dagbag.py:587} INFO - Filling up the DagBag from /home/airflow/.local/lib/python3.12/site-packages/airflow/example_dags/example_local_kubernetes_executor.py
[2025-08-17T14:49:22.657+0000] {processor.py:925} INFO - DAG(s) 'example_local_kubernetes_executor' retrieved from /home/airflow/.local/lib/python3.12/site-packages/airflow/example_dags/example_local_kubernetes_executor.py
[2025-08-17T14:49:22.792+0000] {logging_mixin.py:190} INFO - [2025-08-17T14:49:22.791+0000] {override.py:1858} INFO - Created Permission View: can read on DAG:example_local_kubernetes_executor
[2025-08-17T14:49:22.805+0000] {logging_mixin.py:190} INFO - [2025-08-17T14:49:22.805+0000] {override.py:1858} INFO - Created Permission View: can delete on DAG:example_local_kubernetes_executor
[2025-08-17T14:49:22.814+0000] {logging_mixin.py:190} INFO - [2025-08-17T14:49:22.814+0000] {override.py:1858} INFO - Created Permission View: can edit on DAG:example_local_kubernetes_executor
[2025-08-17T14:49:22.815+0000] {logging_mixin.py:190} INFO - [2025-08-17T14:49:22.815+0000] {dag.py:3211} INFO - Sync 1 DAGs
[2025-08-17T14:49:22.829+0000] {logging_mixin.py:190} INFO - [2025-08-17T14:49:22.829+0000] {dag.py:3234} INFO - Creating ORM DAG for example_local_kubernetes_executor
[2025-08-17T14:49:22.831+0000] {logging_mixin.py:190} INFO - [2025-08-17T14:49:22.830+0000] {dag.py:4138} INFO - Setting next_dagrun for example_local_kubernetes_executor to None, run_after=None
[2025-08-17T14:49:22.850+0000] {processor.py:208} INFO - Processing /home/airflow/.local/lib/python3.12/site-packages/airflow/example_dags/example_local_kubernetes_executor.py took 0.221 seconds
[2025-08-17T14:49:53.214+0000] {processor.py:186} INFO - Started process (PID=139) to work on /home/airflow/.local/lib/python3.12/site-packages/airflow/example_dags/example_local_kubernetes_executor.py
[2025-08-17T14:49:53.215+0000] {processor.py:914} INFO - Processing file /home/airflow/.local/lib/python3.12/site-packages/airflow/example_dags/example_local_kubernetes_executor.py for tasks to queue
[2025-08-17T14:49:53.217+0000] {logging_mixin.py:190} INFO - [2025-08-17T14:49:53.217+0000] {dagbag.py:587} INFO - Filling up the DagBag from /home/airflow/.local/lib/python3.12/site-packages/airflow/example_dags/example_local_kubernetes_executor.py
[2025-08-17T14:49:53.225+0000] {processor.py:925} INFO - DAG(s) 'example_local_kubernetes_executor' retrieved from /home/airflow/.local/lib/python3.12/site-packages/airflow/example_dags/example_local_kubernetes_executor.py
[2025-08-17T14:49:53.252+0000] {logging_mixin.py:190} INFO - [2025-08-17T14:49:53.251+0000] {dag.py:3211} INFO - Sync 1 DAGs
[2025-08-17T14:49:53.261+0000] {logging_mixin.py:190} INFO - [2025-08-17T14:49:53.261+0000] {dag.py:4138} INFO - Setting next_dagrun for example_local_kubernetes_executor to None, run_after=None
[2025-08-17T14:49:53.276+0000] {processor.py:208} INFO - Processing /home/airflow/.local/lib/python3.12/site-packages/airflow/example_dags/example_local_kubernetes_executor.py took 0.067 seconds
[2025-08-17T14:50:23.823+0000] {processor.py:186} INFO - Started process (PID=201) to work on /home/airflow/.local/lib/python3.12/site-packages/airflow/example_dags/example_local_kubernetes_executor.py
[2025-08-17T14:50:23.824+0000] {processor.py:914} INFO - Processing file /home/airflow/.local/lib/python3.12/site-packages/airflow/example_dags/example_local_kubernetes_executor.py for tasks to queue
[2025-08-17T14:50:23.827+0000] {logging_mixin.py:190} INFO - [2025-08-17T14:50:23.826+0000] {dagbag.py:587} INFO - Filling up the DagBag from /home/airflow/.local/lib/python3.12/site-packages/airflow/example_dags/example_local_kubernetes_executor.py
[2025-08-17T14:50:23.835+0000] {processor.py:925} INFO - DAG(s) 'example_local_kubernetes_executor' retrieved from /home/airflow/.local/lib/python3.12/site-packages/airflow/example_dags/example_local_kubernetes_executor.py
[2025-08-17T14:50:23.867+0000] {logging_mixin.py:190} INFO - [2025-08-17T14:50:23.866+0000] {dag.py:3211} INFO - Sync 1 DAGs
[2025-08-17T14:50:23.877+0000] {logging_mixin.py:190} INFO - [2025-08-17T14:50:23.877+0000] {dag.py:4138} INFO - Setting next_dagrun for example_local_kubernetes_executor to None, run_after=None
[2025-08-17T14:50:23.892+0000] {processor.py:208} INFO - Processing /home/airflow/.local/lib/python3.12/site-packages/airflow/example_dags/example_local_kubernetes_executor.py took 0.074 seconds
[2025-08-17T14:50:54.416+0000] {processor.py:186} INFO - Started process (PID=263) to work on /home/airflow/.local/lib/python3.12/site-packages/airflow/example_dags/example_local_kubernetes_executor.py
[2025-08-17T14:50:54.417+0000] {processor.py:914} INFO - Processing file /home/airflow/.local/lib/python3.12/site-packages/airflow/example_dags/example_local_kubernetes_executor.py for tasks to queue
[2025-08-17T14:50:54.419+0000] {logging_mixin.py:190} INFO - [2025-08-17T14:50:54.419+0000] {dagbag.py:587} INFO - Filling up the DagBag from /home/airflow/.local/lib/python3.12/site-packages/airflow/example_dags/example_local_kubernetes_executor.py
[2025-08-17T14:50:54.428+0000] {processor.py:925} INFO - DAG(s) 'example_local_kubernetes_executor' retrieved from /home/airflow/.local/lib/python3.12/site-packages/airflow/example_dags/example_local_kubernetes_executor.py
[2025-08-17T14:50:54.453+0000] {logging_mixin.py:190} INFO - [2025-08-17T14:50:54.452+0000] {dag.py:3211} INFO - Sync 1 DAGs
[2025-08-17T14:50:54.463+0000] {logging_mixin.py:190} INFO - [2025-08-17T14:50:54.463+0000] {dag.py:4138} INFO - Setting next_dagrun for example_local_kubernetes_executor to None, run_after=None
[2025-08-17T14:50:54.478+0000] {processor.py:208} INFO - Processing /home/airflow/.local/lib/python3.12/site-packages/airflow/example_dags/example_local_kubernetes_executor.py took 0.067 seconds
[2025-08-17T14:51:25.037+0000] {processor.py:186} INFO - Started process (PID=325) to work on /home/airflow/.local/lib/python3.12/site-packages/airflow/example_dags/example_local_kubernetes_executor.py
[2025-08-17T14:51:25.039+0000] {processor.py:914} INFO - Processing file /home/airflow/.local/lib/python3.12/site-packages/airflow/example_dags/example_local_kubernetes_executor.py for tasks to queue
[2025-08-17T14:51:25.041+0000] {logging_mixin.py:190} INFO - [2025-08-17T14:51:25.041+0000] {dagbag.py:587} INFO - Filling up the DagBag from /home/airflow/.local/lib/python3.12/site-packages/airflow/example_dags/example_local_kubernetes_executor.py
[2025-08-17T14:51:25.049+0000] {processor.py:925} INFO - DAG(s) 'example_local_kubernetes_executor' retrieved from /home/airflow/.local/lib/python3.12/site-packages/airflow/example_dags/example_local_kubernetes_executor.py
[2025-08-17T14:51:25.080+0000] {logging_mixin.py:190} INFO - [2025-08-17T14:51:25.080+0000] {dag.py:3211} INFO - Sync 1 DAGs
[2025-08-17T14:51:25.092+0000] {logging_mixin.py:190} INFO - [2025-08-17T14:51:25.092+0000] {dag.py:4138} INFO - Setting next_dagrun for example_local_kubernetes_executor to None, run_after=None
[2025-08-17T14:51:25.106+0000] {processor.py:208} INFO - Processing /home/airflow/.local/lib/python3.12/site-packages/airflow/example_dags/example_local_kubernetes_executor.py took 0.074 seconds
[2025-08-17T14:51:55.993+0000] {processor.py:186} INFO - Started process (PID=387) to work on /home/airflow/.local/lib/python3.12/site-packages/airflow/example_dags/example_local_kubernetes_executor.py
[2025-08-17T14:51:55.994+0000] {processor.py:914} INFO - Processing file /home/airflow/.local/lib/python3.12/site-packages/airflow/example_dags/example_local_kubernetes_executor.py for tasks to queue
[2025-08-17T14:51:55.997+0000] {logging_mixin.py:190} INFO - [2025-08-17T14:51:55.996+0000] {dagbag.py:587} INFO - Filling up the DagBag from /home/airflow/.local/lib/python3.12/site-packages/airflow/example_dags/example_local_kubernetes_executor.py
[2025-08-17T14:51:56.005+0000] {processor.py:925} INFO - DAG(s) 'example_local_kubernetes_executor' retrieved from /home/airflow/.local/lib/python3.12/site-packages/airflow/example_dags/example_local_kubernetes_executor.py
[2025-08-17T14:51:56.032+0000] {logging_mixin.py:190} INFO - [2025-08-17T14:51:56.032+0000] {dag.py:3211} INFO - Sync 1 DAGs
[2025-08-17T14:51:56.043+0000] {logging_mixin.py:190} INFO - [2025-08-17T14:51:56.043+0000] {dag.py:4138} INFO - Setting next_dagrun for example_local_kubernetes_executor to None, run_after=None
[2025-08-17T14:51:56.059+0000] {processor.py:208} INFO - Processing /home/airflow/.local/lib/python3.12/site-packages/airflow/example_dags/example_local_kubernetes_executor.py took 0.070 seconds
[2025-08-17T14:52:26.754+0000] {processor.py:186} INFO - Started process (PID=449) to work on /home/airflow/.local/lib/python3.12/site-packages/airflow/example_dags/example_local_kubernetes_executor.py
[2025-08-17T14:52:26.756+0000] {processor.py:914} INFO - Processing file /home/airflow/.local/lib/python3.12/site-packages/airflow/example_dags/example_local_kubernetes_executor.py for tasks to queue
[2025-08-17T14:52:26.759+0000] {logging_mixin.py:190} INFO - [2025-08-17T14:52:26.758+0000] {dagbag.py:587} INFO - Filling up the DagBag from /home/airflow/.local/lib/python3.12/site-packages/airflow/example_dags/example_local_kubernetes_executor.py
[2025-08-17T14:52:26.768+0000] {processor.py:925} INFO - DAG(s) 'example_local_kubernetes_executor' retrieved from /home/airflow/.local/lib/python3.12/site-packages/airflow/example_dags/example_local_kubernetes_executor.py
[2025-08-17T14:52:26.797+0000] {logging_mixin.py:190} INFO - [2025-08-17T14:52:26.796+0000] {dag.py:3211} INFO - Sync 1 DAGs
[2025-08-17T14:52:26.811+0000] {logging_mixin.py:190} INFO - [2025-08-17T14:52:26.811+0000] {dag.py:4138} INFO - Setting next_dagrun for example_local_kubernetes_executor to None, run_after=None
[2025-08-17T14:52:26.829+0000] {processor.py:208} INFO - Processing /home/airflow/.local/lib/python3.12/site-packages/airflow/example_dags/example_local_kubernetes_executor.py took 0.080 seconds
[2025-08-17T14:52:57.143+0000] {processor.py:186} INFO - Started process (PID=511) to work on /home/airflow/.local/lib/python3.12/site-packages/airflow/example_dags/example_local_kubernetes_executor.py
[2025-08-17T14:52:57.145+0000] {processor.py:914} INFO - Processing file /home/airflow/.local/lib/python3.12/site-packages/airflow/example_dags/example_local_kubernetes_executor.py for tasks to queue
[2025-08-17T14:52:57.147+0000] {logging_mixin.py:190} INFO - [2025-08-17T14:52:57.147+0000] {dagbag.py:587} INFO - Filling up the DagBag from /home/airflow/.local/lib/python3.12/site-packages/airflow/example_dags/example_local_kubernetes_executor.py
[2025-08-17T14:52:57.156+0000] {processor.py:925} INFO - DAG(s) 'example_local_kubernetes_executor' retrieved from /home/airflow/.local/lib/python3.12/site-packages/airflow/example_dags/example_local_kubernetes_executor.py
[2025-08-17T14:52:57.204+0000] {logging_mixin.py:190} INFO - [2025-08-17T14:52:57.204+0000] {dag.py:3211} INFO - Sync 1 DAGs
[2025-08-17T14:52:57.223+0000] {logging_mixin.py:190} INFO - [2025-08-17T14:52:57.223+0000] {dag.py:4138} INFO - Setting next_dagrun for example_local_kubernetes_executor to None, run_after=None
[2025-08-17T14:52:57.244+0000] {processor.py:208} INFO - Processing /home/airflow/.local/lib/python3.12/site-packages/airflow/example_dags/example_local_kubernetes_executor.py took 0.106 seconds
[2025-08-17T14:53:27.675+0000] {processor.py:186} INFO - Started process (PID=573) to work on /home/airflow/.local/lib/python3.12/site-packages/airflow/example_dags/example_local_kubernetes_executor.py
[2025-08-17T14:53:27.677+0000] {processor.py:914} INFO - Processing file /home/airflow/.local/lib/python3.12/site-packages/airflow/example_dags/example_local_kubernetes_executor.py for tasks to queue
[2025-08-17T14:53:27.680+0000] {logging_mixin.py:190} INFO - [2025-08-17T14:53:27.680+0000] {dagbag.py:587} INFO - Filling up the DagBag from /home/airflow/.local/lib/python3.12/site-packages/airflow/example_dags/example_local_kubernetes_executor.py
[2025-08-17T14:53:27.691+0000] {processor.py:925} INFO - DAG(s) 'example_local_kubernetes_executor' retrieved from /home/airflow/.local/lib/python3.12/site-packages/airflow/example_dags/example_local_kubernetes_executor.py
[2025-08-17T14:53:27.726+0000] {logging_mixin.py:190} INFO - [2025-08-17T14:53:27.726+0000] {dag.py:3211} INFO - Sync 1 DAGs
[2025-08-17T14:53:27.743+0000] {logging_mixin.py:190} INFO - [2025-08-17T14:53:27.743+0000] {dag.py:4138} INFO - Setting next_dagrun for example_local_kubernetes_executor to None, run_after=None
[2025-08-17T14:53:27.765+0000] {processor.py:208} INFO - Processing /home/airflow/.local/lib/python3.12/site-packages/airflow/example_dags/example_local_kubernetes_executor.py took 0.095 seconds
[2025-08-17T14:53:58.145+0000] {processor.py:186} INFO - Started process (PID=635) to work on /home/airflow/.local/lib/python3.12/site-packages/airflow/example_dags/example_local_kubernetes_executor.py
[2025-08-17T14:53:58.147+0000] {processor.py:914} INFO - Processing file /home/airflow/.local/lib/python3.12/site-packages/airflow/example_dags/example_local_kubernetes_executor.py for tasks to queue
[2025-08-17T14:53:58.150+0000] {logging_mixin.py:190} INFO - [2025-08-17T14:53:58.150+0000] {dagbag.py:587} INFO - Filling up the DagBag from /home/airflow/.local/lib/python3.12/site-packages/airflow/example_dags/example_local_kubernetes_executor.py
[2025-08-17T14:53:58.160+0000] {processor.py:925} INFO - DAG(s) 'example_local_kubernetes_executor' retrieved from /home/airflow/.local/lib/python3.12/site-packages/airflow/example_dags/example_local_kubernetes_executor.py
[2025-08-17T14:53:58.195+0000] {logging_mixin.py:190} INFO - [2025-08-17T14:53:58.194+0000] {dag.py:3211} INFO - Sync 1 DAGs
[2025-08-17T14:53:58.210+0000] {logging_mixin.py:190} INFO - [2025-08-17T14:53:58.210+0000] {dag.py:4138} INFO - Setting next_dagrun for example_local_kubernetes_executor to None, run_after=None
[2025-08-17T14:53:58.231+0000] {processor.py:208} INFO - Processing /home/airflow/.local/lib/python3.12/site-packages/airflow/example_dags/example_local_kubernetes_executor.py took 0.092 seconds
[2025-08-17T14:54:28.461+0000] {processor.py:186} INFO - Started process (PID=697) to work on /home/airflow/.local/lib/python3.12/site-packages/airflow/example_dags/example_local_kubernetes_executor.py
[2025-08-17T14:54:28.463+0000] {processor.py:914} INFO - Processing file /home/airflow/.local/lib/python3.12/site-packages/airflow/example_dags/example_local_kubernetes_executor.py for tasks to queue
[2025-08-17T14:54:28.465+0000] {logging_mixin.py:190} INFO - [2025-08-17T14:54:28.465+0000] {dagbag.py:587} INFO - Filling up the DagBag from /home/airflow/.local/lib/python3.12/site-packages/airflow/example_dags/example_local_kubernetes_executor.py
[2025-08-17T14:54:28.474+0000] {processor.py:925} INFO - DAG(s) 'example_local_kubernetes_executor' retrieved from /home/airflow/.local/lib/python3.12/site-packages/airflow/example_dags/example_local_kubernetes_executor.py
[2025-08-17T14:54:28.500+0000] {logging_mixin.py:190} INFO - [2025-08-17T14:54:28.500+0000] {dag.py:3211} INFO - Sync 1 DAGs
[2025-08-17T14:54:28.510+0000] {logging_mixin.py:190} INFO - [2025-08-17T14:54:28.510+0000] {dag.py:4138} INFO - Setting next_dagrun for example_local_kubernetes_executor to None, run_after=None
[2025-08-17T14:54:28.527+0000] {processor.py:208} INFO - Processing /home/airflow/.local/lib/python3.12/site-packages/airflow/example_dags/example_local_kubernetes_executor.py took 0.070 seconds
