[2025-08-17T14:49:22.909+0000] {processor.py:186} INFO - Started process (PID=78) to work on /home/airflow/.local/lib/python3.12/site-packages/airflow/example_dags/example_kubernetes_executor.py
[2025-08-17T14:49:22.910+0000] {processor.py:914} INFO - Processing file /home/airflow/.local/lib/python3.12/site-packages/airflow/example_dags/example_kubernetes_executor.py for tasks to queue
[2025-08-17T14:49:22.913+0000] {logging_mixin.py:190} INFO - [2025-08-17T14:49:22.913+0000] {dagbag.py:587} INFO - Filling up the DagBag from /home/airflow/.local/lib/python3.12/site-packages/airflow/example_dags/example_kubernetes_executor.py
[2025-08-17T14:49:22.936+0000] {processor.py:925} INFO - DAG(s) 'example_kubernetes_executor' retrieved from /home/airflow/.local/lib/python3.12/site-packages/airflow/example_dags/example_kubernetes_executor.py
[2025-08-17T14:49:23.088+0000] {logging_mixin.py:190} INFO - [2025-08-17T14:49:23.087+0000] {override.py:1858} INFO - Created Permission View: can read on DAG:example_kubernetes_executor
[2025-08-17T14:49:23.103+0000] {logging_mixin.py:190} INFO - [2025-08-17T14:49:23.102+0000] {override.py:1858} INFO - Created Permission View: can delete on DAG:example_kubernetes_executor
[2025-08-17T14:49:23.113+0000] {logging_mixin.py:190} INFO - [2025-08-17T14:49:23.113+0000] {override.py:1858} INFO - Created Permission View: can edit on DAG:example_kubernetes_executor
[2025-08-17T14:49:23.114+0000] {logging_mixin.py:190} INFO - [2025-08-17T14:49:23.114+0000] {dag.py:3211} INFO - Sync 1 DAGs
[2025-08-17T14:49:23.130+0000] {logging_mixin.py:190} INFO - [2025-08-17T14:49:23.130+0000] {dag.py:3234} INFO - Creating ORM DAG for example_kubernetes_executor
[2025-08-17T14:49:23.132+0000] {logging_mixin.py:190} INFO - [2025-08-17T14:49:23.132+0000] {dag.py:4138} INFO - Setting next_dagrun for example_kubernetes_executor to None, run_after=None
[2025-08-17T14:49:23.155+0000] {processor.py:208} INFO - Processing /home/airflow/.local/lib/python3.12/site-packages/airflow/example_dags/example_kubernetes_executor.py took 0.253 seconds
[2025-08-17T14:49:53.316+0000] {processor.py:186} INFO - Started process (PID=140) to work on /home/airflow/.local/lib/python3.12/site-packages/airflow/example_dags/example_kubernetes_executor.py
[2025-08-17T14:49:53.317+0000] {processor.py:914} INFO - Processing file /home/airflow/.local/lib/python3.12/site-packages/airflow/example_dags/example_kubernetes_executor.py for tasks to queue
[2025-08-17T14:49:53.320+0000] {logging_mixin.py:190} INFO - [2025-08-17T14:49:53.320+0000] {dagbag.py:587} INFO - Filling up the DagBag from /home/airflow/.local/lib/python3.12/site-packages/airflow/example_dags/example_kubernetes_executor.py
[2025-08-17T14:49:53.329+0000] {processor.py:925} INFO - DAG(s) 'example_kubernetes_executor' retrieved from /home/airflow/.local/lib/python3.12/site-packages/airflow/example_dags/example_kubernetes_executor.py
[2025-08-17T14:49:53.357+0000] {logging_mixin.py:190} INFO - [2025-08-17T14:49:53.357+0000] {dag.py:3211} INFO - Sync 1 DAGs
[2025-08-17T14:49:53.367+0000] {logging_mixin.py:190} INFO - [2025-08-17T14:49:53.367+0000] {dag.py:4138} INFO - Setting next_dagrun for example_kubernetes_executor to None, run_after=None
[2025-08-17T14:49:53.383+0000] {processor.py:208} INFO - Processing /home/airflow/.local/lib/python3.12/site-packages/airflow/example_dags/example_kubernetes_executor.py took 0.071 seconds
[2025-08-17T14:50:23.875+0000] {processor.py:186} INFO - Started process (PID=202) to work on /home/airflow/.local/lib/python3.12/site-packages/airflow/example_dags/example_kubernetes_executor.py
[2025-08-17T14:50:23.876+0000] {processor.py:914} INFO - Processing file /home/airflow/.local/lib/python3.12/site-packages/airflow/example_dags/example_kubernetes_executor.py for tasks to queue
[2025-08-17T14:50:23.878+0000] {logging_mixin.py:190} INFO - [2025-08-17T14:50:23.878+0000] {dagbag.py:587} INFO - Filling up the DagBag from /home/airflow/.local/lib/python3.12/site-packages/airflow/example_dags/example_kubernetes_executor.py
[2025-08-17T14:50:23.890+0000] {processor.py:925} INFO - DAG(s) 'example_kubernetes_executor' retrieved from /home/airflow/.local/lib/python3.12/site-packages/airflow/example_dags/example_kubernetes_executor.py
[2025-08-17T14:50:23.925+0000] {logging_mixin.py:190} INFO - [2025-08-17T14:50:23.925+0000] {dag.py:3211} INFO - Sync 1 DAGs
[2025-08-17T14:50:23.935+0000] {logging_mixin.py:190} INFO - [2025-08-17T14:50:23.935+0000] {dag.py:4138} INFO - Setting next_dagrun for example_kubernetes_executor to None, run_after=None
[2025-08-17T14:50:23.949+0000] {processor.py:208} INFO - Processing /home/airflow/.local/lib/python3.12/site-packages/airflow/example_dags/example_kubernetes_executor.py took 0.079 seconds
[2025-08-17T14:50:54.436+0000] {processor.py:186} INFO - Started process (PID=264) to work on /home/airflow/.local/lib/python3.12/site-packages/airflow/example_dags/example_kubernetes_executor.py
[2025-08-17T14:50:54.437+0000] {processor.py:914} INFO - Processing file /home/airflow/.local/lib/python3.12/site-packages/airflow/example_dags/example_kubernetes_executor.py for tasks to queue
[2025-08-17T14:50:54.440+0000] {logging_mixin.py:190} INFO - [2025-08-17T14:50:54.439+0000] {dagbag.py:587} INFO - Filling up the DagBag from /home/airflow/.local/lib/python3.12/site-packages/airflow/example_dags/example_kubernetes_executor.py
[2025-08-17T14:50:54.450+0000] {processor.py:925} INFO - DAG(s) 'example_kubernetes_executor' retrieved from /home/airflow/.local/lib/python3.12/site-packages/airflow/example_dags/example_kubernetes_executor.py
[2025-08-17T14:50:54.481+0000] {logging_mixin.py:190} INFO - [2025-08-17T14:50:54.480+0000] {dag.py:3211} INFO - Sync 1 DAGs
[2025-08-17T14:50:54.491+0000] {logging_mixin.py:190} INFO - [2025-08-17T14:50:54.491+0000] {dag.py:4138} INFO - Setting next_dagrun for example_kubernetes_executor to None, run_after=None
[2025-08-17T14:50:54.506+0000] {processor.py:208} INFO - Processing /home/airflow/.local/lib/python3.12/site-packages/airflow/example_dags/example_kubernetes_executor.py took 0.074 seconds
[2025-08-17T14:51:25.125+0000] {processor.py:186} INFO - Started process (PID=326) to work on /home/airflow/.local/lib/python3.12/site-packages/airflow/example_dags/example_kubernetes_executor.py
[2025-08-17T14:51:25.127+0000] {processor.py:914} INFO - Processing file /home/airflow/.local/lib/python3.12/site-packages/airflow/example_dags/example_kubernetes_executor.py for tasks to queue
[2025-08-17T14:51:25.129+0000] {logging_mixin.py:190} INFO - [2025-08-17T14:51:25.129+0000] {dagbag.py:587} INFO - Filling up the DagBag from /home/airflow/.local/lib/python3.12/site-packages/airflow/example_dags/example_kubernetes_executor.py
[2025-08-17T14:51:25.140+0000] {processor.py:925} INFO - DAG(s) 'example_kubernetes_executor' retrieved from /home/airflow/.local/lib/python3.12/site-packages/airflow/example_dags/example_kubernetes_executor.py
[2025-08-17T14:51:25.167+0000] {logging_mixin.py:190} INFO - [2025-08-17T14:51:25.167+0000] {dag.py:3211} INFO - Sync 1 DAGs
[2025-08-17T14:51:25.178+0000] {logging_mixin.py:190} INFO - [2025-08-17T14:51:25.178+0000] {dag.py:4138} INFO - Setting next_dagrun for example_kubernetes_executor to None, run_after=None
[2025-08-17T14:51:25.195+0000] {processor.py:208} INFO - Processing /home/airflow/.local/lib/python3.12/site-packages/airflow/example_dags/example_kubernetes_executor.py took 0.075 seconds
[2025-08-17T14:51:56.070+0000] {processor.py:186} INFO - Started process (PID=388) to work on /home/airflow/.local/lib/python3.12/site-packages/airflow/example_dags/example_kubernetes_executor.py
[2025-08-17T14:51:56.071+0000] {processor.py:914} INFO - Processing file /home/airflow/.local/lib/python3.12/site-packages/airflow/example_dags/example_kubernetes_executor.py for tasks to queue
[2025-08-17T14:51:56.074+0000] {logging_mixin.py:190} INFO - [2025-08-17T14:51:56.073+0000] {dagbag.py:587} INFO - Filling up the DagBag from /home/airflow/.local/lib/python3.12/site-packages/airflow/example_dags/example_kubernetes_executor.py
[2025-08-17T14:51:56.085+0000] {processor.py:925} INFO - DAG(s) 'example_kubernetes_executor' retrieved from /home/airflow/.local/lib/python3.12/site-packages/airflow/example_dags/example_kubernetes_executor.py
[2025-08-17T14:51:56.114+0000] {logging_mixin.py:190} INFO - [2025-08-17T14:51:56.113+0000] {dag.py:3211} INFO - Sync 1 DAGs
[2025-08-17T14:51:56.125+0000] {logging_mixin.py:190} INFO - [2025-08-17T14:51:56.125+0000] {dag.py:4138} INFO - Setting next_dagrun for example_kubernetes_executor to None, run_after=None
[2025-08-17T14:51:56.141+0000] {processor.py:208} INFO - Processing /home/airflow/.local/lib/python3.12/site-packages/airflow/example_dags/example_kubernetes_executor.py took 0.076 seconds
[2025-08-17T14:52:26.905+0000] {processor.py:186} INFO - Started process (PID=450) to work on /home/airflow/.local/lib/python3.12/site-packages/airflow/example_dags/example_kubernetes_executor.py
[2025-08-17T14:52:26.910+0000] {processor.py:914} INFO - Processing file /home/airflow/.local/lib/python3.12/site-packages/airflow/example_dags/example_kubernetes_executor.py for tasks to queue
[2025-08-17T14:52:26.913+0000] {logging_mixin.py:190} INFO - [2025-08-17T14:52:26.912+0000] {dagbag.py:587} INFO - Filling up the DagBag from /home/airflow/.local/lib/python3.12/site-packages/airflow/example_dags/example_kubernetes_executor.py
[2025-08-17T14:52:26.923+0000] {processor.py:925} INFO - DAG(s) 'example_kubernetes_executor' retrieved from /home/airflow/.local/lib/python3.12/site-packages/airflow/example_dags/example_kubernetes_executor.py
[2025-08-17T14:52:26.952+0000] {logging_mixin.py:190} INFO - [2025-08-17T14:52:26.952+0000] {dag.py:3211} INFO - Sync 1 DAGs
[2025-08-17T14:52:26.964+0000] {logging_mixin.py:190} INFO - [2025-08-17T14:52:26.964+0000] {dag.py:4138} INFO - Setting next_dagrun for example_kubernetes_executor to None, run_after=None
[2025-08-17T14:52:26.982+0000] {processor.py:208} INFO - Processing /home/airflow/.local/lib/python3.12/site-packages/airflow/example_dags/example_kubernetes_executor.py took 0.083 seconds
[2025-08-17T14:52:57.173+0000] {processor.py:186} INFO - Started process (PID=512) to work on /home/airflow/.local/lib/python3.12/site-packages/airflow/example_dags/example_kubernetes_executor.py
[2025-08-17T14:52:57.175+0000] {processor.py:914} INFO - Processing file /home/airflow/.local/lib/python3.12/site-packages/airflow/example_dags/example_kubernetes_executor.py for tasks to queue
[2025-08-17T14:52:57.181+0000] {logging_mixin.py:190} INFO - [2025-08-17T14:52:57.181+0000] {dagbag.py:587} INFO - Filling up the DagBag from /home/airflow/.local/lib/python3.12/site-packages/airflow/example_dags/example_kubernetes_executor.py
[2025-08-17T14:52:57.213+0000] {processor.py:925} INFO - DAG(s) 'example_kubernetes_executor' retrieved from /home/airflow/.local/lib/python3.12/site-packages/airflow/example_dags/example_kubernetes_executor.py
[2025-08-17T14:52:57.253+0000] {logging_mixin.py:190} INFO - [2025-08-17T14:52:57.252+0000] {dag.py:3211} INFO - Sync 1 DAGs
[2025-08-17T14:52:57.264+0000] {logging_mixin.py:190} INFO - [2025-08-17T14:52:57.264+0000] {dag.py:4138} INFO - Setting next_dagrun for example_kubernetes_executor to None, run_after=None
[2025-08-17T14:52:57.282+0000] {processor.py:208} INFO - Processing /home/airflow/.local/lib/python3.12/site-packages/airflow/example_dags/example_kubernetes_executor.py took 0.114 seconds
[2025-08-17T14:53:27.802+0000] {processor.py:186} INFO - Started process (PID=574) to work on /home/airflow/.local/lib/python3.12/site-packages/airflow/example_dags/example_kubernetes_executor.py
[2025-08-17T14:53:27.804+0000] {processor.py:914} INFO - Processing file /home/airflow/.local/lib/python3.12/site-packages/airflow/example_dags/example_kubernetes_executor.py for tasks to queue
[2025-08-17T14:53:27.807+0000] {logging_mixin.py:190} INFO - [2025-08-17T14:53:27.807+0000] {dagbag.py:587} INFO - Filling up the DagBag from /home/airflow/.local/lib/python3.12/site-packages/airflow/example_dags/example_kubernetes_executor.py
[2025-08-17T14:53:27.822+0000] {processor.py:925} INFO - DAG(s) 'example_kubernetes_executor' retrieved from /home/airflow/.local/lib/python3.12/site-packages/airflow/example_dags/example_kubernetes_executor.py
[2025-08-17T14:53:27.860+0000] {logging_mixin.py:190} INFO - [2025-08-17T14:53:27.860+0000] {dag.py:3211} INFO - Sync 1 DAGs
[2025-08-17T14:53:27.875+0000] {logging_mixin.py:190} INFO - [2025-08-17T14:53:27.875+0000] {dag.py:4138} INFO - Setting next_dagrun for example_kubernetes_executor to None, run_after=None
[2025-08-17T14:53:27.893+0000] {processor.py:208} INFO - Processing /home/airflow/.local/lib/python3.12/site-packages/airflow/example_dags/example_kubernetes_executor.py took 0.096 seconds
[2025-08-17T14:53:58.269+0000] {processor.py:186} INFO - Started process (PID=636) to work on /home/airflow/.local/lib/python3.12/site-packages/airflow/example_dags/example_kubernetes_executor.py
[2025-08-17T14:53:58.271+0000] {processor.py:914} INFO - Processing file /home/airflow/.local/lib/python3.12/site-packages/airflow/example_dags/example_kubernetes_executor.py for tasks to queue
[2025-08-17T14:53:58.275+0000] {logging_mixin.py:190} INFO - [2025-08-17T14:53:58.275+0000] {dagbag.py:587} INFO - Filling up the DagBag from /home/airflow/.local/lib/python3.12/site-packages/airflow/example_dags/example_kubernetes_executor.py
[2025-08-17T14:53:58.290+0000] {processor.py:925} INFO - DAG(s) 'example_kubernetes_executor' retrieved from /home/airflow/.local/lib/python3.12/site-packages/airflow/example_dags/example_kubernetes_executor.py
[2025-08-17T14:53:58.328+0000] {logging_mixin.py:190} INFO - [2025-08-17T14:53:58.328+0000] {dag.py:3211} INFO - Sync 1 DAGs
[2025-08-17T14:53:58.342+0000] {logging_mixin.py:190} INFO - [2025-08-17T14:53:58.342+0000] {dag.py:4138} INFO - Setting next_dagrun for example_kubernetes_executor to None, run_after=None
[2025-08-17T14:53:58.360+0000] {processor.py:208} INFO - Processing /home/airflow/.local/lib/python3.12/site-packages/airflow/example_dags/example_kubernetes_executor.py took 0.096 seconds
[2025-08-17T14:54:28.486+0000] {processor.py:186} INFO - Started process (PID=698) to work on /home/airflow/.local/lib/python3.12/site-packages/airflow/example_dags/example_kubernetes_executor.py
[2025-08-17T14:54:28.488+0000] {processor.py:914} INFO - Processing file /home/airflow/.local/lib/python3.12/site-packages/airflow/example_dags/example_kubernetes_executor.py for tasks to queue
[2025-08-17T14:54:28.490+0000] {logging_mixin.py:190} INFO - [2025-08-17T14:54:28.490+0000] {dagbag.py:587} INFO - Filling up the DagBag from /home/airflow/.local/lib/python3.12/site-packages/airflow/example_dags/example_kubernetes_executor.py
[2025-08-17T14:54:28.501+0000] {processor.py:925} INFO - DAG(s) 'example_kubernetes_executor' retrieved from /home/airflow/.local/lib/python3.12/site-packages/airflow/example_dags/example_kubernetes_executor.py
[2025-08-17T14:54:28.531+0000] {logging_mixin.py:190} INFO - [2025-08-17T14:54:28.531+0000] {dag.py:3211} INFO - Sync 1 DAGs
[2025-08-17T14:54:28.543+0000] {logging_mixin.py:190} INFO - [2025-08-17T14:54:28.543+0000] {dag.py:4138} INFO - Setting next_dagrun for example_kubernetes_executor to None, run_after=None
[2025-08-17T14:54:28.560+0000] {processor.py:208} INFO - Processing /home/airflow/.local/lib/python3.12/site-packages/airflow/example_dags/example_kubernetes_executor.py took 0.079 seconds
