[2025-08-17T14:49:21.144+0000] {processor.py:186} INFO - Started process (PID=62) to work on /home/airflow/.local/lib/python3.12/site-packages/airflow/example_dags/example_latest_only.py
[2025-08-17T14:49:21.145+0000] {processor.py:914} INFO - Processing file /home/airflow/.local/lib/python3.12/site-packages/airflow/example_dags/example_latest_only.py for tasks to queue
[2025-08-17T14:49:21.149+0000] {logging_mixin.py:190} INFO - [2025-08-17T14:49:21.149+0000] {dagbag.py:587} INFO - Filling up the DagBag from /home/airflow/.local/lib/python3.12/site-packages/airflow/example_dags/example_latest_only.py
[2025-08-17T14:49:21.158+0000] {processor.py:925} INFO - DAG(s) 'latest_only' retrieved from /home/airflow/.local/lib/python3.12/site-packages/airflow/example_dags/example_latest_only.py
[2025-08-17T14:49:21.286+0000] {logging_mixin.py:190} INFO - [2025-08-17T14:49:21.286+0000] {override.py:1858} INFO - Created Permission View: can read on DAG:latest_only
[2025-08-17T14:49:21.300+0000] {logging_mixin.py:190} INFO - [2025-08-17T14:49:21.299+0000] {override.py:1858} INFO - Created Permission View: can delete on DAG:latest_only
[2025-08-17T14:49:21.311+0000] {logging_mixin.py:190} INFO - [2025-08-17T14:49:21.311+0000] {override.py:1858} INFO - Created Permission View: can edit on DAG:latest_only
[2025-08-17T14:49:21.313+0000] {logging_mixin.py:190} INFO - [2025-08-17T14:49:21.312+0000] {dag.py:3211} INFO - Sync 1 DAGs
[2025-08-17T14:49:21.327+0000] {logging_mixin.py:190} INFO - [2025-08-17T14:49:21.327+0000] {dag.py:3234} INFO - Creating ORM DAG for latest_only
[2025-08-17T14:49:21.342+0000] {logging_mixin.py:190} INFO - [2025-08-17T14:49:21.341+0000] {dag.py:4138} INFO - Setting next_dagrun for latest_only to 2025-08-17 08:00:00+00:00, run_after=2025-08-17 12:00:00+00:00
[2025-08-17T14:49:21.366+0000] {processor.py:208} INFO - Processing /home/airflow/.local/lib/python3.12/site-packages/airflow/example_dags/example_latest_only.py took 0.229 seconds
[2025-08-17T14:49:51.522+0000] {processor.py:186} INFO - Started process (PID=124) to work on /home/airflow/.local/lib/python3.12/site-packages/airflow/example_dags/example_latest_only.py
[2025-08-17T14:49:51.524+0000] {processor.py:914} INFO - Processing file /home/airflow/.local/lib/python3.12/site-packages/airflow/example_dags/example_latest_only.py for tasks to queue
[2025-08-17T14:49:51.526+0000] {logging_mixin.py:190} INFO - [2025-08-17T14:49:51.526+0000] {dagbag.py:587} INFO - Filling up the DagBag from /home/airflow/.local/lib/python3.12/site-packages/airflow/example_dags/example_latest_only.py
[2025-08-17T14:49:51.532+0000] {processor.py:925} INFO - DAG(s) 'latest_only' retrieved from /home/airflow/.local/lib/python3.12/site-packages/airflow/example_dags/example_latest_only.py
[2025-08-17T14:49:51.548+0000] {logging_mixin.py:190} INFO - [2025-08-17T14:49:51.548+0000] {dag.py:3211} INFO - Sync 1 DAGs
[2025-08-17T14:49:51.563+0000] {logging_mixin.py:190} INFO - [2025-08-17T14:49:51.563+0000] {dag.py:4138} INFO - Setting next_dagrun for latest_only to 2025-08-17 08:00:00+00:00, run_after=2025-08-17 12:00:00+00:00
[2025-08-17T14:49:51.578+0000] {processor.py:208} INFO - Processing /home/airflow/.local/lib/python3.12/site-packages/airflow/example_dags/example_latest_only.py took 0.061 seconds
[2025-08-17T14:50:22.210+0000] {processor.py:186} INFO - Started process (PID=186) to work on /home/airflow/.local/lib/python3.12/site-packages/airflow/example_dags/example_latest_only.py
[2025-08-17T14:50:22.211+0000] {processor.py:914} INFO - Processing file /home/airflow/.local/lib/python3.12/site-packages/airflow/example_dags/example_latest_only.py for tasks to queue
[2025-08-17T14:50:22.214+0000] {logging_mixin.py:190} INFO - [2025-08-17T14:50:22.213+0000] {dagbag.py:587} INFO - Filling up the DagBag from /home/airflow/.local/lib/python3.12/site-packages/airflow/example_dags/example_latest_only.py
[2025-08-17T14:50:22.222+0000] {processor.py:925} INFO - DAG(s) 'latest_only' retrieved from /home/airflow/.local/lib/python3.12/site-packages/airflow/example_dags/example_latest_only.py
[2025-08-17T14:50:22.241+0000] {logging_mixin.py:190} INFO - [2025-08-17T14:50:22.240+0000] {dag.py:3211} INFO - Sync 1 DAGs
[2025-08-17T14:50:22.259+0000] {logging_mixin.py:190} INFO - [2025-08-17T14:50:22.259+0000] {dag.py:4138} INFO - Setting next_dagrun for latest_only to 2025-08-17 08:00:00+00:00, run_after=2025-08-17 12:00:00+00:00
[2025-08-17T14:50:22.273+0000] {processor.py:208} INFO - Processing /home/airflow/.local/lib/python3.12/site-packages/airflow/example_dags/example_latest_only.py took 0.069 seconds
[2025-08-17T14:50:52.883+0000] {processor.py:186} INFO - Started process (PID=254) to work on /home/airflow/.local/lib/python3.12/site-packages/airflow/example_dags/example_latest_only.py
[2025-08-17T14:50:52.885+0000] {processor.py:914} INFO - Processing file /home/airflow/.local/lib/python3.12/site-packages/airflow/example_dags/example_latest_only.py for tasks to queue
[2025-08-17T14:50:52.888+0000] {logging_mixin.py:190} INFO - [2025-08-17T14:50:52.887+0000] {dagbag.py:587} INFO - Filling up the DagBag from /home/airflow/.local/lib/python3.12/site-packages/airflow/example_dags/example_latest_only.py
[2025-08-17T14:50:52.894+0000] {processor.py:925} INFO - DAG(s) 'latest_only' retrieved from /home/airflow/.local/lib/python3.12/site-packages/airflow/example_dags/example_latest_only.py
[2025-08-17T14:50:52.911+0000] {logging_mixin.py:190} INFO - [2025-08-17T14:50:52.911+0000] {dag.py:3211} INFO - Sync 1 DAGs
[2025-08-17T14:50:52.928+0000] {logging_mixin.py:190} INFO - [2025-08-17T14:50:52.928+0000] {dag.py:4138} INFO - Setting next_dagrun for latest_only to 2025-08-17 08:00:00+00:00, run_after=2025-08-17 12:00:00+00:00
[2025-08-17T14:50:52.942+0000] {processor.py:208} INFO - Processing /home/airflow/.local/lib/python3.12/site-packages/airflow/example_dags/example_latest_only.py took 0.063 seconds
[2025-08-17T14:51:23.436+0000] {processor.py:186} INFO - Started process (PID=316) to work on /home/airflow/.local/lib/python3.12/site-packages/airflow/example_dags/example_latest_only.py
[2025-08-17T14:51:23.438+0000] {processor.py:914} INFO - Processing file /home/airflow/.local/lib/python3.12/site-packages/airflow/example_dags/example_latest_only.py for tasks to queue
[2025-08-17T14:51:23.440+0000] {logging_mixin.py:190} INFO - [2025-08-17T14:51:23.440+0000] {dagbag.py:587} INFO - Filling up the DagBag from /home/airflow/.local/lib/python3.12/site-packages/airflow/example_dags/example_latest_only.py
[2025-08-17T14:51:23.446+0000] {processor.py:925} INFO - DAG(s) 'latest_only' retrieved from /home/airflow/.local/lib/python3.12/site-packages/airflow/example_dags/example_latest_only.py
[2025-08-17T14:51:23.463+0000] {logging_mixin.py:190} INFO - [2025-08-17T14:51:23.463+0000] {dag.py:3211} INFO - Sync 1 DAGs
[2025-08-17T14:51:23.479+0000] {logging_mixin.py:190} INFO - [2025-08-17T14:51:23.479+0000] {dag.py:4138} INFO - Setting next_dagrun for latest_only to 2025-08-17 08:00:00+00:00, run_after=2025-08-17 12:00:00+00:00
[2025-08-17T14:51:23.494+0000] {processor.py:208} INFO - Processing /home/airflow/.local/lib/python3.12/site-packages/airflow/example_dags/example_latest_only.py took 0.063 seconds
[2025-08-17T14:51:54.477+0000] {processor.py:186} INFO - Started process (PID=378) to work on /home/airflow/.local/lib/python3.12/site-packages/airflow/example_dags/example_latest_only.py
[2025-08-17T14:51:54.478+0000] {processor.py:914} INFO - Processing file /home/airflow/.local/lib/python3.12/site-packages/airflow/example_dags/example_latest_only.py for tasks to queue
[2025-08-17T14:51:54.480+0000] {logging_mixin.py:190} INFO - [2025-08-17T14:51:54.479+0000] {dagbag.py:587} INFO - Filling up the DagBag from /home/airflow/.local/lib/python3.12/site-packages/airflow/example_dags/example_latest_only.py
[2025-08-17T14:51:54.485+0000] {processor.py:925} INFO - DAG(s) 'latest_only' retrieved from /home/airflow/.local/lib/python3.12/site-packages/airflow/example_dags/example_latest_only.py
[2025-08-17T14:51:54.501+0000] {logging_mixin.py:190} INFO - [2025-08-17T14:51:54.500+0000] {dag.py:3211} INFO - Sync 1 DAGs
[2025-08-17T14:51:54.516+0000] {logging_mixin.py:190} INFO - [2025-08-17T14:51:54.516+0000] {dag.py:4138} INFO - Setting next_dagrun for latest_only to 2025-08-17 08:00:00+00:00, run_after=2025-08-17 12:00:00+00:00
[2025-08-17T14:51:54.531+0000] {processor.py:208} INFO - Processing /home/airflow/.local/lib/python3.12/site-packages/airflow/example_dags/example_latest_only.py took 0.060 seconds
[2025-08-17T14:52:25.241+0000] {processor.py:186} INFO - Started process (PID=440) to work on /home/airflow/.local/lib/python3.12/site-packages/airflow/example_dags/example_latest_only.py
[2025-08-17T14:52:25.242+0000] {processor.py:914} INFO - Processing file /home/airflow/.local/lib/python3.12/site-packages/airflow/example_dags/example_latest_only.py for tasks to queue
[2025-08-17T14:52:25.244+0000] {logging_mixin.py:190} INFO - [2025-08-17T14:52:25.243+0000] {dagbag.py:587} INFO - Filling up the DagBag from /home/airflow/.local/lib/python3.12/site-packages/airflow/example_dags/example_latest_only.py
[2025-08-17T14:52:25.249+0000] {processor.py:925} INFO - DAG(s) 'latest_only' retrieved from /home/airflow/.local/lib/python3.12/site-packages/airflow/example_dags/example_latest_only.py
[2025-08-17T14:52:25.264+0000] {logging_mixin.py:190} INFO - [2025-08-17T14:52:25.264+0000] {dag.py:3211} INFO - Sync 1 DAGs
[2025-08-17T14:52:25.281+0000] {logging_mixin.py:190} INFO - [2025-08-17T14:52:25.281+0000] {dag.py:4138} INFO - Setting next_dagrun for latest_only to 2025-08-17 08:00:00+00:00, run_after=2025-08-17 12:00:00+00:00
[2025-08-17T14:52:25.297+0000] {processor.py:208} INFO - Processing /home/airflow/.local/lib/python3.12/site-packages/airflow/example_dags/example_latest_only.py took 0.061 seconds
[2025-08-17T14:52:55.431+0000] {processor.py:186} INFO - Started process (PID=502) to work on /home/airflow/.local/lib/python3.12/site-packages/airflow/example_dags/example_latest_only.py
[2025-08-17T14:52:55.432+0000] {processor.py:914} INFO - Processing file /home/airflow/.local/lib/python3.12/site-packages/airflow/example_dags/example_latest_only.py for tasks to queue
[2025-08-17T14:52:55.434+0000] {logging_mixin.py:190} INFO - [2025-08-17T14:52:55.434+0000] {dagbag.py:587} INFO - Filling up the DagBag from /home/airflow/.local/lib/python3.12/site-packages/airflow/example_dags/example_latest_only.py
[2025-08-17T14:52:55.440+0000] {processor.py:925} INFO - DAG(s) 'latest_only' retrieved from /home/airflow/.local/lib/python3.12/site-packages/airflow/example_dags/example_latest_only.py
[2025-08-17T14:52:55.457+0000] {logging_mixin.py:190} INFO - [2025-08-17T14:52:55.457+0000] {dag.py:3211} INFO - Sync 1 DAGs
[2025-08-17T14:52:55.475+0000] {logging_mixin.py:190} INFO - [2025-08-17T14:52:55.475+0000] {dag.py:4138} INFO - Setting next_dagrun for latest_only to 2025-08-17 08:00:00+00:00, run_after=2025-08-17 12:00:00+00:00
[2025-08-17T14:52:55.494+0000] {processor.py:208} INFO - Processing /home/airflow/.local/lib/python3.12/site-packages/airflow/example_dags/example_latest_only.py took 0.068 seconds
[2025-08-17T14:53:25.822+0000] {processor.py:186} INFO - Started process (PID=564) to work on /home/airflow/.local/lib/python3.12/site-packages/airflow/example_dags/example_latest_only.py
[2025-08-17T14:53:25.825+0000] {processor.py:914} INFO - Processing file /home/airflow/.local/lib/python3.12/site-packages/airflow/example_dags/example_latest_only.py for tasks to queue
[2025-08-17T14:53:25.828+0000] {logging_mixin.py:190} INFO - [2025-08-17T14:53:25.827+0000] {dagbag.py:587} INFO - Filling up the DagBag from /home/airflow/.local/lib/python3.12/site-packages/airflow/example_dags/example_latest_only.py
[2025-08-17T14:53:25.837+0000] {processor.py:925} INFO - DAG(s) 'latest_only' retrieved from /home/airflow/.local/lib/python3.12/site-packages/airflow/example_dags/example_latest_only.py
[2025-08-17T14:53:25.857+0000] {logging_mixin.py:190} INFO - [2025-08-17T14:53:25.857+0000] {dag.py:3211} INFO - Sync 1 DAGs
[2025-08-17T14:53:25.878+0000] {logging_mixin.py:190} INFO - [2025-08-17T14:53:25.878+0000] {dag.py:4138} INFO - Setting next_dagrun for latest_only to 2025-08-17 08:00:00+00:00, run_after=2025-08-17 12:00:00+00:00
[2025-08-17T14:53:25.899+0000] {processor.py:208} INFO - Processing /home/airflow/.local/lib/python3.12/site-packages/airflow/example_dags/example_latest_only.py took 0.083 seconds
[2025-08-17T14:53:56.226+0000] {processor.py:186} INFO - Started process (PID=626) to work on /home/airflow/.local/lib/python3.12/site-packages/airflow/example_dags/example_latest_only.py
[2025-08-17T14:53:56.228+0000] {processor.py:914} INFO - Processing file /home/airflow/.local/lib/python3.12/site-packages/airflow/example_dags/example_latest_only.py for tasks to queue
[2025-08-17T14:53:56.231+0000] {logging_mixin.py:190} INFO - [2025-08-17T14:53:56.231+0000] {dagbag.py:587} INFO - Filling up the DagBag from /home/airflow/.local/lib/python3.12/site-packages/airflow/example_dags/example_latest_only.py
[2025-08-17T14:53:56.239+0000] {processor.py:925} INFO - DAG(s) 'latest_only' retrieved from /home/airflow/.local/lib/python3.12/site-packages/airflow/example_dags/example_latest_only.py
[2025-08-17T14:53:56.258+0000] {logging_mixin.py:190} INFO - [2025-08-17T14:53:56.258+0000] {dag.py:3211} INFO - Sync 1 DAGs
[2025-08-17T14:53:56.281+0000] {logging_mixin.py:190} INFO - [2025-08-17T14:53:56.280+0000] {dag.py:4138} INFO - Setting next_dagrun for latest_only to 2025-08-17 08:00:00+00:00, run_after=2025-08-17 12:00:00+00:00
[2025-08-17T14:53:56.299+0000] {processor.py:208} INFO - Processing /home/airflow/.local/lib/python3.12/site-packages/airflow/example_dags/example_latest_only.py took 0.079 seconds
[2025-08-17T14:54:26.583+0000] {processor.py:186} INFO - Started process (PID=688) to work on /home/airflow/.local/lib/python3.12/site-packages/airflow/example_dags/example_latest_only.py
[2025-08-17T14:54:26.585+0000] {processor.py:914} INFO - Processing file /home/airflow/.local/lib/python3.12/site-packages/airflow/example_dags/example_latest_only.py for tasks to queue
[2025-08-17T14:54:26.589+0000] {logging_mixin.py:190} INFO - [2025-08-17T14:54:26.588+0000] {dagbag.py:587} INFO - Filling up the DagBag from /home/airflow/.local/lib/python3.12/site-packages/airflow/example_dags/example_latest_only.py
[2025-08-17T14:54:26.595+0000] {processor.py:925} INFO - DAG(s) 'latest_only' retrieved from /home/airflow/.local/lib/python3.12/site-packages/airflow/example_dags/example_latest_only.py
[2025-08-17T14:54:26.617+0000] {logging_mixin.py:190} INFO - [2025-08-17T14:54:26.616+0000] {dag.py:3211} INFO - Sync 1 DAGs
[2025-08-17T14:54:26.636+0000] {logging_mixin.py:190} INFO - [2025-08-17T14:54:26.636+0000] {dag.py:4138} INFO - Setting next_dagrun for latest_only to 2025-08-17 08:00:00+00:00, run_after=2025-08-17 12:00:00+00:00
[2025-08-17T14:54:26.655+0000] {processor.py:208} INFO - Processing /home/airflow/.local/lib/python3.12/site-packages/airflow/example_dags/example_latest_only.py took 0.077 seconds
