[2025-08-17T14:49:21.985+0000] {processor.py:186} INFO - Started process (PID=67) to work on /home/airflow/.local/lib/python3.12/site-packages/airflow/example_dags/example_workday_timetable.py
[2025-08-17T14:49:21.987+0000] {processor.py:914} INFO - Processing file /home/airflow/.local/lib/python3.12/site-packages/airflow/example_dags/example_workday_timetable.py for tasks to queue
[2025-08-17T14:49:21.990+0000] {logging_mixin.py:190} INFO - [2025-08-17T14:49:21.990+0000] {dagbag.py:587} INFO - Filling up the DagBag from /home/airflow/.local/lib/python3.12/site-packages/airflow/example_dags/example_workday_timetable.py
[2025-08-17T14:49:21.998+0000] {processor.py:925} INFO - DAG(s) 'example_workday_timetable' retrieved from /home/airflow/.local/lib/python3.12/site-packages/airflow/example_dags/example_workday_timetable.py
[2025-08-17T14:49:22.125+0000] {logging_mixin.py:190} INFO - [2025-08-17T14:49:22.124+0000] {override.py:1858} INFO - Created Permission View: can read on DAG:example_workday_timetable
[2025-08-17T14:49:22.139+0000] {logging_mixin.py:190} INFO - [2025-08-17T14:49:22.139+0000] {override.py:1858} INFO - Created Permission View: can delete on DAG:example_workday_timetable
[2025-08-17T14:49:22.149+0000] {logging_mixin.py:190} INFO - [2025-08-17T14:49:22.149+0000] {override.py:1858} INFO - Created Permission View: can edit on DAG:example_workday_timetable
[2025-08-17T14:49:22.150+0000] {logging_mixin.py:190} INFO - [2025-08-17T14:49:22.150+0000] {dag.py:3211} INFO - Sync 1 DAGs
[2025-08-17T14:49:22.164+0000] {logging_mixin.py:190} INFO - [2025-08-17T14:49:22.164+0000] {dag.py:3234} INFO - Creating ORM DAG for example_workday_timetable
[2025-08-17T14:49:22.235+0000] {logging_mixin.py:190} INFO - [2025-08-17T14:49:22.235+0000] {dag.py:4138} INFO - Setting next_dagrun for example_workday_timetable to 2021-01-04 00:00:00+00:00, run_after=2021-01-05 00:00:00+00:00
[2025-08-17T14:49:22.260+0000] {processor.py:208} INFO - Processing /home/airflow/.local/lib/python3.12/site-packages/airflow/example_dags/example_workday_timetable.py took 0.281 seconds
[2025-08-17T14:49:52.822+0000] {processor.py:186} INFO - Started process (PID=135) to work on /home/airflow/.local/lib/python3.12/site-packages/airflow/example_dags/example_workday_timetable.py
[2025-08-17T14:49:52.828+0000] {processor.py:914} INFO - Processing file /home/airflow/.local/lib/python3.12/site-packages/airflow/example_dags/example_workday_timetable.py for tasks to queue
[2025-08-17T14:49:52.833+0000] {logging_mixin.py:190} INFO - [2025-08-17T14:49:52.833+0000] {dagbag.py:587} INFO - Filling up the DagBag from /home/airflow/.local/lib/python3.12/site-packages/airflow/example_dags/example_workday_timetable.py
[2025-08-17T14:49:52.843+0000] {processor.py:925} INFO - DAG(s) 'example_workday_timetable' retrieved from /home/airflow/.local/lib/python3.12/site-packages/airflow/example_dags/example_workday_timetable.py
[2025-08-17T14:49:52.861+0000] {logging_mixin.py:190} INFO - [2025-08-17T14:49:52.860+0000] {dag.py:3211} INFO - Sync 1 DAGs
[2025-08-17T14:49:52.901+0000] {logging_mixin.py:190} INFO - [2025-08-17T14:49:52.901+0000] {dag.py:4138} INFO - Setting next_dagrun for example_workday_timetable to 2021-01-04 00:00:00+00:00, run_after=2021-01-05 00:00:00+00:00
[2025-08-17T14:49:52.916+0000] {processor.py:208} INFO - Processing /home/airflow/.local/lib/python3.12/site-packages/airflow/example_dags/example_workday_timetable.py took 0.102 seconds
[2025-08-17T14:50:23.576+0000] {processor.py:186} INFO - Started process (PID=197) to work on /home/airflow/.local/lib/python3.12/site-packages/airflow/example_dags/example_workday_timetable.py
[2025-08-17T14:50:23.577+0000] {processor.py:914} INFO - Processing file /home/airflow/.local/lib/python3.12/site-packages/airflow/example_dags/example_workday_timetable.py for tasks to queue
[2025-08-17T14:50:23.579+0000] {logging_mixin.py:190} INFO - [2025-08-17T14:50:23.579+0000] {dagbag.py:587} INFO - Filling up the DagBag from /home/airflow/.local/lib/python3.12/site-packages/airflow/example_dags/example_workday_timetable.py
[2025-08-17T14:50:23.584+0000] {processor.py:925} INFO - DAG(s) 'example_workday_timetable' retrieved from /home/airflow/.local/lib/python3.12/site-packages/airflow/example_dags/example_workday_timetable.py
[2025-08-17T14:50:23.600+0000] {logging_mixin.py:190} INFO - [2025-08-17T14:50:23.600+0000] {dag.py:3211} INFO - Sync 1 DAGs
[2025-08-17T14:50:23.644+0000] {logging_mixin.py:190} INFO - [2025-08-17T14:50:23.643+0000] {dag.py:4138} INFO - Setting next_dagrun for example_workday_timetable to 2021-01-04 00:00:00+00:00, run_after=2021-01-05 00:00:00+00:00
[2025-08-17T14:50:23.659+0000] {processor.py:208} INFO - Processing /home/airflow/.local/lib/python3.12/site-packages/airflow/example_dags/example_workday_timetable.py took 0.088 seconds
[2025-08-17T14:50:54.221+0000] {processor.py:186} INFO - Started process (PID=259) to work on /home/airflow/.local/lib/python3.12/site-packages/airflow/example_dags/example_workday_timetable.py
[2025-08-17T14:50:54.223+0000] {processor.py:914} INFO - Processing file /home/airflow/.local/lib/python3.12/site-packages/airflow/example_dags/example_workday_timetable.py for tasks to queue
[2025-08-17T14:50:54.225+0000] {logging_mixin.py:190} INFO - [2025-08-17T14:50:54.225+0000] {dagbag.py:587} INFO - Filling up the DagBag from /home/airflow/.local/lib/python3.12/site-packages/airflow/example_dags/example_workday_timetable.py
[2025-08-17T14:50:54.231+0000] {processor.py:925} INFO - DAG(s) 'example_workday_timetable' retrieved from /home/airflow/.local/lib/python3.12/site-packages/airflow/example_dags/example_workday_timetable.py
[2025-08-17T14:50:54.247+0000] {logging_mixin.py:190} INFO - [2025-08-17T14:50:54.247+0000] {dag.py:3211} INFO - Sync 1 DAGs
[2025-08-17T14:50:54.287+0000] {logging_mixin.py:190} INFO - [2025-08-17T14:50:54.286+0000] {dag.py:4138} INFO - Setting next_dagrun for example_workday_timetable to 2021-01-04 00:00:00+00:00, run_after=2021-01-05 00:00:00+00:00
[2025-08-17T14:50:54.301+0000] {processor.py:208} INFO - Processing /home/airflow/.local/lib/python3.12/site-packages/airflow/example_dags/example_workday_timetable.py took 0.085 seconds
[2025-08-17T14:51:24.785+0000] {processor.py:186} INFO - Started process (PID=321) to work on /home/airflow/.local/lib/python3.12/site-packages/airflow/example_dags/example_workday_timetable.py
[2025-08-17T14:51:24.787+0000] {processor.py:914} INFO - Processing file /home/airflow/.local/lib/python3.12/site-packages/airflow/example_dags/example_workday_timetable.py for tasks to queue
[2025-08-17T14:51:24.791+0000] {logging_mixin.py:190} INFO - [2025-08-17T14:51:24.790+0000] {dagbag.py:587} INFO - Filling up the DagBag from /home/airflow/.local/lib/python3.12/site-packages/airflow/example_dags/example_workday_timetable.py
[2025-08-17T14:51:24.796+0000] {processor.py:925} INFO - DAG(s) 'example_workday_timetable' retrieved from /home/airflow/.local/lib/python3.12/site-packages/airflow/example_dags/example_workday_timetable.py
[2025-08-17T14:51:24.815+0000] {logging_mixin.py:190} INFO - [2025-08-17T14:51:24.815+0000] {dag.py:3211} INFO - Sync 1 DAGs
[2025-08-17T14:51:24.857+0000] {logging_mixin.py:190} INFO - [2025-08-17T14:51:24.857+0000] {dag.py:4138} INFO - Setting next_dagrun for example_workday_timetable to 2021-01-04 00:00:00+00:00, run_after=2021-01-05 00:00:00+00:00
[2025-08-17T14:51:24.873+0000] {processor.py:208} INFO - Processing /home/airflow/.local/lib/python3.12/site-packages/airflow/example_dags/example_workday_timetable.py took 0.092 seconds
[2025-08-17T14:51:55.751+0000] {processor.py:186} INFO - Started process (PID=383) to work on /home/airflow/.local/lib/python3.12/site-packages/airflow/example_dags/example_workday_timetable.py
[2025-08-17T14:51:55.752+0000] {processor.py:914} INFO - Processing file /home/airflow/.local/lib/python3.12/site-packages/airflow/example_dags/example_workday_timetable.py for tasks to queue
[2025-08-17T14:51:55.755+0000] {logging_mixin.py:190} INFO - [2025-08-17T14:51:55.754+0000] {dagbag.py:587} INFO - Filling up the DagBag from /home/airflow/.local/lib/python3.12/site-packages/airflow/example_dags/example_workday_timetable.py
[2025-08-17T14:51:55.760+0000] {processor.py:925} INFO - DAG(s) 'example_workday_timetable' retrieved from /home/airflow/.local/lib/python3.12/site-packages/airflow/example_dags/example_workday_timetable.py
[2025-08-17T14:51:55.777+0000] {logging_mixin.py:190} INFO - [2025-08-17T14:51:55.777+0000] {dag.py:3211} INFO - Sync 1 DAGs
[2025-08-17T14:51:55.816+0000] {logging_mixin.py:190} INFO - [2025-08-17T14:51:55.815+0000] {dag.py:4138} INFO - Setting next_dagrun for example_workday_timetable to 2021-01-04 00:00:00+00:00, run_after=2021-01-05 00:00:00+00:00
[2025-08-17T14:51:55.831+0000] {processor.py:208} INFO - Processing /home/airflow/.local/lib/python3.12/site-packages/airflow/example_dags/example_workday_timetable.py took 0.085 seconds
[2025-08-17T14:52:26.515+0000] {processor.py:186} INFO - Started process (PID=445) to work on /home/airflow/.local/lib/python3.12/site-packages/airflow/example_dags/example_workday_timetable.py
[2025-08-17T14:52:26.516+0000] {processor.py:914} INFO - Processing file /home/airflow/.local/lib/python3.12/site-packages/airflow/example_dags/example_workday_timetable.py for tasks to queue
[2025-08-17T14:52:26.519+0000] {logging_mixin.py:190} INFO - [2025-08-17T14:52:26.519+0000] {dagbag.py:587} INFO - Filling up the DagBag from /home/airflow/.local/lib/python3.12/site-packages/airflow/example_dags/example_workday_timetable.py
[2025-08-17T14:52:26.525+0000] {processor.py:925} INFO - DAG(s) 'example_workday_timetable' retrieved from /home/airflow/.local/lib/python3.12/site-packages/airflow/example_dags/example_workday_timetable.py
[2025-08-17T14:52:26.541+0000] {logging_mixin.py:190} INFO - [2025-08-17T14:52:26.541+0000] {dag.py:3211} INFO - Sync 1 DAGs
[2025-08-17T14:52:26.577+0000] {logging_mixin.py:190} INFO - [2025-08-17T14:52:26.577+0000] {dag.py:4138} INFO - Setting next_dagrun for example_workday_timetable to 2021-01-04 00:00:00+00:00, run_after=2021-01-05 00:00:00+00:00
[2025-08-17T14:52:26.594+0000] {processor.py:208} INFO - Processing /home/airflow/.local/lib/python3.12/site-packages/airflow/example_dags/example_workday_timetable.py took 0.085 seconds
[2025-08-17T14:52:56.908+0000] {processor.py:186} INFO - Started process (PID=507) to work on /home/airflow/.local/lib/python3.12/site-packages/airflow/example_dags/example_workday_timetable.py
[2025-08-17T14:52:56.909+0000] {processor.py:914} INFO - Processing file /home/airflow/.local/lib/python3.12/site-packages/airflow/example_dags/example_workday_timetable.py for tasks to queue
[2025-08-17T14:52:56.912+0000] {logging_mixin.py:190} INFO - [2025-08-17T14:52:56.912+0000] {dagbag.py:587} INFO - Filling up the DagBag from /home/airflow/.local/lib/python3.12/site-packages/airflow/example_dags/example_workday_timetable.py
[2025-08-17T14:52:56.917+0000] {processor.py:925} INFO - DAG(s) 'example_workday_timetable' retrieved from /home/airflow/.local/lib/python3.12/site-packages/airflow/example_dags/example_workday_timetable.py
[2025-08-17T14:52:56.936+0000] {logging_mixin.py:190} INFO - [2025-08-17T14:52:56.935+0000] {dag.py:3211} INFO - Sync 1 DAGs
[2025-08-17T14:52:56.984+0000] {logging_mixin.py:190} INFO - [2025-08-17T14:52:56.984+0000] {dag.py:4138} INFO - Setting next_dagrun for example_workday_timetable to 2021-01-04 00:00:00+00:00, run_after=2021-01-05 00:00:00+00:00
[2025-08-17T14:52:57.001+0000] {processor.py:208} INFO - Processing /home/airflow/.local/lib/python3.12/site-packages/airflow/example_dags/example_workday_timetable.py took 0.098 seconds
[2025-08-17T14:53:27.321+0000] {processor.py:186} INFO - Started process (PID=569) to work on /home/airflow/.local/lib/python3.12/site-packages/airflow/example_dags/example_workday_timetable.py
[2025-08-17T14:53:27.325+0000] {processor.py:914} INFO - Processing file /home/airflow/.local/lib/python3.12/site-packages/airflow/example_dags/example_workday_timetable.py for tasks to queue
[2025-08-17T14:53:27.330+0000] {logging_mixin.py:190} INFO - [2025-08-17T14:53:27.330+0000] {dagbag.py:587} INFO - Filling up the DagBag from /home/airflow/.local/lib/python3.12/site-packages/airflow/example_dags/example_workday_timetable.py
[2025-08-17T14:53:27.338+0000] {processor.py:925} INFO - DAG(s) 'example_workday_timetable' retrieved from /home/airflow/.local/lib/python3.12/site-packages/airflow/example_dags/example_workday_timetable.py
[2025-08-17T14:53:27.363+0000] {logging_mixin.py:190} INFO - [2025-08-17T14:53:27.363+0000] {dag.py:3211} INFO - Sync 1 DAGs
[2025-08-17T14:53:27.412+0000] {logging_mixin.py:190} INFO - [2025-08-17T14:53:27.412+0000] {dag.py:4138} INFO - Setting next_dagrun for example_workday_timetable to 2021-01-04 00:00:00+00:00, run_after=2021-01-05 00:00:00+00:00
[2025-08-17T14:53:27.429+0000] {processor.py:208} INFO - Processing /home/airflow/.local/lib/python3.12/site-packages/airflow/example_dags/example_workday_timetable.py took 0.113 seconds
[2025-08-17T14:53:57.759+0000] {processor.py:186} INFO - Started process (PID=631) to work on /home/airflow/.local/lib/python3.12/site-packages/airflow/example_dags/example_workday_timetable.py
[2025-08-17T14:53:57.761+0000] {processor.py:914} INFO - Processing file /home/airflow/.local/lib/python3.12/site-packages/airflow/example_dags/example_workday_timetable.py for tasks to queue
[2025-08-17T14:53:57.766+0000] {logging_mixin.py:190} INFO - [2025-08-17T14:53:57.766+0000] {dagbag.py:587} INFO - Filling up the DagBag from /home/airflow/.local/lib/python3.12/site-packages/airflow/example_dags/example_workday_timetable.py
[2025-08-17T14:53:57.774+0000] {processor.py:925} INFO - DAG(s) 'example_workday_timetable' retrieved from /home/airflow/.local/lib/python3.12/site-packages/airflow/example_dags/example_workday_timetable.py
[2025-08-17T14:53:57.795+0000] {logging_mixin.py:190} INFO - [2025-08-17T14:53:57.795+0000] {dag.py:3211} INFO - Sync 1 DAGs
[2025-08-17T14:53:57.857+0000] {logging_mixin.py:190} INFO - [2025-08-17T14:53:57.857+0000] {dag.py:4138} INFO - Setting next_dagrun for example_workday_timetable to 2021-01-04 00:00:00+00:00, run_after=2021-01-05 00:00:00+00:00
[2025-08-17T14:53:57.876+0000] {processor.py:208} INFO - Processing /home/airflow/.local/lib/python3.12/site-packages/airflow/example_dags/example_workday_timetable.py took 0.122 seconds
[2025-08-17T14:54:28.241+0000] {processor.py:186} INFO - Started process (PID=693) to work on /home/airflow/.local/lib/python3.12/site-packages/airflow/example_dags/example_workday_timetable.py
[2025-08-17T14:54:28.242+0000] {processor.py:914} INFO - Processing file /home/airflow/.local/lib/python3.12/site-packages/airflow/example_dags/example_workday_timetable.py for tasks to queue
[2025-08-17T14:54:28.244+0000] {logging_mixin.py:190} INFO - [2025-08-17T14:54:28.244+0000] {dagbag.py:587} INFO - Filling up the DagBag from /home/airflow/.local/lib/python3.12/site-packages/airflow/example_dags/example_workday_timetable.py
[2025-08-17T14:54:28.249+0000] {processor.py:925} INFO - DAG(s) 'example_workday_timetable' retrieved from /home/airflow/.local/lib/python3.12/site-packages/airflow/example_dags/example_workday_timetable.py
[2025-08-17T14:54:28.266+0000] {logging_mixin.py:190} INFO - [2025-08-17T14:54:28.265+0000] {dag.py:3211} INFO - Sync 1 DAGs
[2025-08-17T14:54:28.307+0000] {logging_mixin.py:190} INFO - [2025-08-17T14:54:28.307+0000] {dag.py:4138} INFO - Setting next_dagrun for example_workday_timetable to 2021-01-04 00:00:00+00:00, run_after=2021-01-05 00:00:00+00:00
[2025-08-17T14:54:28.324+0000] {processor.py:208} INFO - Processing /home/airflow/.local/lib/python3.12/site-packages/airflow/example_dags/example_workday_timetable.py took 0.088 seconds
