[2025-08-17T14:49:23.504+0000] {processor.py:186} INFO - Started process (PID=82) to work on /home/airflow/.local/lib/python3.12/site-packages/airflow/example_dags/example_short_circuit_decorator.py
[2025-08-17T14:49:23.505+0000] {processor.py:914} INFO - Processing file /home/airflow/.local/lib/python3.12/site-packages/airflow/example_dags/example_short_circuit_decorator.py for tasks to queue
[2025-08-17T14:49:23.509+0000] {logging_mixin.py:190} INFO - [2025-08-17T14:49:23.509+0000] {dagbag.py:587} INFO - Filling up the DagBag from /home/airflow/.local/lib/python3.12/site-packages/airflow/example_dags/example_short_circuit_decorator.py
[2025-08-17T14:49:23.523+0000] {processor.py:925} INFO - DAG(s) 'example_short_circuit_decorator' retrieved from /home/airflow/.local/lib/python3.12/site-packages/airflow/example_dags/example_short_circuit_decorator.py
[2025-08-17T14:49:23.659+0000] {logging_mixin.py:190} INFO - [2025-08-17T14:49:23.658+0000] {override.py:1858} INFO - Created Permission View: can read on DAG:example_short_circuit_decorator
[2025-08-17T14:49:23.674+0000] {logging_mixin.py:190} INFO - [2025-08-17T14:49:23.673+0000] {override.py:1858} INFO - Created Permission View: can delete on DAG:example_short_circuit_decorator
[2025-08-17T14:49:23.685+0000] {logging_mixin.py:190} INFO - [2025-08-17T14:49:23.684+0000] {override.py:1858} INFO - Created Permission View: can edit on DAG:example_short_circuit_decorator
[2025-08-17T14:49:23.686+0000] {logging_mixin.py:190} INFO - [2025-08-17T14:49:23.685+0000] {dag.py:3211} INFO - Sync 1 DAGs
[2025-08-17T14:49:23.699+0000] {logging_mixin.py:190} INFO - [2025-08-17T14:49:23.698+0000] {dag.py:3234} INFO - Creating ORM DAG for example_short_circuit_decorator
[2025-08-17T14:49:23.711+0000] {logging_mixin.py:190} INFO - [2025-08-17T14:49:23.711+0000] {dag.py:4138} INFO - Setting next_dagrun for example_short_circuit_decorator to 2025-08-16 00:00:00+00:00, run_after=2025-08-17 00:00:00+00:00
[2025-08-17T14:49:23.733+0000] {processor.py:208} INFO - Processing /home/airflow/.local/lib/python3.12/site-packages/airflow/example_dags/example_short_circuit_decorator.py took 0.236 seconds
[2025-08-17T14:49:54.551+0000] {processor.py:186} INFO - Started process (PID=144) to work on /home/airflow/.local/lib/python3.12/site-packages/airflow/example_dags/example_short_circuit_decorator.py
[2025-08-17T14:49:54.552+0000] {processor.py:914} INFO - Processing file /home/airflow/.local/lib/python3.12/site-packages/airflow/example_dags/example_short_circuit_decorator.py for tasks to queue
[2025-08-17T14:49:54.554+0000] {logging_mixin.py:190} INFO - [2025-08-17T14:49:54.554+0000] {dagbag.py:587} INFO - Filling up the DagBag from /home/airflow/.local/lib/python3.12/site-packages/airflow/example_dags/example_short_circuit_decorator.py
[2025-08-17T14:49:54.563+0000] {processor.py:925} INFO - DAG(s) 'example_short_circuit_decorator' retrieved from /home/airflow/.local/lib/python3.12/site-packages/airflow/example_dags/example_short_circuit_decorator.py
[2025-08-17T14:49:54.581+0000] {logging_mixin.py:190} INFO - [2025-08-17T14:49:54.581+0000] {dag.py:3211} INFO - Sync 1 DAGs
[2025-08-17T14:49:54.597+0000] {logging_mixin.py:190} INFO - [2025-08-17T14:49:54.597+0000] {dag.py:4138} INFO - Setting next_dagrun for example_short_circuit_decorator to 2025-08-16 00:00:00+00:00, run_after=2025-08-17 00:00:00+00:00
[2025-08-17T14:49:54.613+0000] {processor.py:208} INFO - Processing /home/airflow/.local/lib/python3.12/site-packages/airflow/example_dags/example_short_circuit_decorator.py took 0.067 seconds
[2025-08-17T14:50:25.158+0000] {processor.py:186} INFO - Started process (PID=206) to work on /home/airflow/.local/lib/python3.12/site-packages/airflow/example_dags/example_short_circuit_decorator.py
[2025-08-17T14:50:25.159+0000] {processor.py:914} INFO - Processing file /home/airflow/.local/lib/python3.12/site-packages/airflow/example_dags/example_short_circuit_decorator.py for tasks to queue
[2025-08-17T14:50:25.162+0000] {logging_mixin.py:190} INFO - [2025-08-17T14:50:25.162+0000] {dagbag.py:587} INFO - Filling up the DagBag from /home/airflow/.local/lib/python3.12/site-packages/airflow/example_dags/example_short_circuit_decorator.py
[2025-08-17T14:50:25.172+0000] {processor.py:925} INFO - DAG(s) 'example_short_circuit_decorator' retrieved from /home/airflow/.local/lib/python3.12/site-packages/airflow/example_dags/example_short_circuit_decorator.py
[2025-08-17T14:50:25.192+0000] {logging_mixin.py:190} INFO - [2025-08-17T14:50:25.191+0000] {dag.py:3211} INFO - Sync 1 DAGs
[2025-08-17T14:50:25.210+0000] {logging_mixin.py:190} INFO - [2025-08-17T14:50:25.209+0000] {dag.py:4138} INFO - Setting next_dagrun for example_short_circuit_decorator to 2025-08-16 00:00:00+00:00, run_after=2025-08-17 00:00:00+00:00
[2025-08-17T14:50:25.226+0000] {processor.py:208} INFO - Processing /home/airflow/.local/lib/python3.12/site-packages/airflow/example_dags/example_short_circuit_decorator.py took 0.075 seconds
[2025-08-17T14:50:55.739+0000] {processor.py:186} INFO - Started process (PID=268) to work on /home/airflow/.local/lib/python3.12/site-packages/airflow/example_dags/example_short_circuit_decorator.py
[2025-08-17T14:50:55.741+0000] {processor.py:914} INFO - Processing file /home/airflow/.local/lib/python3.12/site-packages/airflow/example_dags/example_short_circuit_decorator.py for tasks to queue
[2025-08-17T14:50:55.744+0000] {logging_mixin.py:190} INFO - [2025-08-17T14:50:55.744+0000] {dagbag.py:587} INFO - Filling up the DagBag from /home/airflow/.local/lib/python3.12/site-packages/airflow/example_dags/example_short_circuit_decorator.py
[2025-08-17T14:50:55.754+0000] {processor.py:925} INFO - DAG(s) 'example_short_circuit_decorator' retrieved from /home/airflow/.local/lib/python3.12/site-packages/airflow/example_dags/example_short_circuit_decorator.py
[2025-08-17T14:50:55.774+0000] {logging_mixin.py:190} INFO - [2025-08-17T14:50:55.774+0000] {dag.py:3211} INFO - Sync 1 DAGs
[2025-08-17T14:50:55.791+0000] {logging_mixin.py:190} INFO - [2025-08-17T14:50:55.791+0000] {dag.py:4138} INFO - Setting next_dagrun for example_short_circuit_decorator to 2025-08-16 00:00:00+00:00, run_after=2025-08-17 00:00:00+00:00
[2025-08-17T14:50:55.806+0000] {processor.py:208} INFO - Processing /home/airflow/.local/lib/python3.12/site-packages/airflow/example_dags/example_short_circuit_decorator.py took 0.077 seconds
[2025-08-17T14:51:26.392+0000] {processor.py:186} INFO - Started process (PID=330) to work on /home/airflow/.local/lib/python3.12/site-packages/airflow/example_dags/example_short_circuit_decorator.py
[2025-08-17T14:51:26.394+0000] {processor.py:914} INFO - Processing file /home/airflow/.local/lib/python3.12/site-packages/airflow/example_dags/example_short_circuit_decorator.py for tasks to queue
[2025-08-17T14:51:26.397+0000] {logging_mixin.py:190} INFO - [2025-08-17T14:51:26.396+0000] {dagbag.py:587} INFO - Filling up the DagBag from /home/airflow/.local/lib/python3.12/site-packages/airflow/example_dags/example_short_circuit_decorator.py
[2025-08-17T14:51:26.406+0000] {processor.py:925} INFO - DAG(s) 'example_short_circuit_decorator' retrieved from /home/airflow/.local/lib/python3.12/site-packages/airflow/example_dags/example_short_circuit_decorator.py
[2025-08-17T14:51:26.424+0000] {logging_mixin.py:190} INFO - [2025-08-17T14:51:26.424+0000] {dag.py:3211} INFO - Sync 1 DAGs
[2025-08-17T14:51:26.439+0000] {logging_mixin.py:190} INFO - [2025-08-17T14:51:26.438+0000] {dag.py:4138} INFO - Setting next_dagrun for example_short_circuit_decorator to 2025-08-16 00:00:00+00:00, run_after=2025-08-17 00:00:00+00:00
[2025-08-17T14:51:26.452+0000] {processor.py:208} INFO - Processing /home/airflow/.local/lib/python3.12/site-packages/airflow/example_dags/example_short_circuit_decorator.py took 0.069 seconds
[2025-08-17T14:51:57.341+0000] {processor.py:186} INFO - Started process (PID=392) to work on /home/airflow/.local/lib/python3.12/site-packages/airflow/example_dags/example_short_circuit_decorator.py
[2025-08-17T14:51:57.343+0000] {processor.py:914} INFO - Processing file /home/airflow/.local/lib/python3.12/site-packages/airflow/example_dags/example_short_circuit_decorator.py for tasks to queue
[2025-08-17T14:51:57.345+0000] {logging_mixin.py:190} INFO - [2025-08-17T14:51:57.345+0000] {dagbag.py:587} INFO - Filling up the DagBag from /home/airflow/.local/lib/python3.12/site-packages/airflow/example_dags/example_short_circuit_decorator.py
[2025-08-17T14:51:57.355+0000] {processor.py:925} INFO - DAG(s) 'example_short_circuit_decorator' retrieved from /home/airflow/.local/lib/python3.12/site-packages/airflow/example_dags/example_short_circuit_decorator.py
[2025-08-17T14:51:57.374+0000] {logging_mixin.py:190} INFO - [2025-08-17T14:51:57.374+0000] {dag.py:3211} INFO - Sync 1 DAGs
[2025-08-17T14:51:57.391+0000] {logging_mixin.py:190} INFO - [2025-08-17T14:51:57.391+0000] {dag.py:4138} INFO - Setting next_dagrun for example_short_circuit_decorator to 2025-08-16 00:00:00+00:00, run_after=2025-08-17 00:00:00+00:00
[2025-08-17T14:51:57.407+0000] {processor.py:208} INFO - Processing /home/airflow/.local/lib/python3.12/site-packages/airflow/example_dags/example_short_circuit_decorator.py took 0.072 seconds
[2025-08-17T14:52:28.236+0000] {processor.py:186} INFO - Started process (PID=454) to work on /home/airflow/.local/lib/python3.12/site-packages/airflow/example_dags/example_short_circuit_decorator.py
[2025-08-17T14:52:28.238+0000] {processor.py:914} INFO - Processing file /home/airflow/.local/lib/python3.12/site-packages/airflow/example_dags/example_short_circuit_decorator.py for tasks to queue
[2025-08-17T14:52:28.240+0000] {logging_mixin.py:190} INFO - [2025-08-17T14:52:28.240+0000] {dagbag.py:587} INFO - Filling up the DagBag from /home/airflow/.local/lib/python3.12/site-packages/airflow/example_dags/example_short_circuit_decorator.py
[2025-08-17T14:52:28.249+0000] {processor.py:925} INFO - DAG(s) 'example_short_circuit_decorator' retrieved from /home/airflow/.local/lib/python3.12/site-packages/airflow/example_dags/example_short_circuit_decorator.py
[2025-08-17T14:52:28.268+0000] {logging_mixin.py:190} INFO - [2025-08-17T14:52:28.267+0000] {dag.py:3211} INFO - Sync 1 DAGs
[2025-08-17T14:52:28.284+0000] {logging_mixin.py:190} INFO - [2025-08-17T14:52:28.284+0000] {dag.py:4138} INFO - Setting next_dagrun for example_short_circuit_decorator to 2025-08-16 00:00:00+00:00, run_after=2025-08-17 00:00:00+00:00
[2025-08-17T14:52:28.300+0000] {processor.py:208} INFO - Processing /home/airflow/.local/lib/python3.12/site-packages/airflow/example_dags/example_short_circuit_decorator.py took 0.072 seconds
[2025-08-17T14:52:58.610+0000] {processor.py:186} INFO - Started process (PID=516) to work on /home/airflow/.local/lib/python3.12/site-packages/airflow/example_dags/example_short_circuit_decorator.py
[2025-08-17T14:52:58.613+0000] {processor.py:914} INFO - Processing file /home/airflow/.local/lib/python3.12/site-packages/airflow/example_dags/example_short_circuit_decorator.py for tasks to queue
[2025-08-17T14:52:58.617+0000] {logging_mixin.py:190} INFO - [2025-08-17T14:52:58.617+0000] {dagbag.py:587} INFO - Filling up the DagBag from /home/airflow/.local/lib/python3.12/site-packages/airflow/example_dags/example_short_circuit_decorator.py
[2025-08-17T14:52:58.626+0000] {processor.py:925} INFO - DAG(s) 'example_short_circuit_decorator' retrieved from /home/airflow/.local/lib/python3.12/site-packages/airflow/example_dags/example_short_circuit_decorator.py
[2025-08-17T14:52:58.647+0000] {logging_mixin.py:190} INFO - [2025-08-17T14:52:58.647+0000] {dag.py:3211} INFO - Sync 1 DAGs
[2025-08-17T14:52:58.664+0000] {logging_mixin.py:190} INFO - [2025-08-17T14:52:58.664+0000] {dag.py:4138} INFO - Setting next_dagrun for example_short_circuit_decorator to 2025-08-16 00:00:00+00:00, run_after=2025-08-17 00:00:00+00:00
[2025-08-17T14:52:58.681+0000] {processor.py:208} INFO - Processing /home/airflow/.local/lib/python3.12/site-packages/airflow/example_dags/example_short_circuit_decorator.py took 0.080 seconds
[2025-08-17T14:53:29.150+0000] {processor.py:186} INFO - Started process (PID=578) to work on /home/airflow/.local/lib/python3.12/site-packages/airflow/example_dags/example_short_circuit_decorator.py
[2025-08-17T14:53:29.154+0000] {processor.py:914} INFO - Processing file /home/airflow/.local/lib/python3.12/site-packages/airflow/example_dags/example_short_circuit_decorator.py for tasks to queue
[2025-08-17T14:53:29.159+0000] {logging_mixin.py:190} INFO - [2025-08-17T14:53:29.159+0000] {dagbag.py:587} INFO - Filling up the DagBag from /home/airflow/.local/lib/python3.12/site-packages/airflow/example_dags/example_short_circuit_decorator.py
[2025-08-17T14:53:29.172+0000] {processor.py:925} INFO - DAG(s) 'example_short_circuit_decorator' retrieved from /home/airflow/.local/lib/python3.12/site-packages/airflow/example_dags/example_short_circuit_decorator.py
[2025-08-17T14:53:29.194+0000] {logging_mixin.py:190} INFO - [2025-08-17T14:53:29.194+0000] {dag.py:3211} INFO - Sync 1 DAGs
[2025-08-17T14:53:29.215+0000] {logging_mixin.py:190} INFO - [2025-08-17T14:53:29.215+0000] {dag.py:4138} INFO - Setting next_dagrun for example_short_circuit_decorator to 2025-08-16 00:00:00+00:00, run_after=2025-08-17 00:00:00+00:00
[2025-08-17T14:53:29.232+0000] {processor.py:208} INFO - Processing /home/airflow/.local/lib/python3.12/site-packages/airflow/example_dags/example_short_circuit_decorator.py took 0.086 seconds
[2025-08-17T14:53:59.643+0000] {processor.py:186} INFO - Started process (PID=640) to work on /home/airflow/.local/lib/python3.12/site-packages/airflow/example_dags/example_short_circuit_decorator.py
[2025-08-17T14:53:59.645+0000] {processor.py:914} INFO - Processing file /home/airflow/.local/lib/python3.12/site-packages/airflow/example_dags/example_short_circuit_decorator.py for tasks to queue
[2025-08-17T14:53:59.649+0000] {logging_mixin.py:190} INFO - [2025-08-17T14:53:59.649+0000] {dagbag.py:587} INFO - Filling up the DagBag from /home/airflow/.local/lib/python3.12/site-packages/airflow/example_dags/example_short_circuit_decorator.py
[2025-08-17T14:53:59.661+0000] {processor.py:925} INFO - DAG(s) 'example_short_circuit_decorator' retrieved from /home/airflow/.local/lib/python3.12/site-packages/airflow/example_dags/example_short_circuit_decorator.py
[2025-08-17T14:53:59.685+0000] {logging_mixin.py:190} INFO - [2025-08-17T14:53:59.685+0000] {dag.py:3211} INFO - Sync 1 DAGs
[2025-08-17T14:53:59.709+0000] {logging_mixin.py:190} INFO - [2025-08-17T14:53:59.708+0000] {dag.py:4138} INFO - Setting next_dagrun for example_short_circuit_decorator to 2025-08-16 00:00:00+00:00, run_after=2025-08-17 00:00:00+00:00
[2025-08-17T14:53:59.729+0000] {processor.py:208} INFO - Processing /home/airflow/.local/lib/python3.12/site-packages/airflow/example_dags/example_short_circuit_decorator.py took 0.091 seconds
[2025-08-17T14:54:29.805+0000] {processor.py:186} INFO - Started process (PID=702) to work on /home/airflow/.local/lib/python3.12/site-packages/airflow/example_dags/example_short_circuit_decorator.py
[2025-08-17T14:54:29.807+0000] {processor.py:914} INFO - Processing file /home/airflow/.local/lib/python3.12/site-packages/airflow/example_dags/example_short_circuit_decorator.py for tasks to queue
[2025-08-17T14:54:29.809+0000] {logging_mixin.py:190} INFO - [2025-08-17T14:54:29.809+0000] {dagbag.py:587} INFO - Filling up the DagBag from /home/airflow/.local/lib/python3.12/site-packages/airflow/example_dags/example_short_circuit_decorator.py
[2025-08-17T14:54:29.818+0000] {processor.py:925} INFO - DAG(s) 'example_short_circuit_decorator' retrieved from /home/airflow/.local/lib/python3.12/site-packages/airflow/example_dags/example_short_circuit_decorator.py
[2025-08-17T14:54:29.839+0000] {logging_mixin.py:190} INFO - [2025-08-17T14:54:29.839+0000] {dag.py:3211} INFO - Sync 1 DAGs
[2025-08-17T14:54:29.857+0000] {logging_mixin.py:190} INFO - [2025-08-17T14:54:29.857+0000] {dag.py:4138} INFO - Setting next_dagrun for example_short_circuit_decorator to 2025-08-16 00:00:00+00:00, run_after=2025-08-17 00:00:00+00:00
[2025-08-17T14:54:29.873+0000] {processor.py:208} INFO - Processing /home/airflow/.local/lib/python3.12/site-packages/airflow/example_dags/example_short_circuit_decorator.py took 0.073 seconds
