[2025-08-17T14:49:25.799+0000] {processor.py:186} INFO - Started process (PID=99) to work on /home/airflow/.local/lib/python3.12/site-packages/airflow/example_dags/example_outlet_event_extra.py
[2025-08-17T14:49:25.801+0000] {processor.py:914} INFO - Processing file /home/airflow/.local/lib/python3.12/site-packages/airflow/example_dags/example_outlet_event_extra.py for tasks to queue
[2025-08-17T14:49:25.804+0000] {logging_mixin.py:190} INFO - [2025-08-17T14:49:25.803+0000] {dagbag.py:587} INFO - Filling up the DagBag from /home/airflow/.local/lib/python3.12/site-packages/airflow/example_dags/example_outlet_event_extra.py
[2025-08-17T14:49:25.931+0000] {processor.py:925} INFO - DAG(s) 'dataset_with_extra_by_context', 'dataset_with_extra_from_classic_operator', 'dataset_with_extra_by_yield' retrieved from /home/airflow/.local/lib/python3.12/site-packages/airflow/example_dags/example_outlet_event_extra.py
[2025-08-17T14:49:26.013+0000] {logging_mixin.py:190} INFO - [2025-08-17T14:49:26.013+0000] {override.py:1858} INFO - Created Permission View: can read on DAG:dataset_with_extra_by_context
[2025-08-17T14:49:26.024+0000] {logging_mixin.py:190} INFO - [2025-08-17T14:49:26.024+0000] {override.py:1858} INFO - Created Permission View: can delete on DAG:dataset_with_extra_by_context
[2025-08-17T14:49:26.030+0000] {logging_mixin.py:190} INFO - [2025-08-17T14:49:26.030+0000] {override.py:1858} INFO - Created Permission View: can edit on DAG:dataset_with_extra_by_context
[2025-08-17T14:49:26.043+0000] {logging_mixin.py:190} INFO - [2025-08-17T14:49:26.043+0000] {override.py:1858} INFO - Created Permission View: can read on DAG:dataset_with_extra_from_classic_operator
[2025-08-17T14:49:26.051+0000] {logging_mixin.py:190} INFO - [2025-08-17T14:49:26.051+0000] {override.py:1858} INFO - Created Permission View: can delete on DAG:dataset_with_extra_from_classic_operator
[2025-08-17T14:49:26.057+0000] {logging_mixin.py:190} INFO - [2025-08-17T14:49:26.056+0000] {override.py:1858} INFO - Created Permission View: can edit on DAG:dataset_with_extra_from_classic_operator
[2025-08-17T14:49:26.066+0000] {logging_mixin.py:190} INFO - [2025-08-17T14:49:26.066+0000] {override.py:1858} INFO - Created Permission View: can read on DAG:dataset_with_extra_by_yield
[2025-08-17T14:49:26.073+0000] {logging_mixin.py:190} INFO - [2025-08-17T14:49:26.073+0000] {override.py:1858} INFO - Created Permission View: can delete on DAG:dataset_with_extra_by_yield
[2025-08-17T14:49:26.078+0000] {logging_mixin.py:190} INFO - [2025-08-17T14:49:26.077+0000] {override.py:1858} INFO - Created Permission View: can edit on DAG:dataset_with_extra_by_yield
[2025-08-17T14:49:26.079+0000] {logging_mixin.py:190} INFO - [2025-08-17T14:49:26.079+0000] {dag.py:3211} INFO - Sync 3 DAGs
[2025-08-17T14:49:26.090+0000] {logging_mixin.py:190} INFO - [2025-08-17T14:49:26.090+0000] {dag.py:3234} INFO - Creating ORM DAG for dataset_with_extra_by_context
[2025-08-17T14:49:26.092+0000] {logging_mixin.py:190} INFO - [2025-08-17T14:49:26.091+0000] {dag.py:3234} INFO - Creating ORM DAG for dataset_with_extra_from_classic_operator
[2025-08-17T14:49:26.093+0000] {logging_mixin.py:190} INFO - [2025-08-17T14:49:26.092+0000] {dag.py:3234} INFO - Creating ORM DAG for dataset_with_extra_by_yield
[2025-08-17T14:49:26.104+0000] {logging_mixin.py:190} INFO - [2025-08-17T14:49:26.103+0000] {dag.py:4138} INFO - Setting next_dagrun for dataset_with_extra_by_context to 2025-08-16 00:00:00+00:00, run_after=2025-08-17 00:00:00+00:00
[2025-08-17T14:49:26.105+0000] {logging_mixin.py:190} INFO - [2025-08-17T14:49:26.105+0000] {dag.py:4138} INFO - Setting next_dagrun for dataset_with_extra_by_yield to 2025-08-16 00:00:00+00:00, run_after=2025-08-17 00:00:00+00:00
[2025-08-17T14:49:26.107+0000] {logging_mixin.py:190} INFO - [2025-08-17T14:49:26.107+0000] {dag.py:4138} INFO - Setting next_dagrun for dataset_with_extra_from_classic_operator to 2025-08-16 00:00:00+00:00, run_after=2025-08-17 00:00:00+00:00
[2025-08-17T14:49:26.128+0000] {processor.py:208} INFO - Processing /home/airflow/.local/lib/python3.12/site-packages/airflow/example_dags/example_outlet_event_extra.py took 0.334 seconds
[2025-08-17T14:49:56.282+0000] {processor.py:186} INFO - Started process (PID=162) to work on /home/airflow/.local/lib/python3.12/site-packages/airflow/example_dags/example_outlet_event_extra.py
[2025-08-17T14:49:56.283+0000] {processor.py:914} INFO - Processing file /home/airflow/.local/lib/python3.12/site-packages/airflow/example_dags/example_outlet_event_extra.py for tasks to queue
[2025-08-17T14:49:56.287+0000] {logging_mixin.py:190} INFO - [2025-08-17T14:49:56.286+0000] {dagbag.py:587} INFO - Filling up the DagBag from /home/airflow/.local/lib/python3.12/site-packages/airflow/example_dags/example_outlet_event_extra.py
[2025-08-17T14:49:56.396+0000] {processor.py:925} INFO - DAG(s) 'dataset_with_extra_from_classic_operator', 'dataset_with_extra_by_context', 'dataset_with_extra_by_yield' retrieved from /home/airflow/.local/lib/python3.12/site-packages/airflow/example_dags/example_outlet_event_extra.py
[2025-08-17T14:49:56.419+0000] {logging_mixin.py:190} INFO - [2025-08-17T14:49:56.418+0000] {dag.py:3211} INFO - Sync 3 DAGs
[2025-08-17T14:49:56.436+0000] {logging_mixin.py:190} INFO - [2025-08-17T14:49:56.436+0000] {dag.py:4138} INFO - Setting next_dagrun for dataset_with_extra_by_context to 2025-08-16 00:00:00+00:00, run_after=2025-08-17 00:00:00+00:00
[2025-08-17T14:49:56.441+0000] {logging_mixin.py:190} INFO - [2025-08-17T14:49:56.441+0000] {dag.py:4138} INFO - Setting next_dagrun for dataset_with_extra_by_yield to 2025-08-16 00:00:00+00:00, run_after=2025-08-17 00:00:00+00:00
[2025-08-17T14:49:56.444+0000] {logging_mixin.py:190} INFO - [2025-08-17T14:49:56.443+0000] {dag.py:4138} INFO - Setting next_dagrun for dataset_with_extra_from_classic_operator to 2025-08-16 00:00:00+00:00, run_after=2025-08-17 00:00:00+00:00
[2025-08-17T14:49:56.463+0000] {processor.py:208} INFO - Processing /home/airflow/.local/lib/python3.12/site-packages/airflow/example_dags/example_outlet_event_extra.py took 0.186 seconds
[2025-08-17T14:50:27.348+0000] {processor.py:186} INFO - Started process (PID=224) to work on /home/airflow/.local/lib/python3.12/site-packages/airflow/example_dags/example_outlet_event_extra.py
[2025-08-17T14:50:27.350+0000] {processor.py:914} INFO - Processing file /home/airflow/.local/lib/python3.12/site-packages/airflow/example_dags/example_outlet_event_extra.py for tasks to queue
[2025-08-17T14:50:27.353+0000] {logging_mixin.py:190} INFO - [2025-08-17T14:50:27.352+0000] {dagbag.py:587} INFO - Filling up the DagBag from /home/airflow/.local/lib/python3.12/site-packages/airflow/example_dags/example_outlet_event_extra.py
[2025-08-17T14:50:27.475+0000] {processor.py:925} INFO - DAG(s) 'dataset_with_extra_by_context', 'dataset_with_extra_from_classic_operator', 'dataset_with_extra_by_yield' retrieved from /home/airflow/.local/lib/python3.12/site-packages/airflow/example_dags/example_outlet_event_extra.py
[2025-08-17T14:50:27.498+0000] {logging_mixin.py:190} INFO - [2025-08-17T14:50:27.497+0000] {dag.py:3211} INFO - Sync 3 DAGs
[2025-08-17T14:50:27.519+0000] {logging_mixin.py:190} INFO - [2025-08-17T14:50:27.519+0000] {dag.py:4138} INFO - Setting next_dagrun for dataset_with_extra_by_context to 2025-08-16 00:00:00+00:00, run_after=2025-08-17 00:00:00+00:00
[2025-08-17T14:50:27.523+0000] {logging_mixin.py:190} INFO - [2025-08-17T14:50:27.523+0000] {dag.py:4138} INFO - Setting next_dagrun for dataset_with_extra_by_yield to 2025-08-16 00:00:00+00:00, run_after=2025-08-17 00:00:00+00:00
[2025-08-17T14:50:27.525+0000] {logging_mixin.py:190} INFO - [2025-08-17T14:50:27.525+0000] {dag.py:4138} INFO - Setting next_dagrun for dataset_with_extra_from_classic_operator to 2025-08-16 00:00:00+00:00, run_after=2025-08-17 00:00:00+00:00
[2025-08-17T14:50:27.542+0000] {processor.py:208} INFO - Processing /home/airflow/.local/lib/python3.12/site-packages/airflow/example_dags/example_outlet_event_extra.py took 0.200 seconds
[2025-08-17T14:50:57.861+0000] {processor.py:186} INFO - Started process (PID=286) to work on /home/airflow/.local/lib/python3.12/site-packages/airflow/example_dags/example_outlet_event_extra.py
[2025-08-17T14:50:57.862+0000] {processor.py:914} INFO - Processing file /home/airflow/.local/lib/python3.12/site-packages/airflow/example_dags/example_outlet_event_extra.py for tasks to queue
[2025-08-17T14:50:57.864+0000] {logging_mixin.py:190} INFO - [2025-08-17T14:50:57.864+0000] {dagbag.py:587} INFO - Filling up the DagBag from /home/airflow/.local/lib/python3.12/site-packages/airflow/example_dags/example_outlet_event_extra.py
[2025-08-17T14:50:57.966+0000] {processor.py:925} INFO - DAG(s) 'dataset_with_extra_by_yield', 'dataset_with_extra_by_context', 'dataset_with_extra_from_classic_operator' retrieved from /home/airflow/.local/lib/python3.12/site-packages/airflow/example_dags/example_outlet_event_extra.py
[2025-08-17T14:50:57.987+0000] {logging_mixin.py:190} INFO - [2025-08-17T14:50:57.986+0000] {dag.py:3211} INFO - Sync 3 DAGs
[2025-08-17T14:50:58.006+0000] {logging_mixin.py:190} INFO - [2025-08-17T14:50:58.005+0000] {dag.py:4138} INFO - Setting next_dagrun for dataset_with_extra_by_context to 2025-08-16 00:00:00+00:00, run_after=2025-08-17 00:00:00+00:00
[2025-08-17T14:50:58.009+0000] {logging_mixin.py:190} INFO - [2025-08-17T14:50:58.009+0000] {dag.py:4138} INFO - Setting next_dagrun for dataset_with_extra_by_yield to 2025-08-16 00:00:00+00:00, run_after=2025-08-17 00:00:00+00:00
[2025-08-17T14:50:58.011+0000] {logging_mixin.py:190} INFO - [2025-08-17T14:50:58.011+0000] {dag.py:4138} INFO - Setting next_dagrun for dataset_with_extra_from_classic_operator to 2025-08-16 00:00:00+00:00, run_after=2025-08-17 00:00:00+00:00
[2025-08-17T14:50:58.029+0000] {processor.py:208} INFO - Processing /home/airflow/.local/lib/python3.12/site-packages/airflow/example_dags/example_outlet_event_extra.py took 0.173 seconds
[2025-08-17T14:51:28.705+0000] {processor.py:186} INFO - Started process (PID=348) to work on /home/airflow/.local/lib/python3.12/site-packages/airflow/example_dags/example_outlet_event_extra.py
[2025-08-17T14:51:28.706+0000] {processor.py:914} INFO - Processing file /home/airflow/.local/lib/python3.12/site-packages/airflow/example_dags/example_outlet_event_extra.py for tasks to queue
[2025-08-17T14:51:28.709+0000] {logging_mixin.py:190} INFO - [2025-08-17T14:51:28.708+0000] {dagbag.py:587} INFO - Filling up the DagBag from /home/airflow/.local/lib/python3.12/site-packages/airflow/example_dags/example_outlet_event_extra.py
[2025-08-17T14:51:28.811+0000] {processor.py:925} INFO - DAG(s) 'dataset_with_extra_by_context', 'dataset_with_extra_from_classic_operator', 'dataset_with_extra_by_yield' retrieved from /home/airflow/.local/lib/python3.12/site-packages/airflow/example_dags/example_outlet_event_extra.py
[2025-08-17T14:51:28.832+0000] {logging_mixin.py:190} INFO - [2025-08-17T14:51:28.832+0000] {dag.py:3211} INFO - Sync 3 DAGs
[2025-08-17T14:51:28.851+0000] {logging_mixin.py:190} INFO - [2025-08-17T14:51:28.851+0000] {dag.py:4138} INFO - Setting next_dagrun for dataset_with_extra_by_context to 2025-08-16 00:00:00+00:00, run_after=2025-08-17 00:00:00+00:00
[2025-08-17T14:51:28.855+0000] {logging_mixin.py:190} INFO - [2025-08-17T14:51:28.855+0000] {dag.py:4138} INFO - Setting next_dagrun for dataset_with_extra_by_yield to 2025-08-16 00:00:00+00:00, run_after=2025-08-17 00:00:00+00:00
[2025-08-17T14:51:28.857+0000] {logging_mixin.py:190} INFO - [2025-08-17T14:51:28.857+0000] {dag.py:4138} INFO - Setting next_dagrun for dataset_with_extra_from_classic_operator to 2025-08-16 00:00:00+00:00, run_after=2025-08-17 00:00:00+00:00
[2025-08-17T14:51:28.875+0000] {processor.py:208} INFO - Processing /home/airflow/.local/lib/python3.12/site-packages/airflow/example_dags/example_outlet_event_extra.py took 0.175 seconds
[2025-08-17T14:51:59.489+0000] {processor.py:186} INFO - Started process (PID=410) to work on /home/airflow/.local/lib/python3.12/site-packages/airflow/example_dags/example_outlet_event_extra.py
[2025-08-17T14:51:59.491+0000] {processor.py:914} INFO - Processing file /home/airflow/.local/lib/python3.12/site-packages/airflow/example_dags/example_outlet_event_extra.py for tasks to queue
[2025-08-17T14:51:59.494+0000] {logging_mixin.py:190} INFO - [2025-08-17T14:51:59.493+0000] {dagbag.py:587} INFO - Filling up the DagBag from /home/airflow/.local/lib/python3.12/site-packages/airflow/example_dags/example_outlet_event_extra.py
[2025-08-17T14:51:59.606+0000] {processor.py:925} INFO - DAG(s) 'dataset_with_extra_from_classic_operator', 'dataset_with_extra_by_context', 'dataset_with_extra_by_yield' retrieved from /home/airflow/.local/lib/python3.12/site-packages/airflow/example_dags/example_outlet_event_extra.py
[2025-08-17T14:51:59.628+0000] {logging_mixin.py:190} INFO - [2025-08-17T14:51:59.628+0000] {dag.py:3211} INFO - Sync 3 DAGs
[2025-08-17T14:51:59.646+0000] {logging_mixin.py:190} INFO - [2025-08-17T14:51:59.646+0000] {dag.py:4138} INFO - Setting next_dagrun for dataset_with_extra_by_context to 2025-08-16 00:00:00+00:00, run_after=2025-08-17 00:00:00+00:00
[2025-08-17T14:51:59.649+0000] {logging_mixin.py:190} INFO - [2025-08-17T14:51:59.649+0000] {dag.py:4138} INFO - Setting next_dagrun for dataset_with_extra_by_yield to 2025-08-16 00:00:00+00:00, run_after=2025-08-17 00:00:00+00:00
[2025-08-17T14:51:59.652+0000] {logging_mixin.py:190} INFO - [2025-08-17T14:51:59.652+0000] {dag.py:4138} INFO - Setting next_dagrun for dataset_with_extra_from_classic_operator to 2025-08-16 00:00:00+00:00, run_after=2025-08-17 00:00:00+00:00
[2025-08-17T14:51:59.669+0000] {processor.py:208} INFO - Processing /home/airflow/.local/lib/python3.12/site-packages/airflow/example_dags/example_outlet_event_extra.py took 0.184 seconds
[2025-08-17T14:52:29.721+0000] {processor.py:186} INFO - Started process (PID=473) to work on /home/airflow/.local/lib/python3.12/site-packages/airflow/example_dags/example_outlet_event_extra.py
[2025-08-17T14:52:29.723+0000] {processor.py:914} INFO - Processing file /home/airflow/.local/lib/python3.12/site-packages/airflow/example_dags/example_outlet_event_extra.py for tasks to queue
[2025-08-17T14:52:29.725+0000] {logging_mixin.py:190} INFO - [2025-08-17T14:52:29.725+0000] {dagbag.py:587} INFO - Filling up the DagBag from /home/airflow/.local/lib/python3.12/site-packages/airflow/example_dags/example_outlet_event_extra.py
[2025-08-17T14:52:29.840+0000] {processor.py:925} INFO - DAG(s) 'dataset_with_extra_from_classic_operator', 'dataset_with_extra_by_context', 'dataset_with_extra_by_yield' retrieved from /home/airflow/.local/lib/python3.12/site-packages/airflow/example_dags/example_outlet_event_extra.py
[2025-08-17T14:52:29.865+0000] {logging_mixin.py:190} INFO - [2025-08-17T14:52:29.865+0000] {dag.py:3211} INFO - Sync 3 DAGs
[2025-08-17T14:52:29.886+0000] {logging_mixin.py:190} INFO - [2025-08-17T14:52:29.886+0000] {dag.py:4138} INFO - Setting next_dagrun for dataset_with_extra_by_context to 2025-08-16 00:00:00+00:00, run_after=2025-08-17 00:00:00+00:00
[2025-08-17T14:52:29.890+0000] {logging_mixin.py:190} INFO - [2025-08-17T14:52:29.890+0000] {dag.py:4138} INFO - Setting next_dagrun for dataset_with_extra_by_yield to 2025-08-16 00:00:00+00:00, run_after=2025-08-17 00:00:00+00:00
[2025-08-17T14:52:29.892+0000] {logging_mixin.py:190} INFO - [2025-08-17T14:52:29.892+0000] {dag.py:4138} INFO - Setting next_dagrun for dataset_with_extra_from_classic_operator to 2025-08-16 00:00:00+00:00, run_after=2025-08-17 00:00:00+00:00
[2025-08-17T14:52:29.910+0000] {processor.py:208} INFO - Processing /home/airflow/.local/lib/python3.12/site-packages/airflow/example_dags/example_outlet_event_extra.py took 0.194 seconds
[2025-08-17T14:52:59.983+0000] {processor.py:186} INFO - Started process (PID=536) to work on /home/airflow/.local/lib/python3.12/site-packages/airflow/example_dags/example_outlet_event_extra.py
[2025-08-17T14:52:59.985+0000] {processor.py:914} INFO - Processing file /home/airflow/.local/lib/python3.12/site-packages/airflow/example_dags/example_outlet_event_extra.py for tasks to queue
[2025-08-17T14:52:59.988+0000] {logging_mixin.py:190} INFO - [2025-08-17T14:52:59.987+0000] {dagbag.py:587} INFO - Filling up the DagBag from /home/airflow/.local/lib/python3.12/site-packages/airflow/example_dags/example_outlet_event_extra.py
[2025-08-17T14:53:00.106+0000] {processor.py:925} INFO - DAG(s) 'dataset_with_extra_by_yield', 'dataset_with_extra_by_context', 'dataset_with_extra_from_classic_operator' retrieved from /home/airflow/.local/lib/python3.12/site-packages/airflow/example_dags/example_outlet_event_extra.py
[2025-08-17T14:53:00.127+0000] {logging_mixin.py:190} INFO - [2025-08-17T14:53:00.126+0000] {dag.py:3211} INFO - Sync 3 DAGs
[2025-08-17T14:53:00.147+0000] {logging_mixin.py:190} INFO - [2025-08-17T14:53:00.147+0000] {dag.py:4138} INFO - Setting next_dagrun for dataset_with_extra_by_context to 2025-08-16 00:00:00+00:00, run_after=2025-08-17 00:00:00+00:00
[2025-08-17T14:53:00.152+0000] {logging_mixin.py:190} INFO - [2025-08-17T14:53:00.151+0000] {dag.py:4138} INFO - Setting next_dagrun for dataset_with_extra_by_yield to 2025-08-16 00:00:00+00:00, run_after=2025-08-17 00:00:00+00:00
[2025-08-17T14:53:00.154+0000] {logging_mixin.py:190} INFO - [2025-08-17T14:53:00.154+0000] {dag.py:4138} INFO - Setting next_dagrun for dataset_with_extra_from_classic_operator to 2025-08-16 00:00:00+00:00, run_after=2025-08-17 00:00:00+00:00
[2025-08-17T14:53:00.170+0000] {processor.py:208} INFO - Processing /home/airflow/.local/lib/python3.12/site-packages/airflow/example_dags/example_outlet_event_extra.py took 0.192 seconds
[2025-08-17T14:53:30.755+0000] {processor.py:186} INFO - Started process (PID=595) to work on /home/airflow/.local/lib/python3.12/site-packages/airflow/example_dags/example_outlet_event_extra.py
[2025-08-17T14:53:30.757+0000] {processor.py:914} INFO - Processing file /home/airflow/.local/lib/python3.12/site-packages/airflow/example_dags/example_outlet_event_extra.py for tasks to queue
[2025-08-17T14:53:30.761+0000] {logging_mixin.py:190} INFO - [2025-08-17T14:53:30.761+0000] {dagbag.py:587} INFO - Filling up the DagBag from /home/airflow/.local/lib/python3.12/site-packages/airflow/example_dags/example_outlet_event_extra.py
[2025-08-17T14:53:30.895+0000] {processor.py:925} INFO - DAG(s) 'dataset_with_extra_from_classic_operator', 'dataset_with_extra_by_context', 'dataset_with_extra_by_yield' retrieved from /home/airflow/.local/lib/python3.12/site-packages/airflow/example_dags/example_outlet_event_extra.py
[2025-08-17T14:53:30.921+0000] {logging_mixin.py:190} INFO - [2025-08-17T14:53:30.921+0000] {dag.py:3211} INFO - Sync 3 DAGs
[2025-08-17T14:53:30.946+0000] {logging_mixin.py:190} INFO - [2025-08-17T14:53:30.945+0000] {dag.py:4138} INFO - Setting next_dagrun for dataset_with_extra_by_context to 2025-08-16 00:00:00+00:00, run_after=2025-08-17 00:00:00+00:00
[2025-08-17T14:53:30.951+0000] {logging_mixin.py:190} INFO - [2025-08-17T14:53:30.950+0000] {dag.py:4138} INFO - Setting next_dagrun for dataset_with_extra_by_yield to 2025-08-16 00:00:00+00:00, run_after=2025-08-17 00:00:00+00:00
[2025-08-17T14:53:30.954+0000] {logging_mixin.py:190} INFO - [2025-08-17T14:53:30.954+0000] {dag.py:4138} INFO - Setting next_dagrun for dataset_with_extra_from_classic_operator to 2025-08-16 00:00:00+00:00, run_after=2025-08-17 00:00:00+00:00
[2025-08-17T14:53:30.977+0000] {processor.py:208} INFO - Processing /home/airflow/.local/lib/python3.12/site-packages/airflow/example_dags/example_outlet_event_extra.py took 0.228 seconds
[2025-08-17T14:54:01.053+0000] {processor.py:186} INFO - Started process (PID=657) to work on /home/airflow/.local/lib/python3.12/site-packages/airflow/example_dags/example_outlet_event_extra.py
[2025-08-17T14:54:01.057+0000] {processor.py:914} INFO - Processing file /home/airflow/.local/lib/python3.12/site-packages/airflow/example_dags/example_outlet_event_extra.py for tasks to queue
[2025-08-17T14:54:01.060+0000] {logging_mixin.py:190} INFO - [2025-08-17T14:54:01.059+0000] {dagbag.py:587} INFO - Filling up the DagBag from /home/airflow/.local/lib/python3.12/site-packages/airflow/example_dags/example_outlet_event_extra.py
[2025-08-17T14:54:01.189+0000] {processor.py:925} INFO - DAG(s) 'dataset_with_extra_by_context', 'dataset_with_extra_by_yield', 'dataset_with_extra_from_classic_operator' retrieved from /home/airflow/.local/lib/python3.12/site-packages/airflow/example_dags/example_outlet_event_extra.py
[2025-08-17T14:54:01.212+0000] {logging_mixin.py:190} INFO - [2025-08-17T14:54:01.212+0000] {dag.py:3211} INFO - Sync 3 DAGs
[2025-08-17T14:54:01.233+0000] {logging_mixin.py:190} INFO - [2025-08-17T14:54:01.233+0000] {dag.py:4138} INFO - Setting next_dagrun for dataset_with_extra_by_context to 2025-08-16 00:00:00+00:00, run_after=2025-08-17 00:00:00+00:00
[2025-08-17T14:54:01.237+0000] {logging_mixin.py:190} INFO - [2025-08-17T14:54:01.237+0000] {dag.py:4138} INFO - Setting next_dagrun for dataset_with_extra_by_yield to 2025-08-16 00:00:00+00:00, run_after=2025-08-17 00:00:00+00:00
[2025-08-17T14:54:01.240+0000] {logging_mixin.py:190} INFO - [2025-08-17T14:54:01.240+0000] {dag.py:4138} INFO - Setting next_dagrun for dataset_with_extra_from_classic_operator to 2025-08-16 00:00:00+00:00, run_after=2025-08-17 00:00:00+00:00
[2025-08-17T14:54:01.272+0000] {processor.py:208} INFO - Processing /home/airflow/.local/lib/python3.12/site-packages/airflow/example_dags/example_outlet_event_extra.py took 0.223 seconds
[2025-08-17T14:54:31.684+0000] {processor.py:186} INFO - Started process (PID=719) to work on /home/airflow/.local/lib/python3.12/site-packages/airflow/example_dags/example_outlet_event_extra.py
[2025-08-17T14:54:31.685+0000] {processor.py:914} INFO - Processing file /home/airflow/.local/lib/python3.12/site-packages/airflow/example_dags/example_outlet_event_extra.py for tasks to queue
[2025-08-17T14:54:31.687+0000] {logging_mixin.py:190} INFO - [2025-08-17T14:54:31.687+0000] {dagbag.py:587} INFO - Filling up the DagBag from /home/airflow/.local/lib/python3.12/site-packages/airflow/example_dags/example_outlet_event_extra.py
[2025-08-17T14:54:31.801+0000] {processor.py:925} INFO - DAG(s) 'dataset_with_extra_by_yield', 'dataset_with_extra_by_context', 'dataset_with_extra_from_classic_operator' retrieved from /home/airflow/.local/lib/python3.12/site-packages/airflow/example_dags/example_outlet_event_extra.py
[2025-08-17T14:54:31.821+0000] {logging_mixin.py:190} INFO - [2025-08-17T14:54:31.820+0000] {dag.py:3211} INFO - Sync 3 DAGs
[2025-08-17T14:54:31.839+0000] {logging_mixin.py:190} INFO - [2025-08-17T14:54:31.839+0000] {dag.py:4138} INFO - Setting next_dagrun for dataset_with_extra_by_context to 2025-08-16 00:00:00+00:00, run_after=2025-08-17 00:00:00+00:00
[2025-08-17T14:54:31.843+0000] {logging_mixin.py:190} INFO - [2025-08-17T14:54:31.843+0000] {dag.py:4138} INFO - Setting next_dagrun for dataset_with_extra_by_yield to 2025-08-16 00:00:00+00:00, run_after=2025-08-17 00:00:00+00:00
[2025-08-17T14:54:31.846+0000] {logging_mixin.py:190} INFO - [2025-08-17T14:54:31.845+0000] {dag.py:4138} INFO - Setting next_dagrun for dataset_with_extra_from_classic_operator to 2025-08-16 00:00:00+00:00, run_after=2025-08-17 00:00:00+00:00
[2025-08-17T14:54:31.863+0000] {processor.py:208} INFO - Processing /home/airflow/.local/lib/python3.12/site-packages/airflow/example_dags/example_outlet_event_extra.py took 0.185 seconds
