[2025-08-17T14:49:26.129+0000] {processor.py:186} INFO - Started process (PID=101) to work on /home/airflow/.local/lib/python3.12/site-packages/airflow/example_dags/example_trigger_target_dag.py
[2025-08-17T14:49:26.131+0000] {processor.py:914} INFO - Processing file /home/airflow/.local/lib/python3.12/site-packages/airflow/example_dags/example_trigger_target_dag.py for tasks to queue
[2025-08-17T14:49:26.134+0000] {logging_mixin.py:190} INFO - [2025-08-17T14:49:26.133+0000] {dagbag.py:587} INFO - Filling up the DagBag from /home/airflow/.local/lib/python3.12/site-packages/airflow/example_dags/example_trigger_target_dag.py
[2025-08-17T14:49:26.142+0000] {processor.py:925} INFO - DAG(s) 'example_trigger_target_dag' retrieved from /home/airflow/.local/lib/python3.12/site-packages/airflow/example_dags/example_trigger_target_dag.py
[2025-08-17T14:49:26.224+0000] {logging_mixin.py:190} INFO - [2025-08-17T14:49:26.224+0000] {override.py:1858} INFO - Created Permission View: can read on DAG:example_trigger_target_dag
[2025-08-17T14:49:26.232+0000] {logging_mixin.py:190} INFO - [2025-08-17T14:49:26.232+0000] {override.py:1858} INFO - Created Permission View: can delete on DAG:example_trigger_target_dag
[2025-08-17T14:49:26.237+0000] {logging_mixin.py:190} INFO - [2025-08-17T14:49:26.237+0000] {override.py:1858} INFO - Created Permission View: can edit on DAG:example_trigger_target_dag
[2025-08-17T14:49:26.238+0000] {logging_mixin.py:190} INFO - [2025-08-17T14:49:26.238+0000] {dag.py:3211} INFO - Sync 1 DAGs
[2025-08-17T14:49:26.250+0000] {logging_mixin.py:190} INFO - [2025-08-17T14:49:26.250+0000] {dag.py:3234} INFO - Creating ORM DAG for example_trigger_target_dag
[2025-08-17T14:49:26.251+0000] {logging_mixin.py:190} INFO - [2025-08-17T14:49:26.251+0000] {dag.py:4138} INFO - Setting next_dagrun for example_trigger_target_dag to None, run_after=None
[2025-08-17T14:49:26.264+0000] {processor.py:208} INFO - Processing /home/airflow/.local/lib/python3.12/site-packages/airflow/example_dags/example_trigger_target_dag.py took 0.140 seconds
[2025-08-17T14:49:56.512+0000] {processor.py:186} INFO - Started process (PID=163) to work on /home/airflow/.local/lib/python3.12/site-packages/airflow/example_dags/example_trigger_target_dag.py
[2025-08-17T14:49:56.514+0000] {processor.py:914} INFO - Processing file /home/airflow/.local/lib/python3.12/site-packages/airflow/example_dags/example_trigger_target_dag.py for tasks to queue
[2025-08-17T14:49:56.516+0000] {logging_mixin.py:190} INFO - [2025-08-17T14:49:56.516+0000] {dagbag.py:587} INFO - Filling up the DagBag from /home/airflow/.local/lib/python3.12/site-packages/airflow/example_dags/example_trigger_target_dag.py
[2025-08-17T14:49:56.523+0000] {processor.py:925} INFO - DAG(s) 'example_trigger_target_dag' retrieved from /home/airflow/.local/lib/python3.12/site-packages/airflow/example_dags/example_trigger_target_dag.py
[2025-08-17T14:49:56.543+0000] {logging_mixin.py:190} INFO - [2025-08-17T14:49:56.542+0000] {dag.py:3211} INFO - Sync 1 DAGs
[2025-08-17T14:49:56.555+0000] {logging_mixin.py:190} INFO - [2025-08-17T14:49:56.555+0000] {dag.py:4138} INFO - Setting next_dagrun for example_trigger_target_dag to None, run_after=None
[2025-08-17T14:49:56.577+0000] {processor.py:208} INFO - Processing /home/airflow/.local/lib/python3.12/site-packages/airflow/example_dags/example_trigger_target_dag.py took 0.070 seconds
[2025-08-17T14:50:27.351+0000] {processor.py:186} INFO - Started process (PID=225) to work on /home/airflow/.local/lib/python3.12/site-packages/airflow/example_dags/example_trigger_target_dag.py
[2025-08-17T14:50:27.353+0000] {processor.py:914} INFO - Processing file /home/airflow/.local/lib/python3.12/site-packages/airflow/example_dags/example_trigger_target_dag.py for tasks to queue
[2025-08-17T14:50:27.356+0000] {logging_mixin.py:190} INFO - [2025-08-17T14:50:27.356+0000] {dagbag.py:587} INFO - Filling up the DagBag from /home/airflow/.local/lib/python3.12/site-packages/airflow/example_dags/example_trigger_target_dag.py
[2025-08-17T14:50:27.365+0000] {processor.py:925} INFO - DAG(s) 'example_trigger_target_dag' retrieved from /home/airflow/.local/lib/python3.12/site-packages/airflow/example_dags/example_trigger_target_dag.py
[2025-08-17T14:50:27.389+0000] {logging_mixin.py:190} INFO - [2025-08-17T14:50:27.389+0000] {dag.py:3211} INFO - Sync 1 DAGs
[2025-08-17T14:50:27.403+0000] {logging_mixin.py:190} INFO - [2025-08-17T14:50:27.403+0000] {dag.py:4138} INFO - Setting next_dagrun for example_trigger_target_dag to None, run_after=None
[2025-08-17T14:50:27.420+0000] {processor.py:208} INFO - Processing /home/airflow/.local/lib/python3.12/site-packages/airflow/example_dags/example_trigger_target_dag.py took 0.076 seconds
[2025-08-17T14:50:57.861+0000] {processor.py:186} INFO - Started process (PID=287) to work on /home/airflow/.local/lib/python3.12/site-packages/airflow/example_dags/example_trigger_target_dag.py
[2025-08-17T14:50:57.862+0000] {processor.py:914} INFO - Processing file /home/airflow/.local/lib/python3.12/site-packages/airflow/example_dags/example_trigger_target_dag.py for tasks to queue
[2025-08-17T14:50:57.864+0000] {logging_mixin.py:190} INFO - [2025-08-17T14:50:57.864+0000] {dagbag.py:587} INFO - Filling up the DagBag from /home/airflow/.local/lib/python3.12/site-packages/airflow/example_dags/example_trigger_target_dag.py
[2025-08-17T14:50:57.870+0000] {processor.py:925} INFO - DAG(s) 'example_trigger_target_dag' retrieved from /home/airflow/.local/lib/python3.12/site-packages/airflow/example_dags/example_trigger_target_dag.py
[2025-08-17T14:50:57.887+0000] {logging_mixin.py:190} INFO - [2025-08-17T14:50:57.887+0000] {dag.py:3211} INFO - Sync 1 DAGs
[2025-08-17T14:50:57.896+0000] {logging_mixin.py:190} INFO - [2025-08-17T14:50:57.896+0000] {dag.py:4138} INFO - Setting next_dagrun for example_trigger_target_dag to None, run_after=None
[2025-08-17T14:50:57.913+0000] {processor.py:208} INFO - Processing /home/airflow/.local/lib/python3.12/site-packages/airflow/example_dags/example_trigger_target_dag.py took 0.056 seconds
[2025-08-17T14:51:28.705+0000] {processor.py:186} INFO - Started process (PID=349) to work on /home/airflow/.local/lib/python3.12/site-packages/airflow/example_dags/example_trigger_target_dag.py
[2025-08-17T14:51:28.706+0000] {processor.py:914} INFO - Processing file /home/airflow/.local/lib/python3.12/site-packages/airflow/example_dags/example_trigger_target_dag.py for tasks to queue
[2025-08-17T14:51:28.709+0000] {logging_mixin.py:190} INFO - [2025-08-17T14:51:28.708+0000] {dagbag.py:587} INFO - Filling up the DagBag from /home/airflow/.local/lib/python3.12/site-packages/airflow/example_dags/example_trigger_target_dag.py
[2025-08-17T14:51:28.715+0000] {processor.py:925} INFO - DAG(s) 'example_trigger_target_dag' retrieved from /home/airflow/.local/lib/python3.12/site-packages/airflow/example_dags/example_trigger_target_dag.py
[2025-08-17T14:51:28.732+0000] {logging_mixin.py:190} INFO - [2025-08-17T14:51:28.732+0000] {dag.py:3211} INFO - Sync 1 DAGs
[2025-08-17T14:51:28.742+0000] {logging_mixin.py:190} INFO - [2025-08-17T14:51:28.742+0000] {dag.py:4138} INFO - Setting next_dagrun for example_trigger_target_dag to None, run_after=None
[2025-08-17T14:51:28.761+0000] {processor.py:208} INFO - Processing /home/airflow/.local/lib/python3.12/site-packages/airflow/example_dags/example_trigger_target_dag.py took 0.061 seconds
[2025-08-17T14:51:59.494+0000] {processor.py:186} INFO - Started process (PID=411) to work on /home/airflow/.local/lib/python3.12/site-packages/airflow/example_dags/example_trigger_target_dag.py
[2025-08-17T14:51:59.495+0000] {processor.py:914} INFO - Processing file /home/airflow/.local/lib/python3.12/site-packages/airflow/example_dags/example_trigger_target_dag.py for tasks to queue
[2025-08-17T14:51:59.497+0000] {logging_mixin.py:190} INFO - [2025-08-17T14:51:59.497+0000] {dagbag.py:587} INFO - Filling up the DagBag from /home/airflow/.local/lib/python3.12/site-packages/airflow/example_dags/example_trigger_target_dag.py
[2025-08-17T14:51:59.504+0000] {processor.py:925} INFO - DAG(s) 'example_trigger_target_dag' retrieved from /home/airflow/.local/lib/python3.12/site-packages/airflow/example_dags/example_trigger_target_dag.py
[2025-08-17T14:51:59.524+0000] {logging_mixin.py:190} INFO - [2025-08-17T14:51:59.524+0000] {dag.py:3211} INFO - Sync 1 DAGs
[2025-08-17T14:51:59.535+0000] {logging_mixin.py:190} INFO - [2025-08-17T14:51:59.535+0000] {dag.py:4138} INFO - Setting next_dagrun for example_trigger_target_dag to None, run_after=None
[2025-08-17T14:51:59.554+0000] {processor.py:208} INFO - Processing /home/airflow/.local/lib/python3.12/site-packages/airflow/example_dags/example_trigger_target_dag.py took 0.065 seconds
[2025-08-17T14:52:29.616+0000] {processor.py:186} INFO - Started process (PID=472) to work on /home/airflow/.local/lib/python3.12/site-packages/airflow/example_dags/example_trigger_target_dag.py
[2025-08-17T14:52:29.617+0000] {processor.py:914} INFO - Processing file /home/airflow/.local/lib/python3.12/site-packages/airflow/example_dags/example_trigger_target_dag.py for tasks to queue
[2025-08-17T14:52:29.620+0000] {logging_mixin.py:190} INFO - [2025-08-17T14:52:29.619+0000] {dagbag.py:587} INFO - Filling up the DagBag from /home/airflow/.local/lib/python3.12/site-packages/airflow/example_dags/example_trigger_target_dag.py
[2025-08-17T14:52:29.627+0000] {processor.py:925} INFO - DAG(s) 'example_trigger_target_dag' retrieved from /home/airflow/.local/lib/python3.12/site-packages/airflow/example_dags/example_trigger_target_dag.py
[2025-08-17T14:52:29.645+0000] {logging_mixin.py:190} INFO - [2025-08-17T14:52:29.645+0000] {dag.py:3211} INFO - Sync 1 DAGs
[2025-08-17T14:52:29.655+0000] {logging_mixin.py:190} INFO - [2025-08-17T14:52:29.655+0000] {dag.py:4138} INFO - Setting next_dagrun for example_trigger_target_dag to None, run_after=None
[2025-08-17T14:52:29.672+0000] {processor.py:208} INFO - Processing /home/airflow/.local/lib/python3.12/site-packages/airflow/example_dags/example_trigger_target_dag.py took 0.061 seconds
[2025-08-17T14:52:59.881+0000] {processor.py:186} INFO - Started process (PID=534) to work on /home/airflow/.local/lib/python3.12/site-packages/airflow/example_dags/example_trigger_target_dag.py
[2025-08-17T14:52:59.883+0000] {processor.py:914} INFO - Processing file /home/airflow/.local/lib/python3.12/site-packages/airflow/example_dags/example_trigger_target_dag.py for tasks to queue
[2025-08-17T14:52:59.885+0000] {logging_mixin.py:190} INFO - [2025-08-17T14:52:59.885+0000] {dagbag.py:587} INFO - Filling up the DagBag from /home/airflow/.local/lib/python3.12/site-packages/airflow/example_dags/example_trigger_target_dag.py
[2025-08-17T14:52:59.893+0000] {processor.py:925} INFO - DAG(s) 'example_trigger_target_dag' retrieved from /home/airflow/.local/lib/python3.12/site-packages/airflow/example_dags/example_trigger_target_dag.py
[2025-08-17T14:52:59.911+0000] {logging_mixin.py:190} INFO - [2025-08-17T14:52:59.911+0000] {dag.py:3211} INFO - Sync 1 DAGs
[2025-08-17T14:52:59.924+0000] {logging_mixin.py:190} INFO - [2025-08-17T14:52:59.923+0000] {dag.py:4138} INFO - Setting next_dagrun for example_trigger_target_dag to None, run_after=None
[2025-08-17T14:52:59.939+0000] {processor.py:208} INFO - Processing /home/airflow/.local/lib/python3.12/site-packages/airflow/example_dags/example_trigger_target_dag.py took 0.064 seconds
[2025-08-17T14:53:30.935+0000] {processor.py:186} INFO - Started process (PID=597) to work on /home/airflow/.local/lib/python3.12/site-packages/airflow/example_dags/example_trigger_target_dag.py
[2025-08-17T14:53:30.937+0000] {processor.py:914} INFO - Processing file /home/airflow/.local/lib/python3.12/site-packages/airflow/example_dags/example_trigger_target_dag.py for tasks to queue
[2025-08-17T14:53:30.940+0000] {logging_mixin.py:190} INFO - [2025-08-17T14:53:30.939+0000] {dagbag.py:587} INFO - Filling up the DagBag from /home/airflow/.local/lib/python3.12/site-packages/airflow/example_dags/example_trigger_target_dag.py
[2025-08-17T14:53:30.949+0000] {processor.py:925} INFO - DAG(s) 'example_trigger_target_dag' retrieved from /home/airflow/.local/lib/python3.12/site-packages/airflow/example_dags/example_trigger_target_dag.py
[2025-08-17T14:53:30.968+0000] {logging_mixin.py:190} INFO - [2025-08-17T14:53:30.968+0000] {dag.py:3211} INFO - Sync 1 DAGs
[2025-08-17T14:53:30.985+0000] {logging_mixin.py:190} INFO - [2025-08-17T14:53:30.985+0000] {dag.py:4138} INFO - Setting next_dagrun for example_trigger_target_dag to None, run_after=None
[2025-08-17T14:53:31.005+0000] {processor.py:208} INFO - Processing /home/airflow/.local/lib/python3.12/site-packages/airflow/example_dags/example_trigger_target_dag.py took 0.075 seconds
[2025-08-17T14:54:01.202+0000] {processor.py:186} INFO - Started process (PID=659) to work on /home/airflow/.local/lib/python3.12/site-packages/airflow/example_dags/example_trigger_target_dag.py
[2025-08-17T14:54:01.204+0000] {processor.py:914} INFO - Processing file /home/airflow/.local/lib/python3.12/site-packages/airflow/example_dags/example_trigger_target_dag.py for tasks to queue
[2025-08-17T14:54:01.208+0000] {logging_mixin.py:190} INFO - [2025-08-17T14:54:01.208+0000] {dagbag.py:587} INFO - Filling up the DagBag from /home/airflow/.local/lib/python3.12/site-packages/airflow/example_dags/example_trigger_target_dag.py
[2025-08-17T14:54:01.217+0000] {processor.py:925} INFO - DAG(s) 'example_trigger_target_dag' retrieved from /home/airflow/.local/lib/python3.12/site-packages/airflow/example_dags/example_trigger_target_dag.py
[2025-08-17T14:54:01.236+0000] {logging_mixin.py:190} INFO - [2025-08-17T14:54:01.236+0000] {dag.py:3211} INFO - Sync 1 DAGs
[2025-08-17T14:54:01.252+0000] {logging_mixin.py:190} INFO - [2025-08-17T14:54:01.252+0000] {dag.py:4138} INFO - Setting next_dagrun for example_trigger_target_dag to None, run_after=None
[2025-08-17T14:54:01.278+0000] {processor.py:208} INFO - Processing /home/airflow/.local/lib/python3.12/site-packages/airflow/example_dags/example_trigger_target_dag.py took 0.082 seconds
[2025-08-17T14:54:31.828+0000] {processor.py:186} INFO - Started process (PID=721) to work on /home/airflow/.local/lib/python3.12/site-packages/airflow/example_dags/example_trigger_target_dag.py
[2025-08-17T14:54:31.829+0000] {processor.py:914} INFO - Processing file /home/airflow/.local/lib/python3.12/site-packages/airflow/example_dags/example_trigger_target_dag.py for tasks to queue
[2025-08-17T14:54:31.832+0000] {logging_mixin.py:190} INFO - [2025-08-17T14:54:31.832+0000] {dagbag.py:587} INFO - Filling up the DagBag from /home/airflow/.local/lib/python3.12/site-packages/airflow/example_dags/example_trigger_target_dag.py
[2025-08-17T14:54:31.839+0000] {processor.py:925} INFO - DAG(s) 'example_trigger_target_dag' retrieved from /home/airflow/.local/lib/python3.12/site-packages/airflow/example_dags/example_trigger_target_dag.py
[2025-08-17T14:54:31.857+0000] {logging_mixin.py:190} INFO - [2025-08-17T14:54:31.856+0000] {dag.py:3211} INFO - Sync 1 DAGs
[2025-08-17T14:54:31.869+0000] {logging_mixin.py:190} INFO - [2025-08-17T14:54:31.869+0000] {dag.py:4138} INFO - Setting next_dagrun for example_trigger_target_dag to None, run_after=None
[2025-08-17T14:54:31.882+0000] {processor.py:208} INFO - Processing /home/airflow/.local/lib/python3.12/site-packages/airflow/example_dags/example_trigger_target_dag.py took 0.060 seconds
