[2025-08-17T14:49:26.781+0000] {processor.py:186} INFO - Started process (PID=108) to work on /home/airflow/.local/lib/python3.12/site-packages/airflow/example_dags/example_dataset_alias_with_no_taskflow.py
[2025-08-17T14:49:26.783+0000] {processor.py:914} INFO - Processing file /home/airflow/.local/lib/python3.12/site-packages/airflow/example_dags/example_dataset_alias_with_no_taskflow.py for tasks to queue
[2025-08-17T14:49:26.785+0000] {logging_mixin.py:190} INFO - [2025-08-17T14:49:26.785+0000] {dagbag.py:587} INFO - Filling up the DagBag from /home/airflow/.local/lib/python3.12/site-packages/airflow/example_dags/example_dataset_alias_with_no_taskflow.py
[2025-08-17T14:49:26.911+0000] {processor.py:925} INFO - DAG(s) 'dataset_alias_example_alias_producer_with_no_taskflow', 'dataset_s3_bucket_producer_with_no_taskflow', 'dataset_s3_bucket_consumer_with_no_taskflow', 'dataset_alias_example_alias_consumer_with_no_taskflow' retrieved from /home/airflow/.local/lib/python3.12/site-packages/airflow/example_dags/example_dataset_alias_with_no_taskflow.py
[2025-08-17T14:49:26.985+0000] {logging_mixin.py:190} INFO - [2025-08-17T14:49:26.984+0000] {override.py:1858} INFO - Created Permission View: can read on DAG:dataset_alias_example_alias_producer_with_no_taskflow
[2025-08-17T14:49:26.993+0000] {logging_mixin.py:190} INFO - [2025-08-17T14:49:26.993+0000] {override.py:1858} INFO - Created Permission View: can delete on DAG:dataset_alias_example_alias_producer_with_no_taskflow
[2025-08-17T14:49:26.998+0000] {logging_mixin.py:190} INFO - [2025-08-17T14:49:26.998+0000] {override.py:1858} INFO - Created Permission View: can edit on DAG:dataset_alias_example_alias_producer_with_no_taskflow
[2025-08-17T14:49:27.007+0000] {logging_mixin.py:190} INFO - [2025-08-17T14:49:27.007+0000] {override.py:1858} INFO - Created Permission View: can read on DAG:dataset_s3_bucket_producer_with_no_taskflow
[2025-08-17T14:49:27.012+0000] {logging_mixin.py:190} INFO - [2025-08-17T14:49:27.012+0000] {override.py:1858} INFO - Created Permission View: can delete on DAG:dataset_s3_bucket_producer_with_no_taskflow
[2025-08-17T14:49:27.017+0000] {logging_mixin.py:190} INFO - [2025-08-17T14:49:27.017+0000] {override.py:1858} INFO - Created Permission View: can edit on DAG:dataset_s3_bucket_producer_with_no_taskflow
[2025-08-17T14:49:27.026+0000] {logging_mixin.py:190} INFO - [2025-08-17T14:49:27.026+0000] {override.py:1858} INFO - Created Permission View: can read on DAG:dataset_s3_bucket_consumer_with_no_taskflow
[2025-08-17T14:49:27.032+0000] {logging_mixin.py:190} INFO - [2025-08-17T14:49:27.032+0000] {override.py:1858} INFO - Created Permission View: can delete on DAG:dataset_s3_bucket_consumer_with_no_taskflow
[2025-08-17T14:49:27.038+0000] {logging_mixin.py:190} INFO - [2025-08-17T14:49:27.038+0000] {override.py:1858} INFO - Created Permission View: can edit on DAG:dataset_s3_bucket_consumer_with_no_taskflow
[2025-08-17T14:49:27.047+0000] {logging_mixin.py:190} INFO - [2025-08-17T14:49:27.046+0000] {override.py:1858} INFO - Created Permission View: can read on DAG:dataset_alias_example_alias_consumer_with_no_taskflow
[2025-08-17T14:49:27.051+0000] {logging_mixin.py:190} INFO - [2025-08-17T14:49:27.051+0000] {override.py:1858} INFO - Created Permission View: can delete on DAG:dataset_alias_example_alias_consumer_with_no_taskflow
[2025-08-17T14:49:27.058+0000] {logging_mixin.py:190} INFO - [2025-08-17T14:49:27.057+0000] {override.py:1858} INFO - Created Permission View: can edit on DAG:dataset_alias_example_alias_consumer_with_no_taskflow
[2025-08-17T14:49:27.058+0000] {logging_mixin.py:190} INFO - [2025-08-17T14:49:27.058+0000] {dag.py:3211} INFO - Sync 4 DAGs
[2025-08-17T14:49:27.070+0000] {logging_mixin.py:190} INFO - [2025-08-17T14:49:27.070+0000] {dag.py:3234} INFO - Creating ORM DAG for dataset_alias_example_alias_producer_with_no_taskflow
[2025-08-17T14:49:27.071+0000] {logging_mixin.py:190} INFO - [2025-08-17T14:49:27.071+0000] {dag.py:3234} INFO - Creating ORM DAG for dataset_s3_bucket_consumer_with_no_taskflow
[2025-08-17T14:49:27.072+0000] {logging_mixin.py:190} INFO - [2025-08-17T14:49:27.072+0000] {dag.py:3234} INFO - Creating ORM DAG for dataset_alias_example_alias_consumer_with_no_taskflow
[2025-08-17T14:49:27.073+0000] {logging_mixin.py:190} INFO - [2025-08-17T14:49:27.073+0000] {dag.py:3234} INFO - Creating ORM DAG for dataset_s3_bucket_producer_with_no_taskflow
[2025-08-17T14:49:27.082+0000] {logging_mixin.py:190} INFO - [2025-08-17T14:49:27.082+0000] {dag.py:4138} INFO - Setting next_dagrun for dataset_alias_example_alias_consumer_with_no_taskflow to None, run_after=None
[2025-08-17T14:49:27.083+0000] {logging_mixin.py:190} INFO - [2025-08-17T14:49:27.083+0000] {dag.py:4138} INFO - Setting next_dagrun for dataset_alias_example_alias_producer_with_no_taskflow to None, run_after=None
[2025-08-17T14:49:27.084+0000] {logging_mixin.py:190} INFO - [2025-08-17T14:49:27.084+0000] {dag.py:4138} INFO - Setting next_dagrun for dataset_s3_bucket_consumer_with_no_taskflow to None, run_after=None
[2025-08-17T14:49:27.085+0000] {logging_mixin.py:190} INFO - [2025-08-17T14:49:27.085+0000] {dag.py:4138} INFO - Setting next_dagrun for dataset_s3_bucket_producer_with_no_taskflow to None, run_after=None
[2025-08-17T14:49:27.111+0000] {processor.py:208} INFO - Processing /home/airflow/.local/lib/python3.12/site-packages/airflow/example_dags/example_dataset_alias_with_no_taskflow.py took 0.335 seconds
[2025-08-17T14:49:57.993+0000] {processor.py:186} INFO - Started process (PID=170) to work on /home/airflow/.local/lib/python3.12/site-packages/airflow/example_dags/example_dataset_alias_with_no_taskflow.py
[2025-08-17T14:49:57.994+0000] {processor.py:914} INFO - Processing file /home/airflow/.local/lib/python3.12/site-packages/airflow/example_dags/example_dataset_alias_with_no_taskflow.py for tasks to queue
[2025-08-17T14:49:57.997+0000] {logging_mixin.py:190} INFO - [2025-08-17T14:49:57.997+0000] {dagbag.py:587} INFO - Filling up the DagBag from /home/airflow/.local/lib/python3.12/site-packages/airflow/example_dags/example_dataset_alias_with_no_taskflow.py
[2025-08-17T14:49:58.115+0000] {processor.py:925} INFO - DAG(s) 'dataset_alias_example_alias_consumer_with_no_taskflow', 'dataset_s3_bucket_producer_with_no_taskflow', 'dataset_s3_bucket_consumer_with_no_taskflow', 'dataset_alias_example_alias_producer_with_no_taskflow' retrieved from /home/airflow/.local/lib/python3.12/site-packages/airflow/example_dags/example_dataset_alias_with_no_taskflow.py
[2025-08-17T14:49:58.130+0000] {logging_mixin.py:190} INFO - [2025-08-17T14:49:58.130+0000] {dag.py:3211} INFO - Sync 4 DAGs
[2025-08-17T14:49:58.145+0000] {logging_mixin.py:190} INFO - [2025-08-17T14:49:58.145+0000] {dag.py:4138} INFO - Setting next_dagrun for dataset_alias_example_alias_consumer_with_no_taskflow to None, run_after=None
[2025-08-17T14:49:58.147+0000] {logging_mixin.py:190} INFO - [2025-08-17T14:49:58.147+0000] {dag.py:4138} INFO - Setting next_dagrun for dataset_alias_example_alias_producer_with_no_taskflow to None, run_after=None
[2025-08-17T14:49:58.149+0000] {logging_mixin.py:190} INFO - [2025-08-17T14:49:58.149+0000] {dag.py:4138} INFO - Setting next_dagrun for dataset_s3_bucket_consumer_with_no_taskflow to None, run_after=None
[2025-08-17T14:49:58.151+0000] {logging_mixin.py:190} INFO - [2025-08-17T14:49:58.151+0000] {dag.py:4138} INFO - Setting next_dagrun for dataset_s3_bucket_producer_with_no_taskflow to None, run_after=None
[2025-08-17T14:49:58.170+0000] {processor.py:208} INFO - Processing /home/airflow/.local/lib/python3.12/site-packages/airflow/example_dags/example_dataset_alias_with_no_taskflow.py took 0.182 seconds
[2025-08-17T14:50:28.844+0000] {processor.py:186} INFO - Started process (PID=232) to work on /home/airflow/.local/lib/python3.12/site-packages/airflow/example_dags/example_dataset_alias_with_no_taskflow.py
[2025-08-17T14:50:28.845+0000] {processor.py:914} INFO - Processing file /home/airflow/.local/lib/python3.12/site-packages/airflow/example_dags/example_dataset_alias_with_no_taskflow.py for tasks to queue
[2025-08-17T14:50:28.848+0000] {logging_mixin.py:190} INFO - [2025-08-17T14:50:28.847+0000] {dagbag.py:587} INFO - Filling up the DagBag from /home/airflow/.local/lib/python3.12/site-packages/airflow/example_dags/example_dataset_alias_with_no_taskflow.py
[2025-08-17T14:50:28.969+0000] {processor.py:925} INFO - DAG(s) 'dataset_s3_bucket_consumer_with_no_taskflow', 'dataset_alias_example_alias_producer_with_no_taskflow', 'dataset_alias_example_alias_consumer_with_no_taskflow', 'dataset_s3_bucket_producer_with_no_taskflow' retrieved from /home/airflow/.local/lib/python3.12/site-packages/airflow/example_dags/example_dataset_alias_with_no_taskflow.py
[2025-08-17T14:50:28.986+0000] {logging_mixin.py:190} INFO - [2025-08-17T14:50:28.986+0000] {dag.py:3211} INFO - Sync 4 DAGs
[2025-08-17T14:50:29.004+0000] {logging_mixin.py:190} INFO - [2025-08-17T14:50:29.004+0000] {dag.py:4138} INFO - Setting next_dagrun for dataset_alias_example_alias_consumer_with_no_taskflow to None, run_after=None
[2025-08-17T14:50:29.007+0000] {logging_mixin.py:190} INFO - [2025-08-17T14:50:29.007+0000] {dag.py:4138} INFO - Setting next_dagrun for dataset_alias_example_alias_producer_with_no_taskflow to None, run_after=None
[2025-08-17T14:50:29.008+0000] {logging_mixin.py:190} INFO - [2025-08-17T14:50:29.008+0000] {dag.py:4138} INFO - Setting next_dagrun for dataset_s3_bucket_consumer_with_no_taskflow to None, run_after=None
[2025-08-17T14:50:29.010+0000] {logging_mixin.py:190} INFO - [2025-08-17T14:50:29.010+0000] {dag.py:4138} INFO - Setting next_dagrun for dataset_s3_bucket_producer_with_no_taskflow to None, run_after=None
[2025-08-17T14:50:29.029+0000] {processor.py:208} INFO - Processing /home/airflow/.local/lib/python3.12/site-packages/airflow/example_dags/example_dataset_alias_with_no_taskflow.py took 0.191 seconds
[2025-08-17T14:50:59.402+0000] {processor.py:186} INFO - Started process (PID=294) to work on /home/airflow/.local/lib/python3.12/site-packages/airflow/example_dags/example_dataset_alias_with_no_taskflow.py
[2025-08-17T14:50:59.404+0000] {processor.py:914} INFO - Processing file /home/airflow/.local/lib/python3.12/site-packages/airflow/example_dags/example_dataset_alias_with_no_taskflow.py for tasks to queue
[2025-08-17T14:50:59.407+0000] {logging_mixin.py:190} INFO - [2025-08-17T14:50:59.406+0000] {dagbag.py:587} INFO - Filling up the DagBag from /home/airflow/.local/lib/python3.12/site-packages/airflow/example_dags/example_dataset_alias_with_no_taskflow.py
[2025-08-17T14:50:59.541+0000] {processor.py:925} INFO - DAG(s) 'dataset_alias_example_alias_consumer_with_no_taskflow', 'dataset_s3_bucket_producer_with_no_taskflow', 'dataset_s3_bucket_consumer_with_no_taskflow', 'dataset_alias_example_alias_producer_with_no_taskflow' retrieved from /home/airflow/.local/lib/python3.12/site-packages/airflow/example_dags/example_dataset_alias_with_no_taskflow.py
[2025-08-17T14:50:59.558+0000] {logging_mixin.py:190} INFO - [2025-08-17T14:50:59.557+0000] {dag.py:3211} INFO - Sync 4 DAGs
[2025-08-17T14:50:59.576+0000] {logging_mixin.py:190} INFO - [2025-08-17T14:50:59.576+0000] {dag.py:4138} INFO - Setting next_dagrun for dataset_alias_example_alias_consumer_with_no_taskflow to None, run_after=None
[2025-08-17T14:50:59.578+0000] {logging_mixin.py:190} INFO - [2025-08-17T14:50:59.578+0000] {dag.py:4138} INFO - Setting next_dagrun for dataset_alias_example_alias_producer_with_no_taskflow to None, run_after=None
[2025-08-17T14:50:59.580+0000] {logging_mixin.py:190} INFO - [2025-08-17T14:50:59.580+0000] {dag.py:4138} INFO - Setting next_dagrun for dataset_s3_bucket_consumer_with_no_taskflow to None, run_after=None
[2025-08-17T14:50:59.581+0000] {logging_mixin.py:190} INFO - [2025-08-17T14:50:59.581+0000] {dag.py:4138} INFO - Setting next_dagrun for dataset_s3_bucket_producer_with_no_taskflow to None, run_after=None
[2025-08-17T14:50:59.601+0000] {processor.py:208} INFO - Processing /home/airflow/.local/lib/python3.12/site-packages/airflow/example_dags/example_dataset_alias_with_no_taskflow.py took 0.205 seconds
[2025-08-17T14:51:30.258+0000] {processor.py:186} INFO - Started process (PID=356) to work on /home/airflow/.local/lib/python3.12/site-packages/airflow/example_dags/example_dataset_alias_with_no_taskflow.py
[2025-08-17T14:51:30.259+0000] {processor.py:914} INFO - Processing file /home/airflow/.local/lib/python3.12/site-packages/airflow/example_dags/example_dataset_alias_with_no_taskflow.py for tasks to queue
[2025-08-17T14:51:30.262+0000] {logging_mixin.py:190} INFO - [2025-08-17T14:51:30.262+0000] {dagbag.py:587} INFO - Filling up the DagBag from /home/airflow/.local/lib/python3.12/site-packages/airflow/example_dags/example_dataset_alias_with_no_taskflow.py
[2025-08-17T14:51:30.398+0000] {processor.py:925} INFO - DAG(s) 'dataset_alias_example_alias_producer_with_no_taskflow', 'dataset_s3_bucket_producer_with_no_taskflow', 'dataset_alias_example_alias_consumer_with_no_taskflow', 'dataset_s3_bucket_consumer_with_no_taskflow' retrieved from /home/airflow/.local/lib/python3.12/site-packages/airflow/example_dags/example_dataset_alias_with_no_taskflow.py
[2025-08-17T14:51:30.417+0000] {logging_mixin.py:190} INFO - [2025-08-17T14:51:30.416+0000] {dag.py:3211} INFO - Sync 4 DAGs
[2025-08-17T14:51:30.436+0000] {logging_mixin.py:190} INFO - [2025-08-17T14:51:30.436+0000] {dag.py:4138} INFO - Setting next_dagrun for dataset_alias_example_alias_consumer_with_no_taskflow to None, run_after=None
[2025-08-17T14:51:30.439+0000] {logging_mixin.py:190} INFO - [2025-08-17T14:51:30.439+0000] {dag.py:4138} INFO - Setting next_dagrun for dataset_alias_example_alias_producer_with_no_taskflow to None, run_after=None
[2025-08-17T14:51:30.441+0000] {logging_mixin.py:190} INFO - [2025-08-17T14:51:30.441+0000] {dag.py:4138} INFO - Setting next_dagrun for dataset_s3_bucket_consumer_with_no_taskflow to None, run_after=None
[2025-08-17T14:51:30.442+0000] {logging_mixin.py:190} INFO - [2025-08-17T14:51:30.442+0000] {dag.py:4138} INFO - Setting next_dagrun for dataset_s3_bucket_producer_with_no_taskflow to None, run_after=None
[2025-08-17T14:51:30.465+0000] {processor.py:208} INFO - Processing /home/airflow/.local/lib/python3.12/site-packages/airflow/example_dags/example_dataset_alias_with_no_taskflow.py took 0.211 seconds
[2025-08-17T14:52:01.040+0000] {processor.py:186} INFO - Started process (PID=418) to work on /home/airflow/.local/lib/python3.12/site-packages/airflow/example_dags/example_dataset_alias_with_no_taskflow.py
[2025-08-17T14:52:01.042+0000] {processor.py:914} INFO - Processing file /home/airflow/.local/lib/python3.12/site-packages/airflow/example_dags/example_dataset_alias_with_no_taskflow.py for tasks to queue
[2025-08-17T14:52:01.044+0000] {logging_mixin.py:190} INFO - [2025-08-17T14:52:01.043+0000] {dagbag.py:587} INFO - Filling up the DagBag from /home/airflow/.local/lib/python3.12/site-packages/airflow/example_dags/example_dataset_alias_with_no_taskflow.py
[2025-08-17T14:52:01.164+0000] {processor.py:925} INFO - DAG(s) 'dataset_alias_example_alias_consumer_with_no_taskflow', 'dataset_s3_bucket_consumer_with_no_taskflow', 'dataset_alias_example_alias_producer_with_no_taskflow', 'dataset_s3_bucket_producer_with_no_taskflow' retrieved from /home/airflow/.local/lib/python3.12/site-packages/airflow/example_dags/example_dataset_alias_with_no_taskflow.py
[2025-08-17T14:52:01.180+0000] {logging_mixin.py:190} INFO - [2025-08-17T14:52:01.180+0000] {dag.py:3211} INFO - Sync 4 DAGs
[2025-08-17T14:52:01.196+0000] {logging_mixin.py:190} INFO - [2025-08-17T14:52:01.196+0000] {dag.py:4138} INFO - Setting next_dagrun for dataset_alias_example_alias_consumer_with_no_taskflow to None, run_after=None
[2025-08-17T14:52:01.199+0000] {logging_mixin.py:190} INFO - [2025-08-17T14:52:01.198+0000] {dag.py:4138} INFO - Setting next_dagrun for dataset_alias_example_alias_producer_with_no_taskflow to None, run_after=None
[2025-08-17T14:52:01.200+0000] {logging_mixin.py:190} INFO - [2025-08-17T14:52:01.200+0000] {dag.py:4138} INFO - Setting next_dagrun for dataset_s3_bucket_consumer_with_no_taskflow to None, run_after=None
[2025-08-17T14:52:01.201+0000] {logging_mixin.py:190} INFO - [2025-08-17T14:52:01.201+0000] {dag.py:4138} INFO - Setting next_dagrun for dataset_s3_bucket_producer_with_no_taskflow to None, run_after=None
[2025-08-17T14:52:01.221+0000] {processor.py:208} INFO - Processing /home/airflow/.local/lib/python3.12/site-packages/airflow/example_dags/example_dataset_alias_with_no_taskflow.py took 0.185 seconds
[2025-08-17T14:52:31.317+0000] {processor.py:186} INFO - Started process (PID=480) to work on /home/airflow/.local/lib/python3.12/site-packages/airflow/example_dags/example_dataset_alias_with_no_taskflow.py
[2025-08-17T14:52:31.319+0000] {processor.py:914} INFO - Processing file /home/airflow/.local/lib/python3.12/site-packages/airflow/example_dags/example_dataset_alias_with_no_taskflow.py for tasks to queue
[2025-08-17T14:52:31.321+0000] {logging_mixin.py:190} INFO - [2025-08-17T14:52:31.321+0000] {dagbag.py:587} INFO - Filling up the DagBag from /home/airflow/.local/lib/python3.12/site-packages/airflow/example_dags/example_dataset_alias_with_no_taskflow.py
[2025-08-17T14:52:31.446+0000] {processor.py:925} INFO - DAG(s) 'dataset_alias_example_alias_consumer_with_no_taskflow', 'dataset_s3_bucket_producer_with_no_taskflow', 'dataset_s3_bucket_consumer_with_no_taskflow', 'dataset_alias_example_alias_producer_with_no_taskflow' retrieved from /home/airflow/.local/lib/python3.12/site-packages/airflow/example_dags/example_dataset_alias_with_no_taskflow.py
[2025-08-17T14:52:31.467+0000] {logging_mixin.py:190} INFO - [2025-08-17T14:52:31.466+0000] {dag.py:3211} INFO - Sync 4 DAGs
[2025-08-17T14:52:31.484+0000] {logging_mixin.py:190} INFO - [2025-08-17T14:52:31.483+0000] {dag.py:4138} INFO - Setting next_dagrun for dataset_alias_example_alias_consumer_with_no_taskflow to None, run_after=None
[2025-08-17T14:52:31.486+0000] {logging_mixin.py:190} INFO - [2025-08-17T14:52:31.486+0000] {dag.py:4138} INFO - Setting next_dagrun for dataset_alias_example_alias_producer_with_no_taskflow to None, run_after=None
[2025-08-17T14:52:31.488+0000] {logging_mixin.py:190} INFO - [2025-08-17T14:52:31.488+0000] {dag.py:4138} INFO - Setting next_dagrun for dataset_s3_bucket_consumer_with_no_taskflow to None, run_after=None
[2025-08-17T14:52:31.490+0000] {logging_mixin.py:190} INFO - [2025-08-17T14:52:31.490+0000] {dag.py:4138} INFO - Setting next_dagrun for dataset_s3_bucket_producer_with_no_taskflow to None, run_after=None
[2025-08-17T14:52:31.509+0000] {processor.py:208} INFO - Processing /home/airflow/.local/lib/python3.12/site-packages/airflow/example_dags/example_dataset_alias_with_no_taskflow.py took 0.196 seconds
[2025-08-17T14:53:01.674+0000] {processor.py:186} INFO - Started process (PID=544) to work on /home/airflow/.local/lib/python3.12/site-packages/airflow/example_dags/example_dataset_alias_with_no_taskflow.py
[2025-08-17T14:53:01.675+0000] {processor.py:914} INFO - Processing file /home/airflow/.local/lib/python3.12/site-packages/airflow/example_dags/example_dataset_alias_with_no_taskflow.py for tasks to queue
[2025-08-17T14:53:01.677+0000] {logging_mixin.py:190} INFO - [2025-08-17T14:53:01.677+0000] {dagbag.py:587} INFO - Filling up the DagBag from /home/airflow/.local/lib/python3.12/site-packages/airflow/example_dags/example_dataset_alias_with_no_taskflow.py
[2025-08-17T14:53:01.801+0000] {processor.py:925} INFO - DAG(s) 'dataset_s3_bucket_consumer_with_no_taskflow', 'dataset_alias_example_alias_producer_with_no_taskflow', 'dataset_s3_bucket_producer_with_no_taskflow', 'dataset_alias_example_alias_consumer_with_no_taskflow' retrieved from /home/airflow/.local/lib/python3.12/site-packages/airflow/example_dags/example_dataset_alias_with_no_taskflow.py
[2025-08-17T14:53:01.820+0000] {logging_mixin.py:190} INFO - [2025-08-17T14:53:01.819+0000] {dag.py:3211} INFO - Sync 4 DAGs
[2025-08-17T14:53:01.837+0000] {logging_mixin.py:190} INFO - [2025-08-17T14:53:01.837+0000] {dag.py:4138} INFO - Setting next_dagrun for dataset_alias_example_alias_consumer_with_no_taskflow to None, run_after=None
[2025-08-17T14:53:01.840+0000] {logging_mixin.py:190} INFO - [2025-08-17T14:53:01.839+0000] {dag.py:4138} INFO - Setting next_dagrun for dataset_alias_example_alias_producer_with_no_taskflow to None, run_after=None
[2025-08-17T14:53:01.841+0000] {logging_mixin.py:190} INFO - [2025-08-17T14:53:01.841+0000] {dag.py:4138} INFO - Setting next_dagrun for dataset_s3_bucket_consumer_with_no_taskflow to None, run_after=None
[2025-08-17T14:53:01.842+0000] {logging_mixin.py:190} INFO - [2025-08-17T14:53:01.842+0000] {dag.py:4138} INFO - Setting next_dagrun for dataset_s3_bucket_producer_with_no_taskflow to None, run_after=None
[2025-08-17T14:53:01.863+0000] {processor.py:208} INFO - Processing /home/airflow/.local/lib/python3.12/site-packages/airflow/example_dags/example_dataset_alias_with_no_taskflow.py took 0.194 seconds
[2025-08-17T14:53:32.515+0000] {processor.py:186} INFO - Started process (PID=604) to work on /home/airflow/.local/lib/python3.12/site-packages/airflow/example_dags/example_dataset_alias_with_no_taskflow.py
[2025-08-17T14:53:32.517+0000] {processor.py:914} INFO - Processing file /home/airflow/.local/lib/python3.12/site-packages/airflow/example_dags/example_dataset_alias_with_no_taskflow.py for tasks to queue
[2025-08-17T14:53:32.521+0000] {logging_mixin.py:190} INFO - [2025-08-17T14:53:32.520+0000] {dagbag.py:587} INFO - Filling up the DagBag from /home/airflow/.local/lib/python3.12/site-packages/airflow/example_dags/example_dataset_alias_with_no_taskflow.py
[2025-08-17T14:53:32.691+0000] {processor.py:925} INFO - DAG(s) 'dataset_s3_bucket_producer_with_no_taskflow', 'dataset_alias_example_alias_producer_with_no_taskflow', 'dataset_alias_example_alias_consumer_with_no_taskflow', 'dataset_s3_bucket_consumer_with_no_taskflow' retrieved from /home/airflow/.local/lib/python3.12/site-packages/airflow/example_dags/example_dataset_alias_with_no_taskflow.py
[2025-08-17T14:53:32.718+0000] {logging_mixin.py:190} INFO - [2025-08-17T14:53:32.717+0000] {dag.py:3211} INFO - Sync 4 DAGs
[2025-08-17T14:53:32.744+0000] {logging_mixin.py:190} INFO - [2025-08-17T14:53:32.743+0000] {dag.py:4138} INFO - Setting next_dagrun for dataset_alias_example_alias_consumer_with_no_taskflow to None, run_after=None
[2025-08-17T14:53:32.748+0000] {logging_mixin.py:190} INFO - [2025-08-17T14:53:32.748+0000] {dag.py:4138} INFO - Setting next_dagrun for dataset_alias_example_alias_producer_with_no_taskflow to None, run_after=None
[2025-08-17T14:53:32.751+0000] {logging_mixin.py:190} INFO - [2025-08-17T14:53:32.751+0000] {dag.py:4138} INFO - Setting next_dagrun for dataset_s3_bucket_consumer_with_no_taskflow to None, run_after=None
[2025-08-17T14:53:32.754+0000] {logging_mixin.py:190} INFO - [2025-08-17T14:53:32.754+0000] {dag.py:4138} INFO - Setting next_dagrun for dataset_s3_bucket_producer_with_no_taskflow to None, run_after=None
[2025-08-17T14:53:32.785+0000] {processor.py:208} INFO - Processing /home/airflow/.local/lib/python3.12/site-packages/airflow/example_dags/example_dataset_alias_with_no_taskflow.py took 0.275 seconds
[2025-08-17T14:54:03.232+0000] {processor.py:186} INFO - Started process (PID=666) to work on /home/airflow/.local/lib/python3.12/site-packages/airflow/example_dags/example_dataset_alias_with_no_taskflow.py
[2025-08-17T14:54:03.236+0000] {processor.py:914} INFO - Processing file /home/airflow/.local/lib/python3.12/site-packages/airflow/example_dags/example_dataset_alias_with_no_taskflow.py for tasks to queue
[2025-08-17T14:54:03.241+0000] {logging_mixin.py:190} INFO - [2025-08-17T14:54:03.241+0000] {dagbag.py:587} INFO - Filling up the DagBag from /home/airflow/.local/lib/python3.12/site-packages/airflow/example_dags/example_dataset_alias_with_no_taskflow.py
[2025-08-17T14:54:03.394+0000] {processor.py:925} INFO - DAG(s) 'dataset_s3_bucket_producer_with_no_taskflow', 'dataset_alias_example_alias_consumer_with_no_taskflow', 'dataset_alias_example_alias_producer_with_no_taskflow', 'dataset_s3_bucket_consumer_with_no_taskflow' retrieved from /home/airflow/.local/lib/python3.12/site-packages/airflow/example_dags/example_dataset_alias_with_no_taskflow.py
[2025-08-17T14:54:03.422+0000] {logging_mixin.py:190} INFO - [2025-08-17T14:54:03.421+0000] {dag.py:3211} INFO - Sync 4 DAGs
[2025-08-17T14:54:03.443+0000] {logging_mixin.py:190} INFO - [2025-08-17T14:54:03.443+0000] {dag.py:4138} INFO - Setting next_dagrun for dataset_alias_example_alias_consumer_with_no_taskflow to None, run_after=None
[2025-08-17T14:54:03.449+0000] {logging_mixin.py:190} INFO - [2025-08-17T14:54:03.449+0000] {dag.py:4138} INFO - Setting next_dagrun for dataset_alias_example_alias_producer_with_no_taskflow to None, run_after=None
[2025-08-17T14:54:03.452+0000] {logging_mixin.py:190} INFO - [2025-08-17T14:54:03.452+0000] {dag.py:4138} INFO - Setting next_dagrun for dataset_s3_bucket_consumer_with_no_taskflow to None, run_after=None
[2025-08-17T14:54:03.455+0000] {logging_mixin.py:190} INFO - [2025-08-17T14:54:03.455+0000] {dag.py:4138} INFO - Setting next_dagrun for dataset_s3_bucket_producer_with_no_taskflow to None, run_after=None
[2025-08-17T14:54:03.517+0000] {processor.py:208} INFO - Processing /home/airflow/.local/lib/python3.12/site-packages/airflow/example_dags/example_dataset_alias_with_no_taskflow.py took 0.290 seconds
[2025-08-17T14:54:34.151+0000] {processor.py:186} INFO - Started process (PID=728) to work on /home/airflow/.local/lib/python3.12/site-packages/airflow/example_dags/example_dataset_alias_with_no_taskflow.py
[2025-08-17T14:54:34.152+0000] {processor.py:914} INFO - Processing file /home/airflow/.local/lib/python3.12/site-packages/airflow/example_dags/example_dataset_alias_with_no_taskflow.py for tasks to queue
[2025-08-17T14:54:34.155+0000] {logging_mixin.py:190} INFO - [2025-08-17T14:54:34.154+0000] {dagbag.py:587} INFO - Filling up the DagBag from /home/airflow/.local/lib/python3.12/site-packages/airflow/example_dags/example_dataset_alias_with_no_taskflow.py
[2025-08-17T14:54:34.269+0000] {processor.py:925} INFO - DAG(s) 'dataset_alias_example_alias_producer_with_no_taskflow', 'dataset_alias_example_alias_consumer_with_no_taskflow', 'dataset_s3_bucket_consumer_with_no_taskflow', 'dataset_s3_bucket_producer_with_no_taskflow' retrieved from /home/airflow/.local/lib/python3.12/site-packages/airflow/example_dags/example_dataset_alias_with_no_taskflow.py
[2025-08-17T14:54:34.286+0000] {logging_mixin.py:190} INFO - [2025-08-17T14:54:34.286+0000] {dag.py:3211} INFO - Sync 4 DAGs
[2025-08-17T14:54:34.302+0000] {logging_mixin.py:190} INFO - [2025-08-17T14:54:34.302+0000] {dag.py:4138} INFO - Setting next_dagrun for dataset_alias_example_alias_consumer_with_no_taskflow to None, run_after=None
[2025-08-17T14:54:34.304+0000] {logging_mixin.py:190} INFO - [2025-08-17T14:54:34.304+0000] {dag.py:4138} INFO - Setting next_dagrun for dataset_alias_example_alias_producer_with_no_taskflow to None, run_after=None
[2025-08-17T14:54:34.306+0000] {logging_mixin.py:190} INFO - [2025-08-17T14:54:34.306+0000] {dag.py:4138} INFO - Setting next_dagrun for dataset_s3_bucket_consumer_with_no_taskflow to None, run_after=None
[2025-08-17T14:54:34.307+0000] {logging_mixin.py:190} INFO - [2025-08-17T14:54:34.307+0000] {dag.py:4138} INFO - Setting next_dagrun for dataset_s3_bucket_producer_with_no_taskflow to None, run_after=None
[2025-08-17T14:54:34.325+0000] {processor.py:208} INFO - Processing /home/airflow/.local/lib/python3.12/site-packages/airflow/example_dags/example_dataset_alias_with_no_taskflow.py took 0.179 seconds
