[2025-08-17T14:49:23.781+0000] {processor.py:186} INFO - Started process (PID=83) to work on /home/airflow/.local/lib/python3.12/site-packages/airflow/example_dags/example_xcomargs.py
[2025-08-17T14:49:23.782+0000] {processor.py:914} INFO - Processing file /home/airflow/.local/lib/python3.12/site-packages/airflow/example_dags/example_xcomargs.py for tasks to queue
[2025-08-17T14:49:23.785+0000] {logging_mixin.py:190} INFO - [2025-08-17T14:49:23.785+0000] {dagbag.py:587} INFO - Filling up the DagBag from /home/airflow/.local/lib/python3.12/site-packages/airflow/example_dags/example_xcomargs.py
[2025-08-17T14:49:23.799+0000] {processor.py:925} INFO - DAG(s) 'example_xcom_args_with_operators', 'example_xcom_args' retrieved from /home/airflow/.local/lib/python3.12/site-packages/airflow/example_dags/example_xcomargs.py
[2025-08-17T14:49:23.920+0000] {logging_mixin.py:190} INFO - [2025-08-17T14:49:23.920+0000] {override.py:1858} INFO - Created Permission View: can read on DAG:example_xcom_args_with_operators
[2025-08-17T14:49:23.932+0000] {logging_mixin.py:190} INFO - [2025-08-17T14:49:23.931+0000] {override.py:1858} INFO - Created Permission View: can delete on DAG:example_xcom_args_with_operators
[2025-08-17T14:49:23.940+0000] {logging_mixin.py:190} INFO - [2025-08-17T14:49:23.940+0000] {override.py:1858} INFO - Created Permission View: can edit on DAG:example_xcom_args_with_operators
[2025-08-17T14:49:23.954+0000] {logging_mixin.py:190} INFO - [2025-08-17T14:49:23.954+0000] {override.py:1858} INFO - Created Permission View: can read on DAG:example_xcom_args
[2025-08-17T14:49:23.962+0000] {logging_mixin.py:190} INFO - [2025-08-17T14:49:23.962+0000] {override.py:1858} INFO - Created Permission View: can delete on DAG:example_xcom_args
[2025-08-17T14:49:23.971+0000] {logging_mixin.py:190} INFO - [2025-08-17T14:49:23.971+0000] {override.py:1858} INFO - Created Permission View: can edit on DAG:example_xcom_args
[2025-08-17T14:49:23.972+0000] {logging_mixin.py:190} INFO - [2025-08-17T14:49:23.972+0000] {dag.py:3211} INFO - Sync 2 DAGs
[2025-08-17T14:49:23.986+0000] {logging_mixin.py:190} INFO - [2025-08-17T14:49:23.986+0000] {dag.py:3234} INFO - Creating ORM DAG for example_xcom_args_with_operators
[2025-08-17T14:49:23.987+0000] {logging_mixin.py:190} INFO - [2025-08-17T14:49:23.987+0000] {dag.py:3234} INFO - Creating ORM DAG for example_xcom_args
[2025-08-17T14:49:23.989+0000] {logging_mixin.py:190} INFO - [2025-08-17T14:49:23.988+0000] {dag.py:4138} INFO - Setting next_dagrun for example_xcom_args to None, run_after=None
[2025-08-17T14:49:23.990+0000] {logging_mixin.py:190} INFO - [2025-08-17T14:49:23.990+0000] {dag.py:4138} INFO - Setting next_dagrun for example_xcom_args_with_operators to None, run_after=None
[2025-08-17T14:49:24.011+0000] {processor.py:208} INFO - Processing /home/airflow/.local/lib/python3.12/site-packages/airflow/example_dags/example_xcomargs.py took 0.237 seconds
[2025-08-17T14:49:54.556+0000] {processor.py:186} INFO - Started process (PID=145) to work on /home/airflow/.local/lib/python3.12/site-packages/airflow/example_dags/example_xcomargs.py
[2025-08-17T14:49:54.558+0000] {processor.py:914} INFO - Processing file /home/airflow/.local/lib/python3.12/site-packages/airflow/example_dags/example_xcomargs.py for tasks to queue
[2025-08-17T14:49:54.560+0000] {logging_mixin.py:190} INFO - [2025-08-17T14:49:54.560+0000] {dagbag.py:587} INFO - Filling up the DagBag from /home/airflow/.local/lib/python3.12/site-packages/airflow/example_dags/example_xcomargs.py
[2025-08-17T14:49:54.568+0000] {processor.py:925} INFO - DAG(s) 'example_xcom_args', 'example_xcom_args_with_operators' retrieved from /home/airflow/.local/lib/python3.12/site-packages/airflow/example_dags/example_xcomargs.py
[2025-08-17T14:49:54.587+0000] {logging_mixin.py:190} INFO - [2025-08-17T14:49:54.587+0000] {dag.py:3211} INFO - Sync 2 DAGs
[2025-08-17T14:49:54.598+0000] {logging_mixin.py:190} INFO - [2025-08-17T14:49:54.598+0000] {dag.py:4138} INFO - Setting next_dagrun for example_xcom_args to None, run_after=None
[2025-08-17T14:49:54.601+0000] {logging_mixin.py:190} INFO - [2025-08-17T14:49:54.601+0000] {dag.py:4138} INFO - Setting next_dagrun for example_xcom_args_with_operators to None, run_after=None
[2025-08-17T14:49:54.615+0000] {processor.py:208} INFO - Processing /home/airflow/.local/lib/python3.12/site-packages/airflow/example_dags/example_xcomargs.py took 0.064 seconds
[2025-08-17T14:50:25.272+0000] {processor.py:186} INFO - Started process (PID=207) to work on /home/airflow/.local/lib/python3.12/site-packages/airflow/example_dags/example_xcomargs.py
[2025-08-17T14:50:25.274+0000] {processor.py:914} INFO - Processing file /home/airflow/.local/lib/python3.12/site-packages/airflow/example_dags/example_xcomargs.py for tasks to queue
[2025-08-17T14:50:25.276+0000] {logging_mixin.py:190} INFO - [2025-08-17T14:50:25.276+0000] {dagbag.py:587} INFO - Filling up the DagBag from /home/airflow/.local/lib/python3.12/site-packages/airflow/example_dags/example_xcomargs.py
[2025-08-17T14:50:25.284+0000] {processor.py:925} INFO - DAG(s) 'example_xcom_args_with_operators', 'example_xcom_args' retrieved from /home/airflow/.local/lib/python3.12/site-packages/airflow/example_dags/example_xcomargs.py
[2025-08-17T14:50:25.304+0000] {logging_mixin.py:190} INFO - [2025-08-17T14:50:25.304+0000] {dag.py:3211} INFO - Sync 2 DAGs
[2025-08-17T14:50:25.314+0000] {logging_mixin.py:190} INFO - [2025-08-17T14:50:25.314+0000] {dag.py:4138} INFO - Setting next_dagrun for example_xcom_args to None, run_after=None
[2025-08-17T14:50:25.317+0000] {logging_mixin.py:190} INFO - [2025-08-17T14:50:25.317+0000] {dag.py:4138} INFO - Setting next_dagrun for example_xcom_args_with_operators to None, run_after=None
[2025-08-17T14:50:25.333+0000] {processor.py:208} INFO - Processing /home/airflow/.local/lib/python3.12/site-packages/airflow/example_dags/example_xcomargs.py took 0.066 seconds
[2025-08-17T14:50:55.846+0000] {processor.py:186} INFO - Started process (PID=269) to work on /home/airflow/.local/lib/python3.12/site-packages/airflow/example_dags/example_xcomargs.py
[2025-08-17T14:50:55.847+0000] {processor.py:914} INFO - Processing file /home/airflow/.local/lib/python3.12/site-packages/airflow/example_dags/example_xcomargs.py for tasks to queue
[2025-08-17T14:50:55.849+0000] {logging_mixin.py:190} INFO - [2025-08-17T14:50:55.849+0000] {dagbag.py:587} INFO - Filling up the DagBag from /home/airflow/.local/lib/python3.12/site-packages/airflow/example_dags/example_xcomargs.py
[2025-08-17T14:50:55.857+0000] {processor.py:925} INFO - DAG(s) 'example_xcom_args', 'example_xcom_args_with_operators' retrieved from /home/airflow/.local/lib/python3.12/site-packages/airflow/example_dags/example_xcomargs.py
[2025-08-17T14:50:55.875+0000] {logging_mixin.py:190} INFO - [2025-08-17T14:50:55.875+0000] {dag.py:3211} INFO - Sync 2 DAGs
[2025-08-17T14:50:55.884+0000] {logging_mixin.py:190} INFO - [2025-08-17T14:50:55.884+0000] {dag.py:4138} INFO - Setting next_dagrun for example_xcom_args to None, run_after=None
[2025-08-17T14:50:55.887+0000] {logging_mixin.py:190} INFO - [2025-08-17T14:50:55.887+0000] {dag.py:4138} INFO - Setting next_dagrun for example_xcom_args_with_operators to None, run_after=None
[2025-08-17T14:50:55.900+0000] {processor.py:208} INFO - Processing /home/airflow/.local/lib/python3.12/site-packages/airflow/example_dags/example_xcomargs.py took 0.058 seconds
[2025-08-17T14:51:26.492+0000] {processor.py:186} INFO - Started process (PID=331) to work on /home/airflow/.local/lib/python3.12/site-packages/airflow/example_dags/example_xcomargs.py
[2025-08-17T14:51:26.493+0000] {processor.py:914} INFO - Processing file /home/airflow/.local/lib/python3.12/site-packages/airflow/example_dags/example_xcomargs.py for tasks to queue
[2025-08-17T14:51:26.495+0000] {logging_mixin.py:190} INFO - [2025-08-17T14:51:26.495+0000] {dagbag.py:587} INFO - Filling up the DagBag from /home/airflow/.local/lib/python3.12/site-packages/airflow/example_dags/example_xcomargs.py
[2025-08-17T14:51:26.503+0000] {processor.py:925} INFO - DAG(s) 'example_xcom_args', 'example_xcom_args_with_operators' retrieved from /home/airflow/.local/lib/python3.12/site-packages/airflow/example_dags/example_xcomargs.py
[2025-08-17T14:51:26.524+0000] {logging_mixin.py:190} INFO - [2025-08-17T14:51:26.524+0000] {dag.py:3211} INFO - Sync 2 DAGs
[2025-08-17T14:51:26.534+0000] {logging_mixin.py:190} INFO - [2025-08-17T14:51:26.534+0000] {dag.py:4138} INFO - Setting next_dagrun for example_xcom_args to None, run_after=None
[2025-08-17T14:51:26.537+0000] {logging_mixin.py:190} INFO - [2025-08-17T14:51:26.537+0000] {dag.py:4138} INFO - Setting next_dagrun for example_xcom_args_with_operators to None, run_after=None
[2025-08-17T14:51:26.551+0000] {processor.py:208} INFO - Processing /home/airflow/.local/lib/python3.12/site-packages/airflow/example_dags/example_xcomargs.py took 0.064 seconds
[2025-08-17T14:51:57.472+0000] {processor.py:186} INFO - Started process (PID=393) to work on /home/airflow/.local/lib/python3.12/site-packages/airflow/example_dags/example_xcomargs.py
[2025-08-17T14:51:57.474+0000] {processor.py:914} INFO - Processing file /home/airflow/.local/lib/python3.12/site-packages/airflow/example_dags/example_xcomargs.py for tasks to queue
[2025-08-17T14:51:57.476+0000] {logging_mixin.py:190} INFO - [2025-08-17T14:51:57.476+0000] {dagbag.py:587} INFO - Filling up the DagBag from /home/airflow/.local/lib/python3.12/site-packages/airflow/example_dags/example_xcomargs.py
[2025-08-17T14:51:57.485+0000] {processor.py:925} INFO - DAG(s) 'example_xcom_args', 'example_xcom_args_with_operators' retrieved from /home/airflow/.local/lib/python3.12/site-packages/airflow/example_dags/example_xcomargs.py
[2025-08-17T14:51:57.508+0000] {logging_mixin.py:190} INFO - [2025-08-17T14:51:57.507+0000] {dag.py:3211} INFO - Sync 2 DAGs
[2025-08-17T14:51:57.519+0000] {logging_mixin.py:190} INFO - [2025-08-17T14:51:57.519+0000] {dag.py:4138} INFO - Setting next_dagrun for example_xcom_args to None, run_after=None
[2025-08-17T14:51:57.522+0000] {logging_mixin.py:190} INFO - [2025-08-17T14:51:57.522+0000] {dag.py:4138} INFO - Setting next_dagrun for example_xcom_args_with_operators to None, run_after=None
[2025-08-17T14:51:57.538+0000] {processor.py:208} INFO - Processing /home/airflow/.local/lib/python3.12/site-packages/airflow/example_dags/example_xcomargs.py took 0.070 seconds
[2025-08-17T14:52:28.343+0000] {processor.py:186} INFO - Started process (PID=455) to work on /home/airflow/.local/lib/python3.12/site-packages/airflow/example_dags/example_xcomargs.py
[2025-08-17T14:52:28.344+0000] {processor.py:914} INFO - Processing file /home/airflow/.local/lib/python3.12/site-packages/airflow/example_dags/example_xcomargs.py for tasks to queue
[2025-08-17T14:52:28.346+0000] {logging_mixin.py:190} INFO - [2025-08-17T14:52:28.346+0000] {dagbag.py:587} INFO - Filling up the DagBag from /home/airflow/.local/lib/python3.12/site-packages/airflow/example_dags/example_xcomargs.py
[2025-08-17T14:52:28.354+0000] {processor.py:925} INFO - DAG(s) 'example_xcom_args_with_operators', 'example_xcom_args' retrieved from /home/airflow/.local/lib/python3.12/site-packages/airflow/example_dags/example_xcomargs.py
[2025-08-17T14:52:28.373+0000] {logging_mixin.py:190} INFO - [2025-08-17T14:52:28.372+0000] {dag.py:3211} INFO - Sync 2 DAGs
[2025-08-17T14:52:28.382+0000] {logging_mixin.py:190} INFO - [2025-08-17T14:52:28.382+0000] {dag.py:4138} INFO - Setting next_dagrun for example_xcom_args to None, run_after=None
[2025-08-17T14:52:28.385+0000] {logging_mixin.py:190} INFO - [2025-08-17T14:52:28.385+0000] {dag.py:4138} INFO - Setting next_dagrun for example_xcom_args_with_operators to None, run_after=None
[2025-08-17T14:52:28.399+0000] {processor.py:208} INFO - Processing /home/airflow/.local/lib/python3.12/site-packages/airflow/example_dags/example_xcomargs.py took 0.061 seconds
[2025-08-17T14:52:58.733+0000] {processor.py:186} INFO - Started process (PID=517) to work on /home/airflow/.local/lib/python3.12/site-packages/airflow/example_dags/example_xcomargs.py
[2025-08-17T14:52:58.735+0000] {processor.py:914} INFO - Processing file /home/airflow/.local/lib/python3.12/site-packages/airflow/example_dags/example_xcomargs.py for tasks to queue
[2025-08-17T14:52:58.737+0000] {logging_mixin.py:190} INFO - [2025-08-17T14:52:58.737+0000] {dagbag.py:587} INFO - Filling up the DagBag from /home/airflow/.local/lib/python3.12/site-packages/airflow/example_dags/example_xcomargs.py
[2025-08-17T14:52:58.745+0000] {processor.py:925} INFO - DAG(s) 'example_xcom_args_with_operators', 'example_xcom_args' retrieved from /home/airflow/.local/lib/python3.12/site-packages/airflow/example_dags/example_xcomargs.py
[2025-08-17T14:52:58.764+0000] {logging_mixin.py:190} INFO - [2025-08-17T14:52:58.764+0000] {dag.py:3211} INFO - Sync 2 DAGs
[2025-08-17T14:52:58.773+0000] {logging_mixin.py:190} INFO - [2025-08-17T14:52:58.773+0000] {dag.py:4138} INFO - Setting next_dagrun for example_xcom_args to None, run_after=None
[2025-08-17T14:52:58.777+0000] {logging_mixin.py:190} INFO - [2025-08-17T14:52:58.776+0000] {dag.py:4138} INFO - Setting next_dagrun for example_xcom_args_with_operators to None, run_after=None
[2025-08-17T14:52:58.790+0000] {processor.py:208} INFO - Processing /home/airflow/.local/lib/python3.12/site-packages/airflow/example_dags/example_xcomargs.py took 0.061 seconds
[2025-08-17T14:53:29.165+0000] {processor.py:186} INFO - Started process (PID=579) to work on /home/airflow/.local/lib/python3.12/site-packages/airflow/example_dags/example_xcomargs.py
[2025-08-17T14:53:29.167+0000] {processor.py:914} INFO - Processing file /home/airflow/.local/lib/python3.12/site-packages/airflow/example_dags/example_xcomargs.py for tasks to queue
[2025-08-17T14:53:29.172+0000] {logging_mixin.py:190} INFO - [2025-08-17T14:53:29.171+0000] {dagbag.py:587} INFO - Filling up the DagBag from /home/airflow/.local/lib/python3.12/site-packages/airflow/example_dags/example_xcomargs.py
[2025-08-17T14:53:29.183+0000] {processor.py:925} INFO - DAG(s) 'example_xcom_args_with_operators', 'example_xcom_args' retrieved from /home/airflow/.local/lib/python3.12/site-packages/airflow/example_dags/example_xcomargs.py
[2025-08-17T14:53:29.207+0000] {logging_mixin.py:190} INFO - [2025-08-17T14:53:29.206+0000] {dag.py:3211} INFO - Sync 2 DAGs
[2025-08-17T14:53:29.220+0000] {logging_mixin.py:190} INFO - [2025-08-17T14:53:29.219+0000] {dag.py:4138} INFO - Setting next_dagrun for example_xcom_args to None, run_after=None
[2025-08-17T14:53:29.224+0000] {logging_mixin.py:190} INFO - [2025-08-17T14:53:29.223+0000] {dag.py:4138} INFO - Setting next_dagrun for example_xcom_args_with_operators to None, run_after=None
[2025-08-17T14:53:29.240+0000] {processor.py:208} INFO - Processing /home/airflow/.local/lib/python3.12/site-packages/airflow/example_dags/example_xcomargs.py took 0.081 seconds
[2025-08-17T14:53:59.650+0000] {processor.py:186} INFO - Started process (PID=641) to work on /home/airflow/.local/lib/python3.12/site-packages/airflow/example_dags/example_xcomargs.py
[2025-08-17T14:53:59.651+0000] {processor.py:914} INFO - Processing file /home/airflow/.local/lib/python3.12/site-packages/airflow/example_dags/example_xcomargs.py for tasks to queue
[2025-08-17T14:53:59.655+0000] {logging_mixin.py:190} INFO - [2025-08-17T14:53:59.655+0000] {dagbag.py:587} INFO - Filling up the DagBag from /home/airflow/.local/lib/python3.12/site-packages/airflow/example_dags/example_xcomargs.py
[2025-08-17T14:53:59.666+0000] {processor.py:925} INFO - DAG(s) 'example_xcom_args', 'example_xcom_args_with_operators' retrieved from /home/airflow/.local/lib/python3.12/site-packages/airflow/example_dags/example_xcomargs.py
[2025-08-17T14:53:59.691+0000] {logging_mixin.py:190} INFO - [2025-08-17T14:53:59.691+0000] {dag.py:3211} INFO - Sync 2 DAGs
[2025-08-17T14:53:59.706+0000] {logging_mixin.py:190} INFO - [2025-08-17T14:53:59.706+0000] {dag.py:4138} INFO - Setting next_dagrun for example_xcom_args to None, run_after=None
[2025-08-17T14:53:59.711+0000] {logging_mixin.py:190} INFO - [2025-08-17T14:53:59.711+0000] {dag.py:4138} INFO - Setting next_dagrun for example_xcom_args_with_operators to None, run_after=None
[2025-08-17T14:53:59.729+0000] {processor.py:208} INFO - Processing /home/airflow/.local/lib/python3.12/site-packages/airflow/example_dags/example_xcomargs.py took 0.086 seconds
[2025-08-17T14:54:29.805+0000] {processor.py:186} INFO - Started process (PID=703) to work on /home/airflow/.local/lib/python3.12/site-packages/airflow/example_dags/example_xcomargs.py
[2025-08-17T14:54:29.807+0000] {processor.py:914} INFO - Processing file /home/airflow/.local/lib/python3.12/site-packages/airflow/example_dags/example_xcomargs.py for tasks to queue
[2025-08-17T14:54:29.809+0000] {logging_mixin.py:190} INFO - [2025-08-17T14:54:29.809+0000] {dagbag.py:587} INFO - Filling up the DagBag from /home/airflow/.local/lib/python3.12/site-packages/airflow/example_dags/example_xcomargs.py
[2025-08-17T14:54:29.818+0000] {processor.py:925} INFO - DAG(s) 'example_xcom_args_with_operators', 'example_xcom_args' retrieved from /home/airflow/.local/lib/python3.12/site-packages/airflow/example_dags/example_xcomargs.py
[2025-08-17T14:54:29.842+0000] {logging_mixin.py:190} INFO - [2025-08-17T14:54:29.842+0000] {dag.py:3211} INFO - Sync 2 DAGs
[2025-08-17T14:54:29.854+0000] {logging_mixin.py:190} INFO - [2025-08-17T14:54:29.853+0000] {dag.py:4138} INFO - Setting next_dagrun for example_xcom_args to None, run_after=None
[2025-08-17T14:54:29.857+0000] {logging_mixin.py:190} INFO - [2025-08-17T14:54:29.857+0000] {dag.py:4138} INFO - Setting next_dagrun for example_xcom_args_with_operators to None, run_after=None
[2025-08-17T14:54:29.872+0000] {processor.py:208} INFO - Processing /home/airflow/.local/lib/python3.12/site-packages/airflow/example_dags/example_xcomargs.py took 0.072 seconds
