[2025-08-17T14:49:23.505+0000] {processor.py:186} INFO - Started process (PID=81) to work on /home/airflow/.local/lib/python3.12/site-packages/airflow/example_dags/example_branch_operator_decorator.py
[2025-08-17T14:49:23.506+0000] {processor.py:914} INFO - Processing file /home/airflow/.local/lib/python3.12/site-packages/airflow/example_dags/example_branch_operator_decorator.py for tasks to queue
[2025-08-17T14:49:23.510+0000] {logging_mixin.py:190} INFO - [2025-08-17T14:49:23.510+0000] {dagbag.py:587} INFO - Filling up the DagBag from /home/airflow/.local/lib/python3.12/site-packages/airflow/example_dags/example_branch_operator_decorator.py
[2025-08-17T14:49:23.540+0000] {processor.py:925} INFO - DAG(s) 'example_branch_python_operator_decorator' retrieved from /home/airflow/.local/lib/python3.12/site-packages/airflow/example_dags/example_branch_operator_decorator.py
[2025-08-17T14:49:23.680+0000] {logging_mixin.py:190} INFO - [2025-08-17T14:49:23.679+0000] {override.py:1858} INFO - Created Permission View: can read on DAG:example_branch_python_operator_decorator
[2025-08-17T14:49:23.693+0000] {logging_mixin.py:190} INFO - [2025-08-17T14:49:23.693+0000] {override.py:1858} INFO - Created Permission View: can delete on DAG:example_branch_python_operator_decorator
[2025-08-17T14:49:23.703+0000] {logging_mixin.py:190} INFO - [2025-08-17T14:49:23.702+0000] {override.py:1858} INFO - Created Permission View: can edit on DAG:example_branch_python_operator_decorator
[2025-08-17T14:49:23.704+0000] {logging_mixin.py:190} INFO - [2025-08-17T14:49:23.704+0000] {dag.py:3211} INFO - Sync 1 DAGs
[2025-08-17T14:49:23.718+0000] {logging_mixin.py:190} INFO - [2025-08-17T14:49:23.718+0000] {dag.py:3234} INFO - Creating ORM DAG for example_branch_python_operator_decorator
[2025-08-17T14:49:23.730+0000] {logging_mixin.py:190} INFO - [2025-08-17T14:49:23.730+0000] {dag.py:4138} INFO - Setting next_dagrun for example_branch_python_operator_decorator to 2025-08-16 00:00:00+00:00, run_after=2025-08-17 00:00:00+00:00
[2025-08-17T14:49:23.754+0000] {processor.py:208} INFO - Processing /home/airflow/.local/lib/python3.12/site-packages/airflow/example_dags/example_branch_operator_decorator.py took 0.258 seconds
[2025-08-17T14:49:54.423+0000] {processor.py:186} INFO - Started process (PID=143) to work on /home/airflow/.local/lib/python3.12/site-packages/airflow/example_dags/example_branch_operator_decorator.py
[2025-08-17T14:49:54.424+0000] {processor.py:914} INFO - Processing file /home/airflow/.local/lib/python3.12/site-packages/airflow/example_dags/example_branch_operator_decorator.py for tasks to queue
[2025-08-17T14:49:54.427+0000] {logging_mixin.py:190} INFO - [2025-08-17T14:49:54.427+0000] {dagbag.py:587} INFO - Filling up the DagBag from /home/airflow/.local/lib/python3.12/site-packages/airflow/example_dags/example_branch_operator_decorator.py
[2025-08-17T14:49:54.446+0000] {processor.py:925} INFO - DAG(s) 'example_branch_python_operator_decorator' retrieved from /home/airflow/.local/lib/python3.12/site-packages/airflow/example_dags/example_branch_operator_decorator.py
[2025-08-17T14:49:54.472+0000] {logging_mixin.py:190} INFO - [2025-08-17T14:49:54.472+0000] {dag.py:3211} INFO - Sync 1 DAGs
[2025-08-17T14:49:54.493+0000] {logging_mixin.py:190} INFO - [2025-08-17T14:49:54.493+0000] {dag.py:4138} INFO - Setting next_dagrun for example_branch_python_operator_decorator to 2025-08-16 00:00:00+00:00, run_after=2025-08-17 00:00:00+00:00
[2025-08-17T14:49:54.514+0000] {processor.py:208} INFO - Processing /home/airflow/.local/lib/python3.12/site-packages/airflow/example_dags/example_branch_operator_decorator.py took 0.095 seconds
[2025-08-17T14:50:25.015+0000] {processor.py:186} INFO - Started process (PID=205) to work on /home/airflow/.local/lib/python3.12/site-packages/airflow/example_dags/example_branch_operator_decorator.py
[2025-08-17T14:50:25.016+0000] {processor.py:914} INFO - Processing file /home/airflow/.local/lib/python3.12/site-packages/airflow/example_dags/example_branch_operator_decorator.py for tasks to queue
[2025-08-17T14:50:25.018+0000] {logging_mixin.py:190} INFO - [2025-08-17T14:50:25.018+0000] {dagbag.py:587} INFO - Filling up the DagBag from /home/airflow/.local/lib/python3.12/site-packages/airflow/example_dags/example_branch_operator_decorator.py
[2025-08-17T14:50:25.034+0000] {processor.py:925} INFO - DAG(s) 'example_branch_python_operator_decorator' retrieved from /home/airflow/.local/lib/python3.12/site-packages/airflow/example_dags/example_branch_operator_decorator.py
[2025-08-17T14:50:25.059+0000] {logging_mixin.py:190} INFO - [2025-08-17T14:50:25.059+0000] {dag.py:3211} INFO - Sync 1 DAGs
[2025-08-17T14:50:25.078+0000] {logging_mixin.py:190} INFO - [2025-08-17T14:50:25.078+0000] {dag.py:4138} INFO - Setting next_dagrun for example_branch_python_operator_decorator to 2025-08-16 00:00:00+00:00, run_after=2025-08-17 00:00:00+00:00
[2025-08-17T14:50:25.096+0000] {processor.py:208} INFO - Processing /home/airflow/.local/lib/python3.12/site-packages/airflow/example_dags/example_branch_operator_decorator.py took 0.086 seconds
[2025-08-17T14:50:55.579+0000] {processor.py:186} INFO - Started process (PID=267) to work on /home/airflow/.local/lib/python3.12/site-packages/airflow/example_dags/example_branch_operator_decorator.py
[2025-08-17T14:50:55.581+0000] {processor.py:914} INFO - Processing file /home/airflow/.local/lib/python3.12/site-packages/airflow/example_dags/example_branch_operator_decorator.py for tasks to queue
[2025-08-17T14:50:55.583+0000] {logging_mixin.py:190} INFO - [2025-08-17T14:50:55.583+0000] {dagbag.py:587} INFO - Filling up the DagBag from /home/airflow/.local/lib/python3.12/site-packages/airflow/example_dags/example_branch_operator_decorator.py
[2025-08-17T14:50:55.601+0000] {processor.py:925} INFO - DAG(s) 'example_branch_python_operator_decorator' retrieved from /home/airflow/.local/lib/python3.12/site-packages/airflow/example_dags/example_branch_operator_decorator.py
[2025-08-17T14:50:55.623+0000] {logging_mixin.py:190} INFO - [2025-08-17T14:50:55.623+0000] {dag.py:3211} INFO - Sync 1 DAGs
[2025-08-17T14:50:55.641+0000] {logging_mixin.py:190} INFO - [2025-08-17T14:50:55.641+0000] {dag.py:4138} INFO - Setting next_dagrun for example_branch_python_operator_decorator to 2025-08-16 00:00:00+00:00, run_after=2025-08-17 00:00:00+00:00
[2025-08-17T14:50:55.657+0000] {processor.py:208} INFO - Processing /home/airflow/.local/lib/python3.12/site-packages/airflow/example_dags/example_branch_operator_decorator.py took 0.084 seconds
[2025-08-17T14:51:26.242+0000] {processor.py:186} INFO - Started process (PID=329) to work on /home/airflow/.local/lib/python3.12/site-packages/airflow/example_dags/example_branch_operator_decorator.py
[2025-08-17T14:51:26.244+0000] {processor.py:914} INFO - Processing file /home/airflow/.local/lib/python3.12/site-packages/airflow/example_dags/example_branch_operator_decorator.py for tasks to queue
[2025-08-17T14:51:26.247+0000] {logging_mixin.py:190} INFO - [2025-08-17T14:51:26.247+0000] {dagbag.py:587} INFO - Filling up the DagBag from /home/airflow/.local/lib/python3.12/site-packages/airflow/example_dags/example_branch_operator_decorator.py
[2025-08-17T14:51:26.267+0000] {processor.py:925} INFO - DAG(s) 'example_branch_python_operator_decorator' retrieved from /home/airflow/.local/lib/python3.12/site-packages/airflow/example_dags/example_branch_operator_decorator.py
[2025-08-17T14:51:26.292+0000] {logging_mixin.py:190} INFO - [2025-08-17T14:51:26.292+0000] {dag.py:3211} INFO - Sync 1 DAGs
[2025-08-17T14:51:26.312+0000] {logging_mixin.py:190} INFO - [2025-08-17T14:51:26.312+0000] {dag.py:4138} INFO - Setting next_dagrun for example_branch_python_operator_decorator to 2025-08-16 00:00:00+00:00, run_after=2025-08-17 00:00:00+00:00
[2025-08-17T14:51:26.325+0000] {processor.py:208} INFO - Processing /home/airflow/.local/lib/python3.12/site-packages/airflow/example_dags/example_branch_operator_decorator.py took 0.090 seconds
[2025-08-17T14:51:57.191+0000] {processor.py:186} INFO - Started process (PID=391) to work on /home/airflow/.local/lib/python3.12/site-packages/airflow/example_dags/example_branch_operator_decorator.py
[2025-08-17T14:51:57.193+0000] {processor.py:914} INFO - Processing file /home/airflow/.local/lib/python3.12/site-packages/airflow/example_dags/example_branch_operator_decorator.py for tasks to queue
[2025-08-17T14:51:57.195+0000] {logging_mixin.py:190} INFO - [2025-08-17T14:51:57.195+0000] {dagbag.py:587} INFO - Filling up the DagBag from /home/airflow/.local/lib/python3.12/site-packages/airflow/example_dags/example_branch_operator_decorator.py
[2025-08-17T14:51:57.229+0000] {processor.py:925} INFO - DAG(s) 'example_branch_python_operator_decorator' retrieved from /home/airflow/.local/lib/python3.12/site-packages/airflow/example_dags/example_branch_operator_decorator.py
[2025-08-17T14:51:57.254+0000] {logging_mixin.py:190} INFO - [2025-08-17T14:51:57.254+0000] {dag.py:3211} INFO - Sync 1 DAGs
[2025-08-17T14:51:57.276+0000] {logging_mixin.py:190} INFO - [2025-08-17T14:51:57.275+0000] {dag.py:4138} INFO - Setting next_dagrun for example_branch_python_operator_decorator to 2025-08-16 00:00:00+00:00, run_after=2025-08-17 00:00:00+00:00
[2025-08-17T14:51:57.293+0000] {processor.py:208} INFO - Processing /home/airflow/.local/lib/python3.12/site-packages/airflow/example_dags/example_branch_operator_decorator.py took 0.108 seconds
[2025-08-17T14:52:28.085+0000] {processor.py:186} INFO - Started process (PID=453) to work on /home/airflow/.local/lib/python3.12/site-packages/airflow/example_dags/example_branch_operator_decorator.py
[2025-08-17T14:52:28.086+0000] {processor.py:914} INFO - Processing file /home/airflow/.local/lib/python3.12/site-packages/airflow/example_dags/example_branch_operator_decorator.py for tasks to queue
[2025-08-17T14:52:28.089+0000] {logging_mixin.py:190} INFO - [2025-08-17T14:52:28.088+0000] {dagbag.py:587} INFO - Filling up the DagBag from /home/airflow/.local/lib/python3.12/site-packages/airflow/example_dags/example_branch_operator_decorator.py
[2025-08-17T14:52:28.106+0000] {processor.py:925} INFO - DAG(s) 'example_branch_python_operator_decorator' retrieved from /home/airflow/.local/lib/python3.12/site-packages/airflow/example_dags/example_branch_operator_decorator.py
[2025-08-17T14:52:28.130+0000] {logging_mixin.py:190} INFO - [2025-08-17T14:52:28.129+0000] {dag.py:3211} INFO - Sync 1 DAGs
[2025-08-17T14:52:28.151+0000] {logging_mixin.py:190} INFO - [2025-08-17T14:52:28.150+0000] {dag.py:4138} INFO - Setting next_dagrun for example_branch_python_operator_decorator to 2025-08-16 00:00:00+00:00, run_after=2025-08-17 00:00:00+00:00
[2025-08-17T14:52:28.167+0000] {processor.py:208} INFO - Processing /home/airflow/.local/lib/python3.12/site-packages/airflow/example_dags/example_branch_operator_decorator.py took 0.087 seconds
[2025-08-17T14:52:58.433+0000] {processor.py:186} INFO - Started process (PID=515) to work on /home/airflow/.local/lib/python3.12/site-packages/airflow/example_dags/example_branch_operator_decorator.py
[2025-08-17T14:52:58.435+0000] {processor.py:914} INFO - Processing file /home/airflow/.local/lib/python3.12/site-packages/airflow/example_dags/example_branch_operator_decorator.py for tasks to queue
[2025-08-17T14:52:58.437+0000] {logging_mixin.py:190} INFO - [2025-08-17T14:52:58.437+0000] {dagbag.py:587} INFO - Filling up the DagBag from /home/airflow/.local/lib/python3.12/site-packages/airflow/example_dags/example_branch_operator_decorator.py
[2025-08-17T14:52:58.451+0000] {processor.py:925} INFO - DAG(s) 'example_branch_python_operator_decorator' retrieved from /home/airflow/.local/lib/python3.12/site-packages/airflow/example_dags/example_branch_operator_decorator.py
[2025-08-17T14:52:58.472+0000] {logging_mixin.py:190} INFO - [2025-08-17T14:52:58.472+0000] {dag.py:3211} INFO - Sync 1 DAGs
[2025-08-17T14:52:58.495+0000] {logging_mixin.py:190} INFO - [2025-08-17T14:52:58.494+0000] {dag.py:4138} INFO - Setting next_dagrun for example_branch_python_operator_decorator to 2025-08-16 00:00:00+00:00, run_after=2025-08-17 00:00:00+00:00
[2025-08-17T14:52:58.512+0000] {processor.py:208} INFO - Processing /home/airflow/.local/lib/python3.12/site-packages/airflow/example_dags/example_branch_operator_decorator.py took 0.083 seconds
[2025-08-17T14:53:28.984+0000] {processor.py:186} INFO - Started process (PID=577) to work on /home/airflow/.local/lib/python3.12/site-packages/airflow/example_dags/example_branch_operator_decorator.py
[2025-08-17T14:53:28.987+0000] {processor.py:914} INFO - Processing file /home/airflow/.local/lib/python3.12/site-packages/airflow/example_dags/example_branch_operator_decorator.py for tasks to queue
[2025-08-17T14:53:28.992+0000] {logging_mixin.py:190} INFO - [2025-08-17T14:53:28.992+0000] {dagbag.py:587} INFO - Filling up the DagBag from /home/airflow/.local/lib/python3.12/site-packages/airflow/example_dags/example_branch_operator_decorator.py
[2025-08-17T14:53:29.015+0000] {processor.py:925} INFO - DAG(s) 'example_branch_python_operator_decorator' retrieved from /home/airflow/.local/lib/python3.12/site-packages/airflow/example_dags/example_branch_operator_decorator.py
[2025-08-17T14:53:29.041+0000] {logging_mixin.py:190} INFO - [2025-08-17T14:53:29.041+0000] {dag.py:3211} INFO - Sync 1 DAGs
[2025-08-17T14:53:29.061+0000] {logging_mixin.py:190} INFO - [2025-08-17T14:53:29.061+0000] {dag.py:4138} INFO - Setting next_dagrun for example_branch_python_operator_decorator to 2025-08-16 00:00:00+00:00, run_after=2025-08-17 00:00:00+00:00
[2025-08-17T14:53:29.079+0000] {processor.py:208} INFO - Processing /home/airflow/.local/lib/python3.12/site-packages/airflow/example_dags/example_branch_operator_decorator.py took 0.101 seconds
[2025-08-17T14:53:59.469+0000] {processor.py:186} INFO - Started process (PID=639) to work on /home/airflow/.local/lib/python3.12/site-packages/airflow/example_dags/example_branch_operator_decorator.py
[2025-08-17T14:53:59.471+0000] {processor.py:914} INFO - Processing file /home/airflow/.local/lib/python3.12/site-packages/airflow/example_dags/example_branch_operator_decorator.py for tasks to queue
[2025-08-17T14:53:59.474+0000] {logging_mixin.py:190} INFO - [2025-08-17T14:53:59.474+0000] {dagbag.py:587} INFO - Filling up the DagBag from /home/airflow/.local/lib/python3.12/site-packages/airflow/example_dags/example_branch_operator_decorator.py
[2025-08-17T14:53:59.499+0000] {processor.py:925} INFO - DAG(s) 'example_branch_python_operator_decorator' retrieved from /home/airflow/.local/lib/python3.12/site-packages/airflow/example_dags/example_branch_operator_decorator.py
[2025-08-17T14:53:59.532+0000] {logging_mixin.py:190} INFO - [2025-08-17T14:53:59.531+0000] {dag.py:3211} INFO - Sync 1 DAGs
[2025-08-17T14:53:59.558+0000] {logging_mixin.py:190} INFO - [2025-08-17T14:53:59.558+0000] {dag.py:4138} INFO - Setting next_dagrun for example_branch_python_operator_decorator to 2025-08-16 00:00:00+00:00, run_after=2025-08-17 00:00:00+00:00
[2025-08-17T14:53:59.583+0000] {processor.py:208} INFO - Processing /home/airflow/.local/lib/python3.12/site-packages/airflow/example_dags/example_branch_operator_decorator.py took 0.122 seconds
[2025-08-17T14:54:29.673+0000] {processor.py:186} INFO - Started process (PID=701) to work on /home/airflow/.local/lib/python3.12/site-packages/airflow/example_dags/example_branch_operator_decorator.py
[2025-08-17T14:54:29.674+0000] {processor.py:914} INFO - Processing file /home/airflow/.local/lib/python3.12/site-packages/airflow/example_dags/example_branch_operator_decorator.py for tasks to queue
[2025-08-17T14:54:29.677+0000] {logging_mixin.py:190} INFO - [2025-08-17T14:54:29.676+0000] {dagbag.py:587} INFO - Filling up the DagBag from /home/airflow/.local/lib/python3.12/site-packages/airflow/example_dags/example_branch_operator_decorator.py
[2025-08-17T14:54:29.692+0000] {processor.py:925} INFO - DAG(s) 'example_branch_python_operator_decorator' retrieved from /home/airflow/.local/lib/python3.12/site-packages/airflow/example_dags/example_branch_operator_decorator.py
[2025-08-17T14:54:29.714+0000] {logging_mixin.py:190} INFO - [2025-08-17T14:54:29.714+0000] {dag.py:3211} INFO - Sync 1 DAGs
[2025-08-17T14:54:29.737+0000] {logging_mixin.py:190} INFO - [2025-08-17T14:54:29.737+0000] {dag.py:4138} INFO - Setting next_dagrun for example_branch_python_operator_decorator to 2025-08-16 00:00:00+00:00, run_after=2025-08-17 00:00:00+00:00
[2025-08-17T14:54:29.754+0000] {processor.py:208} INFO - Processing /home/airflow/.local/lib/python3.12/site-packages/airflow/example_dags/example_branch_operator_decorator.py took 0.086 seconds
