[2025-08-17T14:49:22.909+0000] {processor.py:186} INFO - Started process (PID=79) to work on /home/airflow/.local/lib/python3.12/site-packages/airflow/example_dags/example_latest_only_with_trigger.py
[2025-08-17T14:49:22.910+0000] {processor.py:914} INFO - Processing file /home/airflow/.local/lib/python3.12/site-packages/airflow/example_dags/example_latest_only_with_trigger.py for tasks to queue
[2025-08-17T14:49:22.913+0000] {logging_mixin.py:190} INFO - [2025-08-17T14:49:22.913+0000] {dagbag.py:587} INFO - Filling up the DagBag from /home/airflow/.local/lib/python3.12/site-packages/airflow/example_dags/example_latest_only_with_trigger.py
[2025-08-17T14:49:22.928+0000] {processor.py:925} INFO - DAG(s) 'latest_only_with_trigger' retrieved from /home/airflow/.local/lib/python3.12/site-packages/airflow/example_dags/example_latest_only_with_trigger.py
[2025-08-17T14:49:23.064+0000] {logging_mixin.py:190} INFO - [2025-08-17T14:49:23.063+0000] {override.py:1858} INFO - Created Permission View: can read on DAG:latest_only_with_trigger
[2025-08-17T14:49:23.079+0000] {logging_mixin.py:190} INFO - [2025-08-17T14:49:23.078+0000] {override.py:1858} INFO - Created Permission View: can delete on DAG:latest_only_with_trigger
[2025-08-17T14:49:23.088+0000] {logging_mixin.py:190} INFO - [2025-08-17T14:49:23.088+0000] {override.py:1858} INFO - Created Permission View: can edit on DAG:latest_only_with_trigger
[2025-08-17T14:49:23.089+0000] {logging_mixin.py:190} INFO - [2025-08-17T14:49:23.089+0000] {dag.py:3211} INFO - Sync 1 DAGs
[2025-08-17T14:49:23.105+0000] {logging_mixin.py:190} INFO - [2025-08-17T14:49:23.105+0000] {dag.py:3234} INFO - Creating ORM DAG for latest_only_with_trigger
[2025-08-17T14:49:23.117+0000] {logging_mixin.py:190} INFO - [2025-08-17T14:49:23.117+0000] {dag.py:4138} INFO - Setting next_dagrun for latest_only_with_trigger to 2025-08-17 08:00:00+00:00, run_after=2025-08-17 12:00:00+00:00
[2025-08-17T14:49:23.141+0000] {processor.py:208} INFO - Processing /home/airflow/.local/lib/python3.12/site-packages/airflow/example_dags/example_latest_only_with_trigger.py took 0.239 seconds
[2025-08-17T14:49:53.319+0000] {processor.py:186} INFO - Started process (PID=141) to work on /home/airflow/.local/lib/python3.12/site-packages/airflow/example_dags/example_latest_only_with_trigger.py
[2025-08-17T14:49:53.320+0000] {processor.py:914} INFO - Processing file /home/airflow/.local/lib/python3.12/site-packages/airflow/example_dags/example_latest_only_with_trigger.py for tasks to queue
[2025-08-17T14:49:53.322+0000] {logging_mixin.py:190} INFO - [2025-08-17T14:49:53.322+0000] {dagbag.py:587} INFO - Filling up the DagBag from /home/airflow/.local/lib/python3.12/site-packages/airflow/example_dags/example_latest_only_with_trigger.py
[2025-08-17T14:49:53.328+0000] {processor.py:925} INFO - DAG(s) 'latest_only_with_trigger' retrieved from /home/airflow/.local/lib/python3.12/site-packages/airflow/example_dags/example_latest_only_with_trigger.py
[2025-08-17T14:49:53.345+0000] {logging_mixin.py:190} INFO - [2025-08-17T14:49:53.345+0000] {dag.py:3211} INFO - Sync 1 DAGs
[2025-08-17T14:49:53.360+0000] {logging_mixin.py:190} INFO - [2025-08-17T14:49:53.360+0000] {dag.py:4138} INFO - Setting next_dagrun for latest_only_with_trigger to 2025-08-17 08:00:00+00:00, run_after=2025-08-17 12:00:00+00:00
[2025-08-17T14:49:53.374+0000] {processor.py:208} INFO - Processing /home/airflow/.local/lib/python3.12/site-packages/airflow/example_dags/example_latest_only_with_trigger.py took 0.061 seconds
[2025-08-17T14:50:23.939+0000] {processor.py:186} INFO - Started process (PID=203) to work on /home/airflow/.local/lib/python3.12/site-packages/airflow/example_dags/example_latest_only_with_trigger.py
[2025-08-17T14:50:23.940+0000] {processor.py:914} INFO - Processing file /home/airflow/.local/lib/python3.12/site-packages/airflow/example_dags/example_latest_only_with_trigger.py for tasks to queue
[2025-08-17T14:50:23.943+0000] {logging_mixin.py:190} INFO - [2025-08-17T14:50:23.943+0000] {dagbag.py:587} INFO - Filling up the DagBag from /home/airflow/.local/lib/python3.12/site-packages/airflow/example_dags/example_latest_only_with_trigger.py
[2025-08-17T14:50:23.949+0000] {processor.py:925} INFO - DAG(s) 'latest_only_with_trigger' retrieved from /home/airflow/.local/lib/python3.12/site-packages/airflow/example_dags/example_latest_only_with_trigger.py
[2025-08-17T14:50:23.967+0000] {logging_mixin.py:190} INFO - [2025-08-17T14:50:23.967+0000] {dag.py:3211} INFO - Sync 1 DAGs
[2025-08-17T14:50:23.982+0000] {logging_mixin.py:190} INFO - [2025-08-17T14:50:23.982+0000] {dag.py:4138} INFO - Setting next_dagrun for latest_only_with_trigger to 2025-08-17 08:00:00+00:00, run_after=2025-08-17 12:00:00+00:00
[2025-08-17T14:50:23.996+0000] {processor.py:208} INFO - Processing /home/airflow/.local/lib/python3.12/site-packages/airflow/example_dags/example_latest_only_with_trigger.py took 0.062 seconds
[2025-08-17T14:50:54.513+0000] {processor.py:186} INFO - Started process (PID=265) to work on /home/airflow/.local/lib/python3.12/site-packages/airflow/example_dags/example_latest_only_with_trigger.py
[2025-08-17T14:50:54.514+0000] {processor.py:914} INFO - Processing file /home/airflow/.local/lib/python3.12/site-packages/airflow/example_dags/example_latest_only_with_trigger.py for tasks to queue
[2025-08-17T14:50:54.517+0000] {logging_mixin.py:190} INFO - [2025-08-17T14:50:54.517+0000] {dagbag.py:587} INFO - Filling up the DagBag from /home/airflow/.local/lib/python3.12/site-packages/airflow/example_dags/example_latest_only_with_trigger.py
[2025-08-17T14:50:54.525+0000] {processor.py:925} INFO - DAG(s) 'latest_only_with_trigger' retrieved from /home/airflow/.local/lib/python3.12/site-packages/airflow/example_dags/example_latest_only_with_trigger.py
[2025-08-17T14:50:54.542+0000] {logging_mixin.py:190} INFO - [2025-08-17T14:50:54.541+0000] {dag.py:3211} INFO - Sync 1 DAGs
[2025-08-17T14:50:54.557+0000] {logging_mixin.py:190} INFO - [2025-08-17T14:50:54.557+0000] {dag.py:4138} INFO - Setting next_dagrun for latest_only_with_trigger to 2025-08-17 08:00:00+00:00, run_after=2025-08-17 12:00:00+00:00
[2025-08-17T14:50:54.569+0000] {processor.py:208} INFO - Processing /home/airflow/.local/lib/python3.12/site-packages/airflow/example_dags/example_latest_only_with_trigger.py took 0.060 seconds
[2025-08-17T14:51:25.145+0000] {processor.py:186} INFO - Started process (PID=327) to work on /home/airflow/.local/lib/python3.12/site-packages/airflow/example_dags/example_latest_only_with_trigger.py
[2025-08-17T14:51:25.147+0000] {processor.py:914} INFO - Processing file /home/airflow/.local/lib/python3.12/site-packages/airflow/example_dags/example_latest_only_with_trigger.py for tasks to queue
[2025-08-17T14:51:25.149+0000] {logging_mixin.py:190} INFO - [2025-08-17T14:51:25.149+0000] {dagbag.py:587} INFO - Filling up the DagBag from /home/airflow/.local/lib/python3.12/site-packages/airflow/example_dags/example_latest_only_with_trigger.py
[2025-08-17T14:51:25.156+0000] {processor.py:925} INFO - DAG(s) 'latest_only_with_trigger' retrieved from /home/airflow/.local/lib/python3.12/site-packages/airflow/example_dags/example_latest_only_with_trigger.py
[2025-08-17T14:51:25.173+0000] {logging_mixin.py:190} INFO - [2025-08-17T14:51:25.173+0000] {dag.py:3211} INFO - Sync 1 DAGs
[2025-08-17T14:51:25.192+0000] {logging_mixin.py:190} INFO - [2025-08-17T14:51:25.192+0000] {dag.py:4138} INFO - Setting next_dagrun for latest_only_with_trigger to 2025-08-17 08:00:00+00:00, run_after=2025-08-17 12:00:00+00:00
[2025-08-17T14:51:25.207+0000] {processor.py:208} INFO - Processing /home/airflow/.local/lib/python3.12/site-packages/airflow/example_dags/example_latest_only_with_trigger.py took 0.066 seconds
[2025-08-17T14:51:56.094+0000] {processor.py:186} INFO - Started process (PID=389) to work on /home/airflow/.local/lib/python3.12/site-packages/airflow/example_dags/example_latest_only_with_trigger.py
[2025-08-17T14:51:56.096+0000] {processor.py:914} INFO - Processing file /home/airflow/.local/lib/python3.12/site-packages/airflow/example_dags/example_latest_only_with_trigger.py for tasks to queue
[2025-08-17T14:51:56.098+0000] {logging_mixin.py:190} INFO - [2025-08-17T14:51:56.097+0000] {dagbag.py:587} INFO - Filling up the DagBag from /home/airflow/.local/lib/python3.12/site-packages/airflow/example_dags/example_latest_only_with_trigger.py
[2025-08-17T14:51:56.104+0000] {processor.py:925} INFO - DAG(s) 'latest_only_with_trigger' retrieved from /home/airflow/.local/lib/python3.12/site-packages/airflow/example_dags/example_latest_only_with_trigger.py
[2025-08-17T14:51:56.121+0000] {logging_mixin.py:190} INFO - [2025-08-17T14:51:56.121+0000] {dag.py:3211} INFO - Sync 1 DAGs
[2025-08-17T14:51:56.140+0000] {logging_mixin.py:190} INFO - [2025-08-17T14:51:56.139+0000] {dag.py:4138} INFO - Setting next_dagrun for latest_only_with_trigger to 2025-08-17 08:00:00+00:00, run_after=2025-08-17 12:00:00+00:00
[2025-08-17T14:51:56.154+0000] {processor.py:208} INFO - Processing /home/airflow/.local/lib/python3.12/site-packages/airflow/example_dags/example_latest_only_with_trigger.py took 0.064 seconds
[2025-08-17T14:52:27.084+0000] {processor.py:186} INFO - Started process (PID=451) to work on /home/airflow/.local/lib/python3.12/site-packages/airflow/example_dags/example_latest_only_with_trigger.py
[2025-08-17T14:52:27.086+0000] {processor.py:914} INFO - Processing file /home/airflow/.local/lib/python3.12/site-packages/airflow/example_dags/example_latest_only_with_trigger.py for tasks to queue
[2025-08-17T14:52:27.088+0000] {logging_mixin.py:190} INFO - [2025-08-17T14:52:27.088+0000] {dagbag.py:587} INFO - Filling up the DagBag from /home/airflow/.local/lib/python3.12/site-packages/airflow/example_dags/example_latest_only_with_trigger.py
[2025-08-17T14:52:27.094+0000] {processor.py:925} INFO - DAG(s) 'latest_only_with_trigger' retrieved from /home/airflow/.local/lib/python3.12/site-packages/airflow/example_dags/example_latest_only_with_trigger.py
[2025-08-17T14:52:27.110+0000] {logging_mixin.py:190} INFO - [2025-08-17T14:52:27.110+0000] {dag.py:3211} INFO - Sync 1 DAGs
[2025-08-17T14:52:27.125+0000] {logging_mixin.py:190} INFO - [2025-08-17T14:52:27.124+0000] {dag.py:4138} INFO - Setting next_dagrun for latest_only_with_trigger to 2025-08-17 08:00:00+00:00, run_after=2025-08-17 12:00:00+00:00
[2025-08-17T14:52:27.140+0000] {processor.py:208} INFO - Processing /home/airflow/.local/lib/python3.12/site-packages/airflow/example_dags/example_latest_only_with_trigger.py took 0.061 seconds
[2025-08-17T14:52:57.286+0000] {processor.py:186} INFO - Started process (PID=513) to work on /home/airflow/.local/lib/python3.12/site-packages/airflow/example_dags/example_latest_only_with_trigger.py
[2025-08-17T14:52:57.287+0000] {processor.py:914} INFO - Processing file /home/airflow/.local/lib/python3.12/site-packages/airflow/example_dags/example_latest_only_with_trigger.py for tasks to queue
[2025-08-17T14:52:57.290+0000] {logging_mixin.py:190} INFO - [2025-08-17T14:52:57.290+0000] {dagbag.py:587} INFO - Filling up the DagBag from /home/airflow/.local/lib/python3.12/site-packages/airflow/example_dags/example_latest_only_with_trigger.py
[2025-08-17T14:52:57.300+0000] {processor.py:925} INFO - DAG(s) 'latest_only_with_trigger' retrieved from /home/airflow/.local/lib/python3.12/site-packages/airflow/example_dags/example_latest_only_with_trigger.py
[2025-08-17T14:52:57.325+0000] {logging_mixin.py:190} INFO - [2025-08-17T14:52:57.324+0000] {dag.py:3211} INFO - Sync 1 DAGs
[2025-08-17T14:52:57.347+0000] {logging_mixin.py:190} INFO - [2025-08-17T14:52:57.347+0000] {dag.py:4138} INFO - Setting next_dagrun for latest_only_with_trigger to 2025-08-17 08:00:00+00:00, run_after=2025-08-17 12:00:00+00:00
[2025-08-17T14:52:57.365+0000] {processor.py:208} INFO - Processing /home/airflow/.local/lib/python3.12/site-packages/airflow/example_dags/example_latest_only_with_trigger.py took 0.084 seconds
[2025-08-17T14:53:27.829+0000] {processor.py:186} INFO - Started process (PID=575) to work on /home/airflow/.local/lib/python3.12/site-packages/airflow/example_dags/example_latest_only_with_trigger.py
[2025-08-17T14:53:27.831+0000] {processor.py:914} INFO - Processing file /home/airflow/.local/lib/python3.12/site-packages/airflow/example_dags/example_latest_only_with_trigger.py for tasks to queue
[2025-08-17T14:53:27.834+0000] {logging_mixin.py:190} INFO - [2025-08-17T14:53:27.834+0000] {dagbag.py:587} INFO - Filling up the DagBag from /home/airflow/.local/lib/python3.12/site-packages/airflow/example_dags/example_latest_only_with_trigger.py
[2025-08-17T14:53:27.843+0000] {processor.py:925} INFO - DAG(s) 'latest_only_with_trigger' retrieved from /home/airflow/.local/lib/python3.12/site-packages/airflow/example_dags/example_latest_only_with_trigger.py
[2025-08-17T14:53:27.864+0000] {logging_mixin.py:190} INFO - [2025-08-17T14:53:27.864+0000] {dag.py:3211} INFO - Sync 1 DAGs
[2025-08-17T14:53:27.886+0000] {logging_mixin.py:190} INFO - [2025-08-17T14:53:27.886+0000] {dag.py:4138} INFO - Setting next_dagrun for latest_only_with_trigger to 2025-08-17 08:00:00+00:00, run_after=2025-08-17 12:00:00+00:00
[2025-08-17T14:53:27.906+0000] {processor.py:208} INFO - Processing /home/airflow/.local/lib/python3.12/site-packages/airflow/example_dags/example_latest_only_with_trigger.py took 0.083 seconds
[2025-08-17T14:53:58.306+0000] {processor.py:186} INFO - Started process (PID=637) to work on /home/airflow/.local/lib/python3.12/site-packages/airflow/example_dags/example_latest_only_with_trigger.py
[2025-08-17T14:53:58.307+0000] {processor.py:914} INFO - Processing file /home/airflow/.local/lib/python3.12/site-packages/airflow/example_dags/example_latest_only_with_trigger.py for tasks to queue
[2025-08-17T14:53:58.311+0000] {logging_mixin.py:190} INFO - [2025-08-17T14:53:58.310+0000] {dagbag.py:587} INFO - Filling up the DagBag from /home/airflow/.local/lib/python3.12/site-packages/airflow/example_dags/example_latest_only_with_trigger.py
[2025-08-17T14:53:58.319+0000] {processor.py:925} INFO - DAG(s) 'latest_only_with_trigger' retrieved from /home/airflow/.local/lib/python3.12/site-packages/airflow/example_dags/example_latest_only_with_trigger.py
[2025-08-17T14:53:58.340+0000] {logging_mixin.py:190} INFO - [2025-08-17T14:53:58.340+0000] {dag.py:3211} INFO - Sync 1 DAGs
[2025-08-17T14:53:58.360+0000] {logging_mixin.py:190} INFO - [2025-08-17T14:53:58.360+0000] {dag.py:4138} INFO - Setting next_dagrun for latest_only_with_trigger to 2025-08-17 08:00:00+00:00, run_after=2025-08-17 12:00:00+00:00
[2025-08-17T14:53:58.381+0000] {processor.py:208} INFO - Processing /home/airflow/.local/lib/python3.12/site-packages/airflow/example_dags/example_latest_only_with_trigger.py took 0.081 seconds
[2025-08-17T14:54:28.575+0000] {processor.py:186} INFO - Started process (PID=699) to work on /home/airflow/.local/lib/python3.12/site-packages/airflow/example_dags/example_latest_only_with_trigger.py
[2025-08-17T14:54:28.577+0000] {processor.py:914} INFO - Processing file /home/airflow/.local/lib/python3.12/site-packages/airflow/example_dags/example_latest_only_with_trigger.py for tasks to queue
[2025-08-17T14:54:28.579+0000] {logging_mixin.py:190} INFO - [2025-08-17T14:54:28.579+0000] {dagbag.py:587} INFO - Filling up the DagBag from /home/airflow/.local/lib/python3.12/site-packages/airflow/example_dags/example_latest_only_with_trigger.py
[2025-08-17T14:54:28.587+0000] {processor.py:925} INFO - DAG(s) 'latest_only_with_trigger' retrieved from /home/airflow/.local/lib/python3.12/site-packages/airflow/example_dags/example_latest_only_with_trigger.py
[2025-08-17T14:54:28.603+0000] {logging_mixin.py:190} INFO - [2025-08-17T14:54:28.603+0000] {dag.py:3211} INFO - Sync 1 DAGs
[2025-08-17T14:54:28.618+0000] {logging_mixin.py:190} INFO - [2025-08-17T14:54:28.618+0000] {dag.py:4138} INFO - Setting next_dagrun for latest_only_with_trigger to 2025-08-17 08:00:00+00:00, run_after=2025-08-17 12:00:00+00:00
[2025-08-17T14:54:28.634+0000] {processor.py:208} INFO - Processing /home/airflow/.local/lib/python3.12/site-packages/airflow/example_dags/example_latest_only_with_trigger.py took 0.064 seconds
