[2025-08-17T14:49:24.073+0000] {processor.py:186} INFO - Started process (PID=85) to work on /home/airflow/.local/lib/python3.12/site-packages/airflow/example_dags/example_skip_dag.py
[2025-08-17T14:49:24.074+0000] {processor.py:914} INFO - Processing file /home/airflow/.local/lib/python3.12/site-packages/airflow/example_dags/example_skip_dag.py for tasks to queue
[2025-08-17T14:49:24.078+0000] {logging_mixin.py:190} INFO - [2025-08-17T14:49:24.078+0000] {dagbag.py:587} INFO - Filling up the DagBag from /home/airflow/.local/lib/python3.12/site-packages/airflow/example_dags/example_skip_dag.py
[2025-08-17T14:49:24.091+0000] {processor.py:925} INFO - DAG(s) 'example_skip_dag' retrieved from /home/airflow/.local/lib/python3.12/site-packages/airflow/example_dags/example_skip_dag.py
[2025-08-17T14:49:24.208+0000] {logging_mixin.py:190} INFO - [2025-08-17T14:49:24.207+0000] {override.py:1858} INFO - Created Permission View: can read on DAG:example_skip_dag
[2025-08-17T14:49:24.219+0000] {logging_mixin.py:190} INFO - [2025-08-17T14:49:24.218+0000] {override.py:1858} INFO - Created Permission View: can delete on DAG:example_skip_dag
[2025-08-17T14:49:24.226+0000] {logging_mixin.py:190} INFO - [2025-08-17T14:49:24.226+0000] {override.py:1858} INFO - Created Permission View: can edit on DAG:example_skip_dag
[2025-08-17T14:49:24.228+0000] {logging_mixin.py:190} INFO - [2025-08-17T14:49:24.227+0000] {dag.py:3211} INFO - Sync 1 DAGs
[2025-08-17T14:49:24.240+0000] {logging_mixin.py:190} INFO - [2025-08-17T14:49:24.240+0000] {dag.py:3234} INFO - Creating ORM DAG for example_skip_dag
[2025-08-17T14:49:24.251+0000] {logging_mixin.py:190} INFO - [2025-08-17T14:49:24.251+0000] {dag.py:4138} INFO - Setting next_dagrun for example_skip_dag to 2025-08-16 00:00:00+00:00, run_after=2025-08-17 00:00:00+00:00
[2025-08-17T14:49:24.274+0000] {processor.py:208} INFO - Processing /home/airflow/.local/lib/python3.12/site-packages/airflow/example_dags/example_skip_dag.py took 0.209 seconds
[2025-08-17T14:49:54.797+0000] {processor.py:186} INFO - Started process (PID=147) to work on /home/airflow/.local/lib/python3.12/site-packages/airflow/example_dags/example_skip_dag.py
[2025-08-17T14:49:54.801+0000] {processor.py:914} INFO - Processing file /home/airflow/.local/lib/python3.12/site-packages/airflow/example_dags/example_skip_dag.py for tasks to queue
[2025-08-17T14:49:54.804+0000] {logging_mixin.py:190} INFO - [2025-08-17T14:49:54.804+0000] {dagbag.py:587} INFO - Filling up the DagBag from /home/airflow/.local/lib/python3.12/site-packages/airflow/example_dags/example_skip_dag.py
[2025-08-17T14:49:54.812+0000] {processor.py:925} INFO - DAG(s) 'example_skip_dag' retrieved from /home/airflow/.local/lib/python3.12/site-packages/airflow/example_dags/example_skip_dag.py
[2025-08-17T14:49:54.835+0000] {logging_mixin.py:190} INFO - [2025-08-17T14:49:54.834+0000] {dag.py:3211} INFO - Sync 1 DAGs
[2025-08-17T14:49:54.854+0000] {logging_mixin.py:190} INFO - [2025-08-17T14:49:54.854+0000] {dag.py:4138} INFO - Setting next_dagrun for example_skip_dag to 2025-08-16 00:00:00+00:00, run_after=2025-08-17 00:00:00+00:00
[2025-08-17T14:49:54.869+0000] {processor.py:208} INFO - Processing /home/airflow/.local/lib/python3.12/site-packages/airflow/example_dags/example_skip_dag.py took 0.078 seconds
[2025-08-17T14:50:25.398+0000] {processor.py:186} INFO - Started process (PID=209) to work on /home/airflow/.local/lib/python3.12/site-packages/airflow/example_dags/example_skip_dag.py
[2025-08-17T14:50:25.400+0000] {processor.py:914} INFO - Processing file /home/airflow/.local/lib/python3.12/site-packages/airflow/example_dags/example_skip_dag.py for tasks to queue
[2025-08-17T14:50:25.402+0000] {logging_mixin.py:190} INFO - [2025-08-17T14:50:25.402+0000] {dagbag.py:587} INFO - Filling up the DagBag from /home/airflow/.local/lib/python3.12/site-packages/airflow/example_dags/example_skip_dag.py
[2025-08-17T14:50:25.408+0000] {processor.py:925} INFO - DAG(s) 'example_skip_dag' retrieved from /home/airflow/.local/lib/python3.12/site-packages/airflow/example_dags/example_skip_dag.py
[2025-08-17T14:50:25.425+0000] {logging_mixin.py:190} INFO - [2025-08-17T14:50:25.425+0000] {dag.py:3211} INFO - Sync 1 DAGs
[2025-08-17T14:50:25.440+0000] {logging_mixin.py:190} INFO - [2025-08-17T14:50:25.440+0000] {dag.py:4138} INFO - Setting next_dagrun for example_skip_dag to 2025-08-16 00:00:00+00:00, run_after=2025-08-17 00:00:00+00:00
[2025-08-17T14:50:25.456+0000] {processor.py:208} INFO - Processing /home/airflow/.local/lib/python3.12/site-packages/airflow/example_dags/example_skip_dag.py took 0.064 seconds
[2025-08-17T14:50:55.948+0000] {processor.py:186} INFO - Started process (PID=271) to work on /home/airflow/.local/lib/python3.12/site-packages/airflow/example_dags/example_skip_dag.py
[2025-08-17T14:50:55.949+0000] {processor.py:914} INFO - Processing file /home/airflow/.local/lib/python3.12/site-packages/airflow/example_dags/example_skip_dag.py for tasks to queue
[2025-08-17T14:50:55.952+0000] {logging_mixin.py:190} INFO - [2025-08-17T14:50:55.951+0000] {dagbag.py:587} INFO - Filling up the DagBag from /home/airflow/.local/lib/python3.12/site-packages/airflow/example_dags/example_skip_dag.py
[2025-08-17T14:50:55.958+0000] {processor.py:925} INFO - DAG(s) 'example_skip_dag' retrieved from /home/airflow/.local/lib/python3.12/site-packages/airflow/example_dags/example_skip_dag.py
[2025-08-17T14:50:55.975+0000] {logging_mixin.py:190} INFO - [2025-08-17T14:50:55.975+0000] {dag.py:3211} INFO - Sync 1 DAGs
[2025-08-17T14:50:55.991+0000] {logging_mixin.py:190} INFO - [2025-08-17T14:50:55.991+0000] {dag.py:4138} INFO - Setting next_dagrun for example_skip_dag to 2025-08-16 00:00:00+00:00, run_after=2025-08-17 00:00:00+00:00
[2025-08-17T14:50:56.007+0000] {processor.py:208} INFO - Processing /home/airflow/.local/lib/python3.12/site-packages/airflow/example_dags/example_skip_dag.py took 0.064 seconds
[2025-08-17T14:51:26.608+0000] {processor.py:186} INFO - Started process (PID=333) to work on /home/airflow/.local/lib/python3.12/site-packages/airflow/example_dags/example_skip_dag.py
[2025-08-17T14:51:26.609+0000] {processor.py:914} INFO - Processing file /home/airflow/.local/lib/python3.12/site-packages/airflow/example_dags/example_skip_dag.py for tasks to queue
[2025-08-17T14:51:26.611+0000] {logging_mixin.py:190} INFO - [2025-08-17T14:51:26.611+0000] {dagbag.py:587} INFO - Filling up the DagBag from /home/airflow/.local/lib/python3.12/site-packages/airflow/example_dags/example_skip_dag.py
[2025-08-17T14:51:26.618+0000] {processor.py:925} INFO - DAG(s) 'example_skip_dag' retrieved from /home/airflow/.local/lib/python3.12/site-packages/airflow/example_dags/example_skip_dag.py
[2025-08-17T14:51:26.636+0000] {logging_mixin.py:190} INFO - [2025-08-17T14:51:26.636+0000] {dag.py:3211} INFO - Sync 1 DAGs
[2025-08-17T14:51:26.651+0000] {logging_mixin.py:190} INFO - [2025-08-17T14:51:26.650+0000] {dag.py:4138} INFO - Setting next_dagrun for example_skip_dag to 2025-08-16 00:00:00+00:00, run_after=2025-08-17 00:00:00+00:00
[2025-08-17T14:51:26.666+0000] {processor.py:208} INFO - Processing /home/airflow/.local/lib/python3.12/site-packages/airflow/example_dags/example_skip_dag.py took 0.063 seconds
[2025-08-17T14:51:57.584+0000] {processor.py:186} INFO - Started process (PID=395) to work on /home/airflow/.local/lib/python3.12/site-packages/airflow/example_dags/example_skip_dag.py
[2025-08-17T14:51:57.586+0000] {processor.py:914} INFO - Processing file /home/airflow/.local/lib/python3.12/site-packages/airflow/example_dags/example_skip_dag.py for tasks to queue
[2025-08-17T14:51:57.588+0000] {logging_mixin.py:190} INFO - [2025-08-17T14:51:57.588+0000] {dagbag.py:587} INFO - Filling up the DagBag from /home/airflow/.local/lib/python3.12/site-packages/airflow/example_dags/example_skip_dag.py
[2025-08-17T14:51:57.594+0000] {processor.py:925} INFO - DAG(s) 'example_skip_dag' retrieved from /home/airflow/.local/lib/python3.12/site-packages/airflow/example_dags/example_skip_dag.py
[2025-08-17T14:51:57.612+0000] {logging_mixin.py:190} INFO - [2025-08-17T14:51:57.611+0000] {dag.py:3211} INFO - Sync 1 DAGs
[2025-08-17T14:51:57.628+0000] {logging_mixin.py:190} INFO - [2025-08-17T14:51:57.628+0000] {dag.py:4138} INFO - Setting next_dagrun for example_skip_dag to 2025-08-16 00:00:00+00:00, run_after=2025-08-17 00:00:00+00:00
[2025-08-17T14:51:57.643+0000] {processor.py:208} INFO - Processing /home/airflow/.local/lib/python3.12/site-packages/airflow/example_dags/example_skip_dag.py took 0.064 seconds
[2025-08-17T14:52:28.453+0000] {processor.py:186} INFO - Started process (PID=457) to work on /home/airflow/.local/lib/python3.12/site-packages/airflow/example_dags/example_skip_dag.py
[2025-08-17T14:52:28.455+0000] {processor.py:914} INFO - Processing file /home/airflow/.local/lib/python3.12/site-packages/airflow/example_dags/example_skip_dag.py for tasks to queue
[2025-08-17T14:52:28.457+0000] {logging_mixin.py:190} INFO - [2025-08-17T14:52:28.457+0000] {dagbag.py:587} INFO - Filling up the DagBag from /home/airflow/.local/lib/python3.12/site-packages/airflow/example_dags/example_skip_dag.py
[2025-08-17T14:52:28.464+0000] {processor.py:925} INFO - DAG(s) 'example_skip_dag' retrieved from /home/airflow/.local/lib/python3.12/site-packages/airflow/example_dags/example_skip_dag.py
[2025-08-17T14:52:28.481+0000] {logging_mixin.py:190} INFO - [2025-08-17T14:52:28.481+0000] {dag.py:3211} INFO - Sync 1 DAGs
[2025-08-17T14:52:28.497+0000] {logging_mixin.py:190} INFO - [2025-08-17T14:52:28.497+0000] {dag.py:4138} INFO - Setting next_dagrun for example_skip_dag to 2025-08-16 00:00:00+00:00, run_after=2025-08-17 00:00:00+00:00
[2025-08-17T14:52:28.512+0000] {processor.py:208} INFO - Processing /home/airflow/.local/lib/python3.12/site-packages/airflow/example_dags/example_skip_dag.py took 0.064 seconds
[2025-08-17T14:52:58.847+0000] {processor.py:186} INFO - Started process (PID=519) to work on /home/airflow/.local/lib/python3.12/site-packages/airflow/example_dags/example_skip_dag.py
[2025-08-17T14:52:58.849+0000] {processor.py:914} INFO - Processing file /home/airflow/.local/lib/python3.12/site-packages/airflow/example_dags/example_skip_dag.py for tasks to queue
[2025-08-17T14:52:58.852+0000] {logging_mixin.py:190} INFO - [2025-08-17T14:52:58.851+0000] {dagbag.py:587} INFO - Filling up the DagBag from /home/airflow/.local/lib/python3.12/site-packages/airflow/example_dags/example_skip_dag.py
[2025-08-17T14:52:58.858+0000] {processor.py:925} INFO - DAG(s) 'example_skip_dag' retrieved from /home/airflow/.local/lib/python3.12/site-packages/airflow/example_dags/example_skip_dag.py
[2025-08-17T14:52:58.876+0000] {logging_mixin.py:190} INFO - [2025-08-17T14:52:58.876+0000] {dag.py:3211} INFO - Sync 1 DAGs
[2025-08-17T14:52:58.892+0000] {logging_mixin.py:190} INFO - [2025-08-17T14:52:58.892+0000] {dag.py:4138} INFO - Setting next_dagrun for example_skip_dag to 2025-08-16 00:00:00+00:00, run_after=2025-08-17 00:00:00+00:00
[2025-08-17T14:52:58.908+0000] {processor.py:208} INFO - Processing /home/airflow/.local/lib/python3.12/site-packages/airflow/example_dags/example_skip_dag.py took 0.066 seconds
[2025-08-17T14:53:29.721+0000] {processor.py:186} INFO - Started process (PID=582) to work on /home/airflow/.local/lib/python3.12/site-packages/airflow/example_dags/example_skip_dag.py
[2025-08-17T14:53:29.723+0000] {processor.py:914} INFO - Processing file /home/airflow/.local/lib/python3.12/site-packages/airflow/example_dags/example_skip_dag.py for tasks to queue
[2025-08-17T14:53:29.728+0000] {logging_mixin.py:190} INFO - [2025-08-17T14:53:29.727+0000] {dagbag.py:587} INFO - Filling up the DagBag from /home/airflow/.local/lib/python3.12/site-packages/airflow/example_dags/example_skip_dag.py
[2025-08-17T14:53:29.737+0000] {processor.py:925} INFO - DAG(s) 'example_skip_dag' retrieved from /home/airflow/.local/lib/python3.12/site-packages/airflow/example_dags/example_skip_dag.py
[2025-08-17T14:53:29.759+0000] {logging_mixin.py:190} INFO - [2025-08-17T14:53:29.758+0000] {dag.py:3211} INFO - Sync 1 DAGs
[2025-08-17T14:53:29.781+0000] {logging_mixin.py:190} INFO - [2025-08-17T14:53:29.781+0000] {dag.py:4138} INFO - Setting next_dagrun for example_skip_dag to 2025-08-16 00:00:00+00:00, run_after=2025-08-17 00:00:00+00:00
[2025-08-17T14:53:29.802+0000] {processor.py:208} INFO - Processing /home/airflow/.local/lib/python3.12/site-packages/airflow/example_dags/example_skip_dag.py took 0.087 seconds
[2025-08-17T14:53:59.975+0000] {processor.py:186} INFO - Started process (PID=644) to work on /home/airflow/.local/lib/python3.12/site-packages/airflow/example_dags/example_skip_dag.py
[2025-08-17T14:53:59.979+0000] {processor.py:914} INFO - Processing file /home/airflow/.local/lib/python3.12/site-packages/airflow/example_dags/example_skip_dag.py for tasks to queue
[2025-08-17T14:53:59.983+0000] {logging_mixin.py:190} INFO - [2025-08-17T14:53:59.982+0000] {dagbag.py:587} INFO - Filling up the DagBag from /home/airflow/.local/lib/python3.12/site-packages/airflow/example_dags/example_skip_dag.py
[2025-08-17T14:53:59.992+0000] {processor.py:925} INFO - DAG(s) 'example_skip_dag' retrieved from /home/airflow/.local/lib/python3.12/site-packages/airflow/example_dags/example_skip_dag.py
[2025-08-17T14:54:00.014+0000] {logging_mixin.py:190} INFO - [2025-08-17T14:54:00.014+0000] {dag.py:3211} INFO - Sync 1 DAGs
[2025-08-17T14:54:00.039+0000] {logging_mixin.py:190} INFO - [2025-08-17T14:54:00.038+0000] {dag.py:4138} INFO - Setting next_dagrun for example_skip_dag to 2025-08-16 00:00:00+00:00, run_after=2025-08-17 00:00:00+00:00
[2025-08-17T14:54:00.060+0000] {processor.py:208} INFO - Processing /home/airflow/.local/lib/python3.12/site-packages/airflow/example_dags/example_skip_dag.py took 0.090 seconds
[2025-08-17T14:54:30.829+0000] {processor.py:186} INFO - Started process (PID=705) to work on /home/airflow/.local/lib/python3.12/site-packages/airflow/example_dags/example_skip_dag.py
[2025-08-17T14:54:30.830+0000] {processor.py:914} INFO - Processing file /home/airflow/.local/lib/python3.12/site-packages/airflow/example_dags/example_skip_dag.py for tasks to queue
[2025-08-17T14:54:30.833+0000] {logging_mixin.py:190} INFO - [2025-08-17T14:54:30.832+0000] {dagbag.py:587} INFO - Filling up the DagBag from /home/airflow/.local/lib/python3.12/site-packages/airflow/example_dags/example_skip_dag.py
[2025-08-17T14:54:30.839+0000] {processor.py:925} INFO - DAG(s) 'example_skip_dag' retrieved from /home/airflow/.local/lib/python3.12/site-packages/airflow/example_dags/example_skip_dag.py
[2025-08-17T14:54:30.858+0000] {logging_mixin.py:190} INFO - [2025-08-17T14:54:30.858+0000] {dag.py:3211} INFO - Sync 1 DAGs
[2025-08-17T14:54:30.875+0000] {logging_mixin.py:190} INFO - [2025-08-17T14:54:30.875+0000] {dag.py:4138} INFO - Setting next_dagrun for example_skip_dag to 2025-08-16 00:00:00+00:00, run_after=2025-08-17 00:00:00+00:00
[2025-08-17T14:54:30.892+0000] {processor.py:208} INFO - Processing /home/airflow/.local/lib/python3.12/site-packages/airflow/example_dags/example_skip_dag.py took 0.067 seconds
