[2025-08-17T14:49:27.104+0000] {processor.py:186} INFO - Started process (PID=110) to work on /home/airflow/.local/lib/python3.12/site-packages/airflow/example_dags/example_sensors.py
[2025-08-17T14:49:27.105+0000] {processor.py:914} INFO - Processing file /home/airflow/.local/lib/python3.12/site-packages/airflow/example_dags/example_sensors.py for tasks to queue
[2025-08-17T14:49:27.108+0000] {logging_mixin.py:190} INFO - [2025-08-17T14:49:27.108+0000] {dagbag.py:587} INFO - Filling up the DagBag from /home/airflow/.local/lib/python3.12/site-packages/airflow/example_dags/example_sensors.py
[2025-08-17T14:49:27.119+0000] {processor.py:925} INFO - DAG(s) 'example_sensors' retrieved from /home/airflow/.local/lib/python3.12/site-packages/airflow/example_dags/example_sensors.py
[2025-08-17T14:49:27.211+0000] {logging_mixin.py:190} INFO - [2025-08-17T14:49:27.211+0000] {override.py:1858} INFO - Created Permission View: can read on DAG:example_sensors
[2025-08-17T14:49:27.219+0000] {logging_mixin.py:190} INFO - [2025-08-17T14:49:27.219+0000] {override.py:1858} INFO - Created Permission View: can delete on DAG:example_sensors
[2025-08-17T14:49:27.224+0000] {logging_mixin.py:190} INFO - [2025-08-17T14:49:27.224+0000] {override.py:1858} INFO - Created Permission View: can edit on DAG:example_sensors
[2025-08-17T14:49:27.225+0000] {logging_mixin.py:190} INFO - [2025-08-17T14:49:27.225+0000] {dag.py:3211} INFO - Sync 1 DAGs
[2025-08-17T14:49:27.235+0000] {logging_mixin.py:190} INFO - [2025-08-17T14:49:27.234+0000] {dag.py:3234} INFO - Creating ORM DAG for example_sensors
[2025-08-17T14:49:27.236+0000] {logging_mixin.py:190} INFO - [2025-08-17T14:49:27.236+0000] {dag.py:4138} INFO - Setting next_dagrun for example_sensors to None, run_after=None
[2025-08-17T14:49:27.248+0000] {processor.py:208} INFO - Processing /home/airflow/.local/lib/python3.12/site-packages/airflow/example_dags/example_sensors.py took 0.148 seconds
[2025-08-17T14:49:58.216+0000] {processor.py:186} INFO - Started process (PID=172) to work on /home/airflow/.local/lib/python3.12/site-packages/airflow/example_dags/example_sensors.py
[2025-08-17T14:49:58.217+0000] {processor.py:914} INFO - Processing file /home/airflow/.local/lib/python3.12/site-packages/airflow/example_dags/example_sensors.py for tasks to queue
[2025-08-17T14:49:58.219+0000] {logging_mixin.py:190} INFO - [2025-08-17T14:49:58.219+0000] {dagbag.py:587} INFO - Filling up the DagBag from /home/airflow/.local/lib/python3.12/site-packages/airflow/example_dags/example_sensors.py
[2025-08-17T14:49:58.228+0000] {processor.py:925} INFO - DAG(s) 'example_sensors' retrieved from /home/airflow/.local/lib/python3.12/site-packages/airflow/example_dags/example_sensors.py
[2025-08-17T14:49:58.248+0000] {logging_mixin.py:190} INFO - [2025-08-17T14:49:58.247+0000] {dag.py:3211} INFO - Sync 1 DAGs
[2025-08-17T14:49:58.259+0000] {logging_mixin.py:190} INFO - [2025-08-17T14:49:58.259+0000] {dag.py:4138} INFO - Setting next_dagrun for example_sensors to None, run_after=None
[2025-08-17T14:49:58.278+0000] {processor.py:208} INFO - Processing /home/airflow/.local/lib/python3.12/site-packages/airflow/example_dags/example_sensors.py took 0.066 seconds
[2025-08-17T14:50:28.946+0000] {processor.py:186} INFO - Started process (PID=234) to work on /home/airflow/.local/lib/python3.12/site-packages/airflow/example_dags/example_sensors.py
[2025-08-17T14:50:28.948+0000] {processor.py:914} INFO - Processing file /home/airflow/.local/lib/python3.12/site-packages/airflow/example_dags/example_sensors.py for tasks to queue
[2025-08-17T14:50:28.950+0000] {logging_mixin.py:190} INFO - [2025-08-17T14:50:28.950+0000] {dagbag.py:587} INFO - Filling up the DagBag from /home/airflow/.local/lib/python3.12/site-packages/airflow/example_dags/example_sensors.py
[2025-08-17T14:50:28.959+0000] {processor.py:925} INFO - DAG(s) 'example_sensors' retrieved from /home/airflow/.local/lib/python3.12/site-packages/airflow/example_dags/example_sensors.py
[2025-08-17T14:50:28.979+0000] {logging_mixin.py:190} INFO - [2025-08-17T14:50:28.979+0000] {dag.py:3211} INFO - Sync 1 DAGs
[2025-08-17T14:50:28.992+0000] {logging_mixin.py:190} INFO - [2025-08-17T14:50:28.991+0000] {dag.py:4138} INFO - Setting next_dagrun for example_sensors to None, run_after=None
[2025-08-17T14:50:29.008+0000] {processor.py:208} INFO - Processing /home/airflow/.local/lib/python3.12/site-packages/airflow/example_dags/example_sensors.py took 0.067 seconds
[2025-08-17T14:50:59.518+0000] {processor.py:186} INFO - Started process (PID=296) to work on /home/airflow/.local/lib/python3.12/site-packages/airflow/example_dags/example_sensors.py
[2025-08-17T14:50:59.519+0000] {processor.py:914} INFO - Processing file /home/airflow/.local/lib/python3.12/site-packages/airflow/example_dags/example_sensors.py for tasks to queue
[2025-08-17T14:50:59.522+0000] {logging_mixin.py:190} INFO - [2025-08-17T14:50:59.521+0000] {dagbag.py:587} INFO - Filling up the DagBag from /home/airflow/.local/lib/python3.12/site-packages/airflow/example_dags/example_sensors.py
[2025-08-17T14:50:59.530+0000] {processor.py:925} INFO - DAG(s) 'example_sensors' retrieved from /home/airflow/.local/lib/python3.12/site-packages/airflow/example_dags/example_sensors.py
[2025-08-17T14:50:59.553+0000] {logging_mixin.py:190} INFO - [2025-08-17T14:50:59.553+0000] {dag.py:3211} INFO - Sync 1 DAGs
[2025-08-17T14:50:59.567+0000] {logging_mixin.py:190} INFO - [2025-08-17T14:50:59.567+0000] {dag.py:4138} INFO - Setting next_dagrun for example_sensors to None, run_after=None
[2025-08-17T14:50:59.583+0000] {processor.py:208} INFO - Processing /home/airflow/.local/lib/python3.12/site-packages/airflow/example_dags/example_sensors.py took 0.070 seconds
[2025-08-17T14:51:30.376+0000] {processor.py:186} INFO - Started process (PID=358) to work on /home/airflow/.local/lib/python3.12/site-packages/airflow/example_dags/example_sensors.py
[2025-08-17T14:51:30.377+0000] {processor.py:914} INFO - Processing file /home/airflow/.local/lib/python3.12/site-packages/airflow/example_dags/example_sensors.py for tasks to queue
[2025-08-17T14:51:30.380+0000] {logging_mixin.py:190} INFO - [2025-08-17T14:51:30.379+0000] {dagbag.py:587} INFO - Filling up the DagBag from /home/airflow/.local/lib/python3.12/site-packages/airflow/example_dags/example_sensors.py
[2025-08-17T14:51:30.390+0000] {processor.py:925} INFO - DAG(s) 'example_sensors' retrieved from /home/airflow/.local/lib/python3.12/site-packages/airflow/example_dags/example_sensors.py
[2025-08-17T14:51:30.413+0000] {logging_mixin.py:190} INFO - [2025-08-17T14:51:30.413+0000] {dag.py:3211} INFO - Sync 1 DAGs
[2025-08-17T14:51:30.427+0000] {logging_mixin.py:190} INFO - [2025-08-17T14:51:30.427+0000] {dag.py:4138} INFO - Setting next_dagrun for example_sensors to None, run_after=None
[2025-08-17T14:51:30.445+0000] {processor.py:208} INFO - Processing /home/airflow/.local/lib/python3.12/site-packages/airflow/example_dags/example_sensors.py took 0.074 seconds
[2025-08-17T14:52:01.139+0000] {processor.py:186} INFO - Started process (PID=420) to work on /home/airflow/.local/lib/python3.12/site-packages/airflow/example_dags/example_sensors.py
[2025-08-17T14:52:01.141+0000] {processor.py:914} INFO - Processing file /home/airflow/.local/lib/python3.12/site-packages/airflow/example_dags/example_sensors.py for tasks to queue
[2025-08-17T14:52:01.143+0000] {logging_mixin.py:190} INFO - [2025-08-17T14:52:01.143+0000] {dagbag.py:587} INFO - Filling up the DagBag from /home/airflow/.local/lib/python3.12/site-packages/airflow/example_dags/example_sensors.py
[2025-08-17T14:52:01.151+0000] {processor.py:925} INFO - DAG(s) 'example_sensors' retrieved from /home/airflow/.local/lib/python3.12/site-packages/airflow/example_dags/example_sensors.py
[2025-08-17T14:52:01.172+0000] {logging_mixin.py:190} INFO - [2025-08-17T14:52:01.172+0000] {dag.py:3211} INFO - Sync 1 DAGs
[2025-08-17T14:52:01.184+0000] {logging_mixin.py:190} INFO - [2025-08-17T14:52:01.184+0000] {dag.py:4138} INFO - Setting next_dagrun for example_sensors to None, run_after=None
[2025-08-17T14:52:01.201+0000] {processor.py:208} INFO - Processing /home/airflow/.local/lib/python3.12/site-packages/airflow/example_dags/example_sensors.py took 0.066 seconds
[2025-08-17T14:52:31.416+0000] {processor.py:186} INFO - Started process (PID=482) to work on /home/airflow/.local/lib/python3.12/site-packages/airflow/example_dags/example_sensors.py
[2025-08-17T14:52:31.418+0000] {processor.py:914} INFO - Processing file /home/airflow/.local/lib/python3.12/site-packages/airflow/example_dags/example_sensors.py for tasks to queue
[2025-08-17T14:52:31.421+0000] {logging_mixin.py:190} INFO - [2025-08-17T14:52:31.420+0000] {dagbag.py:587} INFO - Filling up the DagBag from /home/airflow/.local/lib/python3.12/site-packages/airflow/example_dags/example_sensors.py
[2025-08-17T14:52:31.429+0000] {processor.py:925} INFO - DAG(s) 'example_sensors' retrieved from /home/airflow/.local/lib/python3.12/site-packages/airflow/example_dags/example_sensors.py
[2025-08-17T14:52:31.451+0000] {logging_mixin.py:190} INFO - [2025-08-17T14:52:31.450+0000] {dag.py:3211} INFO - Sync 1 DAGs
[2025-08-17T14:52:31.462+0000] {logging_mixin.py:190} INFO - [2025-08-17T14:52:31.461+0000] {dag.py:4138} INFO - Setting next_dagrun for example_sensors to None, run_after=None
[2025-08-17T14:52:31.477+0000] {processor.py:208} INFO - Processing /home/airflow/.local/lib/python3.12/site-packages/airflow/example_dags/example_sensors.py took 0.065 seconds
[2025-08-17T14:53:01.550+0000] {processor.py:186} INFO - Started process (PID=543) to work on /home/airflow/.local/lib/python3.12/site-packages/airflow/example_dags/example_sensors.py
[2025-08-17T14:53:01.552+0000] {processor.py:914} INFO - Processing file /home/airflow/.local/lib/python3.12/site-packages/airflow/example_dags/example_sensors.py for tasks to queue
[2025-08-17T14:53:01.556+0000] {logging_mixin.py:190} INFO - [2025-08-17T14:53:01.555+0000] {dagbag.py:587} INFO - Filling up the DagBag from /home/airflow/.local/lib/python3.12/site-packages/airflow/example_dags/example_sensors.py
[2025-08-17T14:53:01.567+0000] {processor.py:925} INFO - DAG(s) 'example_sensors' retrieved from /home/airflow/.local/lib/python3.12/site-packages/airflow/example_dags/example_sensors.py
[2025-08-17T14:53:01.591+0000] {logging_mixin.py:190} INFO - [2025-08-17T14:53:01.591+0000] {dag.py:3211} INFO - Sync 1 DAGs
[2025-08-17T14:53:01.604+0000] {logging_mixin.py:190} INFO - [2025-08-17T14:53:01.604+0000] {dag.py:4138} INFO - Setting next_dagrun for example_sensors to None, run_after=None
[2025-08-17T14:53:01.621+0000] {processor.py:208} INFO - Processing /home/airflow/.local/lib/python3.12/site-packages/airflow/example_dags/example_sensors.py took 0.079 seconds
[2025-08-17T14:53:32.672+0000] {processor.py:186} INFO - Started process (PID=606) to work on /home/airflow/.local/lib/python3.12/site-packages/airflow/example_dags/example_sensors.py
[2025-08-17T14:53:32.674+0000] {processor.py:914} INFO - Processing file /home/airflow/.local/lib/python3.12/site-packages/airflow/example_dags/example_sensors.py for tasks to queue
[2025-08-17T14:53:32.677+0000] {logging_mixin.py:190} INFO - [2025-08-17T14:53:32.677+0000] {dagbag.py:587} INFO - Filling up the DagBag from /home/airflow/.local/lib/python3.12/site-packages/airflow/example_dags/example_sensors.py
[2025-08-17T14:53:32.691+0000] {processor.py:925} INFO - DAG(s) 'example_sensors' retrieved from /home/airflow/.local/lib/python3.12/site-packages/airflow/example_dags/example_sensors.py
[2025-08-17T14:53:32.724+0000] {logging_mixin.py:190} INFO - [2025-08-17T14:53:32.724+0000] {dag.py:3211} INFO - Sync 1 DAGs
[2025-08-17T14:53:32.743+0000] {logging_mixin.py:190} INFO - [2025-08-17T14:53:32.743+0000] {dag.py:4138} INFO - Setting next_dagrun for example_sensors to None, run_after=None
[2025-08-17T14:53:32.766+0000] {processor.py:208} INFO - Processing /home/airflow/.local/lib/python3.12/site-packages/airflow/example_dags/example_sensors.py took 0.100 seconds
[2025-08-17T14:54:03.378+0000] {processor.py:186} INFO - Started process (PID=668) to work on /home/airflow/.local/lib/python3.12/site-packages/airflow/example_dags/example_sensors.py
[2025-08-17T14:54:03.380+0000] {processor.py:914} INFO - Processing file /home/airflow/.local/lib/python3.12/site-packages/airflow/example_dags/example_sensors.py for tasks to queue
[2025-08-17T14:54:03.383+0000] {logging_mixin.py:190} INFO - [2025-08-17T14:54:03.382+0000] {dagbag.py:587} INFO - Filling up the DagBag from /home/airflow/.local/lib/python3.12/site-packages/airflow/example_dags/example_sensors.py
[2025-08-17T14:54:03.395+0000] {processor.py:925} INFO - DAG(s) 'example_sensors' retrieved from /home/airflow/.local/lib/python3.12/site-packages/airflow/example_dags/example_sensors.py
[2025-08-17T14:54:03.424+0000] {logging_mixin.py:190} INFO - [2025-08-17T14:54:03.424+0000] {dag.py:3211} INFO - Sync 1 DAGs
[2025-08-17T14:54:03.438+0000] {logging_mixin.py:190} INFO - [2025-08-17T14:54:03.438+0000] {dag.py:4138} INFO - Setting next_dagrun for example_sensors to None, run_after=None
[2025-08-17T14:54:03.461+0000] {processor.py:208} INFO - Processing /home/airflow/.local/lib/python3.12/site-packages/airflow/example_dags/example_sensors.py took 0.090 seconds
[2025-08-17T14:54:34.264+0000] {processor.py:186} INFO - Started process (PID=730) to work on /home/airflow/.local/lib/python3.12/site-packages/airflow/example_dags/example_sensors.py
[2025-08-17T14:54:34.266+0000] {processor.py:914} INFO - Processing file /home/airflow/.local/lib/python3.12/site-packages/airflow/example_dags/example_sensors.py for tasks to queue
[2025-08-17T14:54:34.268+0000] {logging_mixin.py:190} INFO - [2025-08-17T14:54:34.268+0000] {dagbag.py:587} INFO - Filling up the DagBag from /home/airflow/.local/lib/python3.12/site-packages/airflow/example_dags/example_sensors.py
[2025-08-17T14:54:34.276+0000] {processor.py:925} INFO - DAG(s) 'example_sensors' retrieved from /home/airflow/.local/lib/python3.12/site-packages/airflow/example_dags/example_sensors.py
[2025-08-17T14:54:34.298+0000] {logging_mixin.py:190} INFO - [2025-08-17T14:54:34.297+0000] {dag.py:3211} INFO - Sync 1 DAGs
[2025-08-17T14:54:34.308+0000] {logging_mixin.py:190} INFO - [2025-08-17T14:54:34.308+0000] {dag.py:4138} INFO - Setting next_dagrun for example_sensors to None, run_after=None
[2025-08-17T14:54:34.323+0000] {processor.py:208} INFO - Processing /home/airflow/.local/lib/python3.12/site-packages/airflow/example_dags/example_sensors.py took 0.064 seconds
