[2025-08-17T14:49:25.123+0000] {processor.py:186} INFO - Started process (PID=92) to work on /home/airflow/.local/lib/python3.12/site-packages/airflow/example_dags/example_bash_decorator.py
[2025-08-17T14:49:25.125+0000] {processor.py:914} INFO - Processing file /home/airflow/.local/lib/python3.12/site-packages/airflow/example_dags/example_bash_decorator.py for tasks to queue
[2025-08-17T14:49:25.129+0000] {logging_mixin.py:190} INFO - [2025-08-17T14:49:25.128+0000] {dagbag.py:587} INFO - Filling up the DagBag from /home/airflow/.local/lib/python3.12/site-packages/airflow/example_dags/example_bash_decorator.py
[2025-08-17T14:49:25.145+0000] {processor.py:925} INFO - DAG(s) 'example_bash_decorator' retrieved from /home/airflow/.local/lib/python3.12/site-packages/airflow/example_dags/example_bash_decorator.py
[2025-08-17T14:49:25.239+0000] {logging_mixin.py:190} INFO - [2025-08-17T14:49:25.238+0000] {override.py:1858} INFO - Created Permission View: can read on DAG:example_bash_decorator
[2025-08-17T14:49:25.248+0000] {logging_mixin.py:190} INFO - [2025-08-17T14:49:25.248+0000] {override.py:1858} INFO - Created Permission View: can delete on DAG:example_bash_decorator
[2025-08-17T14:49:25.257+0000] {logging_mixin.py:190} INFO - [2025-08-17T14:49:25.257+0000] {override.py:1858} INFO - Created Permission View: can edit on DAG:example_bash_decorator
[2025-08-17T14:49:25.258+0000] {logging_mixin.py:190} INFO - [2025-08-17T14:49:25.258+0000] {dag.py:3211} INFO - Sync 1 DAGs
[2025-08-17T14:49:25.268+0000] {logging_mixin.py:190} INFO - [2025-08-17T14:49:25.268+0000] {dag.py:3234} INFO - Creating ORM DAG for example_bash_decorator
[2025-08-17T14:49:25.269+0000] {logging_mixin.py:190} INFO - [2025-08-17T14:49:25.269+0000] {dag.py:4138} INFO - Setting next_dagrun for example_bash_decorator to None, run_after=None
[2025-08-17T14:49:25.282+0000] {processor.py:208} INFO - Processing /home/airflow/.local/lib/python3.12/site-packages/airflow/example_dags/example_bash_decorator.py took 0.164 seconds
[2025-08-17T14:49:55.592+0000] {processor.py:186} INFO - Started process (PID=154) to work on /home/airflow/.local/lib/python3.12/site-packages/airflow/example_dags/example_bash_decorator.py
[2025-08-17T14:49:55.593+0000] {processor.py:914} INFO - Processing file /home/airflow/.local/lib/python3.12/site-packages/airflow/example_dags/example_bash_decorator.py for tasks to queue
[2025-08-17T14:49:55.596+0000] {logging_mixin.py:190} INFO - [2025-08-17T14:49:55.595+0000] {dagbag.py:587} INFO - Filling up the DagBag from /home/airflow/.local/lib/python3.12/site-packages/airflow/example_dags/example_bash_decorator.py
[2025-08-17T14:49:55.610+0000] {processor.py:925} INFO - DAG(s) 'example_bash_decorator' retrieved from /home/airflow/.local/lib/python3.12/site-packages/airflow/example_dags/example_bash_decorator.py
[2025-08-17T14:49:55.632+0000] {logging_mixin.py:190} INFO - [2025-08-17T14:49:55.632+0000] {dag.py:3211} INFO - Sync 1 DAGs
[2025-08-17T14:49:55.647+0000] {logging_mixin.py:190} INFO - [2025-08-17T14:49:55.647+0000] {dag.py:4138} INFO - Setting next_dagrun for example_bash_decorator to None, run_after=None
[2025-08-17T14:49:55.667+0000] {processor.py:208} INFO - Processing /home/airflow/.local/lib/python3.12/site-packages/airflow/example_dags/example_bash_decorator.py took 0.081 seconds
[2025-08-17T14:50:25.821+0000] {processor.py:186} INFO - Started process (PID=216) to work on /home/airflow/.local/lib/python3.12/site-packages/airflow/example_dags/example_bash_decorator.py
[2025-08-17T14:50:25.822+0000] {processor.py:914} INFO - Processing file /home/airflow/.local/lib/python3.12/site-packages/airflow/example_dags/example_bash_decorator.py for tasks to queue
[2025-08-17T14:50:25.825+0000] {logging_mixin.py:190} INFO - [2025-08-17T14:50:25.824+0000] {dagbag.py:587} INFO - Filling up the DagBag from /home/airflow/.local/lib/python3.12/site-packages/airflow/example_dags/example_bash_decorator.py
[2025-08-17T14:50:25.835+0000] {processor.py:925} INFO - DAG(s) 'example_bash_decorator' retrieved from /home/airflow/.local/lib/python3.12/site-packages/airflow/example_dags/example_bash_decorator.py
[2025-08-17T14:50:25.853+0000] {logging_mixin.py:190} INFO - [2025-08-17T14:50:25.853+0000] {dag.py:3211} INFO - Sync 1 DAGs
[2025-08-17T14:50:25.863+0000] {logging_mixin.py:190} INFO - [2025-08-17T14:50:25.863+0000] {dag.py:4138} INFO - Setting next_dagrun for example_bash_decorator to None, run_after=None
[2025-08-17T14:50:25.878+0000] {processor.py:208} INFO - Processing /home/airflow/.local/lib/python3.12/site-packages/airflow/example_dags/example_bash_decorator.py took 0.061 seconds
[2025-08-17T14:50:56.264+0000] {processor.py:186} INFO - Started process (PID=277) to work on /home/airflow/.local/lib/python3.12/site-packages/airflow/example_dags/example_bash_decorator.py
[2025-08-17T14:50:56.265+0000] {processor.py:914} INFO - Processing file /home/airflow/.local/lib/python3.12/site-packages/airflow/example_dags/example_bash_decorator.py for tasks to queue
[2025-08-17T14:50:56.268+0000] {logging_mixin.py:190} INFO - [2025-08-17T14:50:56.267+0000] {dagbag.py:587} INFO - Filling up the DagBag from /home/airflow/.local/lib/python3.12/site-packages/airflow/example_dags/example_bash_decorator.py
[2025-08-17T14:50:56.278+0000] {processor.py:925} INFO - DAG(s) 'example_bash_decorator' retrieved from /home/airflow/.local/lib/python3.12/site-packages/airflow/example_dags/example_bash_decorator.py
[2025-08-17T14:50:56.300+0000] {logging_mixin.py:190} INFO - [2025-08-17T14:50:56.299+0000] {dag.py:3211} INFO - Sync 1 DAGs
[2025-08-17T14:50:56.310+0000] {logging_mixin.py:190} INFO - [2025-08-17T14:50:56.310+0000] {dag.py:4138} INFO - Setting next_dagrun for example_bash_decorator to None, run_after=None
[2025-08-17T14:50:56.324+0000] {processor.py:208} INFO - Processing /home/airflow/.local/lib/python3.12/site-packages/airflow/example_dags/example_bash_decorator.py took 0.065 seconds
[2025-08-17T14:51:27.051+0000] {processor.py:186} INFO - Started process (PID=340) to work on /home/airflow/.local/lib/python3.12/site-packages/airflow/example_dags/example_bash_decorator.py
[2025-08-17T14:51:27.052+0000] {processor.py:914} INFO - Processing file /home/airflow/.local/lib/python3.12/site-packages/airflow/example_dags/example_bash_decorator.py for tasks to queue
[2025-08-17T14:51:27.054+0000] {logging_mixin.py:190} INFO - [2025-08-17T14:51:27.054+0000] {dagbag.py:587} INFO - Filling up the DagBag from /home/airflow/.local/lib/python3.12/site-packages/airflow/example_dags/example_bash_decorator.py
[2025-08-17T14:51:27.065+0000] {processor.py:925} INFO - DAG(s) 'example_bash_decorator' retrieved from /home/airflow/.local/lib/python3.12/site-packages/airflow/example_dags/example_bash_decorator.py
[2025-08-17T14:51:27.082+0000] {logging_mixin.py:190} INFO - [2025-08-17T14:51:27.082+0000] {dag.py:3211} INFO - Sync 1 DAGs
[2025-08-17T14:51:27.091+0000] {logging_mixin.py:190} INFO - [2025-08-17T14:51:27.091+0000] {dag.py:4138} INFO - Setting next_dagrun for example_bash_decorator to None, run_after=None
[2025-08-17T14:51:27.107+0000] {processor.py:208} INFO - Processing /home/airflow/.local/lib/python3.12/site-packages/airflow/example_dags/example_bash_decorator.py took 0.061 seconds
[2025-08-17T14:51:58.065+0000] {processor.py:186} INFO - Started process (PID=402) to work on /home/airflow/.local/lib/python3.12/site-packages/airflow/example_dags/example_bash_decorator.py
[2025-08-17T14:51:58.066+0000] {processor.py:914} INFO - Processing file /home/airflow/.local/lib/python3.12/site-packages/airflow/example_dags/example_bash_decorator.py for tasks to queue
[2025-08-17T14:51:58.068+0000] {logging_mixin.py:190} INFO - [2025-08-17T14:51:58.068+0000] {dagbag.py:587} INFO - Filling up the DagBag from /home/airflow/.local/lib/python3.12/site-packages/airflow/example_dags/example_bash_decorator.py
[2025-08-17T14:51:58.081+0000] {processor.py:925} INFO - DAG(s) 'example_bash_decorator' retrieved from /home/airflow/.local/lib/python3.12/site-packages/airflow/example_dags/example_bash_decorator.py
[2025-08-17T14:51:58.099+0000] {logging_mixin.py:190} INFO - [2025-08-17T14:51:58.099+0000] {dag.py:3211} INFO - Sync 1 DAGs
[2025-08-17T14:51:58.111+0000] {logging_mixin.py:190} INFO - [2025-08-17T14:51:58.111+0000] {dag.py:4138} INFO - Setting next_dagrun for example_bash_decorator to None, run_after=None
[2025-08-17T14:51:58.126+0000] {processor.py:208} INFO - Processing /home/airflow/.local/lib/python3.12/site-packages/airflow/example_dags/example_bash_decorator.py took 0.066 seconds
[2025-08-17T14:52:29.052+0000] {processor.py:186} INFO - Started process (PID=464) to work on /home/airflow/.local/lib/python3.12/site-packages/airflow/example_dags/example_bash_decorator.py
[2025-08-17T14:52:29.053+0000] {processor.py:914} INFO - Processing file /home/airflow/.local/lib/python3.12/site-packages/airflow/example_dags/example_bash_decorator.py for tasks to queue
[2025-08-17T14:52:29.055+0000] {logging_mixin.py:190} INFO - [2025-08-17T14:52:29.055+0000] {dagbag.py:587} INFO - Filling up the DagBag from /home/airflow/.local/lib/python3.12/site-packages/airflow/example_dags/example_bash_decorator.py
[2025-08-17T14:52:29.068+0000] {processor.py:925} INFO - DAG(s) 'example_bash_decorator' retrieved from /home/airflow/.local/lib/python3.12/site-packages/airflow/example_dags/example_bash_decorator.py
[2025-08-17T14:52:29.091+0000] {logging_mixin.py:190} INFO - [2025-08-17T14:52:29.090+0000] {dag.py:3211} INFO - Sync 1 DAGs
[2025-08-17T14:52:29.110+0000] {logging_mixin.py:190} INFO - [2025-08-17T14:52:29.110+0000] {dag.py:4138} INFO - Setting next_dagrun for example_bash_decorator to None, run_after=None
[2025-08-17T14:52:29.129+0000] {processor.py:208} INFO - Processing /home/airflow/.local/lib/python3.12/site-packages/airflow/example_dags/example_bash_decorator.py took 0.082 seconds
[2025-08-17T14:52:59.420+0000] {processor.py:186} INFO - Started process (PID=526) to work on /home/airflow/.local/lib/python3.12/site-packages/airflow/example_dags/example_bash_decorator.py
[2025-08-17T14:52:59.422+0000] {processor.py:914} INFO - Processing file /home/airflow/.local/lib/python3.12/site-packages/airflow/example_dags/example_bash_decorator.py for tasks to queue
[2025-08-17T14:52:59.424+0000] {logging_mixin.py:190} INFO - [2025-08-17T14:52:59.424+0000] {dagbag.py:587} INFO - Filling up the DagBag from /home/airflow/.local/lib/python3.12/site-packages/airflow/example_dags/example_bash_decorator.py
[2025-08-17T14:52:59.439+0000] {processor.py:925} INFO - DAG(s) 'example_bash_decorator' retrieved from /home/airflow/.local/lib/python3.12/site-packages/airflow/example_dags/example_bash_decorator.py
[2025-08-17T14:52:59.459+0000] {logging_mixin.py:190} INFO - [2025-08-17T14:52:59.458+0000] {dag.py:3211} INFO - Sync 1 DAGs
[2025-08-17T14:52:59.471+0000] {logging_mixin.py:190} INFO - [2025-08-17T14:52:59.470+0000] {dag.py:4138} INFO - Setting next_dagrun for example_bash_decorator to None, run_after=None
[2025-08-17T14:52:59.487+0000] {processor.py:208} INFO - Processing /home/airflow/.local/lib/python3.12/site-packages/airflow/example_dags/example_bash_decorator.py took 0.072 seconds
[2025-08-17T14:53:30.234+0000] {processor.py:186} INFO - Started process (PID=588) to work on /home/airflow/.local/lib/python3.12/site-packages/airflow/example_dags/example_bash_decorator.py
[2025-08-17T14:53:30.236+0000] {processor.py:914} INFO - Processing file /home/airflow/.local/lib/python3.12/site-packages/airflow/example_dags/example_bash_decorator.py for tasks to queue
[2025-08-17T14:53:30.240+0000] {logging_mixin.py:190} INFO - [2025-08-17T14:53:30.240+0000] {dagbag.py:587} INFO - Filling up the DagBag from /home/airflow/.local/lib/python3.12/site-packages/airflow/example_dags/example_bash_decorator.py
[2025-08-17T14:53:30.256+0000] {processor.py:925} INFO - DAG(s) 'example_bash_decorator' retrieved from /home/airflow/.local/lib/python3.12/site-packages/airflow/example_dags/example_bash_decorator.py
[2025-08-17T14:53:30.282+0000] {logging_mixin.py:190} INFO - [2025-08-17T14:53:30.282+0000] {dag.py:3211} INFO - Sync 1 DAGs
[2025-08-17T14:53:30.299+0000] {logging_mixin.py:190} INFO - [2025-08-17T14:53:30.299+0000] {dag.py:4138} INFO - Setting next_dagrun for example_bash_decorator to None, run_after=None
[2025-08-17T14:53:30.325+0000] {processor.py:208} INFO - Processing /home/airflow/.local/lib/python3.12/site-packages/airflow/example_dags/example_bash_decorator.py took 0.098 seconds
[2025-08-17T14:54:00.437+0000] {processor.py:186} INFO - Started process (PID=650) to work on /home/airflow/.local/lib/python3.12/site-packages/airflow/example_dags/example_bash_decorator.py
[2025-08-17T14:54:00.440+0000] {processor.py:914} INFO - Processing file /home/airflow/.local/lib/python3.12/site-packages/airflow/example_dags/example_bash_decorator.py for tasks to queue
[2025-08-17T14:54:00.443+0000] {logging_mixin.py:190} INFO - [2025-08-17T14:54:00.443+0000] {dagbag.py:587} INFO - Filling up the DagBag from /home/airflow/.local/lib/python3.12/site-packages/airflow/example_dags/example_bash_decorator.py
[2025-08-17T14:54:00.458+0000] {processor.py:925} INFO - DAG(s) 'example_bash_decorator' retrieved from /home/airflow/.local/lib/python3.12/site-packages/airflow/example_dags/example_bash_decorator.py
[2025-08-17T14:54:00.485+0000] {logging_mixin.py:190} INFO - [2025-08-17T14:54:00.484+0000] {dag.py:3211} INFO - Sync 1 DAGs
[2025-08-17T14:54:00.498+0000] {logging_mixin.py:190} INFO - [2025-08-17T14:54:00.498+0000] {dag.py:4138} INFO - Setting next_dagrun for example_bash_decorator to None, run_after=None
[2025-08-17T14:54:00.521+0000] {processor.py:208} INFO - Processing /home/airflow/.local/lib/python3.12/site-packages/airflow/example_dags/example_bash_decorator.py took 0.089 seconds
[2025-08-17T14:54:31.319+0000] {processor.py:186} INFO - Started process (PID=712) to work on /home/airflow/.local/lib/python3.12/site-packages/airflow/example_dags/example_bash_decorator.py
[2025-08-17T14:54:31.320+0000] {processor.py:914} INFO - Processing file /home/airflow/.local/lib/python3.12/site-packages/airflow/example_dags/example_bash_decorator.py for tasks to queue
[2025-08-17T14:54:31.323+0000] {logging_mixin.py:190} INFO - [2025-08-17T14:54:31.322+0000] {dagbag.py:587} INFO - Filling up the DagBag from /home/airflow/.local/lib/python3.12/site-packages/airflow/example_dags/example_bash_decorator.py
[2025-08-17T14:54:31.335+0000] {processor.py:925} INFO - DAG(s) 'example_bash_decorator' retrieved from /home/airflow/.local/lib/python3.12/site-packages/airflow/example_dags/example_bash_decorator.py
[2025-08-17T14:54:31.355+0000] {logging_mixin.py:190} INFO - [2025-08-17T14:54:31.355+0000] {dag.py:3211} INFO - Sync 1 DAGs
[2025-08-17T14:54:31.368+0000] {logging_mixin.py:190} INFO - [2025-08-17T14:54:31.368+0000] {dag.py:4138} INFO - Setting next_dagrun for example_bash_decorator to None, run_after=None
[2025-08-17T14:54:31.382+0000] {processor.py:208} INFO - Processing /home/airflow/.local/lib/python3.12/site-packages/airflow/example_dags/example_bash_decorator.py took 0.070 seconds
