[2025-08-17T14:49:20.853+0000] {processor.py:186} INFO - Started process (PID=61) to work on /home/airflow/.local/lib/python3.12/site-packages/airflow/example_dags/example_inlet_event_extra.py
[2025-08-17T14:49:20.855+0000] {processor.py:914} INFO - Processing file /home/airflow/.local/lib/python3.12/site-packages/airflow/example_dags/example_inlet_event_extra.py for tasks to queue
[2025-08-17T14:49:20.858+0000] {logging_mixin.py:190} INFO - [2025-08-17T14:49:20.858+0000] {dagbag.py:587} INFO - Filling up the DagBag from /home/airflow/.local/lib/python3.12/site-packages/airflow/example_dags/example_inlet_event_extra.py
[2025-08-17T14:49:21.042+0000] {processor.py:925} INFO - DAG(s) 'read_dataset_event', 'read_dataset_event_from_classic' retrieved from /home/airflow/.local/lib/python3.12/site-packages/airflow/example_dags/example_inlet_event_extra.py
[2025-08-17T14:49:21.169+0000] {logging_mixin.py:190} INFO - [2025-08-17T14:49:21.168+0000] {override.py:1858} INFO - Created Permission View: can read on DAG:read_dataset_event
[2025-08-17T14:49:21.188+0000] {logging_mixin.py:190} INFO - [2025-08-17T14:49:21.188+0000] {override.py:1858} INFO - Created Permission View: can delete on DAG:read_dataset_event
[2025-08-17T14:49:21.199+0000] {logging_mixin.py:190} INFO - [2025-08-17T14:49:21.199+0000] {override.py:1858} INFO - Created Permission View: can edit on DAG:read_dataset_event
[2025-08-17T14:49:21.217+0000] {logging_mixin.py:190} INFO - [2025-08-17T14:49:21.216+0000] {override.py:1858} INFO - Created Permission View: can read on DAG:read_dataset_event_from_classic
[2025-08-17T14:49:21.227+0000] {logging_mixin.py:190} INFO - [2025-08-17T14:49:21.227+0000] {override.py:1858} INFO - Created Permission View: can delete on DAG:read_dataset_event_from_classic
[2025-08-17T14:49:21.236+0000] {logging_mixin.py:190} INFO - [2025-08-17T14:49:21.236+0000] {override.py:1858} INFO - Created Permission View: can edit on DAG:read_dataset_event_from_classic
[2025-08-17T14:49:21.237+0000] {logging_mixin.py:190} INFO - [2025-08-17T14:49:21.237+0000] {dag.py:3211} INFO - Sync 2 DAGs
[2025-08-17T14:49:21.252+0000] {logging_mixin.py:190} INFO - [2025-08-17T14:49:21.252+0000] {dag.py:3234} INFO - Creating ORM DAG for read_dataset_event_from_classic
[2025-08-17T14:49:21.254+0000] {logging_mixin.py:190} INFO - [2025-08-17T14:49:21.254+0000] {dag.py:3234} INFO - Creating ORM DAG for read_dataset_event
[2025-08-17T14:49:21.266+0000] {logging_mixin.py:190} INFO - [2025-08-17T14:49:21.266+0000] {dag.py:4138} INFO - Setting next_dagrun for read_dataset_event to 2025-08-16 00:00:00+00:00, run_after=2025-08-17 00:00:00+00:00
[2025-08-17T14:49:21.269+0000] {logging_mixin.py:190} INFO - [2025-08-17T14:49:21.268+0000] {dag.py:4138} INFO - Setting next_dagrun for read_dataset_event_from_classic to 2025-08-16 00:00:00+00:00, run_after=2025-08-17 00:00:00+00:00
[2025-08-17T14:49:21.292+0000] {processor.py:208} INFO - Processing /home/airflow/.local/lib/python3.12/site-packages/airflow/example_dags/example_inlet_event_extra.py took 0.446 seconds
[2025-08-17T14:49:51.345+0000] {processor.py:186} INFO - Started process (PID=123) to work on /home/airflow/.local/lib/python3.12/site-packages/airflow/example_dags/example_inlet_event_extra.py
[2025-08-17T14:49:51.346+0000] {processor.py:914} INFO - Processing file /home/airflow/.local/lib/python3.12/site-packages/airflow/example_dags/example_inlet_event_extra.py for tasks to queue
[2025-08-17T14:49:51.348+0000] {logging_mixin.py:190} INFO - [2025-08-17T14:49:51.347+0000] {dagbag.py:587} INFO - Filling up the DagBag from /home/airflow/.local/lib/python3.12/site-packages/airflow/example_dags/example_inlet_event_extra.py
[2025-08-17T14:49:51.433+0000] {processor.py:925} INFO - DAG(s) 'read_dataset_event_from_classic', 'read_dataset_event' retrieved from /home/airflow/.local/lib/python3.12/site-packages/airflow/example_dags/example_inlet_event_extra.py
[2025-08-17T14:49:51.450+0000] {logging_mixin.py:190} INFO - [2025-08-17T14:49:51.450+0000] {dag.py:3211} INFO - Sync 2 DAGs
[2025-08-17T14:49:51.466+0000] {logging_mixin.py:190} INFO - [2025-08-17T14:49:51.466+0000] {dag.py:4138} INFO - Setting next_dagrun for read_dataset_event to 2025-08-16 00:00:00+00:00, run_after=2025-08-17 00:00:00+00:00
[2025-08-17T14:49:51.469+0000] {logging_mixin.py:190} INFO - [2025-08-17T14:49:51.469+0000] {dag.py:4138} INFO - Setting next_dagrun for read_dataset_event_from_classic to 2025-08-16 00:00:00+00:00, run_after=2025-08-17 00:00:00+00:00
[2025-08-17T14:49:51.483+0000] {processor.py:208} INFO - Processing /home/airflow/.local/lib/python3.12/site-packages/airflow/example_dags/example_inlet_event_extra.py took 0.143 seconds
[2025-08-17T14:50:22.181+0000] {processor.py:186} INFO - Started process (PID=185) to work on /home/airflow/.local/lib/python3.12/site-packages/airflow/example_dags/example_inlet_event_extra.py
[2025-08-17T14:50:22.182+0000] {processor.py:914} INFO - Processing file /home/airflow/.local/lib/python3.12/site-packages/airflow/example_dags/example_inlet_event_extra.py for tasks to queue
[2025-08-17T14:50:22.184+0000] {logging_mixin.py:190} INFO - [2025-08-17T14:50:22.184+0000] {dagbag.py:587} INFO - Filling up the DagBag from /home/airflow/.local/lib/python3.12/site-packages/airflow/example_dags/example_inlet_event_extra.py
[2025-08-17T14:50:22.298+0000] {processor.py:925} INFO - DAG(s) 'read_dataset_event', 'read_dataset_event_from_classic' retrieved from /home/airflow/.local/lib/python3.12/site-packages/airflow/example_dags/example_inlet_event_extra.py
[2025-08-17T14:50:22.318+0000] {logging_mixin.py:190} INFO - [2025-08-17T14:50:22.317+0000] {dag.py:3211} INFO - Sync 2 DAGs
[2025-08-17T14:50:22.339+0000] {logging_mixin.py:190} INFO - [2025-08-17T14:50:22.339+0000] {dag.py:4138} INFO - Setting next_dagrun for read_dataset_event to 2025-08-16 00:00:00+00:00, run_after=2025-08-17 00:00:00+00:00
[2025-08-17T14:50:22.343+0000] {logging_mixin.py:190} INFO - [2025-08-17T14:50:22.343+0000] {dag.py:4138} INFO - Setting next_dagrun for read_dataset_event_from_classic to 2025-08-16 00:00:00+00:00, run_after=2025-08-17 00:00:00+00:00
[2025-08-17T14:50:22.356+0000] {processor.py:208} INFO - Processing /home/airflow/.local/lib/python3.12/site-packages/airflow/example_dags/example_inlet_event_extra.py took 0.180 seconds
[2025-08-17T14:50:52.854+0000] {processor.py:186} INFO - Started process (PID=253) to work on /home/airflow/.local/lib/python3.12/site-packages/airflow/example_dags/example_inlet_event_extra.py
[2025-08-17T14:50:52.856+0000] {processor.py:914} INFO - Processing file /home/airflow/.local/lib/python3.12/site-packages/airflow/example_dags/example_inlet_event_extra.py for tasks to queue
[2025-08-17T14:50:52.858+0000] {logging_mixin.py:190} INFO - [2025-08-17T14:50:52.858+0000] {dagbag.py:587} INFO - Filling up the DagBag from /home/airflow/.local/lib/python3.12/site-packages/airflow/example_dags/example_inlet_event_extra.py
[2025-08-17T14:50:52.965+0000] {processor.py:925} INFO - DAG(s) 'read_dataset_event_from_classic', 'read_dataset_event' retrieved from /home/airflow/.local/lib/python3.12/site-packages/airflow/example_dags/example_inlet_event_extra.py
[2025-08-17T14:50:52.982+0000] {logging_mixin.py:190} INFO - [2025-08-17T14:50:52.982+0000] {dag.py:3211} INFO - Sync 2 DAGs
[2025-08-17T14:50:53.001+0000] {logging_mixin.py:190} INFO - [2025-08-17T14:50:53.001+0000] {dag.py:4138} INFO - Setting next_dagrun for read_dataset_event to 2025-08-16 00:00:00+00:00, run_after=2025-08-17 00:00:00+00:00
[2025-08-17T14:50:53.005+0000] {logging_mixin.py:190} INFO - [2025-08-17T14:50:53.005+0000] {dag.py:4138} INFO - Setting next_dagrun for read_dataset_event_from_classic to 2025-08-16 00:00:00+00:00, run_after=2025-08-17 00:00:00+00:00
[2025-08-17T14:50:53.017+0000] {processor.py:208} INFO - Processing /home/airflow/.local/lib/python3.12/site-packages/airflow/example_dags/example_inlet_event_extra.py took 0.168 seconds
[2025-08-17T14:51:23.413+0000] {processor.py:186} INFO - Started process (PID=315) to work on /home/airflow/.local/lib/python3.12/site-packages/airflow/example_dags/example_inlet_event_extra.py
[2025-08-17T14:51:23.417+0000] {processor.py:914} INFO - Processing file /home/airflow/.local/lib/python3.12/site-packages/airflow/example_dags/example_inlet_event_extra.py for tasks to queue
[2025-08-17T14:51:23.422+0000] {logging_mixin.py:190} INFO - [2025-08-17T14:51:23.422+0000] {dagbag.py:587} INFO - Filling up the DagBag from /home/airflow/.local/lib/python3.12/site-packages/airflow/example_dags/example_inlet_event_extra.py
[2025-08-17T14:51:23.523+0000] {processor.py:925} INFO - DAG(s) 'read_dataset_event', 'read_dataset_event_from_classic' retrieved from /home/airflow/.local/lib/python3.12/site-packages/airflow/example_dags/example_inlet_event_extra.py
[2025-08-17T14:51:23.539+0000] {logging_mixin.py:190} INFO - [2025-08-17T14:51:23.539+0000] {dag.py:3211} INFO - Sync 2 DAGs
[2025-08-17T14:51:23.555+0000] {logging_mixin.py:190} INFO - [2025-08-17T14:51:23.554+0000] {dag.py:4138} INFO - Setting next_dagrun for read_dataset_event to 2025-08-16 00:00:00+00:00, run_after=2025-08-17 00:00:00+00:00
[2025-08-17T14:51:23.558+0000] {logging_mixin.py:190} INFO - [2025-08-17T14:51:23.558+0000] {dag.py:4138} INFO - Setting next_dagrun for read_dataset_event_from_classic to 2025-08-16 00:00:00+00:00, run_after=2025-08-17 00:00:00+00:00
[2025-08-17T14:51:23.570+0000] {processor.py:208} INFO - Processing /home/airflow/.local/lib/python3.12/site-packages/airflow/example_dags/example_inlet_event_extra.py took 0.162 seconds
[2025-08-17T14:51:54.280+0000] {processor.py:186} INFO - Started process (PID=377) to work on /home/airflow/.local/lib/python3.12/site-packages/airflow/example_dags/example_inlet_event_extra.py
[2025-08-17T14:51:54.282+0000] {processor.py:914} INFO - Processing file /home/airflow/.local/lib/python3.12/site-packages/airflow/example_dags/example_inlet_event_extra.py for tasks to queue
[2025-08-17T14:51:54.284+0000] {logging_mixin.py:190} INFO - [2025-08-17T14:51:54.284+0000] {dagbag.py:587} INFO - Filling up the DagBag from /home/airflow/.local/lib/python3.12/site-packages/airflow/example_dags/example_inlet_event_extra.py
[2025-08-17T14:51:54.379+0000] {processor.py:925} INFO - DAG(s) 'read_dataset_event', 'read_dataset_event_from_classic' retrieved from /home/airflow/.local/lib/python3.12/site-packages/airflow/example_dags/example_inlet_event_extra.py
[2025-08-17T14:51:54.398+0000] {logging_mixin.py:190} INFO - [2025-08-17T14:51:54.398+0000] {dag.py:3211} INFO - Sync 2 DAGs
[2025-08-17T14:51:54.415+0000] {logging_mixin.py:190} INFO - [2025-08-17T14:51:54.415+0000] {dag.py:4138} INFO - Setting next_dagrun for read_dataset_event to 2025-08-16 00:00:00+00:00, run_after=2025-08-17 00:00:00+00:00
[2025-08-17T14:51:54.419+0000] {logging_mixin.py:190} INFO - [2025-08-17T14:51:54.419+0000] {dag.py:4138} INFO - Setting next_dagrun for read_dataset_event_from_classic to 2025-08-16 00:00:00+00:00, run_after=2025-08-17 00:00:00+00:00
[2025-08-17T14:51:54.435+0000] {processor.py:208} INFO - Processing /home/airflow/.local/lib/python3.12/site-packages/airflow/example_dags/example_inlet_event_extra.py took 0.159 seconds
[2025-08-17T14:52:25.048+0000] {processor.py:186} INFO - Started process (PID=439) to work on /home/airflow/.local/lib/python3.12/site-packages/airflow/example_dags/example_inlet_event_extra.py
[2025-08-17T14:52:25.049+0000] {processor.py:914} INFO - Processing file /home/airflow/.local/lib/python3.12/site-packages/airflow/example_dags/example_inlet_event_extra.py for tasks to queue
[2025-08-17T14:52:25.052+0000] {logging_mixin.py:190} INFO - [2025-08-17T14:52:25.051+0000] {dagbag.py:587} INFO - Filling up the DagBag from /home/airflow/.local/lib/python3.12/site-packages/airflow/example_dags/example_inlet_event_extra.py
[2025-08-17T14:52:25.147+0000] {processor.py:925} INFO - DAG(s) 'read_dataset_event', 'read_dataset_event_from_classic' retrieved from /home/airflow/.local/lib/python3.12/site-packages/airflow/example_dags/example_inlet_event_extra.py
[2025-08-17T14:52:25.166+0000] {logging_mixin.py:190} INFO - [2025-08-17T14:52:25.166+0000] {dag.py:3211} INFO - Sync 2 DAGs
[2025-08-17T14:52:25.184+0000] {logging_mixin.py:190} INFO - [2025-08-17T14:52:25.184+0000] {dag.py:4138} INFO - Setting next_dagrun for read_dataset_event to 2025-08-16 00:00:00+00:00, run_after=2025-08-17 00:00:00+00:00
[2025-08-17T14:52:25.187+0000] {logging_mixin.py:190} INFO - [2025-08-17T14:52:25.187+0000] {dag.py:4138} INFO - Setting next_dagrun for read_dataset_event_from_classic to 2025-08-16 00:00:00+00:00, run_after=2025-08-17 00:00:00+00:00
[2025-08-17T14:52:25.199+0000] {processor.py:208} INFO - Processing /home/airflow/.local/lib/python3.12/site-packages/airflow/example_dags/example_inlet_event_extra.py took 0.156 seconds
[2025-08-17T14:52:55.413+0000] {processor.py:186} INFO - Started process (PID=501) to work on /home/airflow/.local/lib/python3.12/site-packages/airflow/example_dags/example_inlet_event_extra.py
[2025-08-17T14:52:55.414+0000] {processor.py:914} INFO - Processing file /home/airflow/.local/lib/python3.12/site-packages/airflow/example_dags/example_inlet_event_extra.py for tasks to queue
[2025-08-17T14:52:55.417+0000] {logging_mixin.py:190} INFO - [2025-08-17T14:52:55.417+0000] {dagbag.py:587} INFO - Filling up the DagBag from /home/airflow/.local/lib/python3.12/site-packages/airflow/example_dags/example_inlet_event_extra.py
[2025-08-17T14:52:55.522+0000] {processor.py:925} INFO - DAG(s) 'read_dataset_event_from_classic', 'read_dataset_event' retrieved from /home/airflow/.local/lib/python3.12/site-packages/airflow/example_dags/example_inlet_event_extra.py
[2025-08-17T14:52:55.540+0000] {logging_mixin.py:190} INFO - [2025-08-17T14:52:55.540+0000] {dag.py:3211} INFO - Sync 2 DAGs
[2025-08-17T14:52:55.560+0000] {logging_mixin.py:190} INFO - [2025-08-17T14:52:55.560+0000] {dag.py:4138} INFO - Setting next_dagrun for read_dataset_event to 2025-08-16 00:00:00+00:00, run_after=2025-08-17 00:00:00+00:00
[2025-08-17T14:52:55.568+0000] {logging_mixin.py:190} INFO - [2025-08-17T14:52:55.568+0000] {dag.py:4138} INFO - Setting next_dagrun for read_dataset_event_from_classic to 2025-08-16 00:00:00+00:00, run_after=2025-08-17 00:00:00+00:00
[2025-08-17T14:52:55.586+0000] {processor.py:208} INFO - Processing /home/airflow/.local/lib/python3.12/site-packages/airflow/example_dags/example_inlet_event_extra.py took 0.179 seconds
[2025-08-17T14:53:25.793+0000] {processor.py:186} INFO - Started process (PID=563) to work on /home/airflow/.local/lib/python3.12/site-packages/airflow/example_dags/example_inlet_event_extra.py
[2025-08-17T14:53:25.796+0000] {processor.py:914} INFO - Processing file /home/airflow/.local/lib/python3.12/site-packages/airflow/example_dags/example_inlet_event_extra.py for tasks to queue
[2025-08-17T14:53:25.799+0000] {logging_mixin.py:190} INFO - [2025-08-17T14:53:25.799+0000] {dagbag.py:587} INFO - Filling up the DagBag from /home/airflow/.local/lib/python3.12/site-packages/airflow/example_dags/example_inlet_event_extra.py
[2025-08-17T14:53:25.934+0000] {processor.py:925} INFO - DAG(s) 'read_dataset_event_from_classic', 'read_dataset_event' retrieved from /home/airflow/.local/lib/python3.12/site-packages/airflow/example_dags/example_inlet_event_extra.py
[2025-08-17T14:53:25.953+0000] {logging_mixin.py:190} INFO - [2025-08-17T14:53:25.953+0000] {dag.py:3211} INFO - Sync 2 DAGs
[2025-08-17T14:53:25.976+0000] {logging_mixin.py:190} INFO - [2025-08-17T14:53:25.976+0000] {dag.py:4138} INFO - Setting next_dagrun for read_dataset_event to 2025-08-16 00:00:00+00:00, run_after=2025-08-17 00:00:00+00:00
[2025-08-17T14:53:25.981+0000] {logging_mixin.py:190} INFO - [2025-08-17T14:53:25.980+0000] {dag.py:4138} INFO - Setting next_dagrun for read_dataset_event_from_classic to 2025-08-16 00:00:00+00:00, run_after=2025-08-17 00:00:00+00:00
[2025-08-17T14:53:25.996+0000] {processor.py:208} INFO - Processing /home/airflow/.local/lib/python3.12/site-packages/airflow/example_dags/example_inlet_event_extra.py took 0.208 seconds
[2025-08-17T14:53:56.064+0000] {processor.py:186} INFO - Started process (PID=625) to work on /home/airflow/.local/lib/python3.12/site-packages/airflow/example_dags/example_inlet_event_extra.py
[2025-08-17T14:53:56.066+0000] {processor.py:914} INFO - Processing file /home/airflow/.local/lib/python3.12/site-packages/airflow/example_dags/example_inlet_event_extra.py for tasks to queue
[2025-08-17T14:53:56.069+0000] {logging_mixin.py:190} INFO - [2025-08-17T14:53:56.069+0000] {dagbag.py:587} INFO - Filling up the DagBag from /home/airflow/.local/lib/python3.12/site-packages/airflow/example_dags/example_inlet_event_extra.py
[2025-08-17T14:53:56.206+0000] {processor.py:925} INFO - DAG(s) 'read_dataset_event', 'read_dataset_event_from_classic' retrieved from /home/airflow/.local/lib/python3.12/site-packages/airflow/example_dags/example_inlet_event_extra.py
[2025-08-17T14:53:56.227+0000] {logging_mixin.py:190} INFO - [2025-08-17T14:53:56.227+0000] {dag.py:3211} INFO - Sync 2 DAGs
[2025-08-17T14:53:56.251+0000] {logging_mixin.py:190} INFO - [2025-08-17T14:53:56.251+0000] {dag.py:4138} INFO - Setting next_dagrun for read_dataset_event to 2025-08-16 00:00:00+00:00, run_after=2025-08-17 00:00:00+00:00
[2025-08-17T14:53:56.256+0000] {logging_mixin.py:190} INFO - [2025-08-17T14:53:56.256+0000] {dag.py:4138} INFO - Setting next_dagrun for read_dataset_event_from_classic to 2025-08-16 00:00:00+00:00, run_after=2025-08-17 00:00:00+00:00
[2025-08-17T14:53:56.272+0000] {processor.py:208} INFO - Processing /home/airflow/.local/lib/python3.12/site-packages/airflow/example_dags/example_inlet_event_extra.py took 0.214 seconds
[2025-08-17T14:54:26.583+0000] {processor.py:186} INFO - Started process (PID=687) to work on /home/airflow/.local/lib/python3.12/site-packages/airflow/example_dags/example_inlet_event_extra.py
[2025-08-17T14:54:26.585+0000] {processor.py:914} INFO - Processing file /home/airflow/.local/lib/python3.12/site-packages/airflow/example_dags/example_inlet_event_extra.py for tasks to queue
[2025-08-17T14:54:26.588+0000] {logging_mixin.py:190} INFO - [2025-08-17T14:54:26.588+0000] {dagbag.py:587} INFO - Filling up the DagBag from /home/airflow/.local/lib/python3.12/site-packages/airflow/example_dags/example_inlet_event_extra.py
[2025-08-17T14:54:26.718+0000] {processor.py:925} INFO - DAG(s) 'read_dataset_event', 'read_dataset_event_from_classic' retrieved from /home/airflow/.local/lib/python3.12/site-packages/airflow/example_dags/example_inlet_event_extra.py
[2025-08-17T14:54:26.739+0000] {logging_mixin.py:190} INFO - [2025-08-17T14:54:26.739+0000] {dag.py:3211} INFO - Sync 2 DAGs
[2025-08-17T14:54:26.760+0000] {logging_mixin.py:190} INFO - [2025-08-17T14:54:26.760+0000] {dag.py:4138} INFO - Setting next_dagrun for read_dataset_event to 2025-08-16 00:00:00+00:00, run_after=2025-08-17 00:00:00+00:00
[2025-08-17T14:54:26.764+0000] {logging_mixin.py:190} INFO - [2025-08-17T14:54:26.763+0000] {dag.py:4138} INFO - Setting next_dagrun for read_dataset_event_from_classic to 2025-08-16 00:00:00+00:00, run_after=2025-08-17 00:00:00+00:00
[2025-08-17T14:54:26.775+0000] {processor.py:208} INFO - Processing /home/airflow/.local/lib/python3.12/site-packages/airflow/example_dags/example_inlet_event_extra.py took 0.197 seconds
