[2025-08-17T14:49:27.349+0000] {processor.py:186} INFO - Started process (PID=113) to work on /home/airflow/.local/lib/python3.12/site-packages/airflow/example_dags/example_branch_day_of_week_operator.py
[2025-08-17T14:49:27.350+0000] {processor.py:914} INFO - Processing file /home/airflow/.local/lib/python3.12/site-packages/airflow/example_dags/example_branch_day_of_week_operator.py for tasks to queue
[2025-08-17T14:49:27.353+0000] {logging_mixin.py:190} INFO - [2025-08-17T14:49:27.353+0000] {dagbag.py:587} INFO - Filling up the DagBag from /home/airflow/.local/lib/python3.12/site-packages/airflow/example_dags/example_branch_day_of_week_operator.py
[2025-08-17T14:49:27.362+0000] {processor.py:925} INFO - DAG(s) 'example_weekday_branch_operator' retrieved from /home/airflow/.local/lib/python3.12/site-packages/airflow/example_dags/example_branch_day_of_week_operator.py
[2025-08-17T14:49:27.444+0000] {logging_mixin.py:190} INFO - [2025-08-17T14:49:27.443+0000] {override.py:1858} INFO - Created Permission View: can read on DAG:example_weekday_branch_operator
[2025-08-17T14:49:27.453+0000] {logging_mixin.py:190} INFO - [2025-08-17T14:49:27.453+0000] {override.py:1858} INFO - Created Permission View: can delete on DAG:example_weekday_branch_operator
[2025-08-17T14:49:27.460+0000] {logging_mixin.py:190} INFO - [2025-08-17T14:49:27.460+0000] {override.py:1858} INFO - Created Permission View: can edit on DAG:example_weekday_branch_operator
[2025-08-17T14:49:27.461+0000] {logging_mixin.py:190} INFO - [2025-08-17T14:49:27.461+0000] {dag.py:3211} INFO - Sync 1 DAGs
[2025-08-17T14:49:27.473+0000] {logging_mixin.py:190} INFO - [2025-08-17T14:49:27.473+0000] {dag.py:3234} INFO - Creating ORM DAG for example_weekday_branch_operator
[2025-08-17T14:49:27.484+0000] {logging_mixin.py:190} INFO - [2025-08-17T14:49:27.483+0000] {dag.py:4138} INFO - Setting next_dagrun for example_weekday_branch_operator to 2025-08-16 00:00:00+00:00, run_after=2025-08-17 00:00:00+00:00
[2025-08-17T14:49:27.502+0000] {processor.py:208} INFO - Processing /home/airflow/.local/lib/python3.12/site-packages/airflow/example_dags/example_branch_day_of_week_operator.py took 0.158 seconds
[2025-08-17T14:49:58.502+0000] {processor.py:186} INFO - Started process (PID=175) to work on /home/airflow/.local/lib/python3.12/site-packages/airflow/example_dags/example_branch_day_of_week_operator.py
[2025-08-17T14:49:58.503+0000] {processor.py:914} INFO - Processing file /home/airflow/.local/lib/python3.12/site-packages/airflow/example_dags/example_branch_day_of_week_operator.py for tasks to queue
[2025-08-17T14:49:58.506+0000] {logging_mixin.py:190} INFO - [2025-08-17T14:49:58.505+0000] {dagbag.py:587} INFO - Filling up the DagBag from /home/airflow/.local/lib/python3.12/site-packages/airflow/example_dags/example_branch_day_of_week_operator.py
[2025-08-17T14:49:58.514+0000] {processor.py:925} INFO - DAG(s) 'example_weekday_branch_operator' retrieved from /home/airflow/.local/lib/python3.12/site-packages/airflow/example_dags/example_branch_day_of_week_operator.py
[2025-08-17T14:49:58.533+0000] {logging_mixin.py:190} INFO - [2025-08-17T14:49:58.532+0000] {dag.py:3211} INFO - Sync 1 DAGs
[2025-08-17T14:49:58.550+0000] {logging_mixin.py:190} INFO - [2025-08-17T14:49:58.550+0000] {dag.py:4138} INFO - Setting next_dagrun for example_weekday_branch_operator to 2025-08-16 00:00:00+00:00, run_after=2025-08-17 00:00:00+00:00
[2025-08-17T14:49:58.566+0000] {processor.py:208} INFO - Processing /home/airflow/.local/lib/python3.12/site-packages/airflow/example_dags/example_branch_day_of_week_operator.py took 0.069 seconds
[2025-08-17T14:50:29.137+0000] {processor.py:186} INFO - Started process (PID=237) to work on /home/airflow/.local/lib/python3.12/site-packages/airflow/example_dags/example_branch_day_of_week_operator.py
[2025-08-17T14:50:29.138+0000] {processor.py:914} INFO - Processing file /home/airflow/.local/lib/python3.12/site-packages/airflow/example_dags/example_branch_day_of_week_operator.py for tasks to queue
[2025-08-17T14:50:29.141+0000] {logging_mixin.py:190} INFO - [2025-08-17T14:50:29.140+0000] {dagbag.py:587} INFO - Filling up the DagBag from /home/airflow/.local/lib/python3.12/site-packages/airflow/example_dags/example_branch_day_of_week_operator.py
[2025-08-17T14:50:29.149+0000] {processor.py:925} INFO - DAG(s) 'example_weekday_branch_operator' retrieved from /home/airflow/.local/lib/python3.12/site-packages/airflow/example_dags/example_branch_day_of_week_operator.py
[2025-08-17T14:50:29.165+0000] {logging_mixin.py:190} INFO - [2025-08-17T14:50:29.165+0000] {dag.py:3211} INFO - Sync 1 DAGs
[2025-08-17T14:50:29.184+0000] {logging_mixin.py:190} INFO - [2025-08-17T14:50:29.183+0000] {dag.py:4138} INFO - Setting next_dagrun for example_weekday_branch_operator to 2025-08-16 00:00:00+00:00, run_after=2025-08-17 00:00:00+00:00
[2025-08-17T14:50:29.198+0000] {processor.py:208} INFO - Processing /home/airflow/.local/lib/python3.12/site-packages/airflow/example_dags/example_branch_day_of_week_operator.py took 0.066 seconds
[2025-08-17T14:50:59.720+0000] {processor.py:186} INFO - Started process (PID=299) to work on /home/airflow/.local/lib/python3.12/site-packages/airflow/example_dags/example_branch_day_of_week_operator.py
[2025-08-17T14:50:59.721+0000] {processor.py:914} INFO - Processing file /home/airflow/.local/lib/python3.12/site-packages/airflow/example_dags/example_branch_day_of_week_operator.py for tasks to queue
[2025-08-17T14:50:59.723+0000] {logging_mixin.py:190} INFO - [2025-08-17T14:50:59.723+0000] {dagbag.py:587} INFO - Filling up the DagBag from /home/airflow/.local/lib/python3.12/site-packages/airflow/example_dags/example_branch_day_of_week_operator.py
[2025-08-17T14:50:59.731+0000] {processor.py:925} INFO - DAG(s) 'example_weekday_branch_operator' retrieved from /home/airflow/.local/lib/python3.12/site-packages/airflow/example_dags/example_branch_day_of_week_operator.py
[2025-08-17T14:50:59.749+0000] {logging_mixin.py:190} INFO - [2025-08-17T14:50:59.748+0000] {dag.py:3211} INFO - Sync 1 DAGs
[2025-08-17T14:50:59.768+0000] {logging_mixin.py:190} INFO - [2025-08-17T14:50:59.768+0000] {dag.py:4138} INFO - Setting next_dagrun for example_weekday_branch_operator to 2025-08-16 00:00:00+00:00, run_after=2025-08-17 00:00:00+00:00
[2025-08-17T14:50:59.783+0000] {processor.py:208} INFO - Processing /home/airflow/.local/lib/python3.12/site-packages/airflow/example_dags/example_branch_day_of_week_operator.py took 0.067 seconds
[2025-08-17T14:51:30.576+0000] {processor.py:186} INFO - Started process (PID=361) to work on /home/airflow/.local/lib/python3.12/site-packages/airflow/example_dags/example_branch_day_of_week_operator.py
[2025-08-17T14:51:30.577+0000] {processor.py:914} INFO - Processing file /home/airflow/.local/lib/python3.12/site-packages/airflow/example_dags/example_branch_day_of_week_operator.py for tasks to queue
[2025-08-17T14:51:30.579+0000] {logging_mixin.py:190} INFO - [2025-08-17T14:51:30.579+0000] {dagbag.py:587} INFO - Filling up the DagBag from /home/airflow/.local/lib/python3.12/site-packages/airflow/example_dags/example_branch_day_of_week_operator.py
[2025-08-17T14:51:30.588+0000] {processor.py:925} INFO - DAG(s) 'example_weekday_branch_operator' retrieved from /home/airflow/.local/lib/python3.12/site-packages/airflow/example_dags/example_branch_day_of_week_operator.py
[2025-08-17T14:51:30.604+0000] {logging_mixin.py:190} INFO - [2025-08-17T14:51:30.604+0000] {dag.py:3211} INFO - Sync 1 DAGs
[2025-08-17T14:51:30.624+0000] {logging_mixin.py:190} INFO - [2025-08-17T14:51:30.624+0000] {dag.py:4138} INFO - Setting next_dagrun for example_weekday_branch_operator to 2025-08-16 00:00:00+00:00, run_after=2025-08-17 00:00:00+00:00
[2025-08-17T14:51:30.639+0000] {processor.py:208} INFO - Processing /home/airflow/.local/lib/python3.12/site-packages/airflow/example_dags/example_branch_day_of_week_operator.py took 0.068 seconds
[2025-08-17T14:52:01.339+0000] {processor.py:186} INFO - Started process (PID=423) to work on /home/airflow/.local/lib/python3.12/site-packages/airflow/example_dags/example_branch_day_of_week_operator.py
[2025-08-17T14:52:01.341+0000] {processor.py:914} INFO - Processing file /home/airflow/.local/lib/python3.12/site-packages/airflow/example_dags/example_branch_day_of_week_operator.py for tasks to queue
[2025-08-17T14:52:01.343+0000] {logging_mixin.py:190} INFO - [2025-08-17T14:52:01.343+0000] {dagbag.py:587} INFO - Filling up the DagBag from /home/airflow/.local/lib/python3.12/site-packages/airflow/example_dags/example_branch_day_of_week_operator.py
[2025-08-17T14:52:01.352+0000] {processor.py:925} INFO - DAG(s) 'example_weekday_branch_operator' retrieved from /home/airflow/.local/lib/python3.12/site-packages/airflow/example_dags/example_branch_day_of_week_operator.py
[2025-08-17T14:52:01.371+0000] {logging_mixin.py:190} INFO - [2025-08-17T14:52:01.371+0000] {dag.py:3211} INFO - Sync 1 DAGs
[2025-08-17T14:52:01.392+0000] {logging_mixin.py:190} INFO - [2025-08-17T14:52:01.391+0000] {dag.py:4138} INFO - Setting next_dagrun for example_weekday_branch_operator to 2025-08-16 00:00:00+00:00, run_after=2025-08-17 00:00:00+00:00
[2025-08-17T14:52:01.407+0000] {processor.py:208} INFO - Processing /home/airflow/.local/lib/python3.12/site-packages/airflow/example_dags/example_branch_day_of_week_operator.py took 0.074 seconds
[2025-08-17T14:52:31.618+0000] {processor.py:186} INFO - Started process (PID=485) to work on /home/airflow/.local/lib/python3.12/site-packages/airflow/example_dags/example_branch_day_of_week_operator.py
[2025-08-17T14:52:31.619+0000] {processor.py:914} INFO - Processing file /home/airflow/.local/lib/python3.12/site-packages/airflow/example_dags/example_branch_day_of_week_operator.py for tasks to queue
[2025-08-17T14:52:31.623+0000] {logging_mixin.py:190} INFO - [2025-08-17T14:52:31.622+0000] {dagbag.py:587} INFO - Filling up the DagBag from /home/airflow/.local/lib/python3.12/site-packages/airflow/example_dags/example_branch_day_of_week_operator.py
[2025-08-17T14:52:31.632+0000] {processor.py:925} INFO - DAG(s) 'example_weekday_branch_operator' retrieved from /home/airflow/.local/lib/python3.12/site-packages/airflow/example_dags/example_branch_day_of_week_operator.py
[2025-08-17T14:52:31.651+0000] {logging_mixin.py:190} INFO - [2025-08-17T14:52:31.651+0000] {dag.py:3211} INFO - Sync 1 DAGs
[2025-08-17T14:52:31.670+0000] {logging_mixin.py:190} INFO - [2025-08-17T14:52:31.670+0000] {dag.py:4138} INFO - Setting next_dagrun for example_weekday_branch_operator to 2025-08-16 00:00:00+00:00, run_after=2025-08-17 00:00:00+00:00
[2025-08-17T14:52:31.686+0000] {processor.py:208} INFO - Processing /home/airflow/.local/lib/python3.12/site-packages/airflow/example_dags/example_branch_day_of_week_operator.py took 0.074 seconds
[2025-08-17T14:53:02.028+0000] {processor.py:186} INFO - Started process (PID=547) to work on /home/airflow/.local/lib/python3.12/site-packages/airflow/example_dags/example_branch_day_of_week_operator.py
[2025-08-17T14:53:02.029+0000] {processor.py:914} INFO - Processing file /home/airflow/.local/lib/python3.12/site-packages/airflow/example_dags/example_branch_day_of_week_operator.py for tasks to queue
[2025-08-17T14:53:02.031+0000] {logging_mixin.py:190} INFO - [2025-08-17T14:53:02.031+0000] {dagbag.py:587} INFO - Filling up the DagBag from /home/airflow/.local/lib/python3.12/site-packages/airflow/example_dags/example_branch_day_of_week_operator.py
[2025-08-17T14:53:02.039+0000] {processor.py:925} INFO - DAG(s) 'example_weekday_branch_operator' retrieved from /home/airflow/.local/lib/python3.12/site-packages/airflow/example_dags/example_branch_day_of_week_operator.py
[2025-08-17T14:53:02.056+0000] {logging_mixin.py:190} INFO - [2025-08-17T14:53:02.056+0000] {dag.py:3211} INFO - Sync 1 DAGs
[2025-08-17T14:53:02.073+0000] {logging_mixin.py:190} INFO - [2025-08-17T14:53:02.073+0000] {dag.py:4138} INFO - Setting next_dagrun for example_weekday_branch_operator to 2025-08-16 00:00:00+00:00, run_after=2025-08-17 00:00:00+00:00
[2025-08-17T14:53:02.088+0000] {processor.py:208} INFO - Processing /home/airflow/.local/lib/python3.12/site-packages/airflow/example_dags/example_branch_day_of_week_operator.py took 0.066 seconds
[2025-08-17T14:53:33.043+0000] {processor.py:186} INFO - Started process (PID=609) to work on /home/airflow/.local/lib/python3.12/site-packages/airflow/example_dags/example_branch_day_of_week_operator.py
[2025-08-17T14:53:33.046+0000] {processor.py:914} INFO - Processing file /home/airflow/.local/lib/python3.12/site-packages/airflow/example_dags/example_branch_day_of_week_operator.py for tasks to queue
[2025-08-17T14:53:33.051+0000] {logging_mixin.py:190} INFO - [2025-08-17T14:53:33.051+0000] {dagbag.py:587} INFO - Filling up the DagBag from /home/airflow/.local/lib/python3.12/site-packages/airflow/example_dags/example_branch_day_of_week_operator.py
[2025-08-17T14:53:33.065+0000] {processor.py:925} INFO - DAG(s) 'example_weekday_branch_operator' retrieved from /home/airflow/.local/lib/python3.12/site-packages/airflow/example_dags/example_branch_day_of_week_operator.py
[2025-08-17T14:53:33.089+0000] {logging_mixin.py:190} INFO - [2025-08-17T14:53:33.089+0000] {dag.py:3211} INFO - Sync 1 DAGs
[2025-08-17T14:53:33.117+0000] {logging_mixin.py:190} INFO - [2025-08-17T14:53:33.117+0000] {dag.py:4138} INFO - Setting next_dagrun for example_weekday_branch_operator to 2025-08-16 00:00:00+00:00, run_after=2025-08-17 00:00:00+00:00
[2025-08-17T14:53:33.141+0000] {processor.py:208} INFO - Processing /home/airflow/.local/lib/python3.12/site-packages/airflow/example_dags/example_branch_day_of_week_operator.py took 0.104 seconds
[2025-08-17T14:54:03.675+0000] {processor.py:186} INFO - Started process (PID=671) to work on /home/airflow/.local/lib/python3.12/site-packages/airflow/example_dags/example_branch_day_of_week_operator.py
[2025-08-17T14:54:03.677+0000] {processor.py:914} INFO - Processing file /home/airflow/.local/lib/python3.12/site-packages/airflow/example_dags/example_branch_day_of_week_operator.py for tasks to queue
[2025-08-17T14:54:03.680+0000] {logging_mixin.py:190} INFO - [2025-08-17T14:54:03.679+0000] {dagbag.py:587} INFO - Filling up the DagBag from /home/airflow/.local/lib/python3.12/site-packages/airflow/example_dags/example_branch_day_of_week_operator.py
[2025-08-17T14:54:03.691+0000] {processor.py:925} INFO - DAG(s) 'example_weekday_branch_operator' retrieved from /home/airflow/.local/lib/python3.12/site-packages/airflow/example_dags/example_branch_day_of_week_operator.py
[2025-08-17T14:54:03.712+0000] {logging_mixin.py:190} INFO - [2025-08-17T14:54:03.712+0000] {dag.py:3211} INFO - Sync 1 DAGs
[2025-08-17T14:54:03.739+0000] {logging_mixin.py:190} INFO - [2025-08-17T14:54:03.738+0000] {dag.py:4138} INFO - Setting next_dagrun for example_weekday_branch_operator to 2025-08-16 00:00:00+00:00, run_after=2025-08-17 00:00:00+00:00
[2025-08-17T14:54:03.755+0000] {processor.py:208} INFO - Processing /home/airflow/.local/lib/python3.12/site-packages/airflow/example_dags/example_branch_day_of_week_operator.py took 0.087 seconds
[2025-08-17T14:54:34.480+0000] {processor.py:186} INFO - Started process (PID=733) to work on /home/airflow/.local/lib/python3.12/site-packages/airflow/example_dags/example_branch_day_of_week_operator.py
[2025-08-17T14:54:34.482+0000] {processor.py:914} INFO - Processing file /home/airflow/.local/lib/python3.12/site-packages/airflow/example_dags/example_branch_day_of_week_operator.py for tasks to queue
[2025-08-17T14:54:34.484+0000] {logging_mixin.py:190} INFO - [2025-08-17T14:54:34.484+0000] {dagbag.py:587} INFO - Filling up the DagBag from /home/airflow/.local/lib/python3.12/site-packages/airflow/example_dags/example_branch_day_of_week_operator.py
[2025-08-17T14:54:34.492+0000] {processor.py:925} INFO - DAG(s) 'example_weekday_branch_operator' retrieved from /home/airflow/.local/lib/python3.12/site-packages/airflow/example_dags/example_branch_day_of_week_operator.py
[2025-08-17T14:54:34.510+0000] {logging_mixin.py:190} INFO - [2025-08-17T14:54:34.510+0000] {dag.py:3211} INFO - Sync 1 DAGs
[2025-08-17T14:54:34.527+0000] {logging_mixin.py:190} INFO - [2025-08-17T14:54:34.526+0000] {dag.py:4138} INFO - Setting next_dagrun for example_weekday_branch_operator to 2025-08-16 00:00:00+00:00, run_after=2025-08-17 00:00:00+00:00
[2025-08-17T14:54:34.543+0000] {processor.py:208} INFO - Processing /home/airflow/.local/lib/python3.12/site-packages/airflow/example_dags/example_branch_day_of_week_operator.py took 0.067 seconds
