[2025-08-17T14:49:25.525+0000] {processor.py:186} INFO - Started process (PID=96) to work on /home/airflow/.local/lib/python3.12/site-packages/airflow/example_dags/example_python_operator.py
[2025-08-17T14:49:25.527+0000] {processor.py:914} INFO - Processing file /home/airflow/.local/lib/python3.12/site-packages/airflow/example_dags/example_python_operator.py for tasks to queue
[2025-08-17T14:49:25.530+0000] {logging_mixin.py:190} INFO - [2025-08-17T14:49:25.530+0000] {dagbag.py:587} INFO - Filling up the DagBag from /home/airflow/.local/lib/python3.12/site-packages/airflow/example_dags/example_python_operator.py
[2025-08-17T14:49:25.543+0000] {processor.py:925} INFO - DAG(s) 'example_python_operator' retrieved from /home/airflow/.local/lib/python3.12/site-packages/airflow/example_dags/example_python_operator.py
[2025-08-17T14:49:25.628+0000] {logging_mixin.py:190} INFO - [2025-08-17T14:49:25.627+0000] {override.py:1858} INFO - Created Permission View: can read on DAG:example_python_operator
[2025-08-17T14:49:25.636+0000] {logging_mixin.py:190} INFO - [2025-08-17T14:49:25.636+0000] {override.py:1858} INFO - Created Permission View: can delete on DAG:example_python_operator
[2025-08-17T14:49:25.642+0000] {logging_mixin.py:190} INFO - [2025-08-17T14:49:25.642+0000] {override.py:1858} INFO - Created Permission View: can edit on DAG:example_python_operator
[2025-08-17T14:49:25.643+0000] {logging_mixin.py:190} INFO - [2025-08-17T14:49:25.643+0000] {dag.py:3211} INFO - Sync 1 DAGs
[2025-08-17T14:49:25.656+0000] {logging_mixin.py:190} INFO - [2025-08-17T14:49:25.655+0000] {dag.py:3234} INFO - Creating ORM DAG for example_python_operator
[2025-08-17T14:49:25.657+0000] {logging_mixin.py:190} INFO - [2025-08-17T14:49:25.657+0000] {dag.py:4138} INFO - Setting next_dagrun for example_python_operator to None, run_after=None
[2025-08-17T14:49:25.672+0000] {processor.py:208} INFO - Processing /home/airflow/.local/lib/python3.12/site-packages/airflow/example_dags/example_python_operator.py took 0.152 seconds
[2025-08-17T14:49:55.849+0000] {processor.py:186} INFO - Started process (PID=158) to work on /home/airflow/.local/lib/python3.12/site-packages/airflow/example_dags/example_python_operator.py
[2025-08-17T14:49:55.850+0000] {processor.py:914} INFO - Processing file /home/airflow/.local/lib/python3.12/site-packages/airflow/example_dags/example_python_operator.py for tasks to queue
[2025-08-17T14:49:55.853+0000] {logging_mixin.py:190} INFO - [2025-08-17T14:49:55.852+0000] {dagbag.py:587} INFO - Filling up the DagBag from /home/airflow/.local/lib/python3.12/site-packages/airflow/example_dags/example_python_operator.py
[2025-08-17T14:49:55.864+0000] {processor.py:925} INFO - DAG(s) 'example_python_operator' retrieved from /home/airflow/.local/lib/python3.12/site-packages/airflow/example_dags/example_python_operator.py
[2025-08-17T14:49:55.884+0000] {logging_mixin.py:190} INFO - [2025-08-17T14:49:55.884+0000] {dag.py:3211} INFO - Sync 1 DAGs
[2025-08-17T14:49:55.898+0000] {logging_mixin.py:190} INFO - [2025-08-17T14:49:55.897+0000] {dag.py:4138} INFO - Setting next_dagrun for example_python_operator to None, run_after=None
[2025-08-17T14:49:55.918+0000] {processor.py:208} INFO - Processing /home/airflow/.local/lib/python3.12/site-packages/airflow/example_dags/example_python_operator.py took 0.074 seconds
[2025-08-17T14:50:26.131+0000] {processor.py:186} INFO - Started process (PID=220) to work on /home/airflow/.local/lib/python3.12/site-packages/airflow/example_dags/example_python_operator.py
[2025-08-17T14:50:26.132+0000] {processor.py:914} INFO - Processing file /home/airflow/.local/lib/python3.12/site-packages/airflow/example_dags/example_python_operator.py for tasks to queue
[2025-08-17T14:50:26.135+0000] {logging_mixin.py:190} INFO - [2025-08-17T14:50:26.135+0000] {dagbag.py:587} INFO - Filling up the DagBag from /home/airflow/.local/lib/python3.12/site-packages/airflow/example_dags/example_python_operator.py
[2025-08-17T14:50:26.147+0000] {processor.py:925} INFO - DAG(s) 'example_python_operator' retrieved from /home/airflow/.local/lib/python3.12/site-packages/airflow/example_dags/example_python_operator.py
[2025-08-17T14:50:26.167+0000] {logging_mixin.py:190} INFO - [2025-08-17T14:50:26.167+0000] {dag.py:3211} INFO - Sync 1 DAGs
[2025-08-17T14:50:26.179+0000] {logging_mixin.py:190} INFO - [2025-08-17T14:50:26.179+0000] {dag.py:4138} INFO - Setting next_dagrun for example_python_operator to None, run_after=None
[2025-08-17T14:50:26.194+0000] {processor.py:208} INFO - Processing /home/airflow/.local/lib/python3.12/site-packages/airflow/example_dags/example_python_operator.py took 0.069 seconds
[2025-08-17T14:50:56.635+0000] {processor.py:186} INFO - Started process (PID=282) to work on /home/airflow/.local/lib/python3.12/site-packages/airflow/example_dags/example_python_operator.py
[2025-08-17T14:50:56.636+0000] {processor.py:914} INFO - Processing file /home/airflow/.local/lib/python3.12/site-packages/airflow/example_dags/example_python_operator.py for tasks to queue
[2025-08-17T14:50:56.640+0000] {logging_mixin.py:190} INFO - [2025-08-17T14:50:56.639+0000] {dagbag.py:587} INFO - Filling up the DagBag from /home/airflow/.local/lib/python3.12/site-packages/airflow/example_dags/example_python_operator.py
[2025-08-17T14:50:56.650+0000] {processor.py:925} INFO - DAG(s) 'example_python_operator' retrieved from /home/airflow/.local/lib/python3.12/site-packages/airflow/example_dags/example_python_operator.py
[2025-08-17T14:50:56.667+0000] {logging_mixin.py:190} INFO - [2025-08-17T14:50:56.667+0000] {dag.py:3211} INFO - Sync 1 DAGs
[2025-08-17T14:50:56.678+0000] {logging_mixin.py:190} INFO - [2025-08-17T14:50:56.678+0000] {dag.py:4138} INFO - Setting next_dagrun for example_python_operator to None, run_after=None
[2025-08-17T14:50:56.693+0000] {processor.py:208} INFO - Processing /home/airflow/.local/lib/python3.12/site-packages/airflow/example_dags/example_python_operator.py took 0.064 seconds
[2025-08-17T14:51:27.493+0000] {processor.py:186} INFO - Started process (PID=344) to work on /home/airflow/.local/lib/python3.12/site-packages/airflow/example_dags/example_python_operator.py
[2025-08-17T14:51:27.495+0000] {processor.py:914} INFO - Processing file /home/airflow/.local/lib/python3.12/site-packages/airflow/example_dags/example_python_operator.py for tasks to queue
[2025-08-17T14:51:27.497+0000] {logging_mixin.py:190} INFO - [2025-08-17T14:51:27.497+0000] {dagbag.py:587} INFO - Filling up the DagBag from /home/airflow/.local/lib/python3.12/site-packages/airflow/example_dags/example_python_operator.py
[2025-08-17T14:51:27.506+0000] {processor.py:925} INFO - DAG(s) 'example_python_operator' retrieved from /home/airflow/.local/lib/python3.12/site-packages/airflow/example_dags/example_python_operator.py
[2025-08-17T14:51:27.525+0000] {logging_mixin.py:190} INFO - [2025-08-17T14:51:27.524+0000] {dag.py:3211} INFO - Sync 1 DAGs
[2025-08-17T14:51:27.534+0000] {logging_mixin.py:190} INFO - [2025-08-17T14:51:27.534+0000] {dag.py:4138} INFO - Setting next_dagrun for example_python_operator to None, run_after=None
[2025-08-17T14:51:27.551+0000] {processor.py:208} INFO - Processing /home/airflow/.local/lib/python3.12/site-packages/airflow/example_dags/example_python_operator.py took 0.063 seconds
[2025-08-17T14:51:58.272+0000] {processor.py:186} INFO - Started process (PID=406) to work on /home/airflow/.local/lib/python3.12/site-packages/airflow/example_dags/example_python_operator.py
[2025-08-17T14:51:58.273+0000] {processor.py:914} INFO - Processing file /home/airflow/.local/lib/python3.12/site-packages/airflow/example_dags/example_python_operator.py for tasks to queue
[2025-08-17T14:51:58.276+0000] {logging_mixin.py:190} INFO - [2025-08-17T14:51:58.275+0000] {dagbag.py:587} INFO - Filling up the DagBag from /home/airflow/.local/lib/python3.12/site-packages/airflow/example_dags/example_python_operator.py
[2025-08-17T14:51:58.287+0000] {processor.py:925} INFO - DAG(s) 'example_python_operator' retrieved from /home/airflow/.local/lib/python3.12/site-packages/airflow/example_dags/example_python_operator.py
[2025-08-17T14:51:58.306+0000] {logging_mixin.py:190} INFO - [2025-08-17T14:51:58.306+0000] {dag.py:3211} INFO - Sync 1 DAGs
[2025-08-17T14:51:58.317+0000] {logging_mixin.py:190} INFO - [2025-08-17T14:51:58.317+0000] {dag.py:4138} INFO - Setting next_dagrun for example_python_operator to None, run_after=None
[2025-08-17T14:51:58.333+0000] {processor.py:208} INFO - Processing /home/airflow/.local/lib/python3.12/site-packages/airflow/example_dags/example_python_operator.py took 0.066 seconds
[2025-08-17T14:52:29.386+0000] {processor.py:186} INFO - Started process (PID=468) to work on /home/airflow/.local/lib/python3.12/site-packages/airflow/example_dags/example_python_operator.py
[2025-08-17T14:52:29.387+0000] {processor.py:914} INFO - Processing file /home/airflow/.local/lib/python3.12/site-packages/airflow/example_dags/example_python_operator.py for tasks to queue
[2025-08-17T14:52:29.389+0000] {logging_mixin.py:190} INFO - [2025-08-17T14:52:29.389+0000] {dagbag.py:587} INFO - Filling up the DagBag from /home/airflow/.local/lib/python3.12/site-packages/airflow/example_dags/example_python_operator.py
[2025-08-17T14:52:29.399+0000] {processor.py:925} INFO - DAG(s) 'example_python_operator' retrieved from /home/airflow/.local/lib/python3.12/site-packages/airflow/example_dags/example_python_operator.py
[2025-08-17T14:52:29.415+0000] {logging_mixin.py:190} INFO - [2025-08-17T14:52:29.415+0000] {dag.py:3211} INFO - Sync 1 DAGs
[2025-08-17T14:52:29.427+0000] {logging_mixin.py:190} INFO - [2025-08-17T14:52:29.426+0000] {dag.py:4138} INFO - Setting next_dagrun for example_python_operator to None, run_after=None
[2025-08-17T14:52:29.442+0000] {processor.py:208} INFO - Processing /home/airflow/.local/lib/python3.12/site-packages/airflow/example_dags/example_python_operator.py took 0.061 seconds
[2025-08-17T14:52:59.651+0000] {processor.py:186} INFO - Started process (PID=530) to work on /home/airflow/.local/lib/python3.12/site-packages/airflow/example_dags/example_python_operator.py
[2025-08-17T14:52:59.653+0000] {processor.py:914} INFO - Processing file /home/airflow/.local/lib/python3.12/site-packages/airflow/example_dags/example_python_operator.py for tasks to queue
[2025-08-17T14:52:59.655+0000] {logging_mixin.py:190} INFO - [2025-08-17T14:52:59.655+0000] {dagbag.py:587} INFO - Filling up the DagBag from /home/airflow/.local/lib/python3.12/site-packages/airflow/example_dags/example_python_operator.py
[2025-08-17T14:52:59.667+0000] {processor.py:925} INFO - DAG(s) 'example_python_operator' retrieved from /home/airflow/.local/lib/python3.12/site-packages/airflow/example_dags/example_python_operator.py
[2025-08-17T14:52:59.688+0000] {logging_mixin.py:190} INFO - [2025-08-17T14:52:59.688+0000] {dag.py:3211} INFO - Sync 1 DAGs
[2025-08-17T14:52:59.700+0000] {logging_mixin.py:190} INFO - [2025-08-17T14:52:59.700+0000] {dag.py:4138} INFO - Setting next_dagrun for example_python_operator to None, run_after=None
[2025-08-17T14:52:59.718+0000] {processor.py:208} INFO - Processing /home/airflow/.local/lib/python3.12/site-packages/airflow/example_dags/example_python_operator.py took 0.072 seconds
[2025-08-17T14:53:30.523+0000] {processor.py:186} INFO - Started process (PID=592) to work on /home/airflow/.local/lib/python3.12/site-packages/airflow/example_dags/example_python_operator.py
[2025-08-17T14:53:30.525+0000] {processor.py:914} INFO - Processing file /home/airflow/.local/lib/python3.12/site-packages/airflow/example_dags/example_python_operator.py for tasks to queue
[2025-08-17T14:53:30.528+0000] {logging_mixin.py:190} INFO - [2025-08-17T14:53:30.528+0000] {dagbag.py:587} INFO - Filling up the DagBag from /home/airflow/.local/lib/python3.12/site-packages/airflow/example_dags/example_python_operator.py
[2025-08-17T14:53:30.541+0000] {processor.py:925} INFO - DAG(s) 'example_python_operator' retrieved from /home/airflow/.local/lib/python3.12/site-packages/airflow/example_dags/example_python_operator.py
[2025-08-17T14:53:30.564+0000] {logging_mixin.py:190} INFO - [2025-08-17T14:53:30.564+0000] {dag.py:3211} INFO - Sync 1 DAGs
[2025-08-17T14:53:30.579+0000] {logging_mixin.py:190} INFO - [2025-08-17T14:53:30.579+0000] {dag.py:4138} INFO - Setting next_dagrun for example_python_operator to None, run_after=None
[2025-08-17T14:53:30.598+0000] {processor.py:208} INFO - Processing /home/airflow/.local/lib/python3.12/site-packages/airflow/example_dags/example_python_operator.py took 0.080 seconds
[2025-08-17T14:54:00.798+0000] {processor.py:186} INFO - Started process (PID=654) to work on /home/airflow/.local/lib/python3.12/site-packages/airflow/example_dags/example_python_operator.py
[2025-08-17T14:54:00.800+0000] {processor.py:914} INFO - Processing file /home/airflow/.local/lib/python3.12/site-packages/airflow/example_dags/example_python_operator.py for tasks to queue
[2025-08-17T14:54:00.804+0000] {logging_mixin.py:190} INFO - [2025-08-17T14:54:00.803+0000] {dagbag.py:587} INFO - Filling up the DagBag from /home/airflow/.local/lib/python3.12/site-packages/airflow/example_dags/example_python_operator.py
[2025-08-17T14:54:00.818+0000] {processor.py:925} INFO - DAG(s) 'example_python_operator' retrieved from /home/airflow/.local/lib/python3.12/site-packages/airflow/example_dags/example_python_operator.py
[2025-08-17T14:54:00.841+0000] {logging_mixin.py:190} INFO - [2025-08-17T14:54:00.841+0000] {dag.py:3211} INFO - Sync 1 DAGs
[2025-08-17T14:54:00.857+0000] {logging_mixin.py:190} INFO - [2025-08-17T14:54:00.856+0000] {dag.py:4138} INFO - Setting next_dagrun for example_python_operator to None, run_after=None
[2025-08-17T14:54:00.878+0000] {processor.py:208} INFO - Processing /home/airflow/.local/lib/python3.12/site-packages/airflow/example_dags/example_python_operator.py took 0.085 seconds
[2025-08-17T14:54:31.528+0000] {processor.py:186} INFO - Started process (PID=716) to work on /home/airflow/.local/lib/python3.12/site-packages/airflow/example_dags/example_python_operator.py
[2025-08-17T14:54:31.529+0000] {processor.py:914} INFO - Processing file /home/airflow/.local/lib/python3.12/site-packages/airflow/example_dags/example_python_operator.py for tasks to queue
[2025-08-17T14:54:31.532+0000] {logging_mixin.py:190} INFO - [2025-08-17T14:54:31.531+0000] {dagbag.py:587} INFO - Filling up the DagBag from /home/airflow/.local/lib/python3.12/site-packages/airflow/example_dags/example_python_operator.py
[2025-08-17T14:54:31.541+0000] {processor.py:925} INFO - DAG(s) 'example_python_operator' retrieved from /home/airflow/.local/lib/python3.12/site-packages/airflow/example_dags/example_python_operator.py
[2025-08-17T14:54:31.561+0000] {logging_mixin.py:190} INFO - [2025-08-17T14:54:31.561+0000] {dag.py:3211} INFO - Sync 1 DAGs
[2025-08-17T14:54:31.573+0000] {logging_mixin.py:190} INFO - [2025-08-17T14:54:31.573+0000] {dag.py:4138} INFO - Setting next_dagrun for example_python_operator to None, run_after=None
[2025-08-17T14:54:31.589+0000] {processor.py:208} INFO - Processing /home/airflow/.local/lib/python3.12/site-packages/airflow/example_dags/example_python_operator.py took 0.066 seconds
