[2025-08-17T14:49:24.547+0000] {processor.py:186} INFO - Started process (PID=88) to work on /home/airflow/.local/lib/python3.12/site-packages/airflow/example_dags/example_python_decorator.py
[2025-08-17T14:49:24.549+0000] {processor.py:914} INFO - Processing file /home/airflow/.local/lib/python3.12/site-packages/airflow/example_dags/example_python_decorator.py for tasks to queue
[2025-08-17T14:49:24.551+0000] {logging_mixin.py:190} INFO - [2025-08-17T14:49:24.551+0000] {dagbag.py:587} INFO - Filling up the DagBag from /home/airflow/.local/lib/python3.12/site-packages/airflow/example_dags/example_python_decorator.py
[2025-08-17T14:49:24.567+0000] {processor.py:925} INFO - DAG(s) 'example_python_decorator' retrieved from /home/airflow/.local/lib/python3.12/site-packages/airflow/example_dags/example_python_decorator.py
[2025-08-17T14:49:24.657+0000] {logging_mixin.py:190} INFO - [2025-08-17T14:49:24.657+0000] {override.py:1858} INFO - Created Permission View: can read on DAG:example_python_decorator
[2025-08-17T14:49:24.666+0000] {logging_mixin.py:190} INFO - [2025-08-17T14:49:24.666+0000] {override.py:1858} INFO - Created Permission View: can delete on DAG:example_python_decorator
[2025-08-17T14:49:24.671+0000] {logging_mixin.py:190} INFO - [2025-08-17T14:49:24.671+0000] {override.py:1858} INFO - Created Permission View: can edit on DAG:example_python_decorator
[2025-08-17T14:49:24.672+0000] {logging_mixin.py:190} INFO - [2025-08-17T14:49:24.672+0000] {dag.py:3211} INFO - Sync 1 DAGs
[2025-08-17T14:49:24.682+0000] {logging_mixin.py:190} INFO - [2025-08-17T14:49:24.682+0000] {dag.py:3234} INFO - Creating ORM DAG for example_python_decorator
[2025-08-17T14:49:24.683+0000] {logging_mixin.py:190} INFO - [2025-08-17T14:49:24.683+0000] {dag.py:4138} INFO - Setting next_dagrun for example_python_decorator to None, run_after=None
[2025-08-17T14:49:24.696+0000] {processor.py:208} INFO - Processing /home/airflow/.local/lib/python3.12/site-packages/airflow/example_dags/example_python_decorator.py took 0.154 seconds
[2025-08-17T14:49:55.003+0000] {processor.py:186} INFO - Started process (PID=150) to work on /home/airflow/.local/lib/python3.12/site-packages/airflow/example_dags/example_python_decorator.py
[2025-08-17T14:49:55.004+0000] {processor.py:914} INFO - Processing file /home/airflow/.local/lib/python3.12/site-packages/airflow/example_dags/example_python_decorator.py for tasks to queue
[2025-08-17T14:49:55.007+0000] {logging_mixin.py:190} INFO - [2025-08-17T14:49:55.006+0000] {dagbag.py:587} INFO - Filling up the DagBag from /home/airflow/.local/lib/python3.12/site-packages/airflow/example_dags/example_python_decorator.py
[2025-08-17T14:49:55.018+0000] {processor.py:925} INFO - DAG(s) 'example_python_decorator' retrieved from /home/airflow/.local/lib/python3.12/site-packages/airflow/example_dags/example_python_decorator.py
[2025-08-17T14:49:55.036+0000] {logging_mixin.py:190} INFO - [2025-08-17T14:49:55.036+0000] {dag.py:3211} INFO - Sync 1 DAGs
[2025-08-17T14:49:55.048+0000] {logging_mixin.py:190} INFO - [2025-08-17T14:49:55.047+0000] {dag.py:4138} INFO - Setting next_dagrun for example_python_decorator to None, run_after=None
[2025-08-17T14:49:55.064+0000] {processor.py:208} INFO - Processing /home/airflow/.local/lib/python3.12/site-packages/airflow/example_dags/example_python_decorator.py took 0.066 seconds
[2025-08-17T14:50:25.608+0000] {processor.py:186} INFO - Started process (PID=212) to work on /home/airflow/.local/lib/python3.12/site-packages/airflow/example_dags/example_python_decorator.py
[2025-08-17T14:50:25.609+0000] {processor.py:914} INFO - Processing file /home/airflow/.local/lib/python3.12/site-packages/airflow/example_dags/example_python_decorator.py for tasks to queue
[2025-08-17T14:50:25.612+0000] {logging_mixin.py:190} INFO - [2025-08-17T14:50:25.611+0000] {dagbag.py:587} INFO - Filling up the DagBag from /home/airflow/.local/lib/python3.12/site-packages/airflow/example_dags/example_python_decorator.py
[2025-08-17T14:50:25.622+0000] {processor.py:925} INFO - DAG(s) 'example_python_decorator' retrieved from /home/airflow/.local/lib/python3.12/site-packages/airflow/example_dags/example_python_decorator.py
[2025-08-17T14:50:25.641+0000] {logging_mixin.py:190} INFO - [2025-08-17T14:50:25.641+0000] {dag.py:3211} INFO - Sync 1 DAGs
[2025-08-17T14:50:25.650+0000] {logging_mixin.py:190} INFO - [2025-08-17T14:50:25.650+0000] {dag.py:4138} INFO - Setting next_dagrun for example_python_decorator to None, run_after=None
[2025-08-17T14:50:25.665+0000] {processor.py:208} INFO - Processing /home/airflow/.local/lib/python3.12/site-packages/airflow/example_dags/example_python_decorator.py took 0.062 seconds
[2025-08-17T14:50:56.131+0000] {processor.py:186} INFO - Started process (PID=274) to work on /home/airflow/.local/lib/python3.12/site-packages/airflow/example_dags/example_python_decorator.py
[2025-08-17T14:50:56.133+0000] {processor.py:914} INFO - Processing file /home/airflow/.local/lib/python3.12/site-packages/airflow/example_dags/example_python_decorator.py for tasks to queue
[2025-08-17T14:50:56.137+0000] {logging_mixin.py:190} INFO - [2025-08-17T14:50:56.137+0000] {dagbag.py:587} INFO - Filling up the DagBag from /home/airflow/.local/lib/python3.12/site-packages/airflow/example_dags/example_python_decorator.py
[2025-08-17T14:50:56.152+0000] {processor.py:925} INFO - DAG(s) 'example_python_decorator' retrieved from /home/airflow/.local/lib/python3.12/site-packages/airflow/example_dags/example_python_decorator.py
[2025-08-17T14:50:56.170+0000] {logging_mixin.py:190} INFO - [2025-08-17T14:50:56.170+0000] {dag.py:3211} INFO - Sync 1 DAGs
[2025-08-17T14:50:56.182+0000] {logging_mixin.py:190} INFO - [2025-08-17T14:50:56.182+0000] {dag.py:4138} INFO - Setting next_dagrun for example_python_decorator to None, run_after=None
[2025-08-17T14:50:56.198+0000] {processor.py:208} INFO - Processing /home/airflow/.local/lib/python3.12/site-packages/airflow/example_dags/example_python_decorator.py took 0.071 seconds
[2025-08-17T14:51:26.786+0000] {processor.py:186} INFO - Started process (PID=336) to work on /home/airflow/.local/lib/python3.12/site-packages/airflow/example_dags/example_python_decorator.py
[2025-08-17T14:51:26.787+0000] {processor.py:914} INFO - Processing file /home/airflow/.local/lib/python3.12/site-packages/airflow/example_dags/example_python_decorator.py for tasks to queue
[2025-08-17T14:51:26.790+0000] {logging_mixin.py:190} INFO - [2025-08-17T14:51:26.789+0000] {dagbag.py:587} INFO - Filling up the DagBag from /home/airflow/.local/lib/python3.12/site-packages/airflow/example_dags/example_python_decorator.py
[2025-08-17T14:51:26.801+0000] {processor.py:925} INFO - DAG(s) 'example_python_decorator' retrieved from /home/airflow/.local/lib/python3.12/site-packages/airflow/example_dags/example_python_decorator.py
[2025-08-17T14:51:26.818+0000] {logging_mixin.py:190} INFO - [2025-08-17T14:51:26.818+0000] {dag.py:3211} INFO - Sync 1 DAGs
[2025-08-17T14:51:26.829+0000] {logging_mixin.py:190} INFO - [2025-08-17T14:51:26.829+0000] {dag.py:4138} INFO - Setting next_dagrun for example_python_decorator to None, run_after=None
[2025-08-17T14:51:26.843+0000] {processor.py:208} INFO - Processing /home/airflow/.local/lib/python3.12/site-packages/airflow/example_dags/example_python_decorator.py took 0.061 seconds
[2025-08-17T14:51:57.802+0000] {processor.py:186} INFO - Started process (PID=398) to work on /home/airflow/.local/lib/python3.12/site-packages/airflow/example_dags/example_python_decorator.py
[2025-08-17T14:51:57.803+0000] {processor.py:914} INFO - Processing file /home/airflow/.local/lib/python3.12/site-packages/airflow/example_dags/example_python_decorator.py for tasks to queue
[2025-08-17T14:51:57.805+0000] {logging_mixin.py:190} INFO - [2025-08-17T14:51:57.805+0000] {dagbag.py:587} INFO - Filling up the DagBag from /home/airflow/.local/lib/python3.12/site-packages/airflow/example_dags/example_python_decorator.py
[2025-08-17T14:51:57.816+0000] {processor.py:925} INFO - DAG(s) 'example_python_decorator' retrieved from /home/airflow/.local/lib/python3.12/site-packages/airflow/example_dags/example_python_decorator.py
[2025-08-17T14:51:57.836+0000] {logging_mixin.py:190} INFO - [2025-08-17T14:51:57.836+0000] {dag.py:3211} INFO - Sync 1 DAGs
[2025-08-17T14:51:57.850+0000] {logging_mixin.py:190} INFO - [2025-08-17T14:51:57.850+0000] {dag.py:4138} INFO - Setting next_dagrun for example_python_decorator to None, run_after=None
[2025-08-17T14:51:57.865+0000] {processor.py:208} INFO - Processing /home/airflow/.local/lib/python3.12/site-packages/airflow/example_dags/example_python_decorator.py took 0.068 seconds
[2025-08-17T14:52:28.659+0000] {processor.py:186} INFO - Started process (PID=460) to work on /home/airflow/.local/lib/python3.12/site-packages/airflow/example_dags/example_python_decorator.py
[2025-08-17T14:52:28.661+0000] {processor.py:914} INFO - Processing file /home/airflow/.local/lib/python3.12/site-packages/airflow/example_dags/example_python_decorator.py for tasks to queue
[2025-08-17T14:52:28.663+0000] {logging_mixin.py:190} INFO - [2025-08-17T14:52:28.663+0000] {dagbag.py:587} INFO - Filling up the DagBag from /home/airflow/.local/lib/python3.12/site-packages/airflow/example_dags/example_python_decorator.py
[2025-08-17T14:52:28.675+0000] {processor.py:925} INFO - DAG(s) 'example_python_decorator' retrieved from /home/airflow/.local/lib/python3.12/site-packages/airflow/example_dags/example_python_decorator.py
[2025-08-17T14:52:28.695+0000] {logging_mixin.py:190} INFO - [2025-08-17T14:52:28.694+0000] {dag.py:3211} INFO - Sync 1 DAGs
[2025-08-17T14:52:28.706+0000] {logging_mixin.py:190} INFO - [2025-08-17T14:52:28.705+0000] {dag.py:4138} INFO - Setting next_dagrun for example_python_decorator to None, run_after=None
[2025-08-17T14:52:28.722+0000] {processor.py:208} INFO - Processing /home/airflow/.local/lib/python3.12/site-packages/airflow/example_dags/example_python_decorator.py took 0.067 seconds
[2025-08-17T14:52:59.137+0000] {processor.py:186} INFO - Started process (PID=522) to work on /home/airflow/.local/lib/python3.12/site-packages/airflow/example_dags/example_python_decorator.py
[2025-08-17T14:52:59.138+0000] {processor.py:914} INFO - Processing file /home/airflow/.local/lib/python3.12/site-packages/airflow/example_dags/example_python_decorator.py for tasks to queue
[2025-08-17T14:52:59.141+0000] {logging_mixin.py:190} INFO - [2025-08-17T14:52:59.141+0000] {dagbag.py:587} INFO - Filling up the DagBag from /home/airflow/.local/lib/python3.12/site-packages/airflow/example_dags/example_python_decorator.py
[2025-08-17T14:52:59.153+0000] {processor.py:925} INFO - DAG(s) 'example_python_decorator' retrieved from /home/airflow/.local/lib/python3.12/site-packages/airflow/example_dags/example_python_decorator.py
[2025-08-17T14:52:59.173+0000] {logging_mixin.py:190} INFO - [2025-08-17T14:52:59.173+0000] {dag.py:3211} INFO - Sync 1 DAGs
[2025-08-17T14:52:59.185+0000] {logging_mixin.py:190} INFO - [2025-08-17T14:52:59.185+0000] {dag.py:4138} INFO - Setting next_dagrun for example_python_decorator to None, run_after=None
[2025-08-17T14:52:59.201+0000] {processor.py:208} INFO - Processing /home/airflow/.local/lib/python3.12/site-packages/airflow/example_dags/example_python_decorator.py took 0.070 seconds
[2025-08-17T14:53:29.860+0000] {processor.py:186} INFO - Started process (PID=584) to work on /home/airflow/.local/lib/python3.12/site-packages/airflow/example_dags/example_python_decorator.py
[2025-08-17T14:53:29.861+0000] {processor.py:914} INFO - Processing file /home/airflow/.local/lib/python3.12/site-packages/airflow/example_dags/example_python_decorator.py for tasks to queue
[2025-08-17T14:53:29.865+0000] {logging_mixin.py:190} INFO - [2025-08-17T14:53:29.865+0000] {dagbag.py:587} INFO - Filling up the DagBag from /home/airflow/.local/lib/python3.12/site-packages/airflow/example_dags/example_python_decorator.py
[2025-08-17T14:53:29.881+0000] {processor.py:925} INFO - DAG(s) 'example_python_decorator' retrieved from /home/airflow/.local/lib/python3.12/site-packages/airflow/example_dags/example_python_decorator.py
[2025-08-17T14:53:29.907+0000] {logging_mixin.py:190} INFO - [2025-08-17T14:53:29.907+0000] {dag.py:3211} INFO - Sync 1 DAGs
[2025-08-17T14:53:29.922+0000] {logging_mixin.py:190} INFO - [2025-08-17T14:53:29.922+0000] {dag.py:4138} INFO - Setting next_dagrun for example_python_decorator to None, run_after=None
[2025-08-17T14:53:29.943+0000] {processor.py:208} INFO - Processing /home/airflow/.local/lib/python3.12/site-packages/airflow/example_dags/example_python_decorator.py took 0.088 seconds
[2025-08-17T14:54:00.119+0000] {processor.py:186} INFO - Started process (PID=646) to work on /home/airflow/.local/lib/python3.12/site-packages/airflow/example_dags/example_python_decorator.py
[2025-08-17T14:54:00.121+0000] {processor.py:914} INFO - Processing file /home/airflow/.local/lib/python3.12/site-packages/airflow/example_dags/example_python_decorator.py for tasks to queue
[2025-08-17T14:54:00.124+0000] {logging_mixin.py:190} INFO - [2025-08-17T14:54:00.124+0000] {dagbag.py:587} INFO - Filling up the DagBag from /home/airflow/.local/lib/python3.12/site-packages/airflow/example_dags/example_python_decorator.py
[2025-08-17T14:54:00.140+0000] {processor.py:925} INFO - DAG(s) 'example_python_decorator' retrieved from /home/airflow/.local/lib/python3.12/site-packages/airflow/example_dags/example_python_decorator.py
[2025-08-17T14:54:00.163+0000] {logging_mixin.py:190} INFO - [2025-08-17T14:54:00.163+0000] {dag.py:3211} INFO - Sync 1 DAGs
[2025-08-17T14:54:00.177+0000] {logging_mixin.py:190} INFO - [2025-08-17T14:54:00.177+0000] {dag.py:4138} INFO - Setting next_dagrun for example_python_decorator to None, run_after=None
[2025-08-17T14:54:00.198+0000] {processor.py:208} INFO - Processing /home/airflow/.local/lib/python3.12/site-packages/airflow/example_dags/example_python_decorator.py took 0.085 seconds
[2025-08-17T14:54:31.041+0000] {processor.py:186} INFO - Started process (PID=708) to work on /home/airflow/.local/lib/python3.12/site-packages/airflow/example_dags/example_python_decorator.py
[2025-08-17T14:54:31.042+0000] {processor.py:914} INFO - Processing file /home/airflow/.local/lib/python3.12/site-packages/airflow/example_dags/example_python_decorator.py for tasks to queue
[2025-08-17T14:54:31.045+0000] {logging_mixin.py:190} INFO - [2025-08-17T14:54:31.045+0000] {dagbag.py:587} INFO - Filling up the DagBag from /home/airflow/.local/lib/python3.12/site-packages/airflow/example_dags/example_python_decorator.py
[2025-08-17T14:54:31.055+0000] {processor.py:925} INFO - DAG(s) 'example_python_decorator' retrieved from /home/airflow/.local/lib/python3.12/site-packages/airflow/example_dags/example_python_decorator.py
[2025-08-17T14:54:31.074+0000] {logging_mixin.py:190} INFO - [2025-08-17T14:54:31.073+0000] {dag.py:3211} INFO - Sync 1 DAGs
[2025-08-17T14:54:31.084+0000] {logging_mixin.py:190} INFO - [2025-08-17T14:54:31.084+0000] {dag.py:4138} INFO - Setting next_dagrun for example_python_decorator to None, run_after=None
[2025-08-17T14:54:31.103+0000] {processor.py:208} INFO - Processing /home/airflow/.local/lib/python3.12/site-packages/airflow/example_dags/example_python_decorator.py took 0.066 seconds
