[2025-08-17T14:49:20.478+0000] {processor.py:186} INFO - Started process (PID=60) to work on /home/airflow/.local/lib/python3.12/site-packages/airflow/example_dags/example_task_group.py
[2025-08-17T14:49:20.480+0000] {processor.py:914} INFO - Processing file /home/airflow/.local/lib/python3.12/site-packages/airflow/example_dags/example_task_group.py for tasks to queue
[2025-08-17T14:49:20.486+0000] {logging_mixin.py:190} INFO - [2025-08-17T14:49:20.485+0000] {dagbag.py:587} INFO - Filling up the DagBag from /home/airflow/.local/lib/python3.12/site-packages/airflow/example_dags/example_task_group.py
[2025-08-17T14:49:20.504+0000] {processor.py:925} INFO - DAG(s) 'example_task_group' retrieved from /home/airflow/.local/lib/python3.12/site-packages/airflow/example_dags/example_task_group.py
[2025-08-17T14:49:20.719+0000] {logging_mixin.py:190} INFO - [2025-08-17T14:49:20.718+0000] {override.py:1858} INFO - Created Permission View: can read on DAG:example_task_group
[2025-08-17T14:49:20.735+0000] {logging_mixin.py:190} INFO - [2025-08-17T14:49:20.734+0000] {override.py:1858} INFO - Created Permission View: can delete on DAG:example_task_group
[2025-08-17T14:49:20.746+0000] {logging_mixin.py:190} INFO - [2025-08-17T14:49:20.746+0000] {override.py:1858} INFO - Created Permission View: can edit on DAG:example_task_group
[2025-08-17T14:49:20.747+0000] {logging_mixin.py:190} INFO - [2025-08-17T14:49:20.747+0000] {dag.py:3211} INFO - Sync 1 DAGs
[2025-08-17T14:49:20.762+0000] {logging_mixin.py:190} INFO - [2025-08-17T14:49:20.762+0000] {dag.py:3234} INFO - Creating ORM DAG for example_task_group
[2025-08-17T14:49:20.776+0000] {logging_mixin.py:190} INFO - [2025-08-17T14:49:20.776+0000] {dag.py:4138} INFO - Setting next_dagrun for example_task_group to 2025-08-16 00:00:00+00:00, run_after=2025-08-17 00:00:00+00:00
[2025-08-17T14:49:20.801+0000] {processor.py:208} INFO - Processing /home/airflow/.local/lib/python3.12/site-packages/airflow/example_dags/example_task_group.py took 0.336 seconds
[2025-08-17T14:49:51.019+0000] {processor.py:186} INFO - Started process (PID=121) to work on /home/airflow/.local/lib/python3.12/site-packages/airflow/example_dags/example_task_group.py
[2025-08-17T14:49:51.021+0000] {processor.py:914} INFO - Processing file /home/airflow/.local/lib/python3.12/site-packages/airflow/example_dags/example_task_group.py for tasks to queue
[2025-08-17T14:49:51.024+0000] {logging_mixin.py:190} INFO - [2025-08-17T14:49:51.024+0000] {dagbag.py:587} INFO - Filling up the DagBag from /home/airflow/.local/lib/python3.12/site-packages/airflow/example_dags/example_task_group.py
[2025-08-17T14:49:51.034+0000] {processor.py:925} INFO - DAG(s) 'example_task_group' retrieved from /home/airflow/.local/lib/python3.12/site-packages/airflow/example_dags/example_task_group.py
[2025-08-17T14:49:51.057+0000] {logging_mixin.py:190} INFO - [2025-08-17T14:49:51.056+0000] {dag.py:3211} INFO - Sync 1 DAGs
[2025-08-17T14:49:51.077+0000] {logging_mixin.py:190} INFO - [2025-08-17T14:49:51.076+0000] {dag.py:4138} INFO - Setting next_dagrun for example_task_group to 2025-08-16 00:00:00+00:00, run_after=2025-08-17 00:00:00+00:00
[2025-08-17T14:49:51.094+0000] {processor.py:208} INFO - Processing /home/airflow/.local/lib/python3.12/site-packages/airflow/example_dags/example_task_group.py took 0.083 seconds
[2025-08-17T14:50:22.087+0000] {processor.py:186} INFO - Started process (PID=184) to work on /home/airflow/.local/lib/python3.12/site-packages/airflow/example_dags/example_task_group.py
[2025-08-17T14:50:22.089+0000] {processor.py:914} INFO - Processing file /home/airflow/.local/lib/python3.12/site-packages/airflow/example_dags/example_task_group.py for tasks to queue
[2025-08-17T14:50:22.091+0000] {logging_mixin.py:190} INFO - [2025-08-17T14:50:22.091+0000] {dagbag.py:587} INFO - Filling up the DagBag from /home/airflow/.local/lib/python3.12/site-packages/airflow/example_dags/example_task_group.py
[2025-08-17T14:50:22.099+0000] {processor.py:925} INFO - DAG(s) 'example_task_group' retrieved from /home/airflow/.local/lib/python3.12/site-packages/airflow/example_dags/example_task_group.py
[2025-08-17T14:50:22.115+0000] {logging_mixin.py:190} INFO - [2025-08-17T14:50:22.114+0000] {dag.py:3211} INFO - Sync 1 DAGs
[2025-08-17T14:50:22.131+0000] {logging_mixin.py:190} INFO - [2025-08-17T14:50:22.131+0000] {dag.py:4138} INFO - Setting next_dagrun for example_task_group to 2025-08-16 00:00:00+00:00, run_after=2025-08-17 00:00:00+00:00
[2025-08-17T14:50:22.145+0000] {processor.py:208} INFO - Processing /home/airflow/.local/lib/python3.12/site-packages/airflow/example_dags/example_task_group.py took 0.062 seconds
[2025-08-17T14:50:52.744+0000] {processor.py:186} INFO - Started process (PID=247) to work on /home/airflow/.local/lib/python3.12/site-packages/airflow/example_dags/example_task_group.py
[2025-08-17T14:50:52.746+0000] {processor.py:914} INFO - Processing file /home/airflow/.local/lib/python3.12/site-packages/airflow/example_dags/example_task_group.py for tasks to queue
[2025-08-17T14:50:52.749+0000] {logging_mixin.py:190} INFO - [2025-08-17T14:50:52.749+0000] {dagbag.py:587} INFO - Filling up the DagBag from /home/airflow/.local/lib/python3.12/site-packages/airflow/example_dags/example_task_group.py
[2025-08-17T14:50:52.758+0000] {processor.py:925} INFO - DAG(s) 'example_task_group' retrieved from /home/airflow/.local/lib/python3.12/site-packages/airflow/example_dags/example_task_group.py
[2025-08-17T14:50:52.779+0000] {logging_mixin.py:190} INFO - [2025-08-17T14:50:52.779+0000] {dag.py:3211} INFO - Sync 1 DAGs
[2025-08-17T14:50:52.801+0000] {logging_mixin.py:190} INFO - [2025-08-17T14:50:52.801+0000] {dag.py:4138} INFO - Setting next_dagrun for example_task_group to 2025-08-16 00:00:00+00:00, run_after=2025-08-17 00:00:00+00:00
[2025-08-17T14:50:52.818+0000] {processor.py:208} INFO - Processing /home/airflow/.local/lib/python3.12/site-packages/airflow/example_dags/example_task_group.py took 0.079 seconds
[2025-08-17T14:51:23.319+0000] {processor.py:186} INFO - Started process (PID=314) to work on /home/airflow/.local/lib/python3.12/site-packages/airflow/example_dags/example_task_group.py
[2025-08-17T14:51:23.320+0000] {processor.py:914} INFO - Processing file /home/airflow/.local/lib/python3.12/site-packages/airflow/example_dags/example_task_group.py for tasks to queue
[2025-08-17T14:51:23.323+0000] {logging_mixin.py:190} INFO - [2025-08-17T14:51:23.322+0000] {dagbag.py:587} INFO - Filling up the DagBag from /home/airflow/.local/lib/python3.12/site-packages/airflow/example_dags/example_task_group.py
[2025-08-17T14:51:23.330+0000] {processor.py:925} INFO - DAG(s) 'example_task_group' retrieved from /home/airflow/.local/lib/python3.12/site-packages/airflow/example_dags/example_task_group.py
[2025-08-17T14:51:23.351+0000] {logging_mixin.py:190} INFO - [2025-08-17T14:51:23.350+0000] {dag.py:3211} INFO - Sync 1 DAGs
[2025-08-17T14:51:23.370+0000] {logging_mixin.py:190} INFO - [2025-08-17T14:51:23.370+0000] {dag.py:4138} INFO - Setting next_dagrun for example_task_group to 2025-08-16 00:00:00+00:00, run_after=2025-08-17 00:00:00+00:00
[2025-08-17T14:51:23.385+0000] {processor.py:208} INFO - Processing /home/airflow/.local/lib/python3.12/site-packages/airflow/example_dags/example_task_group.py took 0.070 seconds
[2025-08-17T14:51:54.149+0000] {processor.py:186} INFO - Started process (PID=376) to work on /home/airflow/.local/lib/python3.12/site-packages/airflow/example_dags/example_task_group.py
[2025-08-17T14:51:54.151+0000] {processor.py:914} INFO - Processing file /home/airflow/.local/lib/python3.12/site-packages/airflow/example_dags/example_task_group.py for tasks to queue
[2025-08-17T14:51:54.153+0000] {logging_mixin.py:190} INFO - [2025-08-17T14:51:54.153+0000] {dagbag.py:587} INFO - Filling up the DagBag from /home/airflow/.local/lib/python3.12/site-packages/airflow/example_dags/example_task_group.py
[2025-08-17T14:51:54.161+0000] {processor.py:925} INFO - DAG(s) 'example_task_group' retrieved from /home/airflow/.local/lib/python3.12/site-packages/airflow/example_dags/example_task_group.py
[2025-08-17T14:51:54.182+0000] {logging_mixin.py:190} INFO - [2025-08-17T14:51:54.181+0000] {dag.py:3211} INFO - Sync 1 DAGs
[2025-08-17T14:51:54.202+0000] {logging_mixin.py:190} INFO - [2025-08-17T14:51:54.202+0000] {dag.py:4138} INFO - Setting next_dagrun for example_task_group to 2025-08-16 00:00:00+00:00, run_after=2025-08-17 00:00:00+00:00
[2025-08-17T14:51:54.218+0000] {processor.py:208} INFO - Processing /home/airflow/.local/lib/python3.12/site-packages/airflow/example_dags/example_task_group.py took 0.074 seconds
[2025-08-17T14:52:24.916+0000] {processor.py:186} INFO - Started process (PID=438) to work on /home/airflow/.local/lib/python3.12/site-packages/airflow/example_dags/example_task_group.py
[2025-08-17T14:52:24.917+0000] {processor.py:914} INFO - Processing file /home/airflow/.local/lib/python3.12/site-packages/airflow/example_dags/example_task_group.py for tasks to queue
[2025-08-17T14:52:24.920+0000] {logging_mixin.py:190} INFO - [2025-08-17T14:52:24.920+0000] {dagbag.py:587} INFO - Filling up the DagBag from /home/airflow/.local/lib/python3.12/site-packages/airflow/example_dags/example_task_group.py
[2025-08-17T14:52:24.929+0000] {processor.py:925} INFO - DAG(s) 'example_task_group' retrieved from /home/airflow/.local/lib/python3.12/site-packages/airflow/example_dags/example_task_group.py
[2025-08-17T14:52:24.949+0000] {logging_mixin.py:190} INFO - [2025-08-17T14:52:24.949+0000] {dag.py:3211} INFO - Sync 1 DAGs
[2025-08-17T14:52:24.969+0000] {logging_mixin.py:190} INFO - [2025-08-17T14:52:24.969+0000] {dag.py:4138} INFO - Setting next_dagrun for example_task_group to 2025-08-16 00:00:00+00:00, run_after=2025-08-17 00:00:00+00:00
[2025-08-17T14:52:24.986+0000] {processor.py:208} INFO - Processing /home/airflow/.local/lib/python3.12/site-packages/airflow/example_dags/example_task_group.py took 0.076 seconds
[2025-08-17T14:52:55.299+0000] {processor.py:186} INFO - Started process (PID=500) to work on /home/airflow/.local/lib/python3.12/site-packages/airflow/example_dags/example_task_group.py
[2025-08-17T14:52:55.300+0000] {processor.py:914} INFO - Processing file /home/airflow/.local/lib/python3.12/site-packages/airflow/example_dags/example_task_group.py for tasks to queue
[2025-08-17T14:52:55.303+0000] {logging_mixin.py:190} INFO - [2025-08-17T14:52:55.302+0000] {dagbag.py:587} INFO - Filling up the DagBag from /home/airflow/.local/lib/python3.12/site-packages/airflow/example_dags/example_task_group.py
[2025-08-17T14:52:55.311+0000] {processor.py:925} INFO - DAG(s) 'example_task_group' retrieved from /home/airflow/.local/lib/python3.12/site-packages/airflow/example_dags/example_task_group.py
[2025-08-17T14:52:55.334+0000] {logging_mixin.py:190} INFO - [2025-08-17T14:52:55.334+0000] {dag.py:3211} INFO - Sync 1 DAGs
[2025-08-17T14:52:55.359+0000] {logging_mixin.py:190} INFO - [2025-08-17T14:52:55.359+0000] {dag.py:4138} INFO - Setting next_dagrun for example_task_group to 2025-08-16 00:00:00+00:00, run_after=2025-08-17 00:00:00+00:00
[2025-08-17T14:52:55.375+0000] {processor.py:208} INFO - Processing /home/airflow/.local/lib/python3.12/site-packages/airflow/example_dags/example_task_group.py took 0.081 seconds
[2025-08-17T14:53:25.650+0000] {processor.py:186} INFO - Started process (PID=562) to work on /home/airflow/.local/lib/python3.12/site-packages/airflow/example_dags/example_task_group.py
[2025-08-17T14:53:25.653+0000] {processor.py:914} INFO - Processing file /home/airflow/.local/lib/python3.12/site-packages/airflow/example_dags/example_task_group.py for tasks to queue
[2025-08-17T14:53:25.657+0000] {logging_mixin.py:190} INFO - [2025-08-17T14:53:25.656+0000] {dagbag.py:587} INFO - Filling up the DagBag from /home/airflow/.local/lib/python3.12/site-packages/airflow/example_dags/example_task_group.py
[2025-08-17T14:53:25.668+0000] {processor.py:925} INFO - DAG(s) 'example_task_group' retrieved from /home/airflow/.local/lib/python3.12/site-packages/airflow/example_dags/example_task_group.py
[2025-08-17T14:53:25.693+0000] {logging_mixin.py:190} INFO - [2025-08-17T14:53:25.693+0000] {dag.py:3211} INFO - Sync 1 DAGs
[2025-08-17T14:53:25.720+0000] {logging_mixin.py:190} INFO - [2025-08-17T14:53:25.720+0000] {dag.py:4138} INFO - Setting next_dagrun for example_task_group to 2025-08-16 00:00:00+00:00, run_after=2025-08-17 00:00:00+00:00
[2025-08-17T14:53:25.740+0000] {processor.py:208} INFO - Processing /home/airflow/.local/lib/python3.12/site-packages/airflow/example_dags/example_task_group.py took 0.095 seconds
[2025-08-17T14:53:55.922+0000] {processor.py:186} INFO - Started process (PID=624) to work on /home/airflow/.local/lib/python3.12/site-packages/airflow/example_dags/example_task_group.py
[2025-08-17T14:53:55.924+0000] {processor.py:914} INFO - Processing file /home/airflow/.local/lib/python3.12/site-packages/airflow/example_dags/example_task_group.py for tasks to queue
[2025-08-17T14:53:55.928+0000] {logging_mixin.py:190} INFO - [2025-08-17T14:53:55.928+0000] {dagbag.py:587} INFO - Filling up the DagBag from /home/airflow/.local/lib/python3.12/site-packages/airflow/example_dags/example_task_group.py
[2025-08-17T14:53:55.939+0000] {processor.py:925} INFO - DAG(s) 'example_task_group' retrieved from /home/airflow/.local/lib/python3.12/site-packages/airflow/example_dags/example_task_group.py
[2025-08-17T14:53:55.962+0000] {logging_mixin.py:190} INFO - [2025-08-17T14:53:55.962+0000] {dag.py:3211} INFO - Sync 1 DAGs
[2025-08-17T14:53:55.986+0000] {logging_mixin.py:190} INFO - [2025-08-17T14:53:55.986+0000] {dag.py:4138} INFO - Setting next_dagrun for example_task_group to 2025-08-16 00:00:00+00:00, run_after=2025-08-17 00:00:00+00:00
[2025-08-17T14:53:56.004+0000] {processor.py:208} INFO - Processing /home/airflow/.local/lib/python3.12/site-packages/airflow/example_dags/example_task_group.py took 0.089 seconds
[2025-08-17T14:54:26.223+0000] {processor.py:186} INFO - Started process (PID=685) to work on /home/airflow/.local/lib/python3.12/site-packages/airflow/example_dags/example_task_group.py
[2025-08-17T14:54:26.225+0000] {processor.py:914} INFO - Processing file /home/airflow/.local/lib/python3.12/site-packages/airflow/example_dags/example_task_group.py for tasks to queue
[2025-08-17T14:54:26.228+0000] {logging_mixin.py:190} INFO - [2025-08-17T14:54:26.228+0000] {dagbag.py:587} INFO - Filling up the DagBag from /home/airflow/.local/lib/python3.12/site-packages/airflow/example_dags/example_task_group.py
[2025-08-17T14:54:26.238+0000] {processor.py:925} INFO - DAG(s) 'example_task_group' retrieved from /home/airflow/.local/lib/python3.12/site-packages/airflow/example_dags/example_task_group.py
[2025-08-17T14:54:26.257+0000] {logging_mixin.py:190} INFO - [2025-08-17T14:54:26.257+0000] {dag.py:3211} INFO - Sync 1 DAGs
[2025-08-17T14:54:26.278+0000] {logging_mixin.py:190} INFO - [2025-08-17T14:54:26.278+0000] {dag.py:4138} INFO - Setting next_dagrun for example_task_group to 2025-08-16 00:00:00+00:00, run_after=2025-08-17 00:00:00+00:00
[2025-08-17T14:54:26.294+0000] {processor.py:208} INFO - Processing /home/airflow/.local/lib/python3.12/site-packages/airflow/example_dags/example_task_group.py took 0.076 seconds
