[2025-08-17T14:49:21.743+0000] {processor.py:186} INFO - Started process (PID=66) to work on /home/airflow/.local/lib/python3.12/site-packages/airflow/example_dags/example_display_name.py
[2025-08-17T14:49:21.745+0000] {processor.py:914} INFO - Processing file /home/airflow/.local/lib/python3.12/site-packages/airflow/example_dags/example_display_name.py for tasks to queue
[2025-08-17T14:49:21.748+0000] {logging_mixin.py:190} INFO - [2025-08-17T14:49:21.748+0000] {dagbag.py:587} INFO - Filling up the DagBag from /home/airflow/.local/lib/python3.12/site-packages/airflow/example_dags/example_display_name.py
[2025-08-17T14:49:21.760+0000] {processor.py:925} INFO - DAG(s) 'example_display_name' retrieved from /home/airflow/.local/lib/python3.12/site-packages/airflow/example_dags/example_display_name.py
[2025-08-17T14:49:21.898+0000] {logging_mixin.py:190} INFO - [2025-08-17T14:49:21.897+0000] {override.py:1858} INFO - Created Permission View: can read on DAG:example_display_name
[2025-08-17T14:49:21.913+0000] {logging_mixin.py:190} INFO - [2025-08-17T14:49:21.913+0000] {override.py:1858} INFO - Created Permission View: can delete on DAG:example_display_name
[2025-08-17T14:49:21.923+0000] {logging_mixin.py:190} INFO - [2025-08-17T14:49:21.923+0000] {override.py:1858} INFO - Created Permission View: can edit on DAG:example_display_name
[2025-08-17T14:49:21.924+0000] {logging_mixin.py:190} INFO - [2025-08-17T14:49:21.924+0000] {dag.py:3211} INFO - Sync 1 DAGs
[2025-08-17T14:49:21.940+0000] {logging_mixin.py:190} INFO - [2025-08-17T14:49:21.940+0000] {dag.py:3234} INFO - Creating ORM DAG for example_display_name
[2025-08-17T14:49:21.943+0000] {logging_mixin.py:190} INFO - [2025-08-17T14:49:21.942+0000] {dag.py:4138} INFO - Setting next_dagrun for example_display_name to None, run_after=None
[2025-08-17T14:49:21.966+0000] {processor.py:208} INFO - Processing /home/airflow/.local/lib/python3.12/site-packages/airflow/example_dags/example_display_name.py took 0.230 seconds
[2025-08-17T14:49:52.664+0000] {processor.py:186} INFO - Started process (PID=134) to work on /home/airflow/.local/lib/python3.12/site-packages/airflow/example_dags/example_display_name.py
[2025-08-17T14:49:52.665+0000] {processor.py:914} INFO - Processing file /home/airflow/.local/lib/python3.12/site-packages/airflow/example_dags/example_display_name.py for tasks to queue
[2025-08-17T14:49:52.668+0000] {logging_mixin.py:190} INFO - [2025-08-17T14:49:52.667+0000] {dagbag.py:587} INFO - Filling up the DagBag from /home/airflow/.local/lib/python3.12/site-packages/airflow/example_dags/example_display_name.py
[2025-08-17T14:49:52.675+0000] {processor.py:925} INFO - DAG(s) 'example_display_name' retrieved from /home/airflow/.local/lib/python3.12/site-packages/airflow/example_dags/example_display_name.py
[2025-08-17T14:49:52.692+0000] {logging_mixin.py:190} INFO - [2025-08-17T14:49:52.692+0000] {dag.py:3211} INFO - Sync 1 DAGs
[2025-08-17T14:49:52.702+0000] {logging_mixin.py:190} INFO - [2025-08-17T14:49:52.702+0000] {dag.py:4138} INFO - Setting next_dagrun for example_display_name to None, run_after=None
[2025-08-17T14:49:52.718+0000] {processor.py:208} INFO - Processing /home/airflow/.local/lib/python3.12/site-packages/airflow/example_dags/example_display_name.py took 0.058 seconds
[2025-08-17T14:50:23.576+0000] {processor.py:186} INFO - Started process (PID=196) to work on /home/airflow/.local/lib/python3.12/site-packages/airflow/example_dags/example_display_name.py
[2025-08-17T14:50:23.577+0000] {processor.py:914} INFO - Processing file /home/airflow/.local/lib/python3.12/site-packages/airflow/example_dags/example_display_name.py for tasks to queue
[2025-08-17T14:50:23.579+0000] {logging_mixin.py:190} INFO - [2025-08-17T14:50:23.579+0000] {dagbag.py:587} INFO - Filling up the DagBag from /home/airflow/.local/lib/python3.12/site-packages/airflow/example_dags/example_display_name.py
[2025-08-17T14:50:23.585+0000] {processor.py:925} INFO - DAG(s) 'example_display_name' retrieved from /home/airflow/.local/lib/python3.12/site-packages/airflow/example_dags/example_display_name.py
[2025-08-17T14:50:23.601+0000] {logging_mixin.py:190} INFO - [2025-08-17T14:50:23.601+0000] {dag.py:3211} INFO - Sync 1 DAGs
[2025-08-17T14:50:23.611+0000] {logging_mixin.py:190} INFO - [2025-08-17T14:50:23.610+0000] {dag.py:4138} INFO - Setting next_dagrun for example_display_name to None, run_after=None
[2025-08-17T14:50:23.628+0000] {processor.py:208} INFO - Processing /home/airflow/.local/lib/python3.12/site-packages/airflow/example_dags/example_display_name.py took 0.057 seconds
[2025-08-17T14:50:54.126+0000] {processor.py:186} INFO - Started process (PID=258) to work on /home/airflow/.local/lib/python3.12/site-packages/airflow/example_dags/example_display_name.py
[2025-08-17T14:50:54.127+0000] {processor.py:914} INFO - Processing file /home/airflow/.local/lib/python3.12/site-packages/airflow/example_dags/example_display_name.py for tasks to queue
[2025-08-17T14:50:54.130+0000] {logging_mixin.py:190} INFO - [2025-08-17T14:50:54.130+0000] {dagbag.py:587} INFO - Filling up the DagBag from /home/airflow/.local/lib/python3.12/site-packages/airflow/example_dags/example_display_name.py
[2025-08-17T14:50:54.138+0000] {processor.py:925} INFO - DAG(s) 'example_display_name' retrieved from /home/airflow/.local/lib/python3.12/site-packages/airflow/example_dags/example_display_name.py
[2025-08-17T14:50:54.155+0000] {logging_mixin.py:190} INFO - [2025-08-17T14:50:54.154+0000] {dag.py:3211} INFO - Sync 1 DAGs
[2025-08-17T14:50:54.166+0000] {logging_mixin.py:190} INFO - [2025-08-17T14:50:54.165+0000] {dag.py:4138} INFO - Setting next_dagrun for example_display_name to None, run_after=None
[2025-08-17T14:50:54.179+0000] {processor.py:208} INFO - Processing /home/airflow/.local/lib/python3.12/site-packages/airflow/example_dags/example_display_name.py took 0.058 seconds
[2025-08-17T14:51:24.671+0000] {processor.py:186} INFO - Started process (PID=320) to work on /home/airflow/.local/lib/python3.12/site-packages/airflow/example_dags/example_display_name.py
[2025-08-17T14:51:24.672+0000] {processor.py:914} INFO - Processing file /home/airflow/.local/lib/python3.12/site-packages/airflow/example_dags/example_display_name.py for tasks to queue
[2025-08-17T14:51:24.674+0000] {logging_mixin.py:190} INFO - [2025-08-17T14:51:24.674+0000] {dagbag.py:587} INFO - Filling up the DagBag from /home/airflow/.local/lib/python3.12/site-packages/airflow/example_dags/example_display_name.py
[2025-08-17T14:51:24.681+0000] {processor.py:925} INFO - DAG(s) 'example_display_name' retrieved from /home/airflow/.local/lib/python3.12/site-packages/airflow/example_dags/example_display_name.py
[2025-08-17T14:51:24.698+0000] {logging_mixin.py:190} INFO - [2025-08-17T14:51:24.698+0000] {dag.py:3211} INFO - Sync 1 DAGs
[2025-08-17T14:51:24.709+0000] {logging_mixin.py:190} INFO - [2025-08-17T14:51:24.709+0000] {dag.py:4138} INFO - Setting next_dagrun for example_display_name to None, run_after=None
[2025-08-17T14:51:24.725+0000] {processor.py:208} INFO - Processing /home/airflow/.local/lib/python3.12/site-packages/airflow/example_dags/example_display_name.py took 0.059 seconds
[2025-08-17T14:51:55.628+0000] {processor.py:186} INFO - Started process (PID=382) to work on /home/airflow/.local/lib/python3.12/site-packages/airflow/example_dags/example_display_name.py
[2025-08-17T14:51:55.630+0000] {processor.py:914} INFO - Processing file /home/airflow/.local/lib/python3.12/site-packages/airflow/example_dags/example_display_name.py for tasks to queue
[2025-08-17T14:51:55.633+0000] {logging_mixin.py:190} INFO - [2025-08-17T14:51:55.632+0000] {dagbag.py:587} INFO - Filling up the DagBag from /home/airflow/.local/lib/python3.12/site-packages/airflow/example_dags/example_display_name.py
[2025-08-17T14:51:55.642+0000] {processor.py:925} INFO - DAG(s) 'example_display_name' retrieved from /home/airflow/.local/lib/python3.12/site-packages/airflow/example_dags/example_display_name.py
[2025-08-17T14:51:55.659+0000] {logging_mixin.py:190} INFO - [2025-08-17T14:51:55.659+0000] {dag.py:3211} INFO - Sync 1 DAGs
[2025-08-17T14:51:55.669+0000] {logging_mixin.py:190} INFO - [2025-08-17T14:51:55.668+0000] {dag.py:4138} INFO - Setting next_dagrun for example_display_name to None, run_after=None
[2025-08-17T14:51:55.685+0000] {processor.py:208} INFO - Processing /home/airflow/.local/lib/python3.12/site-packages/airflow/example_dags/example_display_name.py took 0.063 seconds
[2025-08-17T14:52:26.391+0000] {processor.py:186} INFO - Started process (PID=444) to work on /home/airflow/.local/lib/python3.12/site-packages/airflow/example_dags/example_display_name.py
[2025-08-17T14:52:26.392+0000] {processor.py:914} INFO - Processing file /home/airflow/.local/lib/python3.12/site-packages/airflow/example_dags/example_display_name.py for tasks to queue
[2025-08-17T14:52:26.395+0000] {logging_mixin.py:190} INFO - [2025-08-17T14:52:26.395+0000] {dagbag.py:587} INFO - Filling up the DagBag from /home/airflow/.local/lib/python3.12/site-packages/airflow/example_dags/example_display_name.py
[2025-08-17T14:52:26.401+0000] {processor.py:925} INFO - DAG(s) 'example_display_name' retrieved from /home/airflow/.local/lib/python3.12/site-packages/airflow/example_dags/example_display_name.py
[2025-08-17T14:52:26.419+0000] {logging_mixin.py:190} INFO - [2025-08-17T14:52:26.418+0000] {dag.py:3211} INFO - Sync 1 DAGs
[2025-08-17T14:52:26.429+0000] {logging_mixin.py:190} INFO - [2025-08-17T14:52:26.429+0000] {dag.py:4138} INFO - Setting next_dagrun for example_display_name to None, run_after=None
[2025-08-17T14:52:26.444+0000] {processor.py:208} INFO - Processing /home/airflow/.local/lib/python3.12/site-packages/airflow/example_dags/example_display_name.py took 0.058 seconds
[2025-08-17T14:52:56.812+0000] {processor.py:186} INFO - Started process (PID=506) to work on /home/airflow/.local/lib/python3.12/site-packages/airflow/example_dags/example_display_name.py
[2025-08-17T14:52:56.813+0000] {processor.py:914} INFO - Processing file /home/airflow/.local/lib/python3.12/site-packages/airflow/example_dags/example_display_name.py for tasks to queue
[2025-08-17T14:52:56.816+0000] {logging_mixin.py:190} INFO - [2025-08-17T14:52:56.815+0000] {dagbag.py:587} INFO - Filling up the DagBag from /home/airflow/.local/lib/python3.12/site-packages/airflow/example_dags/example_display_name.py
[2025-08-17T14:52:56.822+0000] {processor.py:925} INFO - DAG(s) 'example_display_name' retrieved from /home/airflow/.local/lib/python3.12/site-packages/airflow/example_dags/example_display_name.py
[2025-08-17T14:52:56.839+0000] {logging_mixin.py:190} INFO - [2025-08-17T14:52:56.839+0000] {dag.py:3211} INFO - Sync 1 DAGs
[2025-08-17T14:52:56.851+0000] {logging_mixin.py:190} INFO - [2025-08-17T14:52:56.851+0000] {dag.py:4138} INFO - Setting next_dagrun for example_display_name to None, run_after=None
[2025-08-17T14:52:56.866+0000] {processor.py:208} INFO - Processing /home/airflow/.local/lib/python3.12/site-packages/airflow/example_dags/example_display_name.py took 0.059 seconds
[2025-08-17T14:53:27.150+0000] {processor.py:186} INFO - Started process (PID=568) to work on /home/airflow/.local/lib/python3.12/site-packages/airflow/example_dags/example_display_name.py
[2025-08-17T14:53:27.151+0000] {processor.py:914} INFO - Processing file /home/airflow/.local/lib/python3.12/site-packages/airflow/example_dags/example_display_name.py for tasks to queue
[2025-08-17T14:53:27.155+0000] {logging_mixin.py:190} INFO - [2025-08-17T14:53:27.154+0000] {dagbag.py:587} INFO - Filling up the DagBag from /home/airflow/.local/lib/python3.12/site-packages/airflow/example_dags/example_display_name.py
[2025-08-17T14:53:27.164+0000] {processor.py:925} INFO - DAG(s) 'example_display_name' retrieved from /home/airflow/.local/lib/python3.12/site-packages/airflow/example_dags/example_display_name.py
[2025-08-17T14:53:27.183+0000] {logging_mixin.py:190} INFO - [2025-08-17T14:53:27.183+0000] {dag.py:3211} INFO - Sync 1 DAGs
[2025-08-17T14:53:27.198+0000] {logging_mixin.py:190} INFO - [2025-08-17T14:53:27.197+0000] {dag.py:4138} INFO - Setting next_dagrun for example_display_name to None, run_after=None
[2025-08-17T14:53:27.216+0000] {processor.py:208} INFO - Processing /home/airflow/.local/lib/python3.12/site-packages/airflow/example_dags/example_display_name.py took 0.071 seconds
[2025-08-17T14:53:57.545+0000] {processor.py:186} INFO - Started process (PID=630) to work on /home/airflow/.local/lib/python3.12/site-packages/airflow/example_dags/example_display_name.py
[2025-08-17T14:53:57.547+0000] {processor.py:914} INFO - Processing file /home/airflow/.local/lib/python3.12/site-packages/airflow/example_dags/example_display_name.py for tasks to queue
[2025-08-17T14:53:57.550+0000] {logging_mixin.py:190} INFO - [2025-08-17T14:53:57.549+0000] {dagbag.py:587} INFO - Filling up the DagBag from /home/airflow/.local/lib/python3.12/site-packages/airflow/example_dags/example_display_name.py
[2025-08-17T14:53:57.561+0000] {processor.py:925} INFO - DAG(s) 'example_display_name' retrieved from /home/airflow/.local/lib/python3.12/site-packages/airflow/example_dags/example_display_name.py
[2025-08-17T14:53:57.584+0000] {logging_mixin.py:190} INFO - [2025-08-17T14:53:57.584+0000] {dag.py:3211} INFO - Sync 1 DAGs
[2025-08-17T14:53:57.602+0000] {logging_mixin.py:190} INFO - [2025-08-17T14:53:57.601+0000] {dag.py:4138} INFO - Setting next_dagrun for example_display_name to None, run_after=None
[2025-08-17T14:53:57.622+0000] {processor.py:208} INFO - Processing /home/airflow/.local/lib/python3.12/site-packages/airflow/example_dags/example_display_name.py took 0.082 seconds
[2025-08-17T14:54:28.137+0000] {processor.py:186} INFO - Started process (PID=692) to work on /home/airflow/.local/lib/python3.12/site-packages/airflow/example_dags/example_display_name.py
[2025-08-17T14:54:28.138+0000] {processor.py:914} INFO - Processing file /home/airflow/.local/lib/python3.12/site-packages/airflow/example_dags/example_display_name.py for tasks to queue
[2025-08-17T14:54:28.140+0000] {logging_mixin.py:190} INFO - [2025-08-17T14:54:28.140+0000] {dagbag.py:587} INFO - Filling up the DagBag from /home/airflow/.local/lib/python3.12/site-packages/airflow/example_dags/example_display_name.py
[2025-08-17T14:54:28.147+0000] {processor.py:925} INFO - DAG(s) 'example_display_name' retrieved from /home/airflow/.local/lib/python3.12/site-packages/airflow/example_dags/example_display_name.py
[2025-08-17T14:54:28.163+0000] {logging_mixin.py:190} INFO - [2025-08-17T14:54:28.163+0000] {dag.py:3211} INFO - Sync 1 DAGs
[2025-08-17T14:54:28.173+0000] {logging_mixin.py:190} INFO - [2025-08-17T14:54:28.173+0000] {dag.py:4138} INFO - Setting next_dagrun for example_display_name to None, run_after=None
[2025-08-17T14:54:28.197+0000] {processor.py:208} INFO - Processing /home/airflow/.local/lib/python3.12/site-packages/airflow/example_dags/example_display_name.py took 0.067 seconds
