[2025-08-17T14:49:25.330+0000] {processor.py:186} INFO - Started process (PID=94) to work on /home/airflow/.local/lib/python3.12/site-packages/airflow/example_dags/example_nested_branch_dag.py
[2025-08-17T14:49:25.332+0000] {processor.py:914} INFO - Processing file /home/airflow/.local/lib/python3.12/site-packages/airflow/example_dags/example_nested_branch_dag.py for tasks to queue
[2025-08-17T14:49:25.334+0000] {logging_mixin.py:190} INFO - [2025-08-17T14:49:25.334+0000] {dagbag.py:587} INFO - Filling up the DagBag from /home/airflow/.local/lib/python3.12/site-packages/airflow/example_dags/example_nested_branch_dag.py
[2025-08-17T14:49:25.346+0000] {processor.py:925} INFO - DAG(s) 'example_nested_branch_dag' retrieved from /home/airflow/.local/lib/python3.12/site-packages/airflow/example_dags/example_nested_branch_dag.py
[2025-08-17T14:49:25.430+0000] {logging_mixin.py:190} INFO - [2025-08-17T14:49:25.429+0000] {override.py:1858} INFO - Created Permission View: can read on DAG:example_nested_branch_dag
[2025-08-17T14:49:25.441+0000] {logging_mixin.py:190} INFO - [2025-08-17T14:49:25.441+0000] {override.py:1858} INFO - Created Permission View: can delete on DAG:example_nested_branch_dag
[2025-08-17T14:49:25.446+0000] {logging_mixin.py:190} INFO - [2025-08-17T14:49:25.446+0000] {override.py:1858} INFO - Created Permission View: can edit on DAG:example_nested_branch_dag
[2025-08-17T14:49:25.447+0000] {logging_mixin.py:190} INFO - [2025-08-17T14:49:25.447+0000] {dag.py:3211} INFO - Sync 1 DAGs
[2025-08-17T14:49:25.456+0000] {logging_mixin.py:190} INFO - [2025-08-17T14:49:25.456+0000] {dag.py:3234} INFO - Creating ORM DAG for example_nested_branch_dag
[2025-08-17T14:49:25.465+0000] {logging_mixin.py:190} INFO - [2025-08-17T14:49:25.465+0000] {dag.py:4138} INFO - Setting next_dagrun for example_nested_branch_dag to 2025-08-16 00:00:00+00:00, run_after=2025-08-17 00:00:00+00:00
[2025-08-17T14:49:25.477+0000] {processor.py:208} INFO - Processing /home/airflow/.local/lib/python3.12/site-packages/airflow/example_dags/example_nested_branch_dag.py took 0.153 seconds
[2025-08-17T14:49:55.725+0000] {processor.py:186} INFO - Started process (PID=156) to work on /home/airflow/.local/lib/python3.12/site-packages/airflow/example_dags/example_nested_branch_dag.py
[2025-08-17T14:49:55.727+0000] {processor.py:914} INFO - Processing file /home/airflow/.local/lib/python3.12/site-packages/airflow/example_dags/example_nested_branch_dag.py for tasks to queue
[2025-08-17T14:49:55.729+0000] {logging_mixin.py:190} INFO - [2025-08-17T14:49:55.729+0000] {dagbag.py:587} INFO - Filling up the DagBag from /home/airflow/.local/lib/python3.12/site-packages/airflow/example_dags/example_nested_branch_dag.py
[2025-08-17T14:49:55.741+0000] {processor.py:925} INFO - DAG(s) 'example_nested_branch_dag' retrieved from /home/airflow/.local/lib/python3.12/site-packages/airflow/example_dags/example_nested_branch_dag.py
[2025-08-17T14:49:55.762+0000] {logging_mixin.py:190} INFO - [2025-08-17T14:49:55.762+0000] {dag.py:3211} INFO - Sync 1 DAGs
[2025-08-17T14:49:55.783+0000] {logging_mixin.py:190} INFO - [2025-08-17T14:49:55.783+0000] {dag.py:4138} INFO - Setting next_dagrun for example_nested_branch_dag to 2025-08-16 00:00:00+00:00, run_after=2025-08-17 00:00:00+00:00
[2025-08-17T14:49:55.803+0000] {processor.py:208} INFO - Processing /home/airflow/.local/lib/python3.12/site-packages/airflow/example_dags/example_nested_branch_dag.py took 0.085 seconds
[2025-08-17T14:50:26.023+0000] {processor.py:186} INFO - Started process (PID=218) to work on /home/airflow/.local/lib/python3.12/site-packages/airflow/example_dags/example_nested_branch_dag.py
[2025-08-17T14:50:26.024+0000] {processor.py:914} INFO - Processing file /home/airflow/.local/lib/python3.12/site-packages/airflow/example_dags/example_nested_branch_dag.py for tasks to queue
[2025-08-17T14:50:26.027+0000] {logging_mixin.py:190} INFO - [2025-08-17T14:50:26.026+0000] {dagbag.py:587} INFO - Filling up the DagBag from /home/airflow/.local/lib/python3.12/site-packages/airflow/example_dags/example_nested_branch_dag.py
[2025-08-17T14:50:26.037+0000] {processor.py:925} INFO - DAG(s) 'example_nested_branch_dag' retrieved from /home/airflow/.local/lib/python3.12/site-packages/airflow/example_dags/example_nested_branch_dag.py
[2025-08-17T14:50:26.057+0000] {logging_mixin.py:190} INFO - [2025-08-17T14:50:26.057+0000] {dag.py:3211} INFO - Sync 1 DAGs
[2025-08-17T14:50:26.077+0000] {logging_mixin.py:190} INFO - [2025-08-17T14:50:26.077+0000] {dag.py:4138} INFO - Setting next_dagrun for example_nested_branch_dag to 2025-08-16 00:00:00+00:00, run_after=2025-08-17 00:00:00+00:00
[2025-08-17T14:50:26.093+0000] {processor.py:208} INFO - Processing /home/airflow/.local/lib/python3.12/site-packages/airflow/example_dags/example_nested_branch_dag.py took 0.074 seconds
[2025-08-17T14:50:56.432+0000] {processor.py:186} INFO - Started process (PID=280) to work on /home/airflow/.local/lib/python3.12/site-packages/airflow/example_dags/example_nested_branch_dag.py
[2025-08-17T14:50:56.434+0000] {processor.py:914} INFO - Processing file /home/airflow/.local/lib/python3.12/site-packages/airflow/example_dags/example_nested_branch_dag.py for tasks to queue
[2025-08-17T14:50:56.436+0000] {logging_mixin.py:190} INFO - [2025-08-17T14:50:56.436+0000] {dagbag.py:587} INFO - Filling up the DagBag from /home/airflow/.local/lib/python3.12/site-packages/airflow/example_dags/example_nested_branch_dag.py
[2025-08-17T14:50:56.445+0000] {processor.py:925} INFO - DAG(s) 'example_nested_branch_dag' retrieved from /home/airflow/.local/lib/python3.12/site-packages/airflow/example_dags/example_nested_branch_dag.py
[2025-08-17T14:50:56.463+0000] {logging_mixin.py:190} INFO - [2025-08-17T14:50:56.463+0000] {dag.py:3211} INFO - Sync 1 DAGs
[2025-08-17T14:50:56.481+0000] {logging_mixin.py:190} INFO - [2025-08-17T14:50:56.480+0000] {dag.py:4138} INFO - Setting next_dagrun for example_nested_branch_dag to 2025-08-16 00:00:00+00:00, run_after=2025-08-17 00:00:00+00:00
[2025-08-17T14:50:56.497+0000] {processor.py:208} INFO - Processing /home/airflow/.local/lib/python3.12/site-packages/airflow/example_dags/example_nested_branch_dag.py took 0.069 seconds
[2025-08-17T14:51:27.188+0000] {processor.py:186} INFO - Started process (PID=342) to work on /home/airflow/.local/lib/python3.12/site-packages/airflow/example_dags/example_nested_branch_dag.py
[2025-08-17T14:51:27.189+0000] {processor.py:914} INFO - Processing file /home/airflow/.local/lib/python3.12/site-packages/airflow/example_dags/example_nested_branch_dag.py for tasks to queue
[2025-08-17T14:51:27.192+0000] {logging_mixin.py:190} INFO - [2025-08-17T14:51:27.192+0000] {dagbag.py:587} INFO - Filling up the DagBag from /home/airflow/.local/lib/python3.12/site-packages/airflow/example_dags/example_nested_branch_dag.py
[2025-08-17T14:51:27.201+0000] {processor.py:925} INFO - DAG(s) 'example_nested_branch_dag' retrieved from /home/airflow/.local/lib/python3.12/site-packages/airflow/example_dags/example_nested_branch_dag.py
[2025-08-17T14:51:27.219+0000] {logging_mixin.py:190} INFO - [2025-08-17T14:51:27.219+0000] {dag.py:3211} INFO - Sync 1 DAGs
[2025-08-17T14:51:27.240+0000] {logging_mixin.py:190} INFO - [2025-08-17T14:51:27.240+0000] {dag.py:4138} INFO - Setting next_dagrun for example_nested_branch_dag to 2025-08-16 00:00:00+00:00, run_after=2025-08-17 00:00:00+00:00
[2025-08-17T14:51:27.256+0000] {processor.py:208} INFO - Processing /home/airflow/.local/lib/python3.12/site-packages/airflow/example_dags/example_nested_branch_dag.py took 0.075 seconds
[2025-08-17T14:51:58.163+0000] {processor.py:186} INFO - Started process (PID=404) to work on /home/airflow/.local/lib/python3.12/site-packages/airflow/example_dags/example_nested_branch_dag.py
[2025-08-17T14:51:58.165+0000] {processor.py:914} INFO - Processing file /home/airflow/.local/lib/python3.12/site-packages/airflow/example_dags/example_nested_branch_dag.py for tasks to queue
[2025-08-17T14:51:58.167+0000] {logging_mixin.py:190} INFO - [2025-08-17T14:51:58.167+0000] {dagbag.py:587} INFO - Filling up the DagBag from /home/airflow/.local/lib/python3.12/site-packages/airflow/example_dags/example_nested_branch_dag.py
[2025-08-17T14:51:58.177+0000] {processor.py:925} INFO - DAG(s) 'example_nested_branch_dag' retrieved from /home/airflow/.local/lib/python3.12/site-packages/airflow/example_dags/example_nested_branch_dag.py
[2025-08-17T14:51:58.198+0000] {logging_mixin.py:190} INFO - [2025-08-17T14:51:58.198+0000] {dag.py:3211} INFO - Sync 1 DAGs
[2025-08-17T14:51:58.218+0000] {logging_mixin.py:190} INFO - [2025-08-17T14:51:58.218+0000] {dag.py:4138} INFO - Setting next_dagrun for example_nested_branch_dag to 2025-08-16 00:00:00+00:00, run_after=2025-08-17 00:00:00+00:00
[2025-08-17T14:51:58.234+0000] {processor.py:208} INFO - Processing /home/airflow/.local/lib/python3.12/site-packages/airflow/example_dags/example_nested_branch_dag.py took 0.075 seconds
[2025-08-17T14:52:29.281+0000] {processor.py:186} INFO - Started process (PID=466) to work on /home/airflow/.local/lib/python3.12/site-packages/airflow/example_dags/example_nested_branch_dag.py
[2025-08-17T14:52:29.282+0000] {processor.py:914} INFO - Processing file /home/airflow/.local/lib/python3.12/site-packages/airflow/example_dags/example_nested_branch_dag.py for tasks to queue
[2025-08-17T14:52:29.285+0000] {logging_mixin.py:190} INFO - [2025-08-17T14:52:29.284+0000] {dagbag.py:587} INFO - Filling up the DagBag from /home/airflow/.local/lib/python3.12/site-packages/airflow/example_dags/example_nested_branch_dag.py
[2025-08-17T14:52:29.294+0000] {processor.py:925} INFO - DAG(s) 'example_nested_branch_dag' retrieved from /home/airflow/.local/lib/python3.12/site-packages/airflow/example_dags/example_nested_branch_dag.py
[2025-08-17T14:52:29.311+0000] {logging_mixin.py:190} INFO - [2025-08-17T14:52:29.311+0000] {dag.py:3211} INFO - Sync 1 DAGs
[2025-08-17T14:52:29.332+0000] {logging_mixin.py:190} INFO - [2025-08-17T14:52:29.331+0000] {dag.py:4138} INFO - Setting next_dagrun for example_nested_branch_dag to 2025-08-16 00:00:00+00:00, run_after=2025-08-17 00:00:00+00:00
[2025-08-17T14:52:29.347+0000] {processor.py:208} INFO - Processing /home/airflow/.local/lib/python3.12/site-packages/airflow/example_dags/example_nested_branch_dag.py took 0.071 seconds
[2025-08-17T14:52:59.530+0000] {processor.py:186} INFO - Started process (PID=528) to work on /home/airflow/.local/lib/python3.12/site-packages/airflow/example_dags/example_nested_branch_dag.py
[2025-08-17T14:52:59.532+0000] {processor.py:914} INFO - Processing file /home/airflow/.local/lib/python3.12/site-packages/airflow/example_dags/example_nested_branch_dag.py for tasks to queue
[2025-08-17T14:52:59.535+0000] {logging_mixin.py:190} INFO - [2025-08-17T14:52:59.534+0000] {dagbag.py:587} INFO - Filling up the DagBag from /home/airflow/.local/lib/python3.12/site-packages/airflow/example_dags/example_nested_branch_dag.py
[2025-08-17T14:52:59.546+0000] {processor.py:925} INFO - DAG(s) 'example_nested_branch_dag' retrieved from /home/airflow/.local/lib/python3.12/site-packages/airflow/example_dags/example_nested_branch_dag.py
[2025-08-17T14:52:59.569+0000] {logging_mixin.py:190} INFO - [2025-08-17T14:52:59.569+0000] {dag.py:3211} INFO - Sync 1 DAGs
[2025-08-17T14:52:59.592+0000] {logging_mixin.py:190} INFO - [2025-08-17T14:52:59.592+0000] {dag.py:4138} INFO - Setting next_dagrun for example_nested_branch_dag to 2025-08-16 00:00:00+00:00, run_after=2025-08-17 00:00:00+00:00
[2025-08-17T14:52:59.608+0000] {processor.py:208} INFO - Processing /home/airflow/.local/lib/python3.12/site-packages/airflow/example_dags/example_nested_branch_dag.py took 0.084 seconds
[2025-08-17T14:53:30.388+0000] {processor.py:186} INFO - Started process (PID=590) to work on /home/airflow/.local/lib/python3.12/site-packages/airflow/example_dags/example_nested_branch_dag.py
[2025-08-17T14:53:30.390+0000] {processor.py:914} INFO - Processing file /home/airflow/.local/lib/python3.12/site-packages/airflow/example_dags/example_nested_branch_dag.py for tasks to queue
[2025-08-17T14:53:30.394+0000] {logging_mixin.py:190} INFO - [2025-08-17T14:53:30.393+0000] {dagbag.py:587} INFO - Filling up the DagBag from /home/airflow/.local/lib/python3.12/site-packages/airflow/example_dags/example_nested_branch_dag.py
[2025-08-17T14:53:30.406+0000] {processor.py:925} INFO - DAG(s) 'example_nested_branch_dag' retrieved from /home/airflow/.local/lib/python3.12/site-packages/airflow/example_dags/example_nested_branch_dag.py
[2025-08-17T14:53:30.426+0000] {logging_mixin.py:190} INFO - [2025-08-17T14:53:30.426+0000] {dag.py:3211} INFO - Sync 1 DAGs
[2025-08-17T14:53:30.447+0000] {logging_mixin.py:190} INFO - [2025-08-17T14:53:30.447+0000] {dag.py:4138} INFO - Setting next_dagrun for example_nested_branch_dag to 2025-08-16 00:00:00+00:00, run_after=2025-08-17 00:00:00+00:00
[2025-08-17T14:53:30.466+0000] {processor.py:208} INFO - Processing /home/airflow/.local/lib/python3.12/site-packages/airflow/example_dags/example_nested_branch_dag.py took 0.084 seconds
[2025-08-17T14:54:00.636+0000] {processor.py:186} INFO - Started process (PID=652) to work on /home/airflow/.local/lib/python3.12/site-packages/airflow/example_dags/example_nested_branch_dag.py
[2025-08-17T14:54:00.638+0000] {processor.py:914} INFO - Processing file /home/airflow/.local/lib/python3.12/site-packages/airflow/example_dags/example_nested_branch_dag.py for tasks to queue
[2025-08-17T14:54:00.642+0000] {logging_mixin.py:190} INFO - [2025-08-17T14:54:00.642+0000] {dagbag.py:587} INFO - Filling up the DagBag from /home/airflow/.local/lib/python3.12/site-packages/airflow/example_dags/example_nested_branch_dag.py
[2025-08-17T14:54:00.656+0000] {processor.py:925} INFO - DAG(s) 'example_nested_branch_dag' retrieved from /home/airflow/.local/lib/python3.12/site-packages/airflow/example_dags/example_nested_branch_dag.py
[2025-08-17T14:54:00.680+0000] {logging_mixin.py:190} INFO - [2025-08-17T14:54:00.679+0000] {dag.py:3211} INFO - Sync 1 DAGs
[2025-08-17T14:54:00.705+0000] {logging_mixin.py:190} INFO - [2025-08-17T14:54:00.705+0000] {dag.py:4138} INFO - Setting next_dagrun for example_nested_branch_dag to 2025-08-16 00:00:00+00:00, run_after=2025-08-17 00:00:00+00:00
[2025-08-17T14:54:00.726+0000] {processor.py:208} INFO - Processing /home/airflow/.local/lib/python3.12/site-packages/airflow/example_dags/example_nested_branch_dag.py took 0.098 seconds
[2025-08-17T14:54:31.422+0000] {processor.py:186} INFO - Started process (PID=714) to work on /home/airflow/.local/lib/python3.12/site-packages/airflow/example_dags/example_nested_branch_dag.py
[2025-08-17T14:54:31.424+0000] {processor.py:914} INFO - Processing file /home/airflow/.local/lib/python3.12/site-packages/airflow/example_dags/example_nested_branch_dag.py for tasks to queue
[2025-08-17T14:54:31.426+0000] {logging_mixin.py:190} INFO - [2025-08-17T14:54:31.425+0000] {dagbag.py:587} INFO - Filling up the DagBag from /home/airflow/.local/lib/python3.12/site-packages/airflow/example_dags/example_nested_branch_dag.py
[2025-08-17T14:54:31.436+0000] {processor.py:925} INFO - DAG(s) 'example_nested_branch_dag' retrieved from /home/airflow/.local/lib/python3.12/site-packages/airflow/example_dags/example_nested_branch_dag.py
[2025-08-17T14:54:31.453+0000] {logging_mixin.py:190} INFO - [2025-08-17T14:54:31.453+0000] {dag.py:3211} INFO - Sync 1 DAGs
[2025-08-17T14:54:31.473+0000] {logging_mixin.py:190} INFO - [2025-08-17T14:54:31.473+0000] {dag.py:4138} INFO - Setting next_dagrun for example_nested_branch_dag to 2025-08-16 00:00:00+00:00, run_after=2025-08-17 00:00:00+00:00
[2025-08-17T14:54:31.490+0000] {processor.py:208} INFO - Processing /home/airflow/.local/lib/python3.12/site-packages/airflow/example_dags/example_nested_branch_dag.py took 0.072 seconds
