[2025-08-17T14:49:23.804+0000] {processor.py:186} INFO - Started process (PID=84) to work on /home/airflow/.local/lib/python3.12/site-packages/airflow/example_dags/example_branch_labels.py
[2025-08-17T14:49:23.806+0000] {processor.py:914} INFO - Processing file /home/airflow/.local/lib/python3.12/site-packages/airflow/example_dags/example_branch_labels.py for tasks to queue
[2025-08-17T14:49:23.809+0000] {logging_mixin.py:190} INFO - [2025-08-17T14:49:23.809+0000] {dagbag.py:587} INFO - Filling up the DagBag from /home/airflow/.local/lib/python3.12/site-packages/airflow/example_dags/example_branch_labels.py
[2025-08-17T14:49:23.824+0000] {processor.py:925} INFO - DAG(s) 'example_branch_labels' retrieved from /home/airflow/.local/lib/python3.12/site-packages/airflow/example_dags/example_branch_labels.py
[2025-08-17T14:49:23.938+0000] {logging_mixin.py:190} INFO - [2025-08-17T14:49:23.937+0000] {override.py:1858} INFO - Created Permission View: can read on DAG:example_branch_labels
[2025-08-17T14:49:23.950+0000] {logging_mixin.py:190} INFO - [2025-08-17T14:49:23.950+0000] {override.py:1858} INFO - Created Permission View: can delete on DAG:example_branch_labels
[2025-08-17T14:49:23.958+0000] {logging_mixin.py:190} INFO - [2025-08-17T14:49:23.958+0000] {override.py:1858} INFO - Created Permission View: can edit on DAG:example_branch_labels
[2025-08-17T14:49:23.959+0000] {logging_mixin.py:190} INFO - [2025-08-17T14:49:23.959+0000] {dag.py:3211} INFO - Sync 1 DAGs
[2025-08-17T14:49:23.973+0000] {logging_mixin.py:190} INFO - [2025-08-17T14:49:23.973+0000] {dag.py:3234} INFO - Creating ORM DAG for example_branch_labels
[2025-08-17T14:49:23.985+0000] {logging_mixin.py:190} INFO - [2025-08-17T14:49:23.985+0000] {dag.py:4138} INFO - Setting next_dagrun for example_branch_labels to 2025-08-16 00:00:00+00:00, run_after=2025-08-17 00:00:00+00:00
[2025-08-17T14:49:24.004+0000] {processor.py:208} INFO - Processing /home/airflow/.local/lib/python3.12/site-packages/airflow/example_dags/example_branch_labels.py took 0.206 seconds
[2025-08-17T14:49:54.670+0000] {processor.py:186} INFO - Started process (PID=146) to work on /home/airflow/.local/lib/python3.12/site-packages/airflow/example_dags/example_branch_labels.py
[2025-08-17T14:49:54.671+0000] {processor.py:914} INFO - Processing file /home/airflow/.local/lib/python3.12/site-packages/airflow/example_dags/example_branch_labels.py for tasks to queue
[2025-08-17T14:49:54.674+0000] {logging_mixin.py:190} INFO - [2025-08-17T14:49:54.673+0000] {dagbag.py:587} INFO - Filling up the DagBag from /home/airflow/.local/lib/python3.12/site-packages/airflow/example_dags/example_branch_labels.py
[2025-08-17T14:49:54.681+0000] {processor.py:925} INFO - DAG(s) 'example_branch_labels' retrieved from /home/airflow/.local/lib/python3.12/site-packages/airflow/example_dags/example_branch_labels.py
[2025-08-17T14:49:54.699+0000] {logging_mixin.py:190} INFO - [2025-08-17T14:49:54.698+0000] {dag.py:3211} INFO - Sync 1 DAGs
[2025-08-17T14:49:54.717+0000] {logging_mixin.py:190} INFO - [2025-08-17T14:49:54.716+0000] {dag.py:4138} INFO - Setting next_dagrun for example_branch_labels to 2025-08-16 00:00:00+00:00, run_after=2025-08-17 00:00:00+00:00
[2025-08-17T14:49:54.734+0000] {processor.py:208} INFO - Processing /home/airflow/.local/lib/python3.12/site-packages/airflow/example_dags/example_branch_labels.py took 0.069 seconds
[2025-08-17T14:50:25.272+0000] {processor.py:186} INFO - Started process (PID=208) to work on /home/airflow/.local/lib/python3.12/site-packages/airflow/example_dags/example_branch_labels.py
[2025-08-17T14:50:25.274+0000] {processor.py:914} INFO - Processing file /home/airflow/.local/lib/python3.12/site-packages/airflow/example_dags/example_branch_labels.py for tasks to queue
[2025-08-17T14:50:25.276+0000] {logging_mixin.py:190} INFO - [2025-08-17T14:50:25.276+0000] {dagbag.py:587} INFO - Filling up the DagBag from /home/airflow/.local/lib/python3.12/site-packages/airflow/example_dags/example_branch_labels.py
[2025-08-17T14:50:25.284+0000] {processor.py:925} INFO - DAG(s) 'example_branch_labels' retrieved from /home/airflow/.local/lib/python3.12/site-packages/airflow/example_dags/example_branch_labels.py
[2025-08-17T14:50:25.301+0000] {logging_mixin.py:190} INFO - [2025-08-17T14:50:25.301+0000] {dag.py:3211} INFO - Sync 1 DAGs
[2025-08-17T14:50:25.318+0000] {logging_mixin.py:190} INFO - [2025-08-17T14:50:25.318+0000] {dag.py:4138} INFO - Setting next_dagrun for example_branch_labels to 2025-08-16 00:00:00+00:00, run_after=2025-08-17 00:00:00+00:00
[2025-08-17T14:50:25.334+0000] {processor.py:208} INFO - Processing /home/airflow/.local/lib/python3.12/site-packages/airflow/example_dags/example_branch_labels.py took 0.067 seconds
[2025-08-17T14:50:55.846+0000] {processor.py:186} INFO - Started process (PID=270) to work on /home/airflow/.local/lib/python3.12/site-packages/airflow/example_dags/example_branch_labels.py
[2025-08-17T14:50:55.847+0000] {processor.py:914} INFO - Processing file /home/airflow/.local/lib/python3.12/site-packages/airflow/example_dags/example_branch_labels.py for tasks to queue
[2025-08-17T14:50:55.849+0000] {logging_mixin.py:190} INFO - [2025-08-17T14:50:55.849+0000] {dagbag.py:587} INFO - Filling up the DagBag from /home/airflow/.local/lib/python3.12/site-packages/airflow/example_dags/example_branch_labels.py
[2025-08-17T14:50:55.856+0000] {processor.py:925} INFO - DAG(s) 'example_branch_labels' retrieved from /home/airflow/.local/lib/python3.12/site-packages/airflow/example_dags/example_branch_labels.py
[2025-08-17T14:50:55.873+0000] {logging_mixin.py:190} INFO - [2025-08-17T14:50:55.873+0000] {dag.py:3211} INFO - Sync 1 DAGs
[2025-08-17T14:50:55.889+0000] {logging_mixin.py:190} INFO - [2025-08-17T14:50:55.889+0000] {dag.py:4138} INFO - Setting next_dagrun for example_branch_labels to 2025-08-16 00:00:00+00:00, run_after=2025-08-17 00:00:00+00:00
[2025-08-17T14:50:55.902+0000] {processor.py:208} INFO - Processing /home/airflow/.local/lib/python3.12/site-packages/airflow/example_dags/example_branch_labels.py took 0.061 seconds
[2025-08-17T14:51:26.492+0000] {processor.py:186} INFO - Started process (PID=332) to work on /home/airflow/.local/lib/python3.12/site-packages/airflow/example_dags/example_branch_labels.py
[2025-08-17T14:51:26.493+0000] {processor.py:914} INFO - Processing file /home/airflow/.local/lib/python3.12/site-packages/airflow/example_dags/example_branch_labels.py for tasks to queue
[2025-08-17T14:51:26.495+0000] {logging_mixin.py:190} INFO - [2025-08-17T14:51:26.495+0000] {dagbag.py:587} INFO - Filling up the DagBag from /home/airflow/.local/lib/python3.12/site-packages/airflow/example_dags/example_branch_labels.py
[2025-08-17T14:51:26.503+0000] {processor.py:925} INFO - DAG(s) 'example_branch_labels' retrieved from /home/airflow/.local/lib/python3.12/site-packages/airflow/example_dags/example_branch_labels.py
[2025-08-17T14:51:26.521+0000] {logging_mixin.py:190} INFO - [2025-08-17T14:51:26.521+0000] {dag.py:3211} INFO - Sync 1 DAGs
[2025-08-17T14:51:26.538+0000] {logging_mixin.py:190} INFO - [2025-08-17T14:51:26.538+0000] {dag.py:4138} INFO - Setting next_dagrun for example_branch_labels to 2025-08-16 00:00:00+00:00, run_after=2025-08-17 00:00:00+00:00
[2025-08-17T14:51:26.552+0000] {processor.py:208} INFO - Processing /home/airflow/.local/lib/python3.12/site-packages/airflow/example_dags/example_branch_labels.py took 0.065 seconds
[2025-08-17T14:51:57.472+0000] {processor.py:186} INFO - Started process (PID=394) to work on /home/airflow/.local/lib/python3.12/site-packages/airflow/example_dags/example_branch_labels.py
[2025-08-17T14:51:57.474+0000] {processor.py:914} INFO - Processing file /home/airflow/.local/lib/python3.12/site-packages/airflow/example_dags/example_branch_labels.py for tasks to queue
[2025-08-17T14:51:57.476+0000] {logging_mixin.py:190} INFO - [2025-08-17T14:51:57.476+0000] {dagbag.py:587} INFO - Filling up the DagBag from /home/airflow/.local/lib/python3.12/site-packages/airflow/example_dags/example_branch_labels.py
[2025-08-17T14:51:57.484+0000] {processor.py:925} INFO - DAG(s) 'example_branch_labels' retrieved from /home/airflow/.local/lib/python3.12/site-packages/airflow/example_dags/example_branch_labels.py
[2025-08-17T14:51:57.504+0000] {logging_mixin.py:190} INFO - [2025-08-17T14:51:57.504+0000] {dag.py:3211} INFO - Sync 1 DAGs
[2025-08-17T14:51:57.523+0000] {logging_mixin.py:190} INFO - [2025-08-17T14:51:57.523+0000] {dag.py:4138} INFO - Setting next_dagrun for example_branch_labels to 2025-08-16 00:00:00+00:00, run_after=2025-08-17 00:00:00+00:00
[2025-08-17T14:51:57.538+0000] {processor.py:208} INFO - Processing /home/airflow/.local/lib/python3.12/site-packages/airflow/example_dags/example_branch_labels.py took 0.070 seconds
[2025-08-17T14:52:28.343+0000] {processor.py:186} INFO - Started process (PID=456) to work on /home/airflow/.local/lib/python3.12/site-packages/airflow/example_dags/example_branch_labels.py
[2025-08-17T14:52:28.344+0000] {processor.py:914} INFO - Processing file /home/airflow/.local/lib/python3.12/site-packages/airflow/example_dags/example_branch_labels.py for tasks to queue
[2025-08-17T14:52:28.346+0000] {logging_mixin.py:190} INFO - [2025-08-17T14:52:28.346+0000] {dagbag.py:587} INFO - Filling up the DagBag from /home/airflow/.local/lib/python3.12/site-packages/airflow/example_dags/example_branch_labels.py
[2025-08-17T14:52:28.353+0000] {processor.py:925} INFO - DAG(s) 'example_branch_labels' retrieved from /home/airflow/.local/lib/python3.12/site-packages/airflow/example_dags/example_branch_labels.py
[2025-08-17T14:52:28.370+0000] {logging_mixin.py:190} INFO - [2025-08-17T14:52:28.370+0000] {dag.py:3211} INFO - Sync 1 DAGs
[2025-08-17T14:52:28.387+0000] {logging_mixin.py:190} INFO - [2025-08-17T14:52:28.386+0000] {dag.py:4138} INFO - Setting next_dagrun for example_branch_labels to 2025-08-16 00:00:00+00:00, run_after=2025-08-17 00:00:00+00:00
[2025-08-17T14:52:28.400+0000] {processor.py:208} INFO - Processing /home/airflow/.local/lib/python3.12/site-packages/airflow/example_dags/example_branch_labels.py took 0.062 seconds
[2025-08-17T14:52:58.733+0000] {processor.py:186} INFO - Started process (PID=518) to work on /home/airflow/.local/lib/python3.12/site-packages/airflow/example_dags/example_branch_labels.py
[2025-08-17T14:52:58.735+0000] {processor.py:914} INFO - Processing file /home/airflow/.local/lib/python3.12/site-packages/airflow/example_dags/example_branch_labels.py for tasks to queue
[2025-08-17T14:52:58.737+0000] {logging_mixin.py:190} INFO - [2025-08-17T14:52:58.737+0000] {dagbag.py:587} INFO - Filling up the DagBag from /home/airflow/.local/lib/python3.12/site-packages/airflow/example_dags/example_branch_labels.py
[2025-08-17T14:52:58.744+0000] {processor.py:925} INFO - DAG(s) 'example_branch_labels' retrieved from /home/airflow/.local/lib/python3.12/site-packages/airflow/example_dags/example_branch_labels.py
[2025-08-17T14:52:58.762+0000] {logging_mixin.py:190} INFO - [2025-08-17T14:52:58.762+0000] {dag.py:3211} INFO - Sync 1 DAGs
[2025-08-17T14:52:58.778+0000] {logging_mixin.py:190} INFO - [2025-08-17T14:52:58.777+0000] {dag.py:4138} INFO - Setting next_dagrun for example_branch_labels to 2025-08-16 00:00:00+00:00, run_after=2025-08-17 00:00:00+00:00
[2025-08-17T14:52:58.791+0000] {processor.py:208} INFO - Processing /home/airflow/.local/lib/python3.12/site-packages/airflow/example_dags/example_branch_labels.py took 0.062 seconds
[2025-08-17T14:53:29.363+0000] {processor.py:186} INFO - Started process (PID=580) to work on /home/airflow/.local/lib/python3.12/site-packages/airflow/example_dags/example_branch_labels.py
[2025-08-17T14:53:29.365+0000] {processor.py:914} INFO - Processing file /home/airflow/.local/lib/python3.12/site-packages/airflow/example_dags/example_branch_labels.py for tasks to queue
[2025-08-17T14:53:29.370+0000] {logging_mixin.py:190} INFO - [2025-08-17T14:53:29.370+0000] {dagbag.py:587} INFO - Filling up the DagBag from /home/airflow/.local/lib/python3.12/site-packages/airflow/example_dags/example_branch_labels.py
[2025-08-17T14:53:29.382+0000] {processor.py:925} INFO - DAG(s) 'example_branch_labels' retrieved from /home/airflow/.local/lib/python3.12/site-packages/airflow/example_dags/example_branch_labels.py
[2025-08-17T14:53:29.403+0000] {logging_mixin.py:190} INFO - [2025-08-17T14:53:29.403+0000] {dag.py:3211} INFO - Sync 1 DAGs
[2025-08-17T14:53:29.427+0000] {logging_mixin.py:190} INFO - [2025-08-17T14:53:29.427+0000] {dag.py:4138} INFO - Setting next_dagrun for example_branch_labels to 2025-08-16 00:00:00+00:00, run_after=2025-08-17 00:00:00+00:00
[2025-08-17T14:53:29.446+0000] {processor.py:208} INFO - Processing /home/airflow/.local/lib/python3.12/site-packages/airflow/example_dags/example_branch_labels.py took 0.092 seconds
[2025-08-17T14:53:59.815+0000] {processor.py:186} INFO - Started process (PID=642) to work on /home/airflow/.local/lib/python3.12/site-packages/airflow/example_dags/example_branch_labels.py
[2025-08-17T14:53:59.816+0000] {processor.py:914} INFO - Processing file /home/airflow/.local/lib/python3.12/site-packages/airflow/example_dags/example_branch_labels.py for tasks to queue
[2025-08-17T14:53:59.820+0000] {logging_mixin.py:190} INFO - [2025-08-17T14:53:59.820+0000] {dagbag.py:587} INFO - Filling up the DagBag from /home/airflow/.local/lib/python3.12/site-packages/airflow/example_dags/example_branch_labels.py
[2025-08-17T14:53:59.834+0000] {processor.py:925} INFO - DAG(s) 'example_branch_labels' retrieved from /home/airflow/.local/lib/python3.12/site-packages/airflow/example_dags/example_branch_labels.py
[2025-08-17T14:53:59.859+0000] {logging_mixin.py:190} INFO - [2025-08-17T14:53:59.859+0000] {dag.py:3211} INFO - Sync 1 DAGs
[2025-08-17T14:53:59.885+0000] {logging_mixin.py:190} INFO - [2025-08-17T14:53:59.885+0000] {dag.py:4138} INFO - Setting next_dagrun for example_branch_labels to 2025-08-16 00:00:00+00:00, run_after=2025-08-17 00:00:00+00:00
[2025-08-17T14:53:59.907+0000] {processor.py:208} INFO - Processing /home/airflow/.local/lib/python3.12/site-packages/airflow/example_dags/example_branch_labels.py took 0.098 seconds
[2025-08-17T14:54:30.829+0000] {processor.py:186} INFO - Started process (PID=704) to work on /home/airflow/.local/lib/python3.12/site-packages/airflow/example_dags/example_branch_labels.py
[2025-08-17T14:54:30.830+0000] {processor.py:914} INFO - Processing file /home/airflow/.local/lib/python3.12/site-packages/airflow/example_dags/example_branch_labels.py for tasks to queue
[2025-08-17T14:54:30.833+0000] {logging_mixin.py:190} INFO - [2025-08-17T14:54:30.832+0000] {dagbag.py:587} INFO - Filling up the DagBag from /home/airflow/.local/lib/python3.12/site-packages/airflow/example_dags/example_branch_labels.py
[2025-08-17T14:54:30.841+0000] {processor.py:925} INFO - DAG(s) 'example_branch_labels' retrieved from /home/airflow/.local/lib/python3.12/site-packages/airflow/example_dags/example_branch_labels.py
[2025-08-17T14:54:30.858+0000] {logging_mixin.py:190} INFO - [2025-08-17T14:54:30.858+0000] {dag.py:3211} INFO - Sync 1 DAGs
[2025-08-17T14:54:30.876+0000] {logging_mixin.py:190} INFO - [2025-08-17T14:54:30.875+0000] {dag.py:4138} INFO - Setting next_dagrun for example_branch_labels to 2025-08-16 00:00:00+00:00, run_after=2025-08-17 00:00:00+00:00
[2025-08-17T14:54:30.891+0000] {processor.py:208} INFO - Processing /home/airflow/.local/lib/python3.12/site-packages/airflow/example_dags/example_branch_labels.py took 0.067 seconds
