[2025-08-17T14:49:23.213+0000] {processor.py:186} INFO - Started process (PID=80) to work on /home/airflow/.local/lib/python3.12/site-packages/airflow/example_dags/example_params_ui_tutorial.py
[2025-08-17T14:49:23.214+0000] {processor.py:914} INFO - Processing file /home/airflow/.local/lib/python3.12/site-packages/airflow/example_dags/example_params_ui_tutorial.py for tasks to queue
[2025-08-17T14:49:23.217+0000] {logging_mixin.py:190} INFO - [2025-08-17T14:49:23.217+0000] {dagbag.py:587} INFO - Filling up the DagBag from /home/airflow/.local/lib/python3.12/site-packages/airflow/example_dags/example_params_ui_tutorial.py
[2025-08-17T14:49:23.231+0000] {processor.py:925} INFO - DAG(s) 'example_params_ui_tutorial' retrieved from /home/airflow/.local/lib/python3.12/site-packages/airflow/example_dags/example_params_ui_tutorial.py
[2025-08-17T14:49:23.373+0000] {logging_mixin.py:190} INFO - [2025-08-17T14:49:23.372+0000] {override.py:1858} INFO - Created Permission View: can read on DAG:example_params_ui_tutorial
[2025-08-17T14:49:23.388+0000] {logging_mixin.py:190} INFO - [2025-08-17T14:49:23.388+0000] {override.py:1858} INFO - Created Permission View: can delete on DAG:example_params_ui_tutorial
[2025-08-17T14:49:23.398+0000] {logging_mixin.py:190} INFO - [2025-08-17T14:49:23.398+0000] {override.py:1858} INFO - Created Permission View: can edit on DAG:example_params_ui_tutorial
[2025-08-17T14:49:23.400+0000] {logging_mixin.py:190} INFO - [2025-08-17T14:49:23.399+0000] {dag.py:3211} INFO - Sync 1 DAGs
[2025-08-17T14:49:23.416+0000] {logging_mixin.py:190} INFO - [2025-08-17T14:49:23.416+0000] {dag.py:3234} INFO - Creating ORM DAG for example_params_ui_tutorial
[2025-08-17T14:49:23.417+0000] {logging_mixin.py:190} INFO - [2025-08-17T14:49:23.417+0000] {dag.py:4138} INFO - Setting next_dagrun for example_params_ui_tutorial to None, run_after=None
[2025-08-17T14:49:23.443+0000] {processor.py:208} INFO - Processing /home/airflow/.local/lib/python3.12/site-packages/airflow/example_dags/example_params_ui_tutorial.py took 0.237 seconds
[2025-08-17T14:49:54.423+0000] {processor.py:186} INFO - Started process (PID=142) to work on /home/airflow/.local/lib/python3.12/site-packages/airflow/example_dags/example_params_ui_tutorial.py
[2025-08-17T14:49:54.424+0000] {processor.py:914} INFO - Processing file /home/airflow/.local/lib/python3.12/site-packages/airflow/example_dags/example_params_ui_tutorial.py for tasks to queue
[2025-08-17T14:49:54.427+0000] {logging_mixin.py:190} INFO - [2025-08-17T14:49:54.427+0000] {dagbag.py:587} INFO - Filling up the DagBag from /home/airflow/.local/lib/python3.12/site-packages/airflow/example_dags/example_params_ui_tutorial.py
[2025-08-17T14:49:54.435+0000] {processor.py:925} INFO - DAG(s) 'example_params_ui_tutorial' retrieved from /home/airflow/.local/lib/python3.12/site-packages/airflow/example_dags/example_params_ui_tutorial.py
[2025-08-17T14:49:54.472+0000] {logging_mixin.py:190} INFO - [2025-08-17T14:49:54.472+0000] {dag.py:3211} INFO - Sync 1 DAGs
[2025-08-17T14:49:54.486+0000] {logging_mixin.py:190} INFO - [2025-08-17T14:49:54.485+0000] {dag.py:4138} INFO - Setting next_dagrun for example_params_ui_tutorial to None, run_after=None
[2025-08-17T14:49:54.502+0000] {processor.py:208} INFO - Processing /home/airflow/.local/lib/python3.12/site-packages/airflow/example_dags/example_params_ui_tutorial.py took 0.084 seconds
[2025-08-17T14:50:25.015+0000] {processor.py:186} INFO - Started process (PID=204) to work on /home/airflow/.local/lib/python3.12/site-packages/airflow/example_dags/example_params_ui_tutorial.py
[2025-08-17T14:50:25.016+0000] {processor.py:914} INFO - Processing file /home/airflow/.local/lib/python3.12/site-packages/airflow/example_dags/example_params_ui_tutorial.py for tasks to queue
[2025-08-17T14:50:25.018+0000] {logging_mixin.py:190} INFO - [2025-08-17T14:50:25.018+0000] {dagbag.py:587} INFO - Filling up the DagBag from /home/airflow/.local/lib/python3.12/site-packages/airflow/example_dags/example_params_ui_tutorial.py
[2025-08-17T14:50:25.026+0000] {processor.py:925} INFO - DAG(s) 'example_params_ui_tutorial' retrieved from /home/airflow/.local/lib/python3.12/site-packages/airflow/example_dags/example_params_ui_tutorial.py
[2025-08-17T14:50:25.060+0000] {logging_mixin.py:190} INFO - [2025-08-17T14:50:25.060+0000] {dag.py:3211} INFO - Sync 1 DAGs
[2025-08-17T14:50:25.072+0000] {logging_mixin.py:190} INFO - [2025-08-17T14:50:25.071+0000] {dag.py:4138} INFO - Setting next_dagrun for example_params_ui_tutorial to None, run_after=None
[2025-08-17T14:50:25.090+0000] {processor.py:208} INFO - Processing /home/airflow/.local/lib/python3.12/site-packages/airflow/example_dags/example_params_ui_tutorial.py took 0.080 seconds
[2025-08-17T14:50:55.579+0000] {processor.py:186} INFO - Started process (PID=266) to work on /home/airflow/.local/lib/python3.12/site-packages/airflow/example_dags/example_params_ui_tutorial.py
[2025-08-17T14:50:55.581+0000] {processor.py:914} INFO - Processing file /home/airflow/.local/lib/python3.12/site-packages/airflow/example_dags/example_params_ui_tutorial.py for tasks to queue
[2025-08-17T14:50:55.583+0000] {logging_mixin.py:190} INFO - [2025-08-17T14:50:55.583+0000] {dagbag.py:587} INFO - Filling up the DagBag from /home/airflow/.local/lib/python3.12/site-packages/airflow/example_dags/example_params_ui_tutorial.py
[2025-08-17T14:50:55.591+0000] {processor.py:925} INFO - DAG(s) 'example_params_ui_tutorial' retrieved from /home/airflow/.local/lib/python3.12/site-packages/airflow/example_dags/example_params_ui_tutorial.py
[2025-08-17T14:50:55.622+0000] {logging_mixin.py:190} INFO - [2025-08-17T14:50:55.622+0000] {dag.py:3211} INFO - Sync 1 DAGs
[2025-08-17T14:50:55.634+0000] {logging_mixin.py:190} INFO - [2025-08-17T14:50:55.634+0000] {dag.py:4138} INFO - Setting next_dagrun for example_params_ui_tutorial to None, run_after=None
[2025-08-17T14:50:55.650+0000] {processor.py:208} INFO - Processing /home/airflow/.local/lib/python3.12/site-packages/airflow/example_dags/example_params_ui_tutorial.py took 0.077 seconds
[2025-08-17T14:51:26.241+0000] {processor.py:186} INFO - Started process (PID=328) to work on /home/airflow/.local/lib/python3.12/site-packages/airflow/example_dags/example_params_ui_tutorial.py
[2025-08-17T14:51:26.243+0000] {processor.py:914} INFO - Processing file /home/airflow/.local/lib/python3.12/site-packages/airflow/example_dags/example_params_ui_tutorial.py for tasks to queue
[2025-08-17T14:51:26.247+0000] {logging_mixin.py:190} INFO - [2025-08-17T14:51:26.247+0000] {dagbag.py:587} INFO - Filling up the DagBag from /home/airflow/.local/lib/python3.12/site-packages/airflow/example_dags/example_params_ui_tutorial.py
[2025-08-17T14:51:26.256+0000] {processor.py:925} INFO - DAG(s) 'example_params_ui_tutorial' retrieved from /home/airflow/.local/lib/python3.12/site-packages/airflow/example_dags/example_params_ui_tutorial.py
[2025-08-17T14:51:26.294+0000] {logging_mixin.py:190} INFO - [2025-08-17T14:51:26.293+0000] {dag.py:3211} INFO - Sync 1 DAGs
[2025-08-17T14:51:26.305+0000] {logging_mixin.py:190} INFO - [2025-08-17T14:51:26.305+0000] {dag.py:4138} INFO - Setting next_dagrun for example_params_ui_tutorial to None, run_after=None
[2025-08-17T14:51:26.321+0000] {processor.py:208} INFO - Processing /home/airflow/.local/lib/python3.12/site-packages/airflow/example_dags/example_params_ui_tutorial.py took 0.087 seconds
[2025-08-17T14:51:57.191+0000] {processor.py:186} INFO - Started process (PID=390) to work on /home/airflow/.local/lib/python3.12/site-packages/airflow/example_dags/example_params_ui_tutorial.py
[2025-08-17T14:51:57.193+0000] {processor.py:914} INFO - Processing file /home/airflow/.local/lib/python3.12/site-packages/airflow/example_dags/example_params_ui_tutorial.py for tasks to queue
[2025-08-17T14:51:57.195+0000] {logging_mixin.py:190} INFO - [2025-08-17T14:51:57.195+0000] {dagbag.py:587} INFO - Filling up the DagBag from /home/airflow/.local/lib/python3.12/site-packages/airflow/example_dags/example_params_ui_tutorial.py
[2025-08-17T14:51:57.218+0000] {processor.py:925} INFO - DAG(s) 'example_params_ui_tutorial' retrieved from /home/airflow/.local/lib/python3.12/site-packages/airflow/example_dags/example_params_ui_tutorial.py
[2025-08-17T14:51:57.257+0000] {logging_mixin.py:190} INFO - [2025-08-17T14:51:57.257+0000] {dag.py:3211} INFO - Sync 1 DAGs
[2025-08-17T14:51:57.271+0000] {logging_mixin.py:190} INFO - [2025-08-17T14:51:57.270+0000] {dag.py:4138} INFO - Setting next_dagrun for example_params_ui_tutorial to None, run_after=None
[2025-08-17T14:51:57.289+0000] {processor.py:208} INFO - Processing /home/airflow/.local/lib/python3.12/site-packages/airflow/example_dags/example_params_ui_tutorial.py took 0.103 seconds
[2025-08-17T14:52:28.085+0000] {processor.py:186} INFO - Started process (PID=452) to work on /home/airflow/.local/lib/python3.12/site-packages/airflow/example_dags/example_params_ui_tutorial.py
[2025-08-17T14:52:28.087+0000] {processor.py:914} INFO - Processing file /home/airflow/.local/lib/python3.12/site-packages/airflow/example_dags/example_params_ui_tutorial.py for tasks to queue
[2025-08-17T14:52:28.089+0000] {logging_mixin.py:190} INFO - [2025-08-17T14:52:28.089+0000] {dagbag.py:587} INFO - Filling up the DagBag from /home/airflow/.local/lib/python3.12/site-packages/airflow/example_dags/example_params_ui_tutorial.py
[2025-08-17T14:52:28.096+0000] {processor.py:925} INFO - DAG(s) 'example_params_ui_tutorial' retrieved from /home/airflow/.local/lib/python3.12/site-packages/airflow/example_dags/example_params_ui_tutorial.py
[2025-08-17T14:52:28.130+0000] {logging_mixin.py:190} INFO - [2025-08-17T14:52:28.130+0000] {dag.py:3211} INFO - Sync 1 DAGs
[2025-08-17T14:52:28.143+0000] {logging_mixin.py:190} INFO - [2025-08-17T14:52:28.143+0000] {dag.py:4138} INFO - Setting next_dagrun for example_params_ui_tutorial to None, run_after=None
[2025-08-17T14:52:28.161+0000] {processor.py:208} INFO - Processing /home/airflow/.local/lib/python3.12/site-packages/airflow/example_dags/example_params_ui_tutorial.py took 0.081 seconds
[2025-08-17T14:52:58.430+0000] {processor.py:186} INFO - Started process (PID=514) to work on /home/airflow/.local/lib/python3.12/site-packages/airflow/example_dags/example_params_ui_tutorial.py
[2025-08-17T14:52:58.431+0000] {processor.py:914} INFO - Processing file /home/airflow/.local/lib/python3.12/site-packages/airflow/example_dags/example_params_ui_tutorial.py for tasks to queue
[2025-08-17T14:52:58.434+0000] {logging_mixin.py:190} INFO - [2025-08-17T14:52:58.434+0000] {dagbag.py:587} INFO - Filling up the DagBag from /home/airflow/.local/lib/python3.12/site-packages/airflow/example_dags/example_params_ui_tutorial.py
[2025-08-17T14:52:58.441+0000] {processor.py:925} INFO - DAG(s) 'example_params_ui_tutorial' retrieved from /home/airflow/.local/lib/python3.12/site-packages/airflow/example_dags/example_params_ui_tutorial.py
[2025-08-17T14:52:58.475+0000] {logging_mixin.py:190} INFO - [2025-08-17T14:52:58.475+0000] {dag.py:3211} INFO - Sync 1 DAGs
[2025-08-17T14:52:58.488+0000] {logging_mixin.py:190} INFO - [2025-08-17T14:52:58.488+0000] {dag.py:4138} INFO - Setting next_dagrun for example_params_ui_tutorial to None, run_after=None
[2025-08-17T14:52:58.505+0000] {processor.py:208} INFO - Processing /home/airflow/.local/lib/python3.12/site-packages/airflow/example_dags/example_params_ui_tutorial.py took 0.083 seconds
[2025-08-17T14:53:28.990+0000] {processor.py:186} INFO - Started process (PID=576) to work on /home/airflow/.local/lib/python3.12/site-packages/airflow/example_dags/example_params_ui_tutorial.py
[2025-08-17T14:53:28.994+0000] {processor.py:914} INFO - Processing file /home/airflow/.local/lib/python3.12/site-packages/airflow/example_dags/example_params_ui_tutorial.py for tasks to queue
[2025-08-17T14:53:28.999+0000] {logging_mixin.py:190} INFO - [2025-08-17T14:53:28.999+0000] {dagbag.py:587} INFO - Filling up the DagBag from /home/airflow/.local/lib/python3.12/site-packages/airflow/example_dags/example_params_ui_tutorial.py
[2025-08-17T14:53:29.011+0000] {processor.py:925} INFO - DAG(s) 'example_params_ui_tutorial' retrieved from /home/airflow/.local/lib/python3.12/site-packages/airflow/example_dags/example_params_ui_tutorial.py
[2025-08-17T14:53:29.053+0000] {logging_mixin.py:190} INFO - [2025-08-17T14:53:29.052+0000] {dag.py:3211} INFO - Sync 1 DAGs
[2025-08-17T14:53:29.073+0000] {logging_mixin.py:190} INFO - [2025-08-17T14:53:29.073+0000] {dag.py:4138} INFO - Setting next_dagrun for example_params_ui_tutorial to None, run_after=None
[2025-08-17T14:53:29.092+0000] {processor.py:208} INFO - Processing /home/airflow/.local/lib/python3.12/site-packages/airflow/example_dags/example_params_ui_tutorial.py took 0.112 seconds
[2025-08-17T14:53:59.466+0000] {processor.py:186} INFO - Started process (PID=638) to work on /home/airflow/.local/lib/python3.12/site-packages/airflow/example_dags/example_params_ui_tutorial.py
[2025-08-17T14:53:59.469+0000] {processor.py:914} INFO - Processing file /home/airflow/.local/lib/python3.12/site-packages/airflow/example_dags/example_params_ui_tutorial.py for tasks to queue
[2025-08-17T14:53:59.473+0000] {logging_mixin.py:190} INFO - [2025-08-17T14:53:59.472+0000] {dagbag.py:587} INFO - Filling up the DagBag from /home/airflow/.local/lib/python3.12/site-packages/airflow/example_dags/example_params_ui_tutorial.py
[2025-08-17T14:53:59.483+0000] {processor.py:925} INFO - DAG(s) 'example_params_ui_tutorial' retrieved from /home/airflow/.local/lib/python3.12/site-packages/airflow/example_dags/example_params_ui_tutorial.py
[2025-08-17T14:53:59.530+0000] {logging_mixin.py:190} INFO - [2025-08-17T14:53:59.529+0000] {dag.py:3211} INFO - Sync 1 DAGs
[2025-08-17T14:53:59.544+0000] {logging_mixin.py:190} INFO - [2025-08-17T14:53:59.544+0000] {dag.py:4138} INFO - Setting next_dagrun for example_params_ui_tutorial to None, run_after=None
[2025-08-17T14:53:59.567+0000] {processor.py:208} INFO - Processing /home/airflow/.local/lib/python3.12/site-packages/airflow/example_dags/example_params_ui_tutorial.py took 0.106 seconds
[2025-08-17T14:54:29.611+0000] {processor.py:186} INFO - Started process (PID=700) to work on /home/airflow/.local/lib/python3.12/site-packages/airflow/example_dags/example_params_ui_tutorial.py
[2025-08-17T14:54:29.612+0000] {processor.py:914} INFO - Processing file /home/airflow/.local/lib/python3.12/site-packages/airflow/example_dags/example_params_ui_tutorial.py for tasks to queue
[2025-08-17T14:54:29.614+0000] {logging_mixin.py:190} INFO - [2025-08-17T14:54:29.614+0000] {dagbag.py:587} INFO - Filling up the DagBag from /home/airflow/.local/lib/python3.12/site-packages/airflow/example_dags/example_params_ui_tutorial.py
[2025-08-17T14:54:29.621+0000] {processor.py:925} INFO - DAG(s) 'example_params_ui_tutorial' retrieved from /home/airflow/.local/lib/python3.12/site-packages/airflow/example_dags/example_params_ui_tutorial.py
[2025-08-17T14:54:29.650+0000] {logging_mixin.py:190} INFO - [2025-08-17T14:54:29.650+0000] {dag.py:3211} INFO - Sync 1 DAGs
[2025-08-17T14:54:29.661+0000] {logging_mixin.py:190} INFO - [2025-08-17T14:54:29.660+0000] {dag.py:4138} INFO - Setting next_dagrun for example_params_ui_tutorial to None, run_after=None
[2025-08-17T14:54:29.689+0000] {processor.py:208} INFO - Processing /home/airflow/.local/lib/python3.12/site-packages/airflow/example_dags/example_params_ui_tutorial.py took 0.083 seconds
