[2025-08-17T14:49:26.380+0000] {processor.py:186} INFO - Started process (PID=104) to work on /home/airflow/.local/lib/python3.12/site-packages/airflow/example_dags/example_params_trigger_ui.py
[2025-08-17T14:49:26.381+0000] {processor.py:914} INFO - Processing file /home/airflow/.local/lib/python3.12/site-packages/airflow/example_dags/example_params_trigger_ui.py for tasks to queue
[2025-08-17T14:49:26.384+0000] {logging_mixin.py:190} INFO - [2025-08-17T14:49:26.384+0000] {dagbag.py:587} INFO - Filling up the DagBag from /home/airflow/.local/lib/python3.12/site-packages/airflow/example_dags/example_params_trigger_ui.py
[2025-08-17T14:49:26.395+0000] {processor.py:925} INFO - DAG(s) 'example_params_trigger_ui' retrieved from /home/airflow/.local/lib/python3.12/site-packages/airflow/example_dags/example_params_trigger_ui.py
[2025-08-17T14:49:26.496+0000] {logging_mixin.py:190} INFO - [2025-08-17T14:49:26.495+0000] {override.py:1858} INFO - Created Permission View: can read on DAG:example_params_trigger_ui
[2025-08-17T14:49:26.507+0000] {logging_mixin.py:190} INFO - [2025-08-17T14:49:26.507+0000] {override.py:1858} INFO - Created Permission View: can delete on DAG:example_params_trigger_ui
[2025-08-17T14:49:26.513+0000] {logging_mixin.py:190} INFO - [2025-08-17T14:49:26.513+0000] {override.py:1858} INFO - Created Permission View: can edit on DAG:example_params_trigger_ui
[2025-08-17T14:49:26.514+0000] {logging_mixin.py:190} INFO - [2025-08-17T14:49:26.514+0000] {dag.py:3211} INFO - Sync 1 DAGs
[2025-08-17T14:49:26.525+0000] {logging_mixin.py:190} INFO - [2025-08-17T14:49:26.525+0000] {dag.py:3234} INFO - Creating ORM DAG for example_params_trigger_ui
[2025-08-17T14:49:26.526+0000] {logging_mixin.py:190} INFO - [2025-08-17T14:49:26.526+0000] {dag.py:4138} INFO - Setting next_dagrun for example_params_trigger_ui to None, run_after=None
[2025-08-17T14:49:26.543+0000] {processor.py:208} INFO - Processing /home/airflow/.local/lib/python3.12/site-packages/airflow/example_dags/example_params_trigger_ui.py took 0.168 seconds
[2025-08-17T14:49:56.761+0000] {processor.py:186} INFO - Started process (PID=166) to work on /home/airflow/.local/lib/python3.12/site-packages/airflow/example_dags/example_params_trigger_ui.py
[2025-08-17T14:49:56.762+0000] {processor.py:914} INFO - Processing file /home/airflow/.local/lib/python3.12/site-packages/airflow/example_dags/example_params_trigger_ui.py for tasks to queue
[2025-08-17T14:49:56.765+0000] {logging_mixin.py:190} INFO - [2025-08-17T14:49:56.764+0000] {dagbag.py:587} INFO - Filling up the DagBag from /home/airflow/.local/lib/python3.12/site-packages/airflow/example_dags/example_params_trigger_ui.py
[2025-08-17T14:49:56.775+0000] {processor.py:925} INFO - DAG(s) 'example_params_trigger_ui' retrieved from /home/airflow/.local/lib/python3.12/site-packages/airflow/example_dags/example_params_trigger_ui.py
[2025-08-17T14:49:56.808+0000] {logging_mixin.py:190} INFO - [2025-08-17T14:49:56.808+0000] {dag.py:3211} INFO - Sync 1 DAGs
[2025-08-17T14:49:56.820+0000] {logging_mixin.py:190} INFO - [2025-08-17T14:49:56.819+0000] {dag.py:4138} INFO - Setting next_dagrun for example_params_trigger_ui to None, run_after=None
[2025-08-17T14:49:56.836+0000] {processor.py:208} INFO - Processing /home/airflow/.local/lib/python3.12/site-packages/airflow/example_dags/example_params_trigger_ui.py took 0.080 seconds
[2025-08-17T14:50:27.580+0000] {processor.py:186} INFO - Started process (PID=228) to work on /home/airflow/.local/lib/python3.12/site-packages/airflow/example_dags/example_params_trigger_ui.py
[2025-08-17T14:50:27.582+0000] {processor.py:914} INFO - Processing file /home/airflow/.local/lib/python3.12/site-packages/airflow/example_dags/example_params_trigger_ui.py for tasks to queue
[2025-08-17T14:50:27.584+0000] {logging_mixin.py:190} INFO - [2025-08-17T14:50:27.584+0000] {dagbag.py:587} INFO - Filling up the DagBag from /home/airflow/.local/lib/python3.12/site-packages/airflow/example_dags/example_params_trigger_ui.py
[2025-08-17T14:50:27.594+0000] {processor.py:925} INFO - DAG(s) 'example_params_trigger_ui' retrieved from /home/airflow/.local/lib/python3.12/site-packages/airflow/example_dags/example_params_trigger_ui.py
[2025-08-17T14:50:27.627+0000] {logging_mixin.py:190} INFO - [2025-08-17T14:50:27.627+0000] {dag.py:3211} INFO - Sync 1 DAGs
[2025-08-17T14:50:27.639+0000] {logging_mixin.py:190} INFO - [2025-08-17T14:50:27.639+0000] {dag.py:4138} INFO - Setting next_dagrun for example_params_trigger_ui to None, run_after=None
[2025-08-17T14:50:27.656+0000] {processor.py:208} INFO - Processing /home/airflow/.local/lib/python3.12/site-packages/airflow/example_dags/example_params_trigger_ui.py took 0.080 seconds
[2025-08-17T14:50:58.175+0000] {processor.py:186} INFO - Started process (PID=290) to work on /home/airflow/.local/lib/python3.12/site-packages/airflow/example_dags/example_params_trigger_ui.py
[2025-08-17T14:50:58.177+0000] {processor.py:914} INFO - Processing file /home/airflow/.local/lib/python3.12/site-packages/airflow/example_dags/example_params_trigger_ui.py for tasks to queue
[2025-08-17T14:50:58.179+0000] {logging_mixin.py:190} INFO - [2025-08-17T14:50:58.178+0000] {dagbag.py:587} INFO - Filling up the DagBag from /home/airflow/.local/lib/python3.12/site-packages/airflow/example_dags/example_params_trigger_ui.py
[2025-08-17T14:50:58.187+0000] {processor.py:925} INFO - DAG(s) 'example_params_trigger_ui' retrieved from /home/airflow/.local/lib/python3.12/site-packages/airflow/example_dags/example_params_trigger_ui.py
[2025-08-17T14:50:58.218+0000] {logging_mixin.py:190} INFO - [2025-08-17T14:50:58.218+0000] {dag.py:3211} INFO - Sync 1 DAGs
[2025-08-17T14:50:58.231+0000] {logging_mixin.py:190} INFO - [2025-08-17T14:50:58.231+0000] {dag.py:4138} INFO - Setting next_dagrun for example_params_trigger_ui to None, run_after=None
[2025-08-17T14:50:58.246+0000] {processor.py:208} INFO - Processing /home/airflow/.local/lib/python3.12/site-packages/airflow/example_dags/example_params_trigger_ui.py took 0.076 seconds
[2025-08-17T14:51:29.030+0000] {processor.py:186} INFO - Started process (PID=352) to work on /home/airflow/.local/lib/python3.12/site-packages/airflow/example_dags/example_params_trigger_ui.py
[2025-08-17T14:51:29.032+0000] {processor.py:914} INFO - Processing file /home/airflow/.local/lib/python3.12/site-packages/airflow/example_dags/example_params_trigger_ui.py for tasks to queue
[2025-08-17T14:51:29.034+0000] {logging_mixin.py:190} INFO - [2025-08-17T14:51:29.034+0000] {dagbag.py:587} INFO - Filling up the DagBag from /home/airflow/.local/lib/python3.12/site-packages/airflow/example_dags/example_params_trigger_ui.py
[2025-08-17T14:51:29.043+0000] {processor.py:925} INFO - DAG(s) 'example_params_trigger_ui' retrieved from /home/airflow/.local/lib/python3.12/site-packages/airflow/example_dags/example_params_trigger_ui.py
[2025-08-17T14:51:29.074+0000] {logging_mixin.py:190} INFO - [2025-08-17T14:51:29.074+0000] {dag.py:3211} INFO - Sync 1 DAGs
[2025-08-17T14:51:29.085+0000] {logging_mixin.py:190} INFO - [2025-08-17T14:51:29.084+0000] {dag.py:4138} INFO - Setting next_dagrun for example_params_trigger_ui to None, run_after=None
[2025-08-17T14:51:29.100+0000] {processor.py:208} INFO - Processing /home/airflow/.local/lib/python3.12/site-packages/airflow/example_dags/example_params_trigger_ui.py took 0.075 seconds
[2025-08-17T14:51:59.823+0000] {processor.py:186} INFO - Started process (PID=414) to work on /home/airflow/.local/lib/python3.12/site-packages/airflow/example_dags/example_params_trigger_ui.py
[2025-08-17T14:51:59.825+0000] {processor.py:914} INFO - Processing file /home/airflow/.local/lib/python3.12/site-packages/airflow/example_dags/example_params_trigger_ui.py for tasks to queue
[2025-08-17T14:51:59.827+0000] {logging_mixin.py:190} INFO - [2025-08-17T14:51:59.827+0000] {dagbag.py:587} INFO - Filling up the DagBag from /home/airflow/.local/lib/python3.12/site-packages/airflow/example_dags/example_params_trigger_ui.py
[2025-08-17T14:51:59.835+0000] {processor.py:925} INFO - DAG(s) 'example_params_trigger_ui' retrieved from /home/airflow/.local/lib/python3.12/site-packages/airflow/example_dags/example_params_trigger_ui.py
[2025-08-17T14:51:59.869+0000] {logging_mixin.py:190} INFO - [2025-08-17T14:51:59.869+0000] {dag.py:3211} INFO - Sync 1 DAGs
[2025-08-17T14:51:59.880+0000] {logging_mixin.py:190} INFO - [2025-08-17T14:51:59.880+0000] {dag.py:4138} INFO - Setting next_dagrun for example_params_trigger_ui to None, run_after=None
[2025-08-17T14:51:59.897+0000] {processor.py:208} INFO - Processing /home/airflow/.local/lib/python3.12/site-packages/airflow/example_dags/example_params_trigger_ui.py took 0.078 seconds
[2025-08-17T14:52:29.967+0000] {processor.py:186} INFO - Started process (PID=476) to work on /home/airflow/.local/lib/python3.12/site-packages/airflow/example_dags/example_params_trigger_ui.py
[2025-08-17T14:52:29.969+0000] {processor.py:914} INFO - Processing file /home/airflow/.local/lib/python3.12/site-packages/airflow/example_dags/example_params_trigger_ui.py for tasks to queue
[2025-08-17T14:52:29.971+0000] {logging_mixin.py:190} INFO - [2025-08-17T14:52:29.971+0000] {dagbag.py:587} INFO - Filling up the DagBag from /home/airflow/.local/lib/python3.12/site-packages/airflow/example_dags/example_params_trigger_ui.py
[2025-08-17T14:52:29.980+0000] {processor.py:925} INFO - DAG(s) 'example_params_trigger_ui' retrieved from /home/airflow/.local/lib/python3.12/site-packages/airflow/example_dags/example_params_trigger_ui.py
[2025-08-17T14:52:30.011+0000] {logging_mixin.py:190} INFO - [2025-08-17T14:52:30.011+0000] {dag.py:3211} INFO - Sync 1 DAGs
[2025-08-17T14:52:30.021+0000] {logging_mixin.py:190} INFO - [2025-08-17T14:52:30.021+0000] {dag.py:4138} INFO - Setting next_dagrun for example_params_trigger_ui to None, run_after=None
[2025-08-17T14:52:30.036+0000] {processor.py:208} INFO - Processing /home/airflow/.local/lib/python3.12/site-packages/airflow/example_dags/example_params_trigger_ui.py took 0.074 seconds
[2025-08-17T14:53:00.179+0000] {processor.py:186} INFO - Started process (PID=538) to work on /home/airflow/.local/lib/python3.12/site-packages/airflow/example_dags/example_params_trigger_ui.py
[2025-08-17T14:53:00.180+0000] {processor.py:914} INFO - Processing file /home/airflow/.local/lib/python3.12/site-packages/airflow/example_dags/example_params_trigger_ui.py for tasks to queue
[2025-08-17T14:53:00.182+0000] {logging_mixin.py:190} INFO - [2025-08-17T14:53:00.182+0000] {dagbag.py:587} INFO - Filling up the DagBag from /home/airflow/.local/lib/python3.12/site-packages/airflow/example_dags/example_params_trigger_ui.py
[2025-08-17T14:53:00.192+0000] {processor.py:925} INFO - DAG(s) 'example_params_trigger_ui' retrieved from /home/airflow/.local/lib/python3.12/site-packages/airflow/example_dags/example_params_trigger_ui.py
[2025-08-17T14:53:00.223+0000] {logging_mixin.py:190} INFO - [2025-08-17T14:53:00.223+0000] {dag.py:3211} INFO - Sync 1 DAGs
[2025-08-17T14:53:00.235+0000] {logging_mixin.py:190} INFO - [2025-08-17T14:53:00.234+0000] {dag.py:4138} INFO - Setting next_dagrun for example_params_trigger_ui to None, run_after=None
[2025-08-17T14:53:00.250+0000] {processor.py:208} INFO - Processing /home/airflow/.local/lib/python3.12/site-packages/airflow/example_dags/example_params_trigger_ui.py took 0.077 seconds
[2025-08-17T14:53:31.187+0000] {processor.py:186} INFO - Started process (PID=600) to work on /home/airflow/.local/lib/python3.12/site-packages/airflow/example_dags/example_params_trigger_ui.py
[2025-08-17T14:53:31.188+0000] {processor.py:914} INFO - Processing file /home/airflow/.local/lib/python3.12/site-packages/airflow/example_dags/example_params_trigger_ui.py for tasks to queue
[2025-08-17T14:53:31.191+0000] {logging_mixin.py:190} INFO - [2025-08-17T14:53:31.191+0000] {dagbag.py:587} INFO - Filling up the DagBag from /home/airflow/.local/lib/python3.12/site-packages/airflow/example_dags/example_params_trigger_ui.py
[2025-08-17T14:53:31.203+0000] {processor.py:925} INFO - DAG(s) 'example_params_trigger_ui' retrieved from /home/airflow/.local/lib/python3.12/site-packages/airflow/example_dags/example_params_trigger_ui.py
[2025-08-17T14:53:31.241+0000] {logging_mixin.py:190} INFO - [2025-08-17T14:53:31.241+0000] {dag.py:3211} INFO - Sync 1 DAGs
[2025-08-17T14:53:31.258+0000] {logging_mixin.py:190} INFO - [2025-08-17T14:53:31.258+0000] {dag.py:4138} INFO - Setting next_dagrun for example_params_trigger_ui to None, run_after=None
[2025-08-17T14:53:31.277+0000] {processor.py:208} INFO - Processing /home/airflow/.local/lib/python3.12/site-packages/airflow/example_dags/example_params_trigger_ui.py took 0.096 seconds
[2025-08-17T14:54:01.603+0000] {processor.py:186} INFO - Started process (PID=662) to work on /home/airflow/.local/lib/python3.12/site-packages/airflow/example_dags/example_params_trigger_ui.py
[2025-08-17T14:54:01.605+0000] {processor.py:914} INFO - Processing file /home/airflow/.local/lib/python3.12/site-packages/airflow/example_dags/example_params_trigger_ui.py for tasks to queue
[2025-08-17T14:54:01.609+0000] {logging_mixin.py:190} INFO - [2025-08-17T14:54:01.609+0000] {dagbag.py:587} INFO - Filling up the DagBag from /home/airflow/.local/lib/python3.12/site-packages/airflow/example_dags/example_params_trigger_ui.py
[2025-08-17T14:54:01.621+0000] {processor.py:925} INFO - DAG(s) 'example_params_trigger_ui' retrieved from /home/airflow/.local/lib/python3.12/site-packages/airflow/example_dags/example_params_trigger_ui.py
[2025-08-17T14:54:01.664+0000] {logging_mixin.py:190} INFO - [2025-08-17T14:54:01.663+0000] {dag.py:3211} INFO - Sync 1 DAGs
[2025-08-17T14:54:01.679+0000] {logging_mixin.py:190} INFO - [2025-08-17T14:54:01.679+0000] {dag.py:4138} INFO - Setting next_dagrun for example_params_trigger_ui to None, run_after=None
[2025-08-17T14:54:01.700+0000] {processor.py:208} INFO - Processing /home/airflow/.local/lib/python3.12/site-packages/airflow/example_dags/example_params_trigger_ui.py took 0.104 seconds
[2025-08-17T14:54:32.023+0000] {processor.py:186} INFO - Started process (PID=724) to work on /home/airflow/.local/lib/python3.12/site-packages/airflow/example_dags/example_params_trigger_ui.py
[2025-08-17T14:54:32.024+0000] {processor.py:914} INFO - Processing file /home/airflow/.local/lib/python3.12/site-packages/airflow/example_dags/example_params_trigger_ui.py for tasks to queue
[2025-08-17T14:54:32.026+0000] {logging_mixin.py:190} INFO - [2025-08-17T14:54:32.026+0000] {dagbag.py:587} INFO - Filling up the DagBag from /home/airflow/.local/lib/python3.12/site-packages/airflow/example_dags/example_params_trigger_ui.py
[2025-08-17T14:54:32.035+0000] {processor.py:925} INFO - DAG(s) 'example_params_trigger_ui' retrieved from /home/airflow/.local/lib/python3.12/site-packages/airflow/example_dags/example_params_trigger_ui.py
[2025-08-17T14:54:32.065+0000] {logging_mixin.py:190} INFO - [2025-08-17T14:54:32.065+0000] {dag.py:3211} INFO - Sync 1 DAGs
[2025-08-17T14:54:32.076+0000] {logging_mixin.py:190} INFO - [2025-08-17T14:54:32.076+0000] {dag.py:4138} INFO - Setting next_dagrun for example_params_trigger_ui to None, run_after=None
[2025-08-17T14:54:32.092+0000] {processor.py:208} INFO - Processing /home/airflow/.local/lib/python3.12/site-packages/airflow/example_dags/example_params_trigger_ui.py took 0.073 seconds
