[2025-08-17T14:49:26.504+0000] {processor.py:186} INFO - Started process (PID=105) to work on /home/airflow/.local/lib/python3.12/site-packages/airflow/example_dags/example_dag_decorator.py
[2025-08-17T14:49:26.505+0000] {processor.py:914} INFO - Processing file /home/airflow/.local/lib/python3.12/site-packages/airflow/example_dags/example_dag_decorator.py for tasks to queue
[2025-08-17T14:49:26.508+0000] {logging_mixin.py:190} INFO - [2025-08-17T14:49:26.507+0000] {dagbag.py:587} INFO - Filling up the DagBag from /home/airflow/.local/lib/python3.12/site-packages/airflow/example_dags/example_dag_decorator.py
[2025-08-17T14:49:26.520+0000] {processor.py:925} INFO - DAG(s) 'example_dag_decorator' retrieved from /home/airflow/.local/lib/python3.12/site-packages/airflow/example_dags/example_dag_decorator.py
[2025-08-17T14:49:26.609+0000] {logging_mixin.py:190} INFO - [2025-08-17T14:49:26.609+0000] {override.py:1858} INFO - Created Permission View: can read on DAG:example_dag_decorator
[2025-08-17T14:49:26.618+0000] {logging_mixin.py:190} INFO - [2025-08-17T14:49:26.618+0000] {override.py:1858} INFO - Created Permission View: can delete on DAG:example_dag_decorator
[2025-08-17T14:49:26.626+0000] {logging_mixin.py:190} INFO - [2025-08-17T14:49:26.626+0000] {override.py:1858} INFO - Created Permission View: can edit on DAG:example_dag_decorator
[2025-08-17T14:49:26.628+0000] {logging_mixin.py:190} INFO - [2025-08-17T14:49:26.628+0000] {dag.py:3211} INFO - Sync 1 DAGs
[2025-08-17T14:49:26.640+0000] {logging_mixin.py:190} INFO - [2025-08-17T14:49:26.640+0000] {dag.py:3234} INFO - Creating ORM DAG for example_dag_decorator
[2025-08-17T14:49:26.641+0000] {logging_mixin.py:190} INFO - [2025-08-17T14:49:26.641+0000] {dag.py:4138} INFO - Setting next_dagrun for example_dag_decorator to None, run_after=None
[2025-08-17T14:49:26.655+0000] {processor.py:208} INFO - Processing /home/airflow/.local/lib/python3.12/site-packages/airflow/example_dags/example_dag_decorator.py took 0.157 seconds
[2025-08-17T14:49:56.761+0000] {processor.py:186} INFO - Started process (PID=167) to work on /home/airflow/.local/lib/python3.12/site-packages/airflow/example_dags/example_dag_decorator.py
[2025-08-17T14:49:56.762+0000] {processor.py:914} INFO - Processing file /home/airflow/.local/lib/python3.12/site-packages/airflow/example_dags/example_dag_decorator.py for tasks to queue
[2025-08-17T14:49:56.765+0000] {logging_mixin.py:190} INFO - [2025-08-17T14:49:56.764+0000] {dagbag.py:587} INFO - Filling up the DagBag from /home/airflow/.local/lib/python3.12/site-packages/airflow/example_dags/example_dag_decorator.py
[2025-08-17T14:49:56.776+0000] {processor.py:925} INFO - DAG(s) 'example_dag_decorator' retrieved from /home/airflow/.local/lib/python3.12/site-packages/airflow/example_dags/example_dag_decorator.py
[2025-08-17T14:49:56.797+0000] {logging_mixin.py:190} INFO - [2025-08-17T14:49:56.797+0000] {dag.py:3211} INFO - Sync 1 DAGs
[2025-08-17T14:49:56.810+0000] {logging_mixin.py:190} INFO - [2025-08-17T14:49:56.810+0000] {dag.py:4138} INFO - Setting next_dagrun for example_dag_decorator to None, run_after=None
[2025-08-17T14:49:56.827+0000] {processor.py:208} INFO - Processing /home/airflow/.local/lib/python3.12/site-packages/airflow/example_dags/example_dag_decorator.py took 0.070 seconds
[2025-08-17T14:50:27.667+0000] {processor.py:186} INFO - Started process (PID=229) to work on /home/airflow/.local/lib/python3.12/site-packages/airflow/example_dags/example_dag_decorator.py
[2025-08-17T14:50:27.669+0000] {processor.py:914} INFO - Processing file /home/airflow/.local/lib/python3.12/site-packages/airflow/example_dags/example_dag_decorator.py for tasks to queue
[2025-08-17T14:50:27.671+0000] {logging_mixin.py:190} INFO - [2025-08-17T14:50:27.671+0000] {dagbag.py:587} INFO - Filling up the DagBag from /home/airflow/.local/lib/python3.12/site-packages/airflow/example_dags/example_dag_decorator.py
[2025-08-17T14:50:27.681+0000] {processor.py:925} INFO - DAG(s) 'example_dag_decorator' retrieved from /home/airflow/.local/lib/python3.12/site-packages/airflow/example_dags/example_dag_decorator.py
[2025-08-17T14:50:27.761+0000] {logging_mixin.py:190} INFO - [2025-08-17T14:50:27.761+0000] {dag.py:3211} INFO - Sync 1 DAGs
[2025-08-17T14:50:27.771+0000] {logging_mixin.py:190} INFO - [2025-08-17T14:50:27.771+0000] {dag.py:4138} INFO - Setting next_dagrun for example_dag_decorator to None, run_after=None
[2025-08-17T14:50:27.785+0000] {processor.py:208} INFO - Processing /home/airflow/.local/lib/python3.12/site-packages/airflow/example_dags/example_dag_decorator.py took 0.122 seconds
[2025-08-17T14:50:58.174+0000] {processor.py:186} INFO - Started process (PID=291) to work on /home/airflow/.local/lib/python3.12/site-packages/airflow/example_dags/example_dag_decorator.py
[2025-08-17T14:50:58.175+0000] {processor.py:914} INFO - Processing file /home/airflow/.local/lib/python3.12/site-packages/airflow/example_dags/example_dag_decorator.py for tasks to queue
[2025-08-17T14:50:58.177+0000] {logging_mixin.py:190} INFO - [2025-08-17T14:50:58.177+0000] {dagbag.py:587} INFO - Filling up the DagBag from /home/airflow/.local/lib/python3.12/site-packages/airflow/example_dags/example_dag_decorator.py
[2025-08-17T14:50:58.188+0000] {processor.py:925} INFO - DAG(s) 'example_dag_decorator' retrieved from /home/airflow/.local/lib/python3.12/site-packages/airflow/example_dags/example_dag_decorator.py
[2025-08-17T14:50:58.267+0000] {logging_mixin.py:190} INFO - [2025-08-17T14:50:58.266+0000] {dag.py:3211} INFO - Sync 1 DAGs
[2025-08-17T14:50:58.277+0000] {logging_mixin.py:190} INFO - [2025-08-17T14:50:58.277+0000] {dag.py:4138} INFO - Setting next_dagrun for example_dag_decorator to None, run_after=None
[2025-08-17T14:50:58.295+0000] {processor.py:208} INFO - Processing /home/airflow/.local/lib/python3.12/site-packages/airflow/example_dags/example_dag_decorator.py took 0.126 seconds
[2025-08-17T14:51:29.033+0000] {processor.py:186} INFO - Started process (PID=353) to work on /home/airflow/.local/lib/python3.12/site-packages/airflow/example_dags/example_dag_decorator.py
[2025-08-17T14:51:29.034+0000] {processor.py:914} INFO - Processing file /home/airflow/.local/lib/python3.12/site-packages/airflow/example_dags/example_dag_decorator.py for tasks to queue
[2025-08-17T14:51:29.036+0000] {logging_mixin.py:190} INFO - [2025-08-17T14:51:29.036+0000] {dagbag.py:587} INFO - Filling up the DagBag from /home/airflow/.local/lib/python3.12/site-packages/airflow/example_dags/example_dag_decorator.py
[2025-08-17T14:51:29.046+0000] {processor.py:925} INFO - DAG(s) 'example_dag_decorator' retrieved from /home/airflow/.local/lib/python3.12/site-packages/airflow/example_dags/example_dag_decorator.py
[2025-08-17T14:51:29.123+0000] {logging_mixin.py:190} INFO - [2025-08-17T14:51:29.123+0000] {dag.py:3211} INFO - Sync 1 DAGs
[2025-08-17T14:51:29.132+0000] {logging_mixin.py:190} INFO - [2025-08-17T14:51:29.132+0000] {dag.py:4138} INFO - Setting next_dagrun for example_dag_decorator to None, run_after=None
[2025-08-17T14:51:29.147+0000] {processor.py:208} INFO - Processing /home/airflow/.local/lib/python3.12/site-packages/airflow/example_dags/example_dag_decorator.py took 0.119 seconds
[2025-08-17T14:51:59.823+0000] {processor.py:186} INFO - Started process (PID=415) to work on /home/airflow/.local/lib/python3.12/site-packages/airflow/example_dags/example_dag_decorator.py
[2025-08-17T14:51:59.824+0000] {processor.py:914} INFO - Processing file /home/airflow/.local/lib/python3.12/site-packages/airflow/example_dags/example_dag_decorator.py for tasks to queue
[2025-08-17T14:51:59.827+0000] {logging_mixin.py:190} INFO - [2025-08-17T14:51:59.827+0000] {dagbag.py:587} INFO - Filling up the DagBag from /home/airflow/.local/lib/python3.12/site-packages/airflow/example_dags/example_dag_decorator.py
[2025-08-17T14:51:59.837+0000] {processor.py:925} INFO - DAG(s) 'example_dag_decorator' retrieved from /home/airflow/.local/lib/python3.12/site-packages/airflow/example_dags/example_dag_decorator.py
[2025-08-17T14:51:59.916+0000] {logging_mixin.py:190} INFO - [2025-08-17T14:51:59.916+0000] {dag.py:3211} INFO - Sync 1 DAGs
[2025-08-17T14:51:59.927+0000] {logging_mixin.py:190} INFO - [2025-08-17T14:51:59.926+0000] {dag.py:4138} INFO - Setting next_dagrun for example_dag_decorator to None, run_after=None
[2025-08-17T14:51:59.944+0000] {processor.py:208} INFO - Processing /home/airflow/.local/lib/python3.12/site-packages/airflow/example_dags/example_dag_decorator.py took 0.125 seconds
[2025-08-17T14:52:30.142+0000] {processor.py:186} INFO - Started process (PID=477) to work on /home/airflow/.local/lib/python3.12/site-packages/airflow/example_dags/example_dag_decorator.py
[2025-08-17T14:52:30.143+0000] {processor.py:914} INFO - Processing file /home/airflow/.local/lib/python3.12/site-packages/airflow/example_dags/example_dag_decorator.py for tasks to queue
[2025-08-17T14:52:30.146+0000] {logging_mixin.py:190} INFO - [2025-08-17T14:52:30.146+0000] {dagbag.py:587} INFO - Filling up the DagBag from /home/airflow/.local/lib/python3.12/site-packages/airflow/example_dags/example_dag_decorator.py
[2025-08-17T14:52:30.156+0000] {processor.py:925} INFO - DAG(s) 'example_dag_decorator' retrieved from /home/airflow/.local/lib/python3.12/site-packages/airflow/example_dags/example_dag_decorator.py
[2025-08-17T14:52:30.239+0000] {logging_mixin.py:190} INFO - [2025-08-17T14:52:30.239+0000] {dag.py:3211} INFO - Sync 1 DAGs
[2025-08-17T14:52:30.250+0000] {logging_mixin.py:190} INFO - [2025-08-17T14:52:30.250+0000] {dag.py:4138} INFO - Setting next_dagrun for example_dag_decorator to None, run_after=None
[2025-08-17T14:52:30.266+0000] {processor.py:208} INFO - Processing /home/airflow/.local/lib/python3.12/site-packages/airflow/example_dags/example_dag_decorator.py took 0.129 seconds
[2025-08-17T14:53:00.432+0000] {processor.py:186} INFO - Started process (PID=540) to work on /home/airflow/.local/lib/python3.12/site-packages/airflow/example_dags/example_dag_decorator.py
[2025-08-17T14:53:00.433+0000] {processor.py:914} INFO - Processing file /home/airflow/.local/lib/python3.12/site-packages/airflow/example_dags/example_dag_decorator.py for tasks to queue
[2025-08-17T14:53:00.436+0000] {logging_mixin.py:190} INFO - [2025-08-17T14:53:00.435+0000] {dagbag.py:587} INFO - Filling up the DagBag from /home/airflow/.local/lib/python3.12/site-packages/airflow/example_dags/example_dag_decorator.py
[2025-08-17T14:53:00.445+0000] {processor.py:925} INFO - DAG(s) 'example_dag_decorator' retrieved from /home/airflow/.local/lib/python3.12/site-packages/airflow/example_dags/example_dag_decorator.py
[2025-08-17T14:53:00.518+0000] {logging_mixin.py:190} INFO - [2025-08-17T14:53:00.518+0000] {dag.py:3211} INFO - Sync 1 DAGs
[2025-08-17T14:53:00.528+0000] {logging_mixin.py:190} INFO - [2025-08-17T14:53:00.528+0000] {dag.py:4138} INFO - Setting next_dagrun for example_dag_decorator to None, run_after=None
[2025-08-17T14:53:00.543+0000] {processor.py:208} INFO - Processing /home/airflow/.local/lib/python3.12/site-packages/airflow/example_dags/example_dag_decorator.py took 0.115 seconds
[2025-08-17T14:53:31.344+0000] {processor.py:186} INFO - Started process (PID=602) to work on /home/airflow/.local/lib/python3.12/site-packages/airflow/example_dags/example_dag_decorator.py
[2025-08-17T14:53:31.346+0000] {processor.py:914} INFO - Processing file /home/airflow/.local/lib/python3.12/site-packages/airflow/example_dags/example_dag_decorator.py for tasks to queue
[2025-08-17T14:53:31.350+0000] {logging_mixin.py:190} INFO - [2025-08-17T14:53:31.350+0000] {dagbag.py:587} INFO - Filling up the DagBag from /home/airflow/.local/lib/python3.12/site-packages/airflow/example_dags/example_dag_decorator.py
[2025-08-17T14:53:31.364+0000] {processor.py:925} INFO - DAG(s) 'example_dag_decorator' retrieved from /home/airflow/.local/lib/python3.12/site-packages/airflow/example_dags/example_dag_decorator.py
[2025-08-17T14:53:31.482+0000] {logging_mixin.py:190} INFO - [2025-08-17T14:53:31.482+0000] {dag.py:3211} INFO - Sync 1 DAGs
[2025-08-17T14:53:31.498+0000] {logging_mixin.py:190} INFO - [2025-08-17T14:53:31.498+0000] {dag.py:4138} INFO - Setting next_dagrun for example_dag_decorator to None, run_after=None
[2025-08-17T14:53:31.521+0000] {processor.py:208} INFO - Processing /home/airflow/.local/lib/python3.12/site-packages/airflow/example_dags/example_dag_decorator.py took 0.182 seconds
[2025-08-17T14:54:02.265+0000] {processor.py:186} INFO - Started process (PID=665) to work on /home/airflow/.local/lib/python3.12/site-packages/airflow/example_dags/example_dag_decorator.py
[2025-08-17T14:54:02.269+0000] {processor.py:914} INFO - Processing file /home/airflow/.local/lib/python3.12/site-packages/airflow/example_dags/example_dag_decorator.py for tasks to queue
[2025-08-17T14:54:02.273+0000] {logging_mixin.py:190} INFO - [2025-08-17T14:54:02.273+0000] {dagbag.py:587} INFO - Filling up the DagBag from /home/airflow/.local/lib/python3.12/site-packages/airflow/example_dags/example_dag_decorator.py
[2025-08-17T14:54:02.284+0000] {processor.py:925} INFO - DAG(s) 'example_dag_decorator' retrieved from /home/airflow/.local/lib/python3.12/site-packages/airflow/example_dags/example_dag_decorator.py
[2025-08-17T14:54:02.381+0000] {logging_mixin.py:190} INFO - [2025-08-17T14:54:02.381+0000] {dag.py:3211} INFO - Sync 1 DAGs
[2025-08-17T14:54:02.395+0000] {logging_mixin.py:190} INFO - [2025-08-17T14:54:02.394+0000] {dag.py:4138} INFO - Setting next_dagrun for example_dag_decorator to None, run_after=None
[2025-08-17T14:54:02.416+0000] {processor.py:208} INFO - Processing /home/airflow/.local/lib/python3.12/site-packages/airflow/example_dags/example_dag_decorator.py took 0.156 seconds
[2025-08-17T14:54:33.047+0000] {processor.py:186} INFO - Started process (PID=726) to work on /home/airflow/.local/lib/python3.12/site-packages/airflow/example_dags/example_dag_decorator.py
[2025-08-17T14:54:33.049+0000] {processor.py:914} INFO - Processing file /home/airflow/.local/lib/python3.12/site-packages/airflow/example_dags/example_dag_decorator.py for tasks to queue
[2025-08-17T14:54:33.051+0000] {logging_mixin.py:190} INFO - [2025-08-17T14:54:33.050+0000] {dagbag.py:587} INFO - Filling up the DagBag from /home/airflow/.local/lib/python3.12/site-packages/airflow/example_dags/example_dag_decorator.py
[2025-08-17T14:54:33.059+0000] {processor.py:925} INFO - DAG(s) 'example_dag_decorator' retrieved from /home/airflow/.local/lib/python3.12/site-packages/airflow/example_dags/example_dag_decorator.py
[2025-08-17T14:54:33.132+0000] {logging_mixin.py:190} INFO - [2025-08-17T14:54:33.131+0000] {dag.py:3211} INFO - Sync 1 DAGs
[2025-08-17T14:54:33.141+0000] {logging_mixin.py:190} INFO - [2025-08-17T14:54:33.140+0000] {dag.py:4138} INFO - Setting next_dagrun for example_dag_decorator to None, run_after=None
[2025-08-17T14:54:33.157+0000] {processor.py:208} INFO - Processing /home/airflow/.local/lib/python3.12/site-packages/airflow/example_dags/example_dag_decorator.py took 0.114 seconds
