[2025-08-17T14:49:25.605+0000] {processor.py:186} INFO - Started process (PID=97) to work on /home/airflow/.local/lib/python3.12/site-packages/airflow/example_dags/example_setup_teardown.py
[2025-08-17T14:49:25.607+0000] {processor.py:914} INFO - Processing file /home/airflow/.local/lib/python3.12/site-packages/airflow/example_dags/example_setup_teardown.py for tasks to queue
[2025-08-17T14:49:25.609+0000] {logging_mixin.py:190} INFO - [2025-08-17T14:49:25.609+0000] {dagbag.py:587} INFO - Filling up the DagBag from /home/airflow/.local/lib/python3.12/site-packages/airflow/example_dags/example_setup_teardown.py
[2025-08-17T14:49:25.618+0000] {processor.py:925} INFO - DAG(s) 'example_setup_teardown' retrieved from /home/airflow/.local/lib/python3.12/site-packages/airflow/example_dags/example_setup_teardown.py
[2025-08-17T14:49:25.701+0000] {logging_mixin.py:190} INFO - [2025-08-17T14:49:25.700+0000] {override.py:1858} INFO - Created Permission View: can read on DAG:example_setup_teardown
[2025-08-17T14:49:25.709+0000] {logging_mixin.py:190} INFO - [2025-08-17T14:49:25.709+0000] {override.py:1858} INFO - Created Permission View: can delete on DAG:example_setup_teardown
[2025-08-17T14:49:25.715+0000] {logging_mixin.py:190} INFO - [2025-08-17T14:49:25.715+0000] {override.py:1858} INFO - Created Permission View: can edit on DAG:example_setup_teardown
[2025-08-17T14:49:25.716+0000] {logging_mixin.py:190} INFO - [2025-08-17T14:49:25.716+0000] {dag.py:3211} INFO - Sync 1 DAGs
[2025-08-17T14:49:25.727+0000] {logging_mixin.py:190} INFO - [2025-08-17T14:49:25.726+0000] {dag.py:3234} INFO - Creating ORM DAG for example_setup_teardown
[2025-08-17T14:49:25.735+0000] {logging_mixin.py:190} INFO - [2025-08-17T14:49:25.735+0000] {dag.py:4138} INFO - Setting next_dagrun for example_setup_teardown to 2025-08-16 00:00:00+00:00, run_after=2025-08-17 00:00:00+00:00
[2025-08-17T14:49:25.751+0000] {processor.py:208} INFO - Processing /home/airflow/.local/lib/python3.12/site-packages/airflow/example_dags/example_setup_teardown.py took 0.151 seconds
[2025-08-17T14:49:55.961+0000] {processor.py:186} INFO - Started process (PID=159) to work on /home/airflow/.local/lib/python3.12/site-packages/airflow/example_dags/example_setup_teardown.py
[2025-08-17T14:49:55.963+0000] {processor.py:914} INFO - Processing file /home/airflow/.local/lib/python3.12/site-packages/airflow/example_dags/example_setup_teardown.py for tasks to queue
[2025-08-17T14:49:55.966+0000] {logging_mixin.py:190} INFO - [2025-08-17T14:49:55.966+0000] {dagbag.py:587} INFO - Filling up the DagBag from /home/airflow/.local/lib/python3.12/site-packages/airflow/example_dags/example_setup_teardown.py
[2025-08-17T14:49:55.975+0000] {processor.py:925} INFO - DAG(s) 'example_setup_teardown' retrieved from /home/airflow/.local/lib/python3.12/site-packages/airflow/example_dags/example_setup_teardown.py
[2025-08-17T14:49:55.996+0000] {logging_mixin.py:190} INFO - [2025-08-17T14:49:55.996+0000] {dag.py:3211} INFO - Sync 1 DAGs
[2025-08-17T14:49:56.017+0000] {logging_mixin.py:190} INFO - [2025-08-17T14:49:56.017+0000] {dag.py:4138} INFO - Setting next_dagrun for example_setup_teardown to 2025-08-16 00:00:00+00:00, run_after=2025-08-17 00:00:00+00:00
[2025-08-17T14:49:56.041+0000] {processor.py:208} INFO - Processing /home/airflow/.local/lib/python3.12/site-packages/airflow/example_dags/example_setup_teardown.py took 0.086 seconds
[2025-08-17T14:50:26.205+0000] {processor.py:186} INFO - Started process (PID=221) to work on /home/airflow/.local/lib/python3.12/site-packages/airflow/example_dags/example_setup_teardown.py
[2025-08-17T14:50:26.206+0000] {processor.py:914} INFO - Processing file /home/airflow/.local/lib/python3.12/site-packages/airflow/example_dags/example_setup_teardown.py for tasks to queue
[2025-08-17T14:50:26.208+0000] {logging_mixin.py:190} INFO - [2025-08-17T14:50:26.208+0000] {dagbag.py:587} INFO - Filling up the DagBag from /home/airflow/.local/lib/python3.12/site-packages/airflow/example_dags/example_setup_teardown.py
[2025-08-17T14:50:26.216+0000] {processor.py:925} INFO - DAG(s) 'example_setup_teardown' retrieved from /home/airflow/.local/lib/python3.12/site-packages/airflow/example_dags/example_setup_teardown.py
[2025-08-17T14:50:26.233+0000] {logging_mixin.py:190} INFO - [2025-08-17T14:50:26.233+0000] {dag.py:3211} INFO - Sync 1 DAGs
[2025-08-17T14:50:26.251+0000] {logging_mixin.py:190} INFO - [2025-08-17T14:50:26.250+0000] {dag.py:4138} INFO - Setting next_dagrun for example_setup_teardown to 2025-08-16 00:00:00+00:00, run_after=2025-08-17 00:00:00+00:00
[2025-08-17T14:50:26.278+0000] {processor.py:208} INFO - Processing /home/airflow/.local/lib/python3.12/site-packages/airflow/example_dags/example_setup_teardown.py took 0.079 seconds
[2025-08-17T14:50:56.678+0000] {processor.py:186} INFO - Started process (PID=283) to work on /home/airflow/.local/lib/python3.12/site-packages/airflow/example_dags/example_setup_teardown.py
[2025-08-17T14:50:56.680+0000] {processor.py:914} INFO - Processing file /home/airflow/.local/lib/python3.12/site-packages/airflow/example_dags/example_setup_teardown.py for tasks to queue
[2025-08-17T14:50:56.682+0000] {logging_mixin.py:190} INFO - [2025-08-17T14:50:56.682+0000] {dagbag.py:587} INFO - Filling up the DagBag from /home/airflow/.local/lib/python3.12/site-packages/airflow/example_dags/example_setup_teardown.py
[2025-08-17T14:50:56.689+0000] {processor.py:925} INFO - DAG(s) 'example_setup_teardown' retrieved from /home/airflow/.local/lib/python3.12/site-packages/airflow/example_dags/example_setup_teardown.py
[2025-08-17T14:50:56.707+0000] {logging_mixin.py:190} INFO - [2025-08-17T14:50:56.707+0000] {dag.py:3211} INFO - Sync 1 DAGs
[2025-08-17T14:50:56.724+0000] {logging_mixin.py:190} INFO - [2025-08-17T14:50:56.723+0000] {dag.py:4138} INFO - Setting next_dagrun for example_setup_teardown to 2025-08-16 00:00:00+00:00, run_after=2025-08-17 00:00:00+00:00
[2025-08-17T14:50:56.739+0000] {processor.py:208} INFO - Processing /home/airflow/.local/lib/python3.12/site-packages/airflow/example_dags/example_setup_teardown.py took 0.065 seconds
[2025-08-17T14:51:27.493+0000] {processor.py:186} INFO - Started process (PID=345) to work on /home/airflow/.local/lib/python3.12/site-packages/airflow/example_dags/example_setup_teardown.py
[2025-08-17T14:51:27.495+0000] {processor.py:914} INFO - Processing file /home/airflow/.local/lib/python3.12/site-packages/airflow/example_dags/example_setup_teardown.py for tasks to queue
[2025-08-17T14:51:27.497+0000] {logging_mixin.py:190} INFO - [2025-08-17T14:51:27.497+0000] {dagbag.py:587} INFO - Filling up the DagBag from /home/airflow/.local/lib/python3.12/site-packages/airflow/example_dags/example_setup_teardown.py
[2025-08-17T14:51:27.504+0000] {processor.py:925} INFO - DAG(s) 'example_setup_teardown' retrieved from /home/airflow/.local/lib/python3.12/site-packages/airflow/example_dags/example_setup_teardown.py
[2025-08-17T14:51:27.521+0000] {logging_mixin.py:190} INFO - [2025-08-17T14:51:27.521+0000] {dag.py:3211} INFO - Sync 1 DAGs
[2025-08-17T14:51:27.537+0000] {logging_mixin.py:190} INFO - [2025-08-17T14:51:27.537+0000] {dag.py:4138} INFO - Setting next_dagrun for example_setup_teardown to 2025-08-16 00:00:00+00:00, run_after=2025-08-17 00:00:00+00:00
[2025-08-17T14:51:27.552+0000] {processor.py:208} INFO - Processing /home/airflow/.local/lib/python3.12/site-packages/airflow/example_dags/example_setup_teardown.py took 0.063 seconds
[2025-08-17T14:51:58.338+0000] {processor.py:186} INFO - Started process (PID=407) to work on /home/airflow/.local/lib/python3.12/site-packages/airflow/example_dags/example_setup_teardown.py
[2025-08-17T14:51:58.339+0000] {processor.py:914} INFO - Processing file /home/airflow/.local/lib/python3.12/site-packages/airflow/example_dags/example_setup_teardown.py for tasks to queue
[2025-08-17T14:51:58.343+0000] {logging_mixin.py:190} INFO - [2025-08-17T14:51:58.342+0000] {dagbag.py:587} INFO - Filling up the DagBag from /home/airflow/.local/lib/python3.12/site-packages/airflow/example_dags/example_setup_teardown.py
[2025-08-17T14:51:58.352+0000] {processor.py:925} INFO - DAG(s) 'example_setup_teardown' retrieved from /home/airflow/.local/lib/python3.12/site-packages/airflow/example_dags/example_setup_teardown.py
[2025-08-17T14:51:58.370+0000] {logging_mixin.py:190} INFO - [2025-08-17T14:51:58.370+0000] {dag.py:3211} INFO - Sync 1 DAGs
[2025-08-17T14:51:58.390+0000] {logging_mixin.py:190} INFO - [2025-08-17T14:51:58.390+0000] {dag.py:4138} INFO - Setting next_dagrun for example_setup_teardown to 2025-08-16 00:00:00+00:00, run_after=2025-08-17 00:00:00+00:00
[2025-08-17T14:51:58.406+0000] {processor.py:208} INFO - Processing /home/airflow/.local/lib/python3.12/site-packages/airflow/example_dags/example_setup_teardown.py took 0.073 seconds
[2025-08-17T14:52:29.402+0000] {processor.py:186} INFO - Started process (PID=469) to work on /home/airflow/.local/lib/python3.12/site-packages/airflow/example_dags/example_setup_teardown.py
[2025-08-17T14:52:29.404+0000] {processor.py:914} INFO - Processing file /home/airflow/.local/lib/python3.12/site-packages/airflow/example_dags/example_setup_teardown.py for tasks to queue
[2025-08-17T14:52:29.406+0000] {logging_mixin.py:190} INFO - [2025-08-17T14:52:29.406+0000] {dagbag.py:587} INFO - Filling up the DagBag from /home/airflow/.local/lib/python3.12/site-packages/airflow/example_dags/example_setup_teardown.py
[2025-08-17T14:52:29.414+0000] {processor.py:925} INFO - DAG(s) 'example_setup_teardown' retrieved from /home/airflow/.local/lib/python3.12/site-packages/airflow/example_dags/example_setup_teardown.py
[2025-08-17T14:52:29.431+0000] {logging_mixin.py:190} INFO - [2025-08-17T14:52:29.430+0000] {dag.py:3211} INFO - Sync 1 DAGs
[2025-08-17T14:52:29.448+0000] {logging_mixin.py:190} INFO - [2025-08-17T14:52:29.448+0000] {dag.py:4138} INFO - Setting next_dagrun for example_setup_teardown to 2025-08-16 00:00:00+00:00, run_after=2025-08-17 00:00:00+00:00
[2025-08-17T14:52:29.463+0000] {processor.py:208} INFO - Processing /home/airflow/.local/lib/python3.12/site-packages/airflow/example_dags/example_setup_teardown.py took 0.065 seconds
[2025-08-17T14:52:59.711+0000] {processor.py:186} INFO - Started process (PID=531) to work on /home/airflow/.local/lib/python3.12/site-packages/airflow/example_dags/example_setup_teardown.py
[2025-08-17T14:52:59.713+0000] {processor.py:914} INFO - Processing file /home/airflow/.local/lib/python3.12/site-packages/airflow/example_dags/example_setup_teardown.py for tasks to queue
[2025-08-17T14:52:59.716+0000] {logging_mixin.py:190} INFO - [2025-08-17T14:52:59.716+0000] {dagbag.py:587} INFO - Filling up the DagBag from /home/airflow/.local/lib/python3.12/site-packages/airflow/example_dags/example_setup_teardown.py
[2025-08-17T14:52:59.725+0000] {processor.py:925} INFO - DAG(s) 'example_setup_teardown' retrieved from /home/airflow/.local/lib/python3.12/site-packages/airflow/example_dags/example_setup_teardown.py
[2025-08-17T14:52:59.744+0000] {logging_mixin.py:190} INFO - [2025-08-17T14:52:59.744+0000] {dag.py:3211} INFO - Sync 1 DAGs
[2025-08-17T14:52:59.763+0000] {logging_mixin.py:190} INFO - [2025-08-17T14:52:59.762+0000] {dag.py:4138} INFO - Setting next_dagrun for example_setup_teardown to 2025-08-16 00:00:00+00:00, run_after=2025-08-17 00:00:00+00:00
[2025-08-17T14:52:59.780+0000] {processor.py:208} INFO - Processing /home/airflow/.local/lib/python3.12/site-packages/airflow/example_dags/example_setup_teardown.py took 0.073 seconds
[2025-08-17T14:53:30.620+0000] {processor.py:186} INFO - Started process (PID=593) to work on /home/airflow/.local/lib/python3.12/site-packages/airflow/example_dags/example_setup_teardown.py
[2025-08-17T14:53:30.622+0000] {processor.py:914} INFO - Processing file /home/airflow/.local/lib/python3.12/site-packages/airflow/example_dags/example_setup_teardown.py for tasks to queue
[2025-08-17T14:53:30.626+0000] {logging_mixin.py:190} INFO - [2025-08-17T14:53:30.626+0000] {dagbag.py:587} INFO - Filling up the DagBag from /home/airflow/.local/lib/python3.12/site-packages/airflow/example_dags/example_setup_teardown.py
[2025-08-17T14:53:30.635+0000] {processor.py:925} INFO - DAG(s) 'example_setup_teardown' retrieved from /home/airflow/.local/lib/python3.12/site-packages/airflow/example_dags/example_setup_teardown.py
[2025-08-17T14:53:30.655+0000] {logging_mixin.py:190} INFO - [2025-08-17T14:53:30.654+0000] {dag.py:3211} INFO - Sync 1 DAGs
[2025-08-17T14:53:30.678+0000] {logging_mixin.py:190} INFO - [2025-08-17T14:53:30.677+0000] {dag.py:4138} INFO - Setting next_dagrun for example_setup_teardown to 2025-08-16 00:00:00+00:00, run_after=2025-08-17 00:00:00+00:00
[2025-08-17T14:53:30.698+0000] {processor.py:208} INFO - Processing /home/airflow/.local/lib/python3.12/site-packages/airflow/example_dags/example_setup_teardown.py took 0.082 seconds
[2025-08-17T14:54:00.915+0000] {processor.py:186} INFO - Started process (PID=655) to work on /home/airflow/.local/lib/python3.12/site-packages/airflow/example_dags/example_setup_teardown.py
[2025-08-17T14:54:00.917+0000] {processor.py:914} INFO - Processing file /home/airflow/.local/lib/python3.12/site-packages/airflow/example_dags/example_setup_teardown.py for tasks to queue
[2025-08-17T14:54:00.921+0000] {logging_mixin.py:190} INFO - [2025-08-17T14:54:00.921+0000] {dagbag.py:587} INFO - Filling up the DagBag from /home/airflow/.local/lib/python3.12/site-packages/airflow/example_dags/example_setup_teardown.py
[2025-08-17T14:54:00.932+0000] {processor.py:925} INFO - DAG(s) 'example_setup_teardown' retrieved from /home/airflow/.local/lib/python3.12/site-packages/airflow/example_dags/example_setup_teardown.py
[2025-08-17T14:54:00.955+0000] {logging_mixin.py:190} INFO - [2025-08-17T14:54:00.954+0000] {dag.py:3211} INFO - Sync 1 DAGs
[2025-08-17T14:54:00.978+0000] {logging_mixin.py:190} INFO - [2025-08-17T14:54:00.978+0000] {dag.py:4138} INFO - Setting next_dagrun for example_setup_teardown to 2025-08-16 00:00:00+00:00, run_after=2025-08-17 00:00:00+00:00
[2025-08-17T14:54:00.996+0000] {processor.py:208} INFO - Processing /home/airflow/.local/lib/python3.12/site-packages/airflow/example_dags/example_setup_teardown.py took 0.086 seconds
[2025-08-17T14:54:31.582+0000] {processor.py:186} INFO - Started process (PID=717) to work on /home/airflow/.local/lib/python3.12/site-packages/airflow/example_dags/example_setup_teardown.py
[2025-08-17T14:54:31.583+0000] {processor.py:914} INFO - Processing file /home/airflow/.local/lib/python3.12/site-packages/airflow/example_dags/example_setup_teardown.py for tasks to queue
[2025-08-17T14:54:31.586+0000] {logging_mixin.py:190} INFO - [2025-08-17T14:54:31.585+0000] {dagbag.py:587} INFO - Filling up the DagBag from /home/airflow/.local/lib/python3.12/site-packages/airflow/example_dags/example_setup_teardown.py
[2025-08-17T14:54:31.595+0000] {processor.py:925} INFO - DAG(s) 'example_setup_teardown' retrieved from /home/airflow/.local/lib/python3.12/site-packages/airflow/example_dags/example_setup_teardown.py
[2025-08-17T14:54:31.613+0000] {logging_mixin.py:190} INFO - [2025-08-17T14:54:31.612+0000] {dag.py:3211} INFO - Sync 1 DAGs
[2025-08-17T14:54:31.632+0000] {logging_mixin.py:190} INFO - [2025-08-17T14:54:31.632+0000] {dag.py:4138} INFO - Setting next_dagrun for example_setup_teardown to 2025-08-16 00:00:00+00:00, run_after=2025-08-17 00:00:00+00:00
[2025-08-17T14:54:31.646+0000] {processor.py:208} INFO - Processing /home/airflow/.local/lib/python3.12/site-packages/airflow/example_dags/example_setup_teardown.py took 0.070 seconds
