[2025-08-17T14:49:25.175+0000] {processor.py:186} INFO - Started process (PID=93) to work on /home/airflow/.local/lib/python3.12/site-packages/airflow/example_dags/example_external_task_marker_dag.py
[2025-08-17T14:49:25.177+0000] {processor.py:914} INFO - Processing file /home/airflow/.local/lib/python3.12/site-packages/airflow/example_dags/example_external_task_marker_dag.py for tasks to queue
[2025-08-17T14:49:25.180+0000] {logging_mixin.py:190} INFO - [2025-08-17T14:49:25.180+0000] {dagbag.py:587} INFO - Filling up the DagBag from /home/airflow/.local/lib/python3.12/site-packages/airflow/example_dags/example_external_task_marker_dag.py
[2025-08-17T14:49:25.190+0000] {processor.py:925} INFO - DAG(s) 'example_external_task_marker_child', 'example_external_task_marker_parent' retrieved from /home/airflow/.local/lib/python3.12/site-packages/airflow/example_dags/example_external_task_marker_dag.py
[2025-08-17T14:49:25.275+0000] {logging_mixin.py:190} INFO - [2025-08-17T14:49:25.274+0000] {override.py:1858} INFO - Created Permission View: can read on DAG:example_external_task_marker_child
[2025-08-17T14:49:25.283+0000] {logging_mixin.py:190} INFO - [2025-08-17T14:49:25.283+0000] {override.py:1858} INFO - Created Permission View: can delete on DAG:example_external_task_marker_child
[2025-08-17T14:49:25.289+0000] {logging_mixin.py:190} INFO - [2025-08-17T14:49:25.289+0000] {override.py:1858} INFO - Created Permission View: can edit on DAG:example_external_task_marker_child
[2025-08-17T14:49:25.300+0000] {logging_mixin.py:190} INFO - [2025-08-17T14:49:25.300+0000] {override.py:1858} INFO - Created Permission View: can read on DAG:example_external_task_marker_parent
[2025-08-17T14:49:25.306+0000] {logging_mixin.py:190} INFO - [2025-08-17T14:49:25.306+0000] {override.py:1858} INFO - Created Permission View: can delete on DAG:example_external_task_marker_parent
[2025-08-17T14:49:25.312+0000] {logging_mixin.py:190} INFO - [2025-08-17T14:49:25.312+0000] {override.py:1858} INFO - Created Permission View: can edit on DAG:example_external_task_marker_parent
[2025-08-17T14:49:25.313+0000] {logging_mixin.py:190} INFO - [2025-08-17T14:49:25.313+0000] {dag.py:3211} INFO - Sync 2 DAGs
[2025-08-17T14:49:25.324+0000] {logging_mixin.py:190} INFO - [2025-08-17T14:49:25.324+0000] {dag.py:3234} INFO - Creating ORM DAG for example_external_task_marker_parent
[2025-08-17T14:49:25.325+0000] {logging_mixin.py:190} INFO - [2025-08-17T14:49:25.325+0000] {dag.py:3234} INFO - Creating ORM DAG for example_external_task_marker_child
[2025-08-17T14:49:25.326+0000] {logging_mixin.py:190} INFO - [2025-08-17T14:49:25.326+0000] {dag.py:4138} INFO - Setting next_dagrun for example_external_task_marker_child to None, run_after=None
[2025-08-17T14:49:25.328+0000] {logging_mixin.py:190} INFO - [2025-08-17T14:49:25.328+0000] {dag.py:4138} INFO - Setting next_dagrun for example_external_task_marker_parent to None, run_after=None
[2025-08-17T14:49:25.344+0000] {processor.py:208} INFO - Processing /home/airflow/.local/lib/python3.12/site-packages/airflow/example_dags/example_external_task_marker_dag.py took 0.174 seconds
[2025-08-17T14:49:55.592+0000] {processor.py:186} INFO - Started process (PID=155) to work on /home/airflow/.local/lib/python3.12/site-packages/airflow/example_dags/example_external_task_marker_dag.py
[2025-08-17T14:49:55.594+0000] {processor.py:914} INFO - Processing file /home/airflow/.local/lib/python3.12/site-packages/airflow/example_dags/example_external_task_marker_dag.py for tasks to queue
[2025-08-17T14:49:55.596+0000] {logging_mixin.py:190} INFO - [2025-08-17T14:49:55.595+0000] {dagbag.py:587} INFO - Filling up the DagBag from /home/airflow/.local/lib/python3.12/site-packages/airflow/example_dags/example_external_task_marker_dag.py
[2025-08-17T14:49:55.604+0000] {processor.py:925} INFO - DAG(s) 'example_external_task_marker_parent', 'example_external_task_marker_child' retrieved from /home/airflow/.local/lib/python3.12/site-packages/airflow/example_dags/example_external_task_marker_dag.py
[2025-08-17T14:49:55.627+0000] {logging_mixin.py:190} INFO - [2025-08-17T14:49:55.626+0000] {dag.py:3211} INFO - Sync 2 DAGs
[2025-08-17T14:49:55.642+0000] {logging_mixin.py:190} INFO - [2025-08-17T14:49:55.642+0000] {dag.py:4138} INFO - Setting next_dagrun for example_external_task_marker_child to None, run_after=None
[2025-08-17T14:49:55.646+0000] {logging_mixin.py:190} INFO - [2025-08-17T14:49:55.646+0000] {dag.py:4138} INFO - Setting next_dagrun for example_external_task_marker_parent to None, run_after=None
[2025-08-17T14:49:55.663+0000] {processor.py:208} INFO - Processing /home/airflow/.local/lib/python3.12/site-packages/airflow/example_dags/example_external_task_marker_dag.py took 0.075 seconds
[2025-08-17T14:50:25.921+0000] {processor.py:186} INFO - Started process (PID=217) to work on /home/airflow/.local/lib/python3.12/site-packages/airflow/example_dags/example_external_task_marker_dag.py
[2025-08-17T14:50:25.923+0000] {processor.py:914} INFO - Processing file /home/airflow/.local/lib/python3.12/site-packages/airflow/example_dags/example_external_task_marker_dag.py for tasks to queue
[2025-08-17T14:50:25.925+0000] {logging_mixin.py:190} INFO - [2025-08-17T14:50:25.925+0000] {dagbag.py:587} INFO - Filling up the DagBag from /home/airflow/.local/lib/python3.12/site-packages/airflow/example_dags/example_external_task_marker_dag.py
[2025-08-17T14:50:25.932+0000] {processor.py:925} INFO - DAG(s) 'example_external_task_marker_parent', 'example_external_task_marker_child' retrieved from /home/airflow/.local/lib/python3.12/site-packages/airflow/example_dags/example_external_task_marker_dag.py
[2025-08-17T14:50:25.953+0000] {logging_mixin.py:190} INFO - [2025-08-17T14:50:25.952+0000] {dag.py:3211} INFO - Sync 2 DAGs
[2025-08-17T14:50:25.966+0000] {logging_mixin.py:190} INFO - [2025-08-17T14:50:25.966+0000] {dag.py:4138} INFO - Setting next_dagrun for example_external_task_marker_child to None, run_after=None
[2025-08-17T14:50:25.969+0000] {logging_mixin.py:190} INFO - [2025-08-17T14:50:25.969+0000] {dag.py:4138} INFO - Setting next_dagrun for example_external_task_marker_parent to None, run_after=None
[2025-08-17T14:50:25.984+0000] {processor.py:208} INFO - Processing /home/airflow/.local/lib/python3.12/site-packages/airflow/example_dags/example_external_task_marker_dag.py took 0.068 seconds
[2025-08-17T14:50:56.339+0000] {processor.py:186} INFO - Started process (PID=278) to work on /home/airflow/.local/lib/python3.12/site-packages/airflow/example_dags/example_external_task_marker_dag.py
[2025-08-17T14:50:56.340+0000] {processor.py:914} INFO - Processing file /home/airflow/.local/lib/python3.12/site-packages/airflow/example_dags/example_external_task_marker_dag.py for tasks to queue
[2025-08-17T14:50:56.343+0000] {logging_mixin.py:190} INFO - [2025-08-17T14:50:56.342+0000] {dagbag.py:587} INFO - Filling up the DagBag from /home/airflow/.local/lib/python3.12/site-packages/airflow/example_dags/example_external_task_marker_dag.py
[2025-08-17T14:50:56.349+0000] {processor.py:925} INFO - DAG(s) 'example_external_task_marker_child', 'example_external_task_marker_parent' retrieved from /home/airflow/.local/lib/python3.12/site-packages/airflow/example_dags/example_external_task_marker_dag.py
[2025-08-17T14:50:56.368+0000] {logging_mixin.py:190} INFO - [2025-08-17T14:50:56.368+0000] {dag.py:3211} INFO - Sync 2 DAGs
[2025-08-17T14:50:56.379+0000] {logging_mixin.py:190} INFO - [2025-08-17T14:50:56.378+0000] {dag.py:4138} INFO - Setting next_dagrun for example_external_task_marker_child to None, run_after=None
[2025-08-17T14:50:56.382+0000] {logging_mixin.py:190} INFO - [2025-08-17T14:50:56.382+0000] {dag.py:4138} INFO - Setting next_dagrun for example_external_task_marker_parent to None, run_after=None
[2025-08-17T14:50:56.395+0000] {processor.py:208} INFO - Processing /home/airflow/.local/lib/python3.12/site-packages/airflow/example_dags/example_external_task_marker_dag.py took 0.061 seconds
[2025-08-17T14:51:27.187+0000] {processor.py:186} INFO - Started process (PID=341) to work on /home/airflow/.local/lib/python3.12/site-packages/airflow/example_dags/example_external_task_marker_dag.py
[2025-08-17T14:51:27.189+0000] {processor.py:914} INFO - Processing file /home/airflow/.local/lib/python3.12/site-packages/airflow/example_dags/example_external_task_marker_dag.py for tasks to queue
[2025-08-17T14:51:27.192+0000] {logging_mixin.py:190} INFO - [2025-08-17T14:51:27.192+0000] {dagbag.py:587} INFO - Filling up the DagBag from /home/airflow/.local/lib/python3.12/site-packages/airflow/example_dags/example_external_task_marker_dag.py
[2025-08-17T14:51:27.199+0000] {processor.py:925} INFO - DAG(s) 'example_external_task_marker_child', 'example_external_task_marker_parent' retrieved from /home/airflow/.local/lib/python3.12/site-packages/airflow/example_dags/example_external_task_marker_dag.py
[2025-08-17T14:51:27.221+0000] {logging_mixin.py:190} INFO - [2025-08-17T14:51:27.221+0000] {dag.py:3211} INFO - Sync 2 DAGs
[2025-08-17T14:51:27.233+0000] {logging_mixin.py:190} INFO - [2025-08-17T14:51:27.233+0000] {dag.py:4138} INFO - Setting next_dagrun for example_external_task_marker_child to None, run_after=None
[2025-08-17T14:51:27.236+0000] {logging_mixin.py:190} INFO - [2025-08-17T14:51:27.236+0000] {dag.py:4138} INFO - Setting next_dagrun for example_external_task_marker_parent to None, run_after=None
[2025-08-17T14:51:27.252+0000] {processor.py:208} INFO - Processing /home/airflow/.local/lib/python3.12/site-packages/airflow/example_dags/example_external_task_marker_dag.py took 0.071 seconds
[2025-08-17T14:51:58.108+0000] {processor.py:186} INFO - Started process (PID=403) to work on /home/airflow/.local/lib/python3.12/site-packages/airflow/example_dags/example_external_task_marker_dag.py
[2025-08-17T14:51:58.110+0000] {processor.py:914} INFO - Processing file /home/airflow/.local/lib/python3.12/site-packages/airflow/example_dags/example_external_task_marker_dag.py for tasks to queue
[2025-08-17T14:51:58.112+0000] {logging_mixin.py:190} INFO - [2025-08-17T14:51:58.112+0000] {dagbag.py:587} INFO - Filling up the DagBag from /home/airflow/.local/lib/python3.12/site-packages/airflow/example_dags/example_external_task_marker_dag.py
[2025-08-17T14:51:58.119+0000] {processor.py:925} INFO - DAG(s) 'example_external_task_marker_child', 'example_external_task_marker_parent' retrieved from /home/airflow/.local/lib/python3.12/site-packages/airflow/example_dags/example_external_task_marker_dag.py
[2025-08-17T14:51:58.139+0000] {logging_mixin.py:190} INFO - [2025-08-17T14:51:58.138+0000] {dag.py:3211} INFO - Sync 2 DAGs
[2025-08-17T14:51:58.150+0000] {logging_mixin.py:190} INFO - [2025-08-17T14:51:58.150+0000] {dag.py:4138} INFO - Setting next_dagrun for example_external_task_marker_child to None, run_after=None
[2025-08-17T14:51:58.153+0000] {logging_mixin.py:190} INFO - [2025-08-17T14:51:58.153+0000] {dag.py:4138} INFO - Setting next_dagrun for example_external_task_marker_parent to None, run_after=None
[2025-08-17T14:51:58.166+0000] {processor.py:208} INFO - Processing /home/airflow/.local/lib/python3.12/site-packages/airflow/example_dags/example_external_task_marker_dag.py took 0.062 seconds
[2025-08-17T14:52:29.179+0000] {processor.py:186} INFO - Started process (PID=465) to work on /home/airflow/.local/lib/python3.12/site-packages/airflow/example_dags/example_external_task_marker_dag.py
[2025-08-17T14:52:29.180+0000] {processor.py:914} INFO - Processing file /home/airflow/.local/lib/python3.12/site-packages/airflow/example_dags/example_external_task_marker_dag.py for tasks to queue
[2025-08-17T14:52:29.182+0000] {logging_mixin.py:190} INFO - [2025-08-17T14:52:29.182+0000] {dagbag.py:587} INFO - Filling up the DagBag from /home/airflow/.local/lib/python3.12/site-packages/airflow/example_dags/example_external_task_marker_dag.py
[2025-08-17T14:52:29.189+0000] {processor.py:925} INFO - DAG(s) 'example_external_task_marker_child', 'example_external_task_marker_parent' retrieved from /home/airflow/.local/lib/python3.12/site-packages/airflow/example_dags/example_external_task_marker_dag.py
[2025-08-17T14:52:29.208+0000] {logging_mixin.py:190} INFO - [2025-08-17T14:52:29.208+0000] {dag.py:3211} INFO - Sync 2 DAGs
[2025-08-17T14:52:29.219+0000] {logging_mixin.py:190} INFO - [2025-08-17T14:52:29.219+0000] {dag.py:4138} INFO - Setting next_dagrun for example_external_task_marker_child to None, run_after=None
[2025-08-17T14:52:29.223+0000] {logging_mixin.py:190} INFO - [2025-08-17T14:52:29.223+0000] {dag.py:4138} INFO - Setting next_dagrun for example_external_task_marker_parent to None, run_after=None
[2025-08-17T14:52:29.236+0000] {processor.py:208} INFO - Processing /home/airflow/.local/lib/python3.12/site-packages/airflow/example_dags/example_external_task_marker_dag.py took 0.062 seconds
[2025-08-17T14:52:59.462+0000] {processor.py:186} INFO - Started process (PID=527) to work on /home/airflow/.local/lib/python3.12/site-packages/airflow/example_dags/example_external_task_marker_dag.py
[2025-08-17T14:52:59.464+0000] {processor.py:914} INFO - Processing file /home/airflow/.local/lib/python3.12/site-packages/airflow/example_dags/example_external_task_marker_dag.py for tasks to queue
[2025-08-17T14:52:59.467+0000] {logging_mixin.py:190} INFO - [2025-08-17T14:52:59.466+0000] {dagbag.py:587} INFO - Filling up the DagBag from /home/airflow/.local/lib/python3.12/site-packages/airflow/example_dags/example_external_task_marker_dag.py
[2025-08-17T14:52:59.475+0000] {processor.py:925} INFO - DAG(s) 'example_external_task_marker_parent', 'example_external_task_marker_child' retrieved from /home/airflow/.local/lib/python3.12/site-packages/airflow/example_dags/example_external_task_marker_dag.py
[2025-08-17T14:52:59.497+0000] {logging_mixin.py:190} INFO - [2025-08-17T14:52:59.497+0000] {dag.py:3211} INFO - Sync 2 DAGs
[2025-08-17T14:52:59.510+0000] {logging_mixin.py:190} INFO - [2025-08-17T14:52:59.510+0000] {dag.py:4138} INFO - Setting next_dagrun for example_external_task_marker_child to None, run_after=None
[2025-08-17T14:52:59.515+0000] {logging_mixin.py:190} INFO - [2025-08-17T14:52:59.515+0000] {dag.py:4138} INFO - Setting next_dagrun for example_external_task_marker_parent to None, run_after=None
[2025-08-17T14:52:59.531+0000] {processor.py:208} INFO - Processing /home/airflow/.local/lib/python3.12/site-packages/airflow/example_dags/example_external_task_marker_dag.py took 0.074 seconds
[2025-08-17T14:53:30.297+0000] {processor.py:186} INFO - Started process (PID=589) to work on /home/airflow/.local/lib/python3.12/site-packages/airflow/example_dags/example_external_task_marker_dag.py
[2025-08-17T14:53:30.300+0000] {processor.py:914} INFO - Processing file /home/airflow/.local/lib/python3.12/site-packages/airflow/example_dags/example_external_task_marker_dag.py for tasks to queue
[2025-08-17T14:53:30.304+0000] {logging_mixin.py:190} INFO - [2025-08-17T14:53:30.304+0000] {dagbag.py:587} INFO - Filling up the DagBag from /home/airflow/.local/lib/python3.12/site-packages/airflow/example_dags/example_external_task_marker_dag.py
[2025-08-17T14:53:30.316+0000] {processor.py:925} INFO - DAG(s) 'example_external_task_marker_child', 'example_external_task_marker_parent' retrieved from /home/airflow/.local/lib/python3.12/site-packages/airflow/example_dags/example_external_task_marker_dag.py
[2025-08-17T14:53:30.351+0000] {logging_mixin.py:190} INFO - [2025-08-17T14:53:30.350+0000] {dag.py:3211} INFO - Sync 2 DAGs
[2025-08-17T14:53:30.366+0000] {logging_mixin.py:190} INFO - [2025-08-17T14:53:30.366+0000] {dag.py:4138} INFO - Setting next_dagrun for example_external_task_marker_child to None, run_after=None
[2025-08-17T14:53:30.371+0000] {logging_mixin.py:190} INFO - [2025-08-17T14:53:30.371+0000] {dag.py:4138} INFO - Setting next_dagrun for example_external_task_marker_parent to None, run_after=None
[2025-08-17T14:53:30.387+0000] {processor.py:208} INFO - Processing /home/airflow/.local/lib/python3.12/site-packages/airflow/example_dags/example_external_task_marker_dag.py took 0.095 seconds
[2025-08-17T14:54:00.586+0000] {processor.py:186} INFO - Started process (PID=651) to work on /home/airflow/.local/lib/python3.12/site-packages/airflow/example_dags/example_external_task_marker_dag.py
[2025-08-17T14:54:00.587+0000] {processor.py:914} INFO - Processing file /home/airflow/.local/lib/python3.12/site-packages/airflow/example_dags/example_external_task_marker_dag.py for tasks to queue
[2025-08-17T14:54:00.593+0000] {logging_mixin.py:190} INFO - [2025-08-17T14:54:00.593+0000] {dagbag.py:587} INFO - Filling up the DagBag from /home/airflow/.local/lib/python3.12/site-packages/airflow/example_dags/example_external_task_marker_dag.py
[2025-08-17T14:54:00.602+0000] {processor.py:925} INFO - DAG(s) 'example_external_task_marker_child', 'example_external_task_marker_parent' retrieved from /home/airflow/.local/lib/python3.12/site-packages/airflow/example_dags/example_external_task_marker_dag.py
[2025-08-17T14:54:00.629+0000] {logging_mixin.py:190} INFO - [2025-08-17T14:54:00.629+0000] {dag.py:3211} INFO - Sync 2 DAGs
[2025-08-17T14:54:00.648+0000] {logging_mixin.py:190} INFO - [2025-08-17T14:54:00.648+0000] {dag.py:4138} INFO - Setting next_dagrun for example_external_task_marker_child to None, run_after=None
[2025-08-17T14:54:00.655+0000] {logging_mixin.py:190} INFO - [2025-08-17T14:54:00.654+0000] {dag.py:4138} INFO - Setting next_dagrun for example_external_task_marker_parent to None, run_after=None
[2025-08-17T14:54:00.673+0000] {processor.py:208} INFO - Processing /home/airflow/.local/lib/python3.12/site-packages/airflow/example_dags/example_external_task_marker_dag.py took 0.095 seconds
[2025-08-17T14:54:31.366+0000] {processor.py:186} INFO - Started process (PID=713) to work on /home/airflow/.local/lib/python3.12/site-packages/airflow/example_dags/example_external_task_marker_dag.py
[2025-08-17T14:54:31.368+0000] {processor.py:914} INFO - Processing file /home/airflow/.local/lib/python3.12/site-packages/airflow/example_dags/example_external_task_marker_dag.py for tasks to queue
[2025-08-17T14:54:31.370+0000] {logging_mixin.py:190} INFO - [2025-08-17T14:54:31.370+0000] {dagbag.py:587} INFO - Filling up the DagBag from /home/airflow/.local/lib/python3.12/site-packages/airflow/example_dags/example_external_task_marker_dag.py
[2025-08-17T14:54:31.377+0000] {processor.py:925} INFO - DAG(s) 'example_external_task_marker_child', 'example_external_task_marker_parent' retrieved from /home/airflow/.local/lib/python3.12/site-packages/airflow/example_dags/example_external_task_marker_dag.py
[2025-08-17T14:54:31.398+0000] {logging_mixin.py:190} INFO - [2025-08-17T14:54:31.398+0000] {dag.py:3211} INFO - Sync 2 DAGs
[2025-08-17T14:54:31.410+0000] {logging_mixin.py:190} INFO - [2025-08-17T14:54:31.410+0000] {dag.py:4138} INFO - Setting next_dagrun for example_external_task_marker_child to None, run_after=None
[2025-08-17T14:54:31.413+0000] {logging_mixin.py:190} INFO - [2025-08-17T14:54:31.413+0000] {dag.py:4138} INFO - Setting next_dagrun for example_external_task_marker_parent to None, run_after=None
[2025-08-17T14:54:31.426+0000] {processor.py:208} INFO - Processing /home/airflow/.local/lib/python3.12/site-packages/airflow/example_dags/example_external_task_marker_dag.py took 0.066 seconds
