[2025-08-17T14:49:26.308+0000] {processor.py:186} INFO - Started process (PID=103) to work on /home/airflow/.local/lib/python3.12/site-packages/airflow/example_dags/example_sla_dag.py
[2025-08-17T14:49:26.309+0000] {processor.py:914} INFO - Processing file /home/airflow/.local/lib/python3.12/site-packages/airflow/example_dags/example_sla_dag.py for tasks to queue
[2025-08-17T14:49:26.312+0000] {logging_mixin.py:190} INFO - [2025-08-17T14:49:26.312+0000] {dagbag.py:587} INFO - Filling up the DagBag from /home/airflow/.local/lib/python3.12/site-packages/airflow/example_dags/example_sla_dag.py
[2025-08-17T14:49:26.322+0000] {processor.py:925} INFO - DAG(s) 'example_sla_dag' retrieved from /home/airflow/.local/lib/python3.12/site-packages/airflow/example_dags/example_sla_dag.py
[2025-08-17T14:49:26.404+0000] {logging_mixin.py:190} INFO - [2025-08-17T14:49:26.404+0000] {override.py:1858} INFO - Created Permission View: can read on DAG:example_sla_dag
[2025-08-17T14:49:26.413+0000] {logging_mixin.py:190} INFO - [2025-08-17T14:49:26.412+0000] {override.py:1858} INFO - Created Permission View: can delete on DAG:example_sla_dag
[2025-08-17T14:49:26.419+0000] {logging_mixin.py:190} INFO - [2025-08-17T14:49:26.419+0000] {override.py:1858} INFO - Created Permission View: can edit on DAG:example_sla_dag
[2025-08-17T14:49:26.420+0000] {logging_mixin.py:190} INFO - [2025-08-17T14:49:26.420+0000] {dag.py:3211} INFO - Sync 1 DAGs
[2025-08-17T14:49:26.432+0000] {logging_mixin.py:190} INFO - [2025-08-17T14:49:26.431+0000] {dag.py:3234} INFO - Creating ORM DAG for example_sla_dag
[2025-08-17T14:49:26.442+0000] {logging_mixin.py:190} INFO - [2025-08-17T14:49:26.441+0000] {dag.py:4138} INFO - Setting next_dagrun for example_sla_dag to 2025-08-17 14:46:00+00:00, run_after=2025-08-17 14:48:00+00:00
[2025-08-17T14:49:26.456+0000] {processor.py:208} INFO - Processing /home/airflow/.local/lib/python3.12/site-packages/airflow/example_dags/example_sla_dag.py took 0.154 seconds
[2025-08-17T14:49:56.637+0000] {processor.py:186} INFO - Started process (PID=165) to work on /home/airflow/.local/lib/python3.12/site-packages/airflow/example_dags/example_sla_dag.py
[2025-08-17T14:49:56.638+0000] {processor.py:914} INFO - Processing file /home/airflow/.local/lib/python3.12/site-packages/airflow/example_dags/example_sla_dag.py for tasks to queue
[2025-08-17T14:49:56.641+0000] {logging_mixin.py:190} INFO - [2025-08-17T14:49:56.641+0000] {dagbag.py:587} INFO - Filling up the DagBag from /home/airflow/.local/lib/python3.12/site-packages/airflow/example_dags/example_sla_dag.py
[2025-08-17T14:49:56.651+0000] {processor.py:925} INFO - DAG(s) 'example_sla_dag' retrieved from /home/airflow/.local/lib/python3.12/site-packages/airflow/example_dags/example_sla_dag.py
[2025-08-17T14:49:56.669+0000] {logging_mixin.py:190} INFO - [2025-08-17T14:49:56.669+0000] {dag.py:3211} INFO - Sync 1 DAGs
[2025-08-17T14:49:56.690+0000] {logging_mixin.py:190} INFO - [2025-08-17T14:49:56.690+0000] {dag.py:4138} INFO - Setting next_dagrun for example_sla_dag to 2025-08-17 14:46:00+00:00, run_after=2025-08-17 14:48:00+00:00
[2025-08-17T14:49:56.707+0000] {processor.py:208} INFO - Processing /home/airflow/.local/lib/python3.12/site-packages/airflow/example_dags/example_sla_dag.py took 0.075 seconds
[2025-08-17T14:50:27.570+0000] {processor.py:186} INFO - Started process (PID=227) to work on /home/airflow/.local/lib/python3.12/site-packages/airflow/example_dags/example_sla_dag.py
[2025-08-17T14:50:27.572+0000] {processor.py:914} INFO - Processing file /home/airflow/.local/lib/python3.12/site-packages/airflow/example_dags/example_sla_dag.py for tasks to queue
[2025-08-17T14:50:27.574+0000] {logging_mixin.py:190} INFO - [2025-08-17T14:50:27.573+0000] {dagbag.py:587} INFO - Filling up the DagBag from /home/airflow/.local/lib/python3.12/site-packages/airflow/example_dags/example_sla_dag.py
[2025-08-17T14:50:27.582+0000] {processor.py:925} INFO - DAG(s) 'example_sla_dag' retrieved from /home/airflow/.local/lib/python3.12/site-packages/airflow/example_dags/example_sla_dag.py
[2025-08-17T14:50:27.598+0000] {logging_mixin.py:190} INFO - [2025-08-17T14:50:27.597+0000] {dag.py:3211} INFO - Sync 1 DAGs
[2025-08-17T14:50:27.616+0000] {logging_mixin.py:190} INFO - [2025-08-17T14:50:27.616+0000] {dag.py:4138} INFO - Setting next_dagrun for example_sla_dag to 2025-08-17 14:48:00+00:00, run_after=2025-08-17 14:50:00+00:00
[2025-08-17T14:50:27.632+0000] {processor.py:208} INFO - Processing /home/airflow/.local/lib/python3.12/site-packages/airflow/example_dags/example_sla_dag.py took 0.065 seconds
[2025-08-17T14:50:58.078+0000] {processor.py:186} INFO - Started process (PID=289) to work on /home/airflow/.local/lib/python3.12/site-packages/airflow/example_dags/example_sla_dag.py
[2025-08-17T14:50:58.079+0000] {processor.py:914} INFO - Processing file /home/airflow/.local/lib/python3.12/site-packages/airflow/example_dags/example_sla_dag.py for tasks to queue
[2025-08-17T14:50:58.081+0000] {logging_mixin.py:190} INFO - [2025-08-17T14:50:58.081+0000] {dagbag.py:587} INFO - Filling up the DagBag from /home/airflow/.local/lib/python3.12/site-packages/airflow/example_dags/example_sla_dag.py
[2025-08-17T14:50:58.090+0000] {processor.py:925} INFO - DAG(s) 'example_sla_dag' retrieved from /home/airflow/.local/lib/python3.12/site-packages/airflow/example_dags/example_sla_dag.py
[2025-08-17T14:50:58.106+0000] {logging_mixin.py:190} INFO - [2025-08-17T14:50:58.106+0000] {dag.py:3211} INFO - Sync 1 DAGs
[2025-08-17T14:50:58.124+0000] {logging_mixin.py:190} INFO - [2025-08-17T14:50:58.124+0000] {dag.py:4138} INFO - Setting next_dagrun for example_sla_dag to 2025-08-17 14:48:00+00:00, run_after=2025-08-17 14:50:00+00:00
[2025-08-17T14:50:58.137+0000] {processor.py:208} INFO - Processing /home/airflow/.local/lib/python3.12/site-packages/airflow/example_dags/example_sla_dag.py took 0.065 seconds
[2025-08-17T14:51:28.923+0000] {processor.py:186} INFO - Started process (PID=351) to work on /home/airflow/.local/lib/python3.12/site-packages/airflow/example_dags/example_sla_dag.py
[2025-08-17T14:51:28.925+0000] {processor.py:914} INFO - Processing file /home/airflow/.local/lib/python3.12/site-packages/airflow/example_dags/example_sla_dag.py for tasks to queue
[2025-08-17T14:51:28.927+0000] {logging_mixin.py:190} INFO - [2025-08-17T14:51:28.927+0000] {dagbag.py:587} INFO - Filling up the DagBag from /home/airflow/.local/lib/python3.12/site-packages/airflow/example_dags/example_sla_dag.py
[2025-08-17T14:51:28.935+0000] {processor.py:925} INFO - DAG(s) 'example_sla_dag' retrieved from /home/airflow/.local/lib/python3.12/site-packages/airflow/example_dags/example_sla_dag.py
[2025-08-17T14:51:28.951+0000] {logging_mixin.py:190} INFO - [2025-08-17T14:51:28.950+0000] {dag.py:3211} INFO - Sync 1 DAGs
[2025-08-17T14:51:28.967+0000] {logging_mixin.py:190} INFO - [2025-08-17T14:51:28.967+0000] {dag.py:4138} INFO - Setting next_dagrun for example_sla_dag to 2025-08-17 14:48:00+00:00, run_after=2025-08-17 14:50:00+00:00
[2025-08-17T14:51:28.983+0000] {processor.py:208} INFO - Processing /home/airflow/.local/lib/python3.12/site-packages/airflow/example_dags/example_sla_dag.py took 0.065 seconds
[2025-08-17T14:51:59.723+0000] {processor.py:186} INFO - Started process (PID=413) to work on /home/airflow/.local/lib/python3.12/site-packages/airflow/example_dags/example_sla_dag.py
[2025-08-17T14:51:59.724+0000] {processor.py:914} INFO - Processing file /home/airflow/.local/lib/python3.12/site-packages/airflow/example_dags/example_sla_dag.py for tasks to queue
[2025-08-17T14:51:59.727+0000] {logging_mixin.py:190} INFO - [2025-08-17T14:51:59.726+0000] {dagbag.py:587} INFO - Filling up the DagBag from /home/airflow/.local/lib/python3.12/site-packages/airflow/example_dags/example_sla_dag.py
[2025-08-17T14:51:59.735+0000] {processor.py:925} INFO - DAG(s) 'example_sla_dag' retrieved from /home/airflow/.local/lib/python3.12/site-packages/airflow/example_dags/example_sla_dag.py
[2025-08-17T14:51:59.751+0000] {logging_mixin.py:190} INFO - [2025-08-17T14:51:59.751+0000] {dag.py:3211} INFO - Sync 1 DAGs
[2025-08-17T14:51:59.768+0000] {logging_mixin.py:190} INFO - [2025-08-17T14:51:59.768+0000] {dag.py:4138} INFO - Setting next_dagrun for example_sla_dag to 2025-08-17 14:48:00+00:00, run_after=2025-08-17 14:50:00+00:00
[2025-08-17T14:51:59.783+0000] {processor.py:208} INFO - Processing /home/airflow/.local/lib/python3.12/site-packages/airflow/example_dags/example_sla_dag.py took 0.066 seconds
[2025-08-17T14:52:29.835+0000] {processor.py:186} INFO - Started process (PID=475) to work on /home/airflow/.local/lib/python3.12/site-packages/airflow/example_dags/example_sla_dag.py
[2025-08-17T14:52:29.837+0000] {processor.py:914} INFO - Processing file /home/airflow/.local/lib/python3.12/site-packages/airflow/example_dags/example_sla_dag.py for tasks to queue
[2025-08-17T14:52:29.839+0000] {logging_mixin.py:190} INFO - [2025-08-17T14:52:29.839+0000] {dagbag.py:587} INFO - Filling up the DagBag from /home/airflow/.local/lib/python3.12/site-packages/airflow/example_dags/example_sla_dag.py
[2025-08-17T14:52:29.851+0000] {processor.py:925} INFO - DAG(s) 'example_sla_dag' retrieved from /home/airflow/.local/lib/python3.12/site-packages/airflow/example_dags/example_sla_dag.py
[2025-08-17T14:52:29.873+0000] {logging_mixin.py:190} INFO - [2025-08-17T14:52:29.873+0000] {dag.py:3211} INFO - Sync 1 DAGs
[2025-08-17T14:52:29.895+0000] {logging_mixin.py:190} INFO - [2025-08-17T14:52:29.895+0000] {dag.py:4138} INFO - Setting next_dagrun for example_sla_dag to 2025-08-17 14:50:00+00:00, run_after=2025-08-17 14:52:00+00:00
[2025-08-17T14:52:29.910+0000] {processor.py:208} INFO - Processing /home/airflow/.local/lib/python3.12/site-packages/airflow/example_dags/example_sla_dag.py took 0.080 seconds
[2025-08-17T14:53:00.074+0000] {processor.py:186} INFO - Started process (PID=537) to work on /home/airflow/.local/lib/python3.12/site-packages/airflow/example_dags/example_sla_dag.py
[2025-08-17T14:53:00.076+0000] {processor.py:914} INFO - Processing file /home/airflow/.local/lib/python3.12/site-packages/airflow/example_dags/example_sla_dag.py for tasks to queue
[2025-08-17T14:53:00.078+0000] {logging_mixin.py:190} INFO - [2025-08-17T14:53:00.078+0000] {dagbag.py:587} INFO - Filling up the DagBag from /home/airflow/.local/lib/python3.12/site-packages/airflow/example_dags/example_sla_dag.py
[2025-08-17T14:53:00.087+0000] {processor.py:925} INFO - DAG(s) 'example_sla_dag' retrieved from /home/airflow/.local/lib/python3.12/site-packages/airflow/example_dags/example_sla_dag.py
[2025-08-17T14:53:00.104+0000] {logging_mixin.py:190} INFO - [2025-08-17T14:53:00.104+0000] {dag.py:3211} INFO - Sync 1 DAGs
[2025-08-17T14:53:00.125+0000] {logging_mixin.py:190} INFO - [2025-08-17T14:53:00.125+0000] {dag.py:4138} INFO - Setting next_dagrun for example_sla_dag to 2025-08-17 14:50:00+00:00, run_after=2025-08-17 14:52:00+00:00
[2025-08-17T14:53:00.140+0000] {processor.py:208} INFO - Processing /home/airflow/.local/lib/python3.12/site-packages/airflow/example_dags/example_sla_dag.py took 0.071 seconds
[2025-08-17T14:53:31.078+0000] {processor.py:186} INFO - Started process (PID=599) to work on /home/airflow/.local/lib/python3.12/site-packages/airflow/example_dags/example_sla_dag.py
[2025-08-17T14:53:31.080+0000] {processor.py:914} INFO - Processing file /home/airflow/.local/lib/python3.12/site-packages/airflow/example_dags/example_sla_dag.py for tasks to queue
[2025-08-17T14:53:31.084+0000] {logging_mixin.py:190} INFO - [2025-08-17T14:53:31.084+0000] {dagbag.py:587} INFO - Filling up the DagBag from /home/airflow/.local/lib/python3.12/site-packages/airflow/example_dags/example_sla_dag.py
[2025-08-17T14:53:31.096+0000] {processor.py:925} INFO - DAG(s) 'example_sla_dag' retrieved from /home/airflow/.local/lib/python3.12/site-packages/airflow/example_dags/example_sla_dag.py
[2025-08-17T14:53:31.116+0000] {logging_mixin.py:190} INFO - [2025-08-17T14:53:31.116+0000] {dag.py:3211} INFO - Sync 1 DAGs
[2025-08-17T14:53:31.144+0000] {logging_mixin.py:190} INFO - [2025-08-17T14:53:31.144+0000] {dag.py:4138} INFO - Setting next_dagrun for example_sla_dag to 2025-08-17 14:50:00+00:00, run_after=2025-08-17 14:52:00+00:00
[2025-08-17T14:53:31.163+0000] {processor.py:208} INFO - Processing /home/airflow/.local/lib/python3.12/site-packages/airflow/example_dags/example_sla_dag.py took 0.092 seconds
[2025-08-17T14:54:01.601+0000] {processor.py:186} INFO - Started process (PID=661) to work on /home/airflow/.local/lib/python3.12/site-packages/airflow/example_dags/example_sla_dag.py
[2025-08-17T14:54:01.603+0000] {processor.py:914} INFO - Processing file /home/airflow/.local/lib/python3.12/site-packages/airflow/example_dags/example_sla_dag.py for tasks to queue
[2025-08-17T14:54:01.608+0000] {logging_mixin.py:190} INFO - [2025-08-17T14:54:01.608+0000] {dagbag.py:587} INFO - Filling up the DagBag from /home/airflow/.local/lib/python3.12/site-packages/airflow/example_dags/example_sla_dag.py
[2025-08-17T14:54:01.620+0000] {processor.py:925} INFO - DAG(s) 'example_sla_dag' retrieved from /home/airflow/.local/lib/python3.12/site-packages/airflow/example_dags/example_sla_dag.py
[2025-08-17T14:54:01.642+0000] {logging_mixin.py:190} INFO - [2025-08-17T14:54:01.641+0000] {dag.py:3211} INFO - Sync 1 DAGs
[2025-08-17T14:54:01.670+0000] {logging_mixin.py:190} INFO - [2025-08-17T14:54:01.669+0000] {dag.py:4138} INFO - Setting next_dagrun for example_sla_dag to 2025-08-17 14:52:00+00:00, run_after=2025-08-17 14:54:00+00:00
[2025-08-17T14:54:01.689+0000] {processor.py:208} INFO - Processing /home/airflow/.local/lib/python3.12/site-packages/airflow/example_dags/example_sla_dag.py took 0.094 seconds
[2025-08-17T14:54:31.924+0000] {processor.py:186} INFO - Started process (PID=723) to work on /home/airflow/.local/lib/python3.12/site-packages/airflow/example_dags/example_sla_dag.py
[2025-08-17T14:54:31.926+0000] {processor.py:914} INFO - Processing file /home/airflow/.local/lib/python3.12/site-packages/airflow/example_dags/example_sla_dag.py for tasks to queue
[2025-08-17T14:54:31.929+0000] {logging_mixin.py:190} INFO - [2025-08-17T14:54:31.928+0000] {dagbag.py:587} INFO - Filling up the DagBag from /home/airflow/.local/lib/python3.12/site-packages/airflow/example_dags/example_sla_dag.py
[2025-08-17T14:54:31.938+0000] {processor.py:925} INFO - DAG(s) 'example_sla_dag' retrieved from /home/airflow/.local/lib/python3.12/site-packages/airflow/example_dags/example_sla_dag.py
[2025-08-17T14:54:31.959+0000] {logging_mixin.py:190} INFO - [2025-08-17T14:54:31.959+0000] {dag.py:3211} INFO - Sync 1 DAGs
[2025-08-17T14:54:31.979+0000] {logging_mixin.py:190} INFO - [2025-08-17T14:54:31.978+0000] {dag.py:4138} INFO - Setting next_dagrun for example_sla_dag to 2025-08-17 14:52:00+00:00, run_after=2025-08-17 14:54:00+00:00
[2025-08-17T14:54:31.993+0000] {processor.py:208} INFO - Processing /home/airflow/.local/lib/python3.12/site-packages/airflow/example_dags/example_sla_dag.py took 0.074 seconds
