[2025-08-17T14:49:22.298+0000] {processor.py:186} INFO - Started process (PID=69) to work on /home/airflow/.local/lib/python3.12/site-packages/airflow/example_dags/example_branch_operator.py
[2025-08-17T14:49:22.299+0000] {processor.py:914} INFO - Processing file /home/airflow/.local/lib/python3.12/site-packages/airflow/example_dags/example_branch_operator.py for tasks to queue
[2025-08-17T14:49:22.302+0000] {logging_mixin.py:190} INFO - [2025-08-17T14:49:22.302+0000] {dagbag.py:587} INFO - Filling up the DagBag from /home/airflow/.local/lib/python3.12/site-packages/airflow/example_dags/example_branch_operator.py
[2025-08-17T14:49:22.327+0000] {processor.py:925} INFO - DAG(s) 'example_branch_operator' retrieved from /home/airflow/.local/lib/python3.12/site-packages/airflow/example_dags/example_branch_operator.py
[2025-08-17T14:49:22.474+0000] {logging_mixin.py:190} INFO - [2025-08-17T14:49:22.473+0000] {override.py:1858} INFO - Created Permission View: can read on DAG:example_branch_operator
[2025-08-17T14:49:22.488+0000] {logging_mixin.py:190} INFO - [2025-08-17T14:49:22.487+0000] {override.py:1858} INFO - Created Permission View: can delete on DAG:example_branch_operator
[2025-08-17T14:49:22.502+0000] {logging_mixin.py:190} INFO - [2025-08-17T14:49:22.502+0000] {override.py:1858} INFO - Created Permission View: can edit on DAG:example_branch_operator
[2025-08-17T14:49:22.503+0000] {logging_mixin.py:190} INFO - [2025-08-17T14:49:22.503+0000] {dag.py:3211} INFO - Sync 1 DAGs
[2025-08-17T14:49:22.519+0000] {logging_mixin.py:190} INFO - [2025-08-17T14:49:22.519+0000] {dag.py:3234} INFO - Creating ORM DAG for example_branch_operator
[2025-08-17T14:49:22.532+0000] {logging_mixin.py:190} INFO - [2025-08-17T14:49:22.532+0000] {dag.py:4138} INFO - Setting next_dagrun for example_branch_operator to 2025-08-16 00:00:00+00:00, run_after=2025-08-17 00:00:00+00:00
[2025-08-17T14:49:22.561+0000] {processor.py:208} INFO - Processing /home/airflow/.local/lib/python3.12/site-packages/airflow/example_dags/example_branch_operator.py took 0.269 seconds
[2025-08-17T14:49:53.097+0000] {processor.py:186} INFO - Started process (PID=137) to work on /home/airflow/.local/lib/python3.12/site-packages/airflow/example_dags/example_branch_operator.py
[2025-08-17T14:49:53.098+0000] {processor.py:914} INFO - Processing file /home/airflow/.local/lib/python3.12/site-packages/airflow/example_dags/example_branch_operator.py for tasks to queue
[2025-08-17T14:49:53.100+0000] {logging_mixin.py:190} INFO - [2025-08-17T14:49:53.100+0000] {dagbag.py:587} INFO - Filling up the DagBag from /home/airflow/.local/lib/python3.12/site-packages/airflow/example_dags/example_branch_operator.py
[2025-08-17T14:49:53.114+0000] {processor.py:925} INFO - DAG(s) 'example_branch_operator' retrieved from /home/airflow/.local/lib/python3.12/site-packages/airflow/example_dags/example_branch_operator.py
[2025-08-17T14:49:53.137+0000] {logging_mixin.py:190} INFO - [2025-08-17T14:49:53.137+0000] {dag.py:3211} INFO - Sync 1 DAGs
[2025-08-17T14:49:53.155+0000] {logging_mixin.py:190} INFO - [2025-08-17T14:49:53.155+0000] {dag.py:4138} INFO - Setting next_dagrun for example_branch_operator to 2025-08-16 00:00:00+00:00, run_after=2025-08-17 00:00:00+00:00
[2025-08-17T14:49:53.169+0000] {processor.py:208} INFO - Processing /home/airflow/.local/lib/python3.12/site-packages/airflow/example_dags/example_branch_operator.py took 0.077 seconds
[2025-08-17T14:50:23.702+0000] {processor.py:186} INFO - Started process (PID=199) to work on /home/airflow/.local/lib/python3.12/site-packages/airflow/example_dags/example_branch_operator.py
[2025-08-17T14:50:23.703+0000] {processor.py:914} INFO - Processing file /home/airflow/.local/lib/python3.12/site-packages/airflow/example_dags/example_branch_operator.py for tasks to queue
[2025-08-17T14:50:23.705+0000] {logging_mixin.py:190} INFO - [2025-08-17T14:50:23.705+0000] {dagbag.py:587} INFO - Filling up the DagBag from /home/airflow/.local/lib/python3.12/site-packages/airflow/example_dags/example_branch_operator.py
[2025-08-17T14:50:23.719+0000] {processor.py:925} INFO - DAG(s) 'example_branch_operator' retrieved from /home/airflow/.local/lib/python3.12/site-packages/airflow/example_dags/example_branch_operator.py
[2025-08-17T14:50:23.744+0000] {logging_mixin.py:190} INFO - [2025-08-17T14:50:23.743+0000] {dag.py:3211} INFO - Sync 1 DAGs
[2025-08-17T14:50:23.762+0000] {logging_mixin.py:190} INFO - [2025-08-17T14:50:23.762+0000] {dag.py:4138} INFO - Setting next_dagrun for example_branch_operator to 2025-08-16 00:00:00+00:00, run_after=2025-08-17 00:00:00+00:00
[2025-08-17T14:50:23.775+0000] {processor.py:208} INFO - Processing /home/airflow/.local/lib/python3.12/site-packages/airflow/example_dags/example_branch_operator.py took 0.078 seconds
[2025-08-17T14:50:54.309+0000] {processor.py:186} INFO - Started process (PID=261) to work on /home/airflow/.local/lib/python3.12/site-packages/airflow/example_dags/example_branch_operator.py
[2025-08-17T14:50:54.310+0000] {processor.py:914} INFO - Processing file /home/airflow/.local/lib/python3.12/site-packages/airflow/example_dags/example_branch_operator.py for tasks to queue
[2025-08-17T14:50:54.314+0000] {logging_mixin.py:190} INFO - [2025-08-17T14:50:54.313+0000] {dagbag.py:587} INFO - Filling up the DagBag from /home/airflow/.local/lib/python3.12/site-packages/airflow/example_dags/example_branch_operator.py
[2025-08-17T14:50:54.330+0000] {processor.py:925} INFO - DAG(s) 'example_branch_operator' retrieved from /home/airflow/.local/lib/python3.12/site-packages/airflow/example_dags/example_branch_operator.py
[2025-08-17T14:50:54.350+0000] {logging_mixin.py:190} INFO - [2025-08-17T14:50:54.350+0000] {dag.py:3211} INFO - Sync 1 DAGs
[2025-08-17T14:50:54.369+0000] {logging_mixin.py:190} INFO - [2025-08-17T14:50:54.368+0000] {dag.py:4138} INFO - Setting next_dagrun for example_branch_operator to 2025-08-16 00:00:00+00:00, run_after=2025-08-17 00:00:00+00:00
[2025-08-17T14:50:54.383+0000] {processor.py:208} INFO - Processing /home/airflow/.local/lib/python3.12/site-packages/airflow/example_dags/example_branch_operator.py took 0.080 seconds
[2025-08-17T14:51:24.919+0000] {processor.py:186} INFO - Started process (PID=323) to work on /home/airflow/.local/lib/python3.12/site-packages/airflow/example_dags/example_branch_operator.py
[2025-08-17T14:51:24.920+0000] {processor.py:914} INFO - Processing file /home/airflow/.local/lib/python3.12/site-packages/airflow/example_dags/example_branch_operator.py for tasks to queue
[2025-08-17T14:51:24.922+0000] {logging_mixin.py:190} INFO - [2025-08-17T14:51:24.921+0000] {dagbag.py:587} INFO - Filling up the DagBag from /home/airflow/.local/lib/python3.12/site-packages/airflow/example_dags/example_branch_operator.py
[2025-08-17T14:51:24.935+0000] {processor.py:925} INFO - DAG(s) 'example_branch_operator' retrieved from /home/airflow/.local/lib/python3.12/site-packages/airflow/example_dags/example_branch_operator.py
[2025-08-17T14:51:24.959+0000] {logging_mixin.py:190} INFO - [2025-08-17T14:51:24.959+0000] {dag.py:3211} INFO - Sync 1 DAGs
[2025-08-17T14:51:24.981+0000] {logging_mixin.py:190} INFO - [2025-08-17T14:51:24.981+0000] {dag.py:4138} INFO - Setting next_dagrun for example_branch_operator to 2025-08-16 00:00:00+00:00, run_after=2025-08-17 00:00:00+00:00
[2025-08-17T14:51:24.998+0000] {processor.py:208} INFO - Processing /home/airflow/.local/lib/python3.12/site-packages/airflow/example_dags/example_branch_operator.py took 0.084 seconds
[2025-08-17T14:51:55.876+0000] {processor.py:186} INFO - Started process (PID=385) to work on /home/airflow/.local/lib/python3.12/site-packages/airflow/example_dags/example_branch_operator.py
[2025-08-17T14:51:55.878+0000] {processor.py:914} INFO - Processing file /home/airflow/.local/lib/python3.12/site-packages/airflow/example_dags/example_branch_operator.py for tasks to queue
[2025-08-17T14:51:55.881+0000] {logging_mixin.py:190} INFO - [2025-08-17T14:51:55.881+0000] {dagbag.py:587} INFO - Filling up the DagBag from /home/airflow/.local/lib/python3.12/site-packages/airflow/example_dags/example_branch_operator.py
[2025-08-17T14:51:55.896+0000] {processor.py:925} INFO - DAG(s) 'example_branch_operator' retrieved from /home/airflow/.local/lib/python3.12/site-packages/airflow/example_dags/example_branch_operator.py
[2025-08-17T14:51:55.919+0000] {logging_mixin.py:190} INFO - [2025-08-17T14:51:55.919+0000] {dag.py:3211} INFO - Sync 1 DAGs
[2025-08-17T14:51:55.938+0000] {logging_mixin.py:190} INFO - [2025-08-17T14:51:55.938+0000] {dag.py:4138} INFO - Setting next_dagrun for example_branch_operator to 2025-08-16 00:00:00+00:00, run_after=2025-08-17 00:00:00+00:00
[2025-08-17T14:51:55.954+0000] {processor.py:208} INFO - Processing /home/airflow/.local/lib/python3.12/site-packages/airflow/example_dags/example_branch_operator.py took 0.083 seconds
[2025-08-17T14:52:26.642+0000] {processor.py:186} INFO - Started process (PID=447) to work on /home/airflow/.local/lib/python3.12/site-packages/airflow/example_dags/example_branch_operator.py
[2025-08-17T14:52:26.643+0000] {processor.py:914} INFO - Processing file /home/airflow/.local/lib/python3.12/site-packages/airflow/example_dags/example_branch_operator.py for tasks to queue
[2025-08-17T14:52:26.645+0000] {logging_mixin.py:190} INFO - [2025-08-17T14:52:26.645+0000] {dagbag.py:587} INFO - Filling up the DagBag from /home/airflow/.local/lib/python3.12/site-packages/airflow/example_dags/example_branch_operator.py
[2025-08-17T14:52:26.658+0000] {processor.py:925} INFO - DAG(s) 'example_branch_operator' retrieved from /home/airflow/.local/lib/python3.12/site-packages/airflow/example_dags/example_branch_operator.py
[2025-08-17T14:52:26.678+0000] {logging_mixin.py:190} INFO - [2025-08-17T14:52:26.678+0000] {dag.py:3211} INFO - Sync 1 DAGs
[2025-08-17T14:52:26.694+0000] {logging_mixin.py:190} INFO - [2025-08-17T14:52:26.694+0000] {dag.py:4138} INFO - Setting next_dagrun for example_branch_operator to 2025-08-16 00:00:00+00:00, run_after=2025-08-17 00:00:00+00:00
[2025-08-17T14:52:26.708+0000] {processor.py:208} INFO - Processing /home/airflow/.local/lib/python3.12/site-packages/airflow/example_dags/example_branch_operator.py took 0.071 seconds
[2025-08-17T14:52:57.011+0000] {processor.py:186} INFO - Started process (PID=509) to work on /home/airflow/.local/lib/python3.12/site-packages/airflow/example_dags/example_branch_operator.py
[2025-08-17T14:52:57.013+0000] {processor.py:914} INFO - Processing file /home/airflow/.local/lib/python3.12/site-packages/airflow/example_dags/example_branch_operator.py for tasks to queue
[2025-08-17T14:52:57.016+0000] {logging_mixin.py:190} INFO - [2025-08-17T14:52:57.016+0000] {dagbag.py:587} INFO - Filling up the DagBag from /home/airflow/.local/lib/python3.12/site-packages/airflow/example_dags/example_branch_operator.py
[2025-08-17T14:52:57.030+0000] {processor.py:925} INFO - DAG(s) 'example_branch_operator' retrieved from /home/airflow/.local/lib/python3.12/site-packages/airflow/example_dags/example_branch_operator.py
[2025-08-17T14:52:57.052+0000] {logging_mixin.py:190} INFO - [2025-08-17T14:52:57.052+0000] {dag.py:3211} INFO - Sync 1 DAGs
[2025-08-17T14:52:57.068+0000] {logging_mixin.py:190} INFO - [2025-08-17T14:52:57.068+0000] {dag.py:4138} INFO - Setting next_dagrun for example_branch_operator to 2025-08-16 00:00:00+00:00, run_after=2025-08-17 00:00:00+00:00
[2025-08-17T14:52:57.084+0000] {processor.py:208} INFO - Processing /home/airflow/.local/lib/python3.12/site-packages/airflow/example_dags/example_branch_operator.py took 0.079 seconds
[2025-08-17T14:53:27.512+0000] {processor.py:186} INFO - Started process (PID=571) to work on /home/airflow/.local/lib/python3.12/site-packages/airflow/example_dags/example_branch_operator.py
[2025-08-17T14:53:27.514+0000] {processor.py:914} INFO - Processing file /home/airflow/.local/lib/python3.12/site-packages/airflow/example_dags/example_branch_operator.py for tasks to queue
[2025-08-17T14:53:27.516+0000] {logging_mixin.py:190} INFO - [2025-08-17T14:53:27.516+0000] {dagbag.py:587} INFO - Filling up the DagBag from /home/airflow/.local/lib/python3.12/site-packages/airflow/example_dags/example_branch_operator.py
[2025-08-17T14:53:27.533+0000] {processor.py:925} INFO - DAG(s) 'example_branch_operator' retrieved from /home/airflow/.local/lib/python3.12/site-packages/airflow/example_dags/example_branch_operator.py
[2025-08-17T14:53:27.563+0000] {logging_mixin.py:190} INFO - [2025-08-17T14:53:27.562+0000] {dag.py:3211} INFO - Sync 1 DAGs
[2025-08-17T14:53:27.589+0000] {logging_mixin.py:190} INFO - [2025-08-17T14:53:27.589+0000] {dag.py:4138} INFO - Setting next_dagrun for example_branch_operator to 2025-08-16 00:00:00+00:00, run_after=2025-08-17 00:00:00+00:00
[2025-08-17T14:53:27.613+0000] {processor.py:208} INFO - Processing /home/airflow/.local/lib/python3.12/site-packages/airflow/example_dags/example_branch_operator.py took 0.107 seconds
[2025-08-17T14:53:57.975+0000] {processor.py:186} INFO - Started process (PID=633) to work on /home/airflow/.local/lib/python3.12/site-packages/airflow/example_dags/example_branch_operator.py
[2025-08-17T14:53:57.976+0000] {processor.py:914} INFO - Processing file /home/airflow/.local/lib/python3.12/site-packages/airflow/example_dags/example_branch_operator.py for tasks to queue
[2025-08-17T14:53:57.979+0000] {logging_mixin.py:190} INFO - [2025-08-17T14:53:57.979+0000] {dagbag.py:587} INFO - Filling up the DagBag from /home/airflow/.local/lib/python3.12/site-packages/airflow/example_dags/example_branch_operator.py
[2025-08-17T14:53:57.997+0000] {processor.py:925} INFO - DAG(s) 'example_branch_operator' retrieved from /home/airflow/.local/lib/python3.12/site-packages/airflow/example_dags/example_branch_operator.py
[2025-08-17T14:53:58.027+0000] {logging_mixin.py:190} INFO - [2025-08-17T14:53:58.027+0000] {dag.py:3211} INFO - Sync 1 DAGs
[2025-08-17T14:53:58.050+0000] {logging_mixin.py:190} INFO - [2025-08-17T14:53:58.050+0000] {dag.py:4138} INFO - Setting next_dagrun for example_branch_operator to 2025-08-16 00:00:00+00:00, run_after=2025-08-17 00:00:00+00:00
[2025-08-17T14:53:58.072+0000] {processor.py:208} INFO - Processing /home/airflow/.local/lib/python3.12/site-packages/airflow/example_dags/example_branch_operator.py took 0.102 seconds
[2025-08-17T14:54:28.347+0000] {processor.py:186} INFO - Started process (PID=695) to work on /home/airflow/.local/lib/python3.12/site-packages/airflow/example_dags/example_branch_operator.py
[2025-08-17T14:54:28.348+0000] {processor.py:914} INFO - Processing file /home/airflow/.local/lib/python3.12/site-packages/airflow/example_dags/example_branch_operator.py for tasks to queue
[2025-08-17T14:54:28.350+0000] {logging_mixin.py:190} INFO - [2025-08-17T14:54:28.350+0000] {dagbag.py:587} INFO - Filling up the DagBag from /home/airflow/.local/lib/python3.12/site-packages/airflow/example_dags/example_branch_operator.py
[2025-08-17T14:54:28.363+0000] {processor.py:925} INFO - DAG(s) 'example_branch_operator' retrieved from /home/airflow/.local/lib/python3.12/site-packages/airflow/example_dags/example_branch_operator.py
[2025-08-17T14:54:28.385+0000] {logging_mixin.py:190} INFO - [2025-08-17T14:54:28.385+0000] {dag.py:3211} INFO - Sync 1 DAGs
[2025-08-17T14:54:28.402+0000] {logging_mixin.py:190} INFO - [2025-08-17T14:54:28.402+0000] {dag.py:4138} INFO - Setting next_dagrun for example_branch_operator to 2025-08-16 00:00:00+00:00, run_after=2025-08-17 00:00:00+00:00
[2025-08-17T14:54:28.419+0000] {processor.py:208} INFO - Processing /home/airflow/.local/lib/python3.12/site-packages/airflow/example_dags/example_branch_operator.py took 0.077 seconds
