[2025-08-17T14:49:25.945+0000] {processor.py:186} INFO - Started process (PID=100) to work on /home/airflow/.local/lib/python3.12/site-packages/airflow/example_dags/example_time_delta_sensor_async.py
[2025-08-17T14:49:25.947+0000] {processor.py:914} INFO - Processing file /home/airflow/.local/lib/python3.12/site-packages/airflow/example_dags/example_time_delta_sensor_async.py for tasks to queue
[2025-08-17T14:49:25.950+0000] {logging_mixin.py:190} INFO - [2025-08-17T14:49:25.949+0000] {dagbag.py:587} INFO - Filling up the DagBag from /home/airflow/.local/lib/python3.12/site-packages/airflow/example_dags/example_time_delta_sensor_async.py
[2025-08-17T14:49:25.958+0000] {processor.py:925} INFO - DAG(s) 'example_time_delta_sensor_async' retrieved from /home/airflow/.local/lib/python3.12/site-packages/airflow/example_dags/example_time_delta_sensor_async.py
[2025-08-17T14:49:26.046+0000] {logging_mixin.py:190} INFO - [2025-08-17T14:49:26.045+0000] {override.py:1858} INFO - Created Permission View: can read on DAG:example_time_delta_sensor_async
[2025-08-17T14:49:26.054+0000] {logging_mixin.py:190} INFO - [2025-08-17T14:49:26.054+0000] {override.py:1858} INFO - Created Permission View: can delete on DAG:example_time_delta_sensor_async
[2025-08-17T14:49:26.059+0000] {logging_mixin.py:190} INFO - [2025-08-17T14:49:26.059+0000] {override.py:1858} INFO - Created Permission View: can edit on DAG:example_time_delta_sensor_async
[2025-08-17T14:49:26.060+0000] {logging_mixin.py:190} INFO - [2025-08-17T14:49:26.060+0000] {dag.py:3211} INFO - Sync 1 DAGs
[2025-08-17T14:49:26.071+0000] {logging_mixin.py:190} INFO - [2025-08-17T14:49:26.070+0000] {dag.py:3234} INFO - Creating ORM DAG for example_time_delta_sensor_async
[2025-08-17T14:49:26.072+0000] {logging_mixin.py:190} INFO - [2025-08-17T14:49:26.071+0000] {dag.py:4138} INFO - Setting next_dagrun for example_time_delta_sensor_async to None, run_after=None
[2025-08-17T14:49:26.085+0000] {processor.py:208} INFO - Processing /home/airflow/.local/lib/python3.12/site-packages/airflow/example_dags/example_time_delta_sensor_async.py took 0.145 seconds
[2025-08-17T14:49:56.158+0000] {processor.py:186} INFO - Started process (PID=161) to work on /home/airflow/.local/lib/python3.12/site-packages/airflow/example_dags/example_time_delta_sensor_async.py
[2025-08-17T14:49:56.160+0000] {processor.py:914} INFO - Processing file /home/airflow/.local/lib/python3.12/site-packages/airflow/example_dags/example_time_delta_sensor_async.py for tasks to queue
[2025-08-17T14:49:56.162+0000] {logging_mixin.py:190} INFO - [2025-08-17T14:49:56.162+0000] {dagbag.py:587} INFO - Filling up the DagBag from /home/airflow/.local/lib/python3.12/site-packages/airflow/example_dags/example_time_delta_sensor_async.py
[2025-08-17T14:49:56.170+0000] {processor.py:925} INFO - DAG(s) 'example_time_delta_sensor_async' retrieved from /home/airflow/.local/lib/python3.12/site-packages/airflow/example_dags/example_time_delta_sensor_async.py
[2025-08-17T14:49:56.188+0000] {logging_mixin.py:190} INFO - [2025-08-17T14:49:56.188+0000] {dag.py:3211} INFO - Sync 1 DAGs
[2025-08-17T14:49:56.199+0000] {logging_mixin.py:190} INFO - [2025-08-17T14:49:56.199+0000] {dag.py:4138} INFO - Setting next_dagrun for example_time_delta_sensor_async to None, run_after=None
[2025-08-17T14:49:56.216+0000] {processor.py:208} INFO - Processing /home/airflow/.local/lib/python3.12/site-packages/airflow/example_dags/example_time_delta_sensor_async.py took 0.066 seconds
[2025-08-17T14:50:26.318+0000] {processor.py:186} INFO - Started process (PID=223) to work on /home/airflow/.local/lib/python3.12/site-packages/airflow/example_dags/example_time_delta_sensor_async.py
[2025-08-17T14:50:26.319+0000] {processor.py:914} INFO - Processing file /home/airflow/.local/lib/python3.12/site-packages/airflow/example_dags/example_time_delta_sensor_async.py for tasks to queue
[2025-08-17T14:50:26.322+0000] {logging_mixin.py:190} INFO - [2025-08-17T14:50:26.322+0000] {dagbag.py:587} INFO - Filling up the DagBag from /home/airflow/.local/lib/python3.12/site-packages/airflow/example_dags/example_time_delta_sensor_async.py
[2025-08-17T14:50:26.328+0000] {processor.py:925} INFO - DAG(s) 'example_time_delta_sensor_async' retrieved from /home/airflow/.local/lib/python3.12/site-packages/airflow/example_dags/example_time_delta_sensor_async.py
[2025-08-17T14:50:26.345+0000] {logging_mixin.py:190} INFO - [2025-08-17T14:50:26.344+0000] {dag.py:3211} INFO - Sync 1 DAGs
[2025-08-17T14:50:26.356+0000] {logging_mixin.py:190} INFO - [2025-08-17T14:50:26.356+0000] {dag.py:4138} INFO - Setting next_dagrun for example_time_delta_sensor_async to None, run_after=None
[2025-08-17T14:50:26.372+0000] {processor.py:208} INFO - Processing /home/airflow/.local/lib/python3.12/site-packages/airflow/example_dags/example_time_delta_sensor_async.py took 0.058 seconds
[2025-08-17T14:50:56.797+0000] {processor.py:186} INFO - Started process (PID=285) to work on /home/airflow/.local/lib/python3.12/site-packages/airflow/example_dags/example_time_delta_sensor_async.py
[2025-08-17T14:50:56.802+0000] {processor.py:914} INFO - Processing file /home/airflow/.local/lib/python3.12/site-packages/airflow/example_dags/example_time_delta_sensor_async.py for tasks to queue
[2025-08-17T14:50:56.804+0000] {logging_mixin.py:190} INFO - [2025-08-17T14:50:56.804+0000] {dagbag.py:587} INFO - Filling up the DagBag from /home/airflow/.local/lib/python3.12/site-packages/airflow/example_dags/example_time_delta_sensor_async.py
[2025-08-17T14:50:56.810+0000] {processor.py:925} INFO - DAG(s) 'example_time_delta_sensor_async' retrieved from /home/airflow/.local/lib/python3.12/site-packages/airflow/example_dags/example_time_delta_sensor_async.py
[2025-08-17T14:50:56.828+0000] {logging_mixin.py:190} INFO - [2025-08-17T14:50:56.828+0000] {dag.py:3211} INFO - Sync 1 DAGs
[2025-08-17T14:50:56.839+0000] {logging_mixin.py:190} INFO - [2025-08-17T14:50:56.839+0000] {dag.py:4138} INFO - Setting next_dagrun for example_time_delta_sensor_async to None, run_after=None
[2025-08-17T14:50:56.855+0000] {processor.py:208} INFO - Processing /home/airflow/.local/lib/python3.12/site-packages/airflow/example_dags/example_time_delta_sensor_async.py took 0.062 seconds
[2025-08-17T14:51:27.598+0000] {processor.py:186} INFO - Started process (PID=347) to work on /home/airflow/.local/lib/python3.12/site-packages/airflow/example_dags/example_time_delta_sensor_async.py
[2025-08-17T14:51:27.600+0000] {processor.py:914} INFO - Processing file /home/airflow/.local/lib/python3.12/site-packages/airflow/example_dags/example_time_delta_sensor_async.py for tasks to queue
[2025-08-17T14:51:27.602+0000] {logging_mixin.py:190} INFO - [2025-08-17T14:51:27.601+0000] {dagbag.py:587} INFO - Filling up the DagBag from /home/airflow/.local/lib/python3.12/site-packages/airflow/example_dags/example_time_delta_sensor_async.py
[2025-08-17T14:51:27.608+0000] {processor.py:925} INFO - DAG(s) 'example_time_delta_sensor_async' retrieved from /home/airflow/.local/lib/python3.12/site-packages/airflow/example_dags/example_time_delta_sensor_async.py
[2025-08-17T14:51:27.626+0000] {logging_mixin.py:190} INFO - [2025-08-17T14:51:27.626+0000] {dag.py:3211} INFO - Sync 1 DAGs
[2025-08-17T14:51:27.638+0000] {logging_mixin.py:190} INFO - [2025-08-17T14:51:27.638+0000] {dag.py:4138} INFO - Setting next_dagrun for example_time_delta_sensor_async to None, run_after=None
[2025-08-17T14:51:27.654+0000] {processor.py:208} INFO - Processing /home/airflow/.local/lib/python3.12/site-packages/airflow/example_dags/example_time_delta_sensor_async.py took 0.061 seconds
[2025-08-17T14:51:58.443+0000] {processor.py:186} INFO - Started process (PID=409) to work on /home/airflow/.local/lib/python3.12/site-packages/airflow/example_dags/example_time_delta_sensor_async.py
[2025-08-17T14:51:58.445+0000] {processor.py:914} INFO - Processing file /home/airflow/.local/lib/python3.12/site-packages/airflow/example_dags/example_time_delta_sensor_async.py for tasks to queue
[2025-08-17T14:51:58.448+0000] {logging_mixin.py:190} INFO - [2025-08-17T14:51:58.447+0000] {dagbag.py:587} INFO - Filling up the DagBag from /home/airflow/.local/lib/python3.12/site-packages/airflow/example_dags/example_time_delta_sensor_async.py
[2025-08-17T14:51:58.454+0000] {processor.py:925} INFO - DAG(s) 'example_time_delta_sensor_async' retrieved from /home/airflow/.local/lib/python3.12/site-packages/airflow/example_dags/example_time_delta_sensor_async.py
[2025-08-17T14:51:58.471+0000] {logging_mixin.py:190} INFO - [2025-08-17T14:51:58.471+0000] {dag.py:3211} INFO - Sync 1 DAGs
[2025-08-17T14:51:58.482+0000] {logging_mixin.py:190} INFO - [2025-08-17T14:51:58.482+0000] {dag.py:4138} INFO - Setting next_dagrun for example_time_delta_sensor_async to None, run_after=None
[2025-08-17T14:51:58.498+0000] {processor.py:208} INFO - Processing /home/airflow/.local/lib/python3.12/site-packages/airflow/example_dags/example_time_delta_sensor_async.py took 0.060 seconds
[2025-08-17T14:52:29.504+0000] {processor.py:186} INFO - Started process (PID=471) to work on /home/airflow/.local/lib/python3.12/site-packages/airflow/example_dags/example_time_delta_sensor_async.py
[2025-08-17T14:52:29.505+0000] {processor.py:914} INFO - Processing file /home/airflow/.local/lib/python3.12/site-packages/airflow/example_dags/example_time_delta_sensor_async.py for tasks to queue
[2025-08-17T14:52:29.507+0000] {logging_mixin.py:190} INFO - [2025-08-17T14:52:29.507+0000] {dagbag.py:587} INFO - Filling up the DagBag from /home/airflow/.local/lib/python3.12/site-packages/airflow/example_dags/example_time_delta_sensor_async.py
[2025-08-17T14:52:29.513+0000] {processor.py:925} INFO - DAG(s) 'example_time_delta_sensor_async' retrieved from /home/airflow/.local/lib/python3.12/site-packages/airflow/example_dags/example_time_delta_sensor_async.py
[2025-08-17T14:52:29.530+0000] {logging_mixin.py:190} INFO - [2025-08-17T14:52:29.529+0000] {dag.py:3211} INFO - Sync 1 DAGs
[2025-08-17T14:52:29.542+0000] {logging_mixin.py:190} INFO - [2025-08-17T14:52:29.542+0000] {dag.py:4138} INFO - Setting next_dagrun for example_time_delta_sensor_async to None, run_after=None
[2025-08-17T14:52:29.558+0000] {processor.py:208} INFO - Processing /home/airflow/.local/lib/python3.12/site-packages/airflow/example_dags/example_time_delta_sensor_async.py took 0.059 seconds
[2025-08-17T14:52:59.828+0000] {processor.py:186} INFO - Started process (PID=533) to work on /home/airflow/.local/lib/python3.12/site-packages/airflow/example_dags/example_time_delta_sensor_async.py
[2025-08-17T14:52:59.830+0000] {processor.py:914} INFO - Processing file /home/airflow/.local/lib/python3.12/site-packages/airflow/example_dags/example_time_delta_sensor_async.py for tasks to queue
[2025-08-17T14:52:59.834+0000] {logging_mixin.py:190} INFO - [2025-08-17T14:52:59.833+0000] {dagbag.py:587} INFO - Filling up the DagBag from /home/airflow/.local/lib/python3.12/site-packages/airflow/example_dags/example_time_delta_sensor_async.py
[2025-08-17T14:52:59.842+0000] {processor.py:925} INFO - DAG(s) 'example_time_delta_sensor_async' retrieved from /home/airflow/.local/lib/python3.12/site-packages/airflow/example_dags/example_time_delta_sensor_async.py
[2025-08-17T14:52:59.863+0000] {logging_mixin.py:190} INFO - [2025-08-17T14:52:59.863+0000] {dag.py:3211} INFO - Sync 1 DAGs
[2025-08-17T14:52:59.876+0000] {logging_mixin.py:190} INFO - [2025-08-17T14:52:59.876+0000] {dag.py:4138} INFO - Setting next_dagrun for example_time_delta_sensor_async to None, run_after=None
[2025-08-17T14:52:59.894+0000] {processor.py:208} INFO - Processing /home/airflow/.local/lib/python3.12/site-packages/airflow/example_dags/example_time_delta_sensor_async.py took 0.072 seconds
[2025-08-17T14:53:30.811+0000] {processor.py:186} INFO - Started process (PID=596) to work on /home/airflow/.local/lib/python3.12/site-packages/airflow/example_dags/example_time_delta_sensor_async.py
[2025-08-17T14:53:30.812+0000] {processor.py:914} INFO - Processing file /home/airflow/.local/lib/python3.12/site-packages/airflow/example_dags/example_time_delta_sensor_async.py for tasks to queue
[2025-08-17T14:53:30.816+0000] {logging_mixin.py:190} INFO - [2025-08-17T14:53:30.816+0000] {dagbag.py:587} INFO - Filling up the DagBag from /home/airflow/.local/lib/python3.12/site-packages/airflow/example_dags/example_time_delta_sensor_async.py
[2025-08-17T14:53:30.824+0000] {processor.py:925} INFO - DAG(s) 'example_time_delta_sensor_async' retrieved from /home/airflow/.local/lib/python3.12/site-packages/airflow/example_dags/example_time_delta_sensor_async.py
[2025-08-17T14:53:30.845+0000] {logging_mixin.py:190} INFO - [2025-08-17T14:53:30.845+0000] {dag.py:3211} INFO - Sync 1 DAGs
[2025-08-17T14:53:30.859+0000] {logging_mixin.py:190} INFO - [2025-08-17T14:53:30.859+0000] {dag.py:4138} INFO - Setting next_dagrun for example_time_delta_sensor_async to None, run_after=None
[2025-08-17T14:53:30.880+0000] {processor.py:208} INFO - Processing /home/airflow/.local/lib/python3.12/site-packages/airflow/example_dags/example_time_delta_sensor_async.py took 0.074 seconds
[2025-08-17T14:54:01.087+0000] {processor.py:186} INFO - Started process (PID=658) to work on /home/airflow/.local/lib/python3.12/site-packages/airflow/example_dags/example_time_delta_sensor_async.py
[2025-08-17T14:54:01.089+0000] {processor.py:914} INFO - Processing file /home/airflow/.local/lib/python3.12/site-packages/airflow/example_dags/example_time_delta_sensor_async.py for tasks to queue
[2025-08-17T14:54:01.092+0000] {logging_mixin.py:190} INFO - [2025-08-17T14:54:01.092+0000] {dagbag.py:587} INFO - Filling up the DagBag from /home/airflow/.local/lib/python3.12/site-packages/airflow/example_dags/example_time_delta_sensor_async.py
[2025-08-17T14:54:01.099+0000] {processor.py:925} INFO - DAG(s) 'example_time_delta_sensor_async' retrieved from /home/airflow/.local/lib/python3.12/site-packages/airflow/example_dags/example_time_delta_sensor_async.py
[2025-08-17T14:54:01.118+0000] {logging_mixin.py:190} INFO - [2025-08-17T14:54:01.118+0000] {dag.py:3211} INFO - Sync 1 DAGs
[2025-08-17T14:54:01.131+0000] {logging_mixin.py:190} INFO - [2025-08-17T14:54:01.131+0000] {dag.py:4138} INFO - Setting next_dagrun for example_time_delta_sensor_async to None, run_after=None
[2025-08-17T14:54:01.149+0000] {processor.py:208} INFO - Processing /home/airflow/.local/lib/python3.12/site-packages/airflow/example_dags/example_time_delta_sensor_async.py took 0.068 seconds
[2025-08-17T14:54:31.730+0000] {processor.py:186} INFO - Started process (PID=720) to work on /home/airflow/.local/lib/python3.12/site-packages/airflow/example_dags/example_time_delta_sensor_async.py
[2025-08-17T14:54:31.731+0000] {processor.py:914} INFO - Processing file /home/airflow/.local/lib/python3.12/site-packages/airflow/example_dags/example_time_delta_sensor_async.py for tasks to queue
[2025-08-17T14:54:31.734+0000] {logging_mixin.py:190} INFO - [2025-08-17T14:54:31.734+0000] {dagbag.py:587} INFO - Filling up the DagBag from /home/airflow/.local/lib/python3.12/site-packages/airflow/example_dags/example_time_delta_sensor_async.py
[2025-08-17T14:54:31.740+0000] {processor.py:925} INFO - DAG(s) 'example_time_delta_sensor_async' retrieved from /home/airflow/.local/lib/python3.12/site-packages/airflow/example_dags/example_time_delta_sensor_async.py
[2025-08-17T14:54:31.758+0000] {logging_mixin.py:190} INFO - [2025-08-17T14:54:31.758+0000] {dag.py:3211} INFO - Sync 1 DAGs
[2025-08-17T14:54:31.771+0000] {logging_mixin.py:190} INFO - [2025-08-17T14:54:31.771+0000] {dag.py:4138} INFO - Setting next_dagrun for example_time_delta_sensor_async to None, run_after=None
[2025-08-17T14:54:31.787+0000] {processor.py:208} INFO - Processing /home/airflow/.local/lib/python3.12/site-packages/airflow/example_dags/example_time_delta_sensor_async.py took 0.062 seconds
