[2025-08-17T14:49:22.315+0000] {processor.py:186} INFO - Started process (PID=70) to work on /home/airflow/.local/lib/python3.12/site-packages/airflow/example_dags/example_task_group_decorator.py
[2025-08-17T14:49:22.316+0000] {processor.py:914} INFO - Processing file /home/airflow/.local/lib/python3.12/site-packages/airflow/example_dags/example_task_group_decorator.py for tasks to queue
[2025-08-17T14:49:22.320+0000] {logging_mixin.py:190} INFO - [2025-08-17T14:49:22.320+0000] {dagbag.py:587} INFO - Filling up the DagBag from /home/airflow/.local/lib/python3.12/site-packages/airflow/example_dags/example_task_group_decorator.py
[2025-08-17T14:49:22.342+0000] {processor.py:925} INFO - DAG(s) 'example_task_group_decorator' retrieved from /home/airflow/.local/lib/python3.12/site-packages/airflow/example_dags/example_task_group_decorator.py
[2025-08-17T14:49:22.499+0000] {logging_mixin.py:190} INFO - [2025-08-17T14:49:22.497+0000] {override.py:1858} INFO - Created Permission View: can read on DAG:example_task_group_decorator
[2025-08-17T14:49:22.514+0000] {logging_mixin.py:190} INFO - [2025-08-17T14:49:22.513+0000] {override.py:1858} INFO - Created Permission View: can delete on DAG:example_task_group_decorator
[2025-08-17T14:49:22.526+0000] {logging_mixin.py:190} INFO - [2025-08-17T14:49:22.525+0000] {override.py:1858} INFO - Created Permission View: can edit on DAG:example_task_group_decorator
[2025-08-17T14:49:22.527+0000] {logging_mixin.py:190} INFO - [2025-08-17T14:49:22.526+0000] {dag.py:3211} INFO - Sync 1 DAGs
[2025-08-17T14:49:22.540+0000] {logging_mixin.py:190} INFO - [2025-08-17T14:49:22.540+0000] {dag.py:3234} INFO - Creating ORM DAG for example_task_group_decorator
[2025-08-17T14:49:22.553+0000] {logging_mixin.py:190} INFO - [2025-08-17T14:49:22.552+0000] {dag.py:4138} INFO - Setting next_dagrun for example_task_group_decorator to 2025-08-16 00:00:00+00:00, run_after=2025-08-17 00:00:00+00:00
[2025-08-17T14:49:22.578+0000] {processor.py:208} INFO - Processing /home/airflow/.local/lib/python3.12/site-packages/airflow/example_dags/example_task_group_decorator.py took 0.270 seconds
[2025-08-17T14:49:53.097+0000] {processor.py:186} INFO - Started process (PID=138) to work on /home/airflow/.local/lib/python3.12/site-packages/airflow/example_dags/example_task_group_decorator.py
[2025-08-17T14:49:53.098+0000] {processor.py:914} INFO - Processing file /home/airflow/.local/lib/python3.12/site-packages/airflow/example_dags/example_task_group_decorator.py for tasks to queue
[2025-08-17T14:49:53.102+0000] {logging_mixin.py:190} INFO - [2025-08-17T14:49:53.101+0000] {dagbag.py:587} INFO - Filling up the DagBag from /home/airflow/.local/lib/python3.12/site-packages/airflow/example_dags/example_task_group_decorator.py
[2025-08-17T14:49:53.113+0000] {processor.py:925} INFO - DAG(s) 'example_task_group_decorator' retrieved from /home/airflow/.local/lib/python3.12/site-packages/airflow/example_dags/example_task_group_decorator.py
[2025-08-17T14:49:53.136+0000] {logging_mixin.py:190} INFO - [2025-08-17T14:49:53.135+0000] {dag.py:3211} INFO - Sync 1 DAGs
[2025-08-17T14:49:53.153+0000] {logging_mixin.py:190} INFO - [2025-08-17T14:49:53.153+0000] {dag.py:4138} INFO - Setting next_dagrun for example_task_group_decorator to 2025-08-16 00:00:00+00:00, run_after=2025-08-17 00:00:00+00:00
[2025-08-17T14:49:53.169+0000] {processor.py:208} INFO - Processing /home/airflow/.local/lib/python3.12/site-packages/airflow/example_dags/example_task_group_decorator.py took 0.077 seconds
[2025-08-17T14:50:23.764+0000] {processor.py:186} INFO - Started process (PID=200) to work on /home/airflow/.local/lib/python3.12/site-packages/airflow/example_dags/example_task_group_decorator.py
[2025-08-17T14:50:23.766+0000] {processor.py:914} INFO - Processing file /home/airflow/.local/lib/python3.12/site-packages/airflow/example_dags/example_task_group_decorator.py for tasks to queue
[2025-08-17T14:50:23.768+0000] {logging_mixin.py:190} INFO - [2025-08-17T14:50:23.768+0000] {dagbag.py:587} INFO - Filling up the DagBag from /home/airflow/.local/lib/python3.12/site-packages/airflow/example_dags/example_task_group_decorator.py
[2025-08-17T14:50:23.780+0000] {processor.py:925} INFO - DAG(s) 'example_task_group_decorator' retrieved from /home/airflow/.local/lib/python3.12/site-packages/airflow/example_dags/example_task_group_decorator.py
[2025-08-17T14:50:23.800+0000] {logging_mixin.py:190} INFO - [2025-08-17T14:50:23.800+0000] {dag.py:3211} INFO - Sync 1 DAGs
[2025-08-17T14:50:23.817+0000] {logging_mixin.py:190} INFO - [2025-08-17T14:50:23.817+0000] {dag.py:4138} INFO - Setting next_dagrun for example_task_group_decorator to 2025-08-16 00:00:00+00:00, run_after=2025-08-17 00:00:00+00:00
[2025-08-17T14:50:23.832+0000] {processor.py:208} INFO - Processing /home/airflow/.local/lib/python3.12/site-packages/airflow/example_dags/example_task_group_decorator.py took 0.072 seconds
[2025-08-17T14:50:54.336+0000] {processor.py:186} INFO - Started process (PID=262) to work on /home/airflow/.local/lib/python3.12/site-packages/airflow/example_dags/example_task_group_decorator.py
[2025-08-17T14:50:54.337+0000] {processor.py:914} INFO - Processing file /home/airflow/.local/lib/python3.12/site-packages/airflow/example_dags/example_task_group_decorator.py for tasks to queue
[2025-08-17T14:50:54.339+0000] {logging_mixin.py:190} INFO - [2025-08-17T14:50:54.339+0000] {dagbag.py:587} INFO - Filling up the DagBag from /home/airflow/.local/lib/python3.12/site-packages/airflow/example_dags/example_task_group_decorator.py
[2025-08-17T14:50:54.351+0000] {processor.py:925} INFO - DAG(s) 'example_task_group_decorator' retrieved from /home/airflow/.local/lib/python3.12/site-packages/airflow/example_dags/example_task_group_decorator.py
[2025-08-17T14:50:54.370+0000] {logging_mixin.py:190} INFO - [2025-08-17T14:50:54.370+0000] {dag.py:3211} INFO - Sync 1 DAGs
[2025-08-17T14:50:54.386+0000] {logging_mixin.py:190} INFO - [2025-08-17T14:50:54.386+0000] {dag.py:4138} INFO - Setting next_dagrun for example_task_group_decorator to 2025-08-16 00:00:00+00:00, run_after=2025-08-17 00:00:00+00:00
[2025-08-17T14:50:54.401+0000] {processor.py:208} INFO - Processing /home/airflow/.local/lib/python3.12/site-packages/airflow/example_dags/example_task_group_decorator.py took 0.070 seconds
[2025-08-17T14:51:25.020+0000] {processor.py:186} INFO - Started process (PID=324) to work on /home/airflow/.local/lib/python3.12/site-packages/airflow/example_dags/example_task_group_decorator.py
[2025-08-17T14:51:25.021+0000] {processor.py:914} INFO - Processing file /home/airflow/.local/lib/python3.12/site-packages/airflow/example_dags/example_task_group_decorator.py for tasks to queue
[2025-08-17T14:51:25.024+0000] {logging_mixin.py:190} INFO - [2025-08-17T14:51:25.023+0000] {dagbag.py:587} INFO - Filling up the DagBag from /home/airflow/.local/lib/python3.12/site-packages/airflow/example_dags/example_task_group_decorator.py
[2025-08-17T14:51:25.036+0000] {processor.py:925} INFO - DAG(s) 'example_task_group_decorator' retrieved from /home/airflow/.local/lib/python3.12/site-packages/airflow/example_dags/example_task_group_decorator.py
[2025-08-17T14:51:25.054+0000] {logging_mixin.py:190} INFO - [2025-08-17T14:51:25.054+0000] {dag.py:3211} INFO - Sync 1 DAGs
[2025-08-17T14:51:25.072+0000] {logging_mixin.py:190} INFO - [2025-08-17T14:51:25.071+0000] {dag.py:4138} INFO - Setting next_dagrun for example_task_group_decorator to 2025-08-16 00:00:00+00:00, run_after=2025-08-17 00:00:00+00:00
[2025-08-17T14:51:25.087+0000] {processor.py:208} INFO - Processing /home/airflow/.local/lib/python3.12/site-packages/airflow/example_dags/example_task_group_decorator.py took 0.072 seconds
[2025-08-17T14:51:55.969+0000] {processor.py:186} INFO - Started process (PID=386) to work on /home/airflow/.local/lib/python3.12/site-packages/airflow/example_dags/example_task_group_decorator.py
[2025-08-17T14:51:55.970+0000] {processor.py:914} INFO - Processing file /home/airflow/.local/lib/python3.12/site-packages/airflow/example_dags/example_task_group_decorator.py for tasks to queue
[2025-08-17T14:51:55.973+0000] {logging_mixin.py:190} INFO - [2025-08-17T14:51:55.972+0000] {dagbag.py:587} INFO - Filling up the DagBag from /home/airflow/.local/lib/python3.12/site-packages/airflow/example_dags/example_task_group_decorator.py
[2025-08-17T14:51:55.985+0000] {processor.py:925} INFO - DAG(s) 'example_task_group_decorator' retrieved from /home/airflow/.local/lib/python3.12/site-packages/airflow/example_dags/example_task_group_decorator.py
[2025-08-17T14:51:56.003+0000] {logging_mixin.py:190} INFO - [2025-08-17T14:51:56.003+0000] {dag.py:3211} INFO - Sync 1 DAGs
[2025-08-17T14:51:56.020+0000] {logging_mixin.py:190} INFO - [2025-08-17T14:51:56.020+0000] {dag.py:4138} INFO - Setting next_dagrun for example_task_group_decorator to 2025-08-16 00:00:00+00:00, run_after=2025-08-17 00:00:00+00:00
[2025-08-17T14:51:56.034+0000] {processor.py:208} INFO - Processing /home/airflow/.local/lib/python3.12/site-packages/airflow/example_dags/example_task_group_decorator.py took 0.071 seconds
[2025-08-17T14:52:26.749+0000] {processor.py:186} INFO - Started process (PID=448) to work on /home/airflow/.local/lib/python3.12/site-packages/airflow/example_dags/example_task_group_decorator.py
[2025-08-17T14:52:26.750+0000] {processor.py:914} INFO - Processing file /home/airflow/.local/lib/python3.12/site-packages/airflow/example_dags/example_task_group_decorator.py for tasks to queue
[2025-08-17T14:52:26.752+0000] {logging_mixin.py:190} INFO - [2025-08-17T14:52:26.752+0000] {dagbag.py:587} INFO - Filling up the DagBag from /home/airflow/.local/lib/python3.12/site-packages/airflow/example_dags/example_task_group_decorator.py
[2025-08-17T14:52:26.764+0000] {processor.py:925} INFO - DAG(s) 'example_task_group_decorator' retrieved from /home/airflow/.local/lib/python3.12/site-packages/airflow/example_dags/example_task_group_decorator.py
[2025-08-17T14:52:26.783+0000] {logging_mixin.py:190} INFO - [2025-08-17T14:52:26.783+0000] {dag.py:3211} INFO - Sync 1 DAGs
[2025-08-17T14:52:26.799+0000] {logging_mixin.py:190} INFO - [2025-08-17T14:52:26.799+0000] {dag.py:4138} INFO - Setting next_dagrun for example_task_group_decorator to 2025-08-16 00:00:00+00:00, run_after=2025-08-17 00:00:00+00:00
[2025-08-17T14:52:26.816+0000] {processor.py:208} INFO - Processing /home/airflow/.local/lib/python3.12/site-packages/airflow/example_dags/example_task_group_decorator.py took 0.072 seconds
[2025-08-17T14:52:57.042+0000] {processor.py:186} INFO - Started process (PID=510) to work on /home/airflow/.local/lib/python3.12/site-packages/airflow/example_dags/example_task_group_decorator.py
[2025-08-17T14:52:57.045+0000] {processor.py:914} INFO - Processing file /home/airflow/.local/lib/python3.12/site-packages/airflow/example_dags/example_task_group_decorator.py for tasks to queue
[2025-08-17T14:52:57.047+0000] {logging_mixin.py:190} INFO - [2025-08-17T14:52:57.047+0000] {dagbag.py:587} INFO - Filling up the DagBag from /home/airflow/.local/lib/python3.12/site-packages/airflow/example_dags/example_task_group_decorator.py
[2025-08-17T14:52:57.058+0000] {processor.py:925} INFO - DAG(s) 'example_task_group_decorator' retrieved from /home/airflow/.local/lib/python3.12/site-packages/airflow/example_dags/example_task_group_decorator.py
[2025-08-17T14:52:57.080+0000] {logging_mixin.py:190} INFO - [2025-08-17T14:52:57.080+0000] {dag.py:3211} INFO - Sync 1 DAGs
[2025-08-17T14:52:57.100+0000] {logging_mixin.py:190} INFO - [2025-08-17T14:52:57.099+0000] {dag.py:4138} INFO - Setting next_dagrun for example_task_group_decorator to 2025-08-16 00:00:00+00:00, run_after=2025-08-17 00:00:00+00:00
[2025-08-17T14:52:57.117+0000] {processor.py:208} INFO - Processing /home/airflow/.local/lib/python3.12/site-packages/airflow/example_dags/example_task_group_decorator.py took 0.080 seconds
[2025-08-17T14:53:27.648+0000] {processor.py:186} INFO - Started process (PID=572) to work on /home/airflow/.local/lib/python3.12/site-packages/airflow/example_dags/example_task_group_decorator.py
[2025-08-17T14:53:27.651+0000] {processor.py:914} INFO - Processing file /home/airflow/.local/lib/python3.12/site-packages/airflow/example_dags/example_task_group_decorator.py for tasks to queue
[2025-08-17T14:53:27.654+0000] {logging_mixin.py:190} INFO - [2025-08-17T14:53:27.654+0000] {dagbag.py:587} INFO - Filling up the DagBag from /home/airflow/.local/lib/python3.12/site-packages/airflow/example_dags/example_task_group_decorator.py
[2025-08-17T14:53:27.670+0000] {processor.py:925} INFO - DAG(s) 'example_task_group_decorator' retrieved from /home/airflow/.local/lib/python3.12/site-packages/airflow/example_dags/example_task_group_decorator.py
[2025-08-17T14:53:27.695+0000] {logging_mixin.py:190} INFO - [2025-08-17T14:53:27.695+0000] {dag.py:3211} INFO - Sync 1 DAGs
[2025-08-17T14:53:27.718+0000] {logging_mixin.py:190} INFO - [2025-08-17T14:53:27.718+0000] {dag.py:4138} INFO - Setting next_dagrun for example_task_group_decorator to 2025-08-16 00:00:00+00:00, run_after=2025-08-17 00:00:00+00:00
[2025-08-17T14:53:27.739+0000] {processor.py:208} INFO - Processing /home/airflow/.local/lib/python3.12/site-packages/airflow/example_dags/example_task_group_decorator.py took 0.095 seconds
[2025-08-17T14:53:58.118+0000] {processor.py:186} INFO - Started process (PID=634) to work on /home/airflow/.local/lib/python3.12/site-packages/airflow/example_dags/example_task_group_decorator.py
[2025-08-17T14:53:58.120+0000] {processor.py:914} INFO - Processing file /home/airflow/.local/lib/python3.12/site-packages/airflow/example_dags/example_task_group_decorator.py for tasks to queue
[2025-08-17T14:53:58.125+0000] {logging_mixin.py:190} INFO - [2025-08-17T14:53:58.125+0000] {dagbag.py:587} INFO - Filling up the DagBag from /home/airflow/.local/lib/python3.12/site-packages/airflow/example_dags/example_task_group_decorator.py
[2025-08-17T14:53:58.140+0000] {processor.py:925} INFO - DAG(s) 'example_task_group_decorator' retrieved from /home/airflow/.local/lib/python3.12/site-packages/airflow/example_dags/example_task_group_decorator.py
[2025-08-17T14:53:58.163+0000] {logging_mixin.py:190} INFO - [2025-08-17T14:53:58.163+0000] {dag.py:3211} INFO - Sync 1 DAGs
[2025-08-17T14:53:58.185+0000] {logging_mixin.py:190} INFO - [2025-08-17T14:53:58.185+0000] {dag.py:4138} INFO - Setting next_dagrun for example_task_group_decorator to 2025-08-16 00:00:00+00:00, run_after=2025-08-17 00:00:00+00:00
[2025-08-17T14:53:58.205+0000] {processor.py:208} INFO - Processing /home/airflow/.local/lib/python3.12/site-packages/airflow/example_dags/example_task_group_decorator.py took 0.092 seconds
[2025-08-17T14:54:28.370+0000] {processor.py:186} INFO - Started process (PID=696) to work on /home/airflow/.local/lib/python3.12/site-packages/airflow/example_dags/example_task_group_decorator.py
[2025-08-17T14:54:28.372+0000] {processor.py:914} INFO - Processing file /home/airflow/.local/lib/python3.12/site-packages/airflow/example_dags/example_task_group_decorator.py for tasks to queue
[2025-08-17T14:54:28.375+0000] {logging_mixin.py:190} INFO - [2025-08-17T14:54:28.374+0000] {dagbag.py:587} INFO - Filling up the DagBag from /home/airflow/.local/lib/python3.12/site-packages/airflow/example_dags/example_task_group_decorator.py
[2025-08-17T14:54:28.386+0000] {processor.py:925} INFO - DAG(s) 'example_task_group_decorator' retrieved from /home/airflow/.local/lib/python3.12/site-packages/airflow/example_dags/example_task_group_decorator.py
[2025-08-17T14:54:28.407+0000] {logging_mixin.py:190} INFO - [2025-08-17T14:54:28.406+0000] {dag.py:3211} INFO - Sync 1 DAGs
[2025-08-17T14:54:28.424+0000] {logging_mixin.py:190} INFO - [2025-08-17T14:54:28.424+0000] {dag.py:4138} INFO - Setting next_dagrun for example_task_group_decorator to 2025-08-16 00:00:00+00:00, run_after=2025-08-17 00:00:00+00:00
[2025-08-17T14:54:28.440+0000] {processor.py:208} INFO - Processing /home/airflow/.local/lib/python3.12/site-packages/airflow/example_dags/example_task_group_decorator.py took 0.074 seconds
