[2025-08-17T14:49:21.693+0000] {processor.py:186} INFO - Started process (PID=65) to work on /home/airflow/.local/lib/python3.12/site-packages/airflow/example_dags/example_setup_teardown_taskflow.py
[2025-08-17T14:49:21.695+0000] {processor.py:914} INFO - Processing file /home/airflow/.local/lib/python3.12/site-packages/airflow/example_dags/example_setup_teardown_taskflow.py for tasks to queue
[2025-08-17T14:49:21.699+0000] {logging_mixin.py:190} INFO - [2025-08-17T14:49:21.698+0000] {dagbag.py:587} INFO - Filling up the DagBag from /home/airflow/.local/lib/python3.12/site-packages/airflow/example_dags/example_setup_teardown_taskflow.py
[2025-08-17T14:49:21.715+0000] {processor.py:925} INFO - DAG(s) 'example_setup_teardown_taskflow' retrieved from /home/airflow/.local/lib/python3.12/site-packages/airflow/example_dags/example_setup_teardown_taskflow.py
[2025-08-17T14:49:21.865+0000] {logging_mixin.py:190} INFO - [2025-08-17T14:49:21.864+0000] {override.py:1858} INFO - Created Permission View: can read on DAG:example_setup_teardown_taskflow
[2025-08-17T14:49:21.878+0000] {logging_mixin.py:190} INFO - [2025-08-17T14:49:21.878+0000] {override.py:1858} INFO - Created Permission View: can delete on DAG:example_setup_teardown_taskflow
[2025-08-17T14:49:21.887+0000] {logging_mixin.py:190} INFO - [2025-08-17T14:49:21.887+0000] {override.py:1858} INFO - Created Permission View: can edit on DAG:example_setup_teardown_taskflow
[2025-08-17T14:49:21.888+0000] {logging_mixin.py:190} INFO - [2025-08-17T14:49:21.888+0000] {dag.py:3211} INFO - Sync 1 DAGs
[2025-08-17T14:49:21.903+0000] {logging_mixin.py:190} INFO - [2025-08-17T14:49:21.903+0000] {dag.py:3234} INFO - Creating ORM DAG for example_setup_teardown_taskflow
[2025-08-17T14:49:21.917+0000] {logging_mixin.py:190} INFO - [2025-08-17T14:49:21.917+0000] {dag.py:4138} INFO - Setting next_dagrun for example_setup_teardown_taskflow to 2025-08-16 00:00:00+00:00, run_after=2025-08-17 00:00:00+00:00
[2025-08-17T14:49:21.939+0000] {processor.py:208} INFO - Processing /home/airflow/.local/lib/python3.12/site-packages/airflow/example_dags/example_setup_teardown_taskflow.py took 0.254 seconds
[2025-08-17T14:49:52.664+0000] {processor.py:186} INFO - Started process (PID=133) to work on /home/airflow/.local/lib/python3.12/site-packages/airflow/example_dags/example_setup_teardown_taskflow.py
[2025-08-17T14:49:52.665+0000] {processor.py:914} INFO - Processing file /home/airflow/.local/lib/python3.12/site-packages/airflow/example_dags/example_setup_teardown_taskflow.py for tasks to queue
[2025-08-17T14:49:52.668+0000] {logging_mixin.py:190} INFO - [2025-08-17T14:49:52.668+0000] {dagbag.py:587} INFO - Filling up the DagBag from /home/airflow/.local/lib/python3.12/site-packages/airflow/example_dags/example_setup_teardown_taskflow.py
[2025-08-17T14:49:52.677+0000] {processor.py:925} INFO - DAG(s) 'example_setup_teardown_taskflow' retrieved from /home/airflow/.local/lib/python3.12/site-packages/airflow/example_dags/example_setup_teardown_taskflow.py
[2025-08-17T14:49:52.693+0000] {logging_mixin.py:190} INFO - [2025-08-17T14:49:52.693+0000] {dag.py:3211} INFO - Sync 1 DAGs
[2025-08-17T14:49:52.708+0000] {logging_mixin.py:190} INFO - [2025-08-17T14:49:52.708+0000] {dag.py:4138} INFO - Setting next_dagrun for example_setup_teardown_taskflow to 2025-08-16 00:00:00+00:00, run_after=2025-08-17 00:00:00+00:00
[2025-08-17T14:49:52.724+0000] {processor.py:208} INFO - Processing /home/airflow/.local/lib/python3.12/site-packages/airflow/example_dags/example_setup_teardown_taskflow.py took 0.064 seconds
[2025-08-17T14:50:23.470+0000] {processor.py:186} INFO - Started process (PID=195) to work on /home/airflow/.local/lib/python3.12/site-packages/airflow/example_dags/example_setup_teardown_taskflow.py
[2025-08-17T14:50:23.471+0000] {processor.py:914} INFO - Processing file /home/airflow/.local/lib/python3.12/site-packages/airflow/example_dags/example_setup_teardown_taskflow.py for tasks to queue
[2025-08-17T14:50:23.474+0000] {logging_mixin.py:190} INFO - [2025-08-17T14:50:23.474+0000] {dagbag.py:587} INFO - Filling up the DagBag from /home/airflow/.local/lib/python3.12/site-packages/airflow/example_dags/example_setup_teardown_taskflow.py
[2025-08-17T14:50:23.482+0000] {processor.py:925} INFO - DAG(s) 'example_setup_teardown_taskflow' retrieved from /home/airflow/.local/lib/python3.12/site-packages/airflow/example_dags/example_setup_teardown_taskflow.py
[2025-08-17T14:50:23.500+0000] {logging_mixin.py:190} INFO - [2025-08-17T14:50:23.500+0000] {dag.py:3211} INFO - Sync 1 DAGs
[2025-08-17T14:50:23.515+0000] {logging_mixin.py:190} INFO - [2025-08-17T14:50:23.515+0000] {dag.py:4138} INFO - Setting next_dagrun for example_setup_teardown_taskflow to 2025-08-16 00:00:00+00:00, run_after=2025-08-17 00:00:00+00:00
[2025-08-17T14:50:23.530+0000] {processor.py:208} INFO - Processing /home/airflow/.local/lib/python3.12/site-packages/airflow/example_dags/example_setup_teardown_taskflow.py took 0.066 seconds
[2025-08-17T14:50:54.107+0000] {processor.py:186} INFO - Started process (PID=257) to work on /home/airflow/.local/lib/python3.12/site-packages/airflow/example_dags/example_setup_teardown_taskflow.py
[2025-08-17T14:50:54.109+0000] {processor.py:914} INFO - Processing file /home/airflow/.local/lib/python3.12/site-packages/airflow/example_dags/example_setup_teardown_taskflow.py for tasks to queue
[2025-08-17T14:50:54.111+0000] {logging_mixin.py:190} INFO - [2025-08-17T14:50:54.111+0000] {dagbag.py:587} INFO - Filling up the DagBag from /home/airflow/.local/lib/python3.12/site-packages/airflow/example_dags/example_setup_teardown_taskflow.py
[2025-08-17T14:50:54.120+0000] {processor.py:925} INFO - DAG(s) 'example_setup_teardown_taskflow' retrieved from /home/airflow/.local/lib/python3.12/site-packages/airflow/example_dags/example_setup_teardown_taskflow.py
[2025-08-17T14:50:54.138+0000] {logging_mixin.py:190} INFO - [2025-08-17T14:50:54.138+0000] {dag.py:3211} INFO - Sync 1 DAGs
[2025-08-17T14:50:54.156+0000] {logging_mixin.py:190} INFO - [2025-08-17T14:50:54.156+0000] {dag.py:4138} INFO - Setting next_dagrun for example_setup_teardown_taskflow to 2025-08-16 00:00:00+00:00, run_after=2025-08-17 00:00:00+00:00
[2025-08-17T14:50:54.170+0000] {processor.py:208} INFO - Processing /home/airflow/.local/lib/python3.12/site-packages/airflow/example_dags/example_setup_teardown_taskflow.py took 0.067 seconds
[2025-08-17T14:51:24.671+0000] {processor.py:186} INFO - Started process (PID=319) to work on /home/airflow/.local/lib/python3.12/site-packages/airflow/example_dags/example_setup_teardown_taskflow.py
[2025-08-17T14:51:24.672+0000] {processor.py:914} INFO - Processing file /home/airflow/.local/lib/python3.12/site-packages/airflow/example_dags/example_setup_teardown_taskflow.py for tasks to queue
[2025-08-17T14:51:24.674+0000] {logging_mixin.py:190} INFO - [2025-08-17T14:51:24.674+0000] {dagbag.py:587} INFO - Filling up the DagBag from /home/airflow/.local/lib/python3.12/site-packages/airflow/example_dags/example_setup_teardown_taskflow.py
[2025-08-17T14:51:24.683+0000] {processor.py:925} INFO - DAG(s) 'example_setup_teardown_taskflow' retrieved from /home/airflow/.local/lib/python3.12/site-packages/airflow/example_dags/example_setup_teardown_taskflow.py
[2025-08-17T14:51:24.699+0000] {logging_mixin.py:190} INFO - [2025-08-17T14:51:24.699+0000] {dag.py:3211} INFO - Sync 1 DAGs
[2025-08-17T14:51:24.717+0000] {logging_mixin.py:190} INFO - [2025-08-17T14:51:24.717+0000] {dag.py:4138} INFO - Setting next_dagrun for example_setup_teardown_taskflow to 2025-08-16 00:00:00+00:00, run_after=2025-08-17 00:00:00+00:00
[2025-08-17T14:51:24.732+0000] {processor.py:208} INFO - Processing /home/airflow/.local/lib/python3.12/site-packages/airflow/example_dags/example_setup_teardown_taskflow.py took 0.066 seconds
[2025-08-17T14:51:55.622+0000] {processor.py:186} INFO - Started process (PID=381) to work on /home/airflow/.local/lib/python3.12/site-packages/airflow/example_dags/example_setup_teardown_taskflow.py
[2025-08-17T14:51:55.623+0000] {processor.py:914} INFO - Processing file /home/airflow/.local/lib/python3.12/site-packages/airflow/example_dags/example_setup_teardown_taskflow.py for tasks to queue
[2025-08-17T14:51:55.626+0000] {logging_mixin.py:190} INFO - [2025-08-17T14:51:55.626+0000] {dagbag.py:587} INFO - Filling up the DagBag from /home/airflow/.local/lib/python3.12/site-packages/airflow/example_dags/example_setup_teardown_taskflow.py
[2025-08-17T14:51:55.635+0000] {processor.py:925} INFO - DAG(s) 'example_setup_teardown_taskflow' retrieved from /home/airflow/.local/lib/python3.12/site-packages/airflow/example_dags/example_setup_teardown_taskflow.py
[2025-08-17T14:51:55.654+0000] {logging_mixin.py:190} INFO - [2025-08-17T14:51:55.653+0000] {dag.py:3211} INFO - Sync 1 DAGs
[2025-08-17T14:51:55.669+0000] {logging_mixin.py:190} INFO - [2025-08-17T14:51:55.669+0000] {dag.py:4138} INFO - Setting next_dagrun for example_setup_teardown_taskflow to 2025-08-16 00:00:00+00:00, run_after=2025-08-17 00:00:00+00:00
[2025-08-17T14:51:55.687+0000] {processor.py:208} INFO - Processing /home/airflow/.local/lib/python3.12/site-packages/airflow/example_dags/example_setup_teardown_taskflow.py took 0.069 seconds
[2025-08-17T14:52:26.390+0000] {processor.py:186} INFO - Started process (PID=443) to work on /home/airflow/.local/lib/python3.12/site-packages/airflow/example_dags/example_setup_teardown_taskflow.py
[2025-08-17T14:52:26.392+0000] {processor.py:914} INFO - Processing file /home/airflow/.local/lib/python3.12/site-packages/airflow/example_dags/example_setup_teardown_taskflow.py for tasks to queue
[2025-08-17T14:52:26.395+0000] {logging_mixin.py:190} INFO - [2025-08-17T14:52:26.395+0000] {dagbag.py:587} INFO - Filling up the DagBag from /home/airflow/.local/lib/python3.12/site-packages/airflow/example_dags/example_setup_teardown_taskflow.py
[2025-08-17T14:52:26.403+0000] {processor.py:925} INFO - DAG(s) 'example_setup_teardown_taskflow' retrieved from /home/airflow/.local/lib/python3.12/site-packages/airflow/example_dags/example_setup_teardown_taskflow.py
[2025-08-17T14:52:26.420+0000] {logging_mixin.py:190} INFO - [2025-08-17T14:52:26.420+0000] {dag.py:3211} INFO - Sync 1 DAGs
[2025-08-17T14:52:26.436+0000] {logging_mixin.py:190} INFO - [2025-08-17T14:52:26.435+0000] {dag.py:4138} INFO - Setting next_dagrun for example_setup_teardown_taskflow to 2025-08-16 00:00:00+00:00, run_after=2025-08-17 00:00:00+00:00
[2025-08-17T14:52:26.451+0000] {processor.py:208} INFO - Processing /home/airflow/.local/lib/python3.12/site-packages/airflow/example_dags/example_setup_teardown_taskflow.py took 0.066 seconds
[2025-08-17T14:52:56.699+0000] {processor.py:186} INFO - Started process (PID=505) to work on /home/airflow/.local/lib/python3.12/site-packages/airflow/example_dags/example_setup_teardown_taskflow.py
[2025-08-17T14:52:56.701+0000] {processor.py:914} INFO - Processing file /home/airflow/.local/lib/python3.12/site-packages/airflow/example_dags/example_setup_teardown_taskflow.py for tasks to queue
[2025-08-17T14:52:56.703+0000] {logging_mixin.py:190} INFO - [2025-08-17T14:52:56.703+0000] {dagbag.py:587} INFO - Filling up the DagBag from /home/airflow/.local/lib/python3.12/site-packages/airflow/example_dags/example_setup_teardown_taskflow.py
[2025-08-17T14:52:56.713+0000] {processor.py:925} INFO - DAG(s) 'example_setup_teardown_taskflow' retrieved from /home/airflow/.local/lib/python3.12/site-packages/airflow/example_dags/example_setup_teardown_taskflow.py
[2025-08-17T14:52:56.731+0000] {logging_mixin.py:190} INFO - [2025-08-17T14:52:56.731+0000] {dag.py:3211} INFO - Sync 1 DAGs
[2025-08-17T14:52:56.748+0000] {logging_mixin.py:190} INFO - [2025-08-17T14:52:56.748+0000] {dag.py:4138} INFO - Setting next_dagrun for example_setup_teardown_taskflow to 2025-08-16 00:00:00+00:00, run_after=2025-08-17 00:00:00+00:00
[2025-08-17T14:52:56.763+0000] {processor.py:208} INFO - Processing /home/airflow/.local/lib/python3.12/site-packages/airflow/example_dags/example_setup_teardown_taskflow.py took 0.069 seconds
[2025-08-17T14:53:27.132+0000] {processor.py:186} INFO - Started process (PID=567) to work on /home/airflow/.local/lib/python3.12/site-packages/airflow/example_dags/example_setup_teardown_taskflow.py
[2025-08-17T14:53:27.134+0000] {processor.py:914} INFO - Processing file /home/airflow/.local/lib/python3.12/site-packages/airflow/example_dags/example_setup_teardown_taskflow.py for tasks to queue
[2025-08-17T14:53:27.137+0000] {logging_mixin.py:190} INFO - [2025-08-17T14:53:27.137+0000] {dagbag.py:587} INFO - Filling up the DagBag from /home/airflow/.local/lib/python3.12/site-packages/airflow/example_dags/example_setup_teardown_taskflow.py
[2025-08-17T14:53:27.149+0000] {processor.py:925} INFO - DAG(s) 'example_setup_teardown_taskflow' retrieved from /home/airflow/.local/lib/python3.12/site-packages/airflow/example_dags/example_setup_teardown_taskflow.py
[2025-08-17T14:53:27.169+0000] {logging_mixin.py:190} INFO - [2025-08-17T14:53:27.169+0000] {dag.py:3211} INFO - Sync 1 DAGs
[2025-08-17T14:53:27.190+0000] {logging_mixin.py:190} INFO - [2025-08-17T14:53:27.190+0000] {dag.py:4138} INFO - Setting next_dagrun for example_setup_teardown_taskflow to 2025-08-16 00:00:00+00:00, run_after=2025-08-17 00:00:00+00:00
[2025-08-17T14:53:27.209+0000] {processor.py:208} INFO - Processing /home/airflow/.local/lib/python3.12/site-packages/airflow/example_dags/example_setup_teardown_taskflow.py took 0.083 seconds
[2025-08-17T14:53:57.538+0000] {processor.py:186} INFO - Started process (PID=629) to work on /home/airflow/.local/lib/python3.12/site-packages/airflow/example_dags/example_setup_teardown_taskflow.py
[2025-08-17T14:53:57.540+0000] {processor.py:914} INFO - Processing file /home/airflow/.local/lib/python3.12/site-packages/airflow/example_dags/example_setup_teardown_taskflow.py for tasks to queue
[2025-08-17T14:53:57.544+0000] {logging_mixin.py:190} INFO - [2025-08-17T14:53:57.543+0000] {dagbag.py:587} INFO - Filling up the DagBag from /home/airflow/.local/lib/python3.12/site-packages/airflow/example_dags/example_setup_teardown_taskflow.py
[2025-08-17T14:53:57.557+0000] {processor.py:925} INFO - DAG(s) 'example_setup_teardown_taskflow' retrieved from /home/airflow/.local/lib/python3.12/site-packages/airflow/example_dags/example_setup_teardown_taskflow.py
[2025-08-17T14:53:57.580+0000] {logging_mixin.py:190} INFO - [2025-08-17T14:53:57.580+0000] {dag.py:3211} INFO - Sync 1 DAGs
[2025-08-17T14:53:57.604+0000] {logging_mixin.py:190} INFO - [2025-08-17T14:53:57.604+0000] {dag.py:4138} INFO - Setting next_dagrun for example_setup_teardown_taskflow to 2025-08-16 00:00:00+00:00, run_after=2025-08-17 00:00:00+00:00
[2025-08-17T14:53:57.625+0000] {processor.py:208} INFO - Processing /home/airflow/.local/lib/python3.12/site-packages/airflow/example_dags/example_setup_teardown_taskflow.py took 0.092 seconds
[2025-08-17T14:54:27.860+0000] {processor.py:186} INFO - Started process (PID=691) to work on /home/airflow/.local/lib/python3.12/site-packages/airflow/example_dags/example_setup_teardown_taskflow.py
[2025-08-17T14:54:27.861+0000] {processor.py:914} INFO - Processing file /home/airflow/.local/lib/python3.12/site-packages/airflow/example_dags/example_setup_teardown_taskflow.py for tasks to queue
[2025-08-17T14:54:27.864+0000] {logging_mixin.py:190} INFO - [2025-08-17T14:54:27.864+0000] {dagbag.py:587} INFO - Filling up the DagBag from /home/airflow/.local/lib/python3.12/site-packages/airflow/example_dags/example_setup_teardown_taskflow.py
[2025-08-17T14:54:27.873+0000] {processor.py:925} INFO - DAG(s) 'example_setup_teardown_taskflow' retrieved from /home/airflow/.local/lib/python3.12/site-packages/airflow/example_dags/example_setup_teardown_taskflow.py
[2025-08-17T14:54:27.892+0000] {logging_mixin.py:190} INFO - [2025-08-17T14:54:27.892+0000] {dag.py:3211} INFO - Sync 1 DAGs
[2025-08-17T14:54:27.910+0000] {logging_mixin.py:190} INFO - [2025-08-17T14:54:27.910+0000] {dag.py:4138} INFO - Setting next_dagrun for example_setup_teardown_taskflow to 2025-08-16 00:00:00+00:00, run_after=2025-08-17 00:00:00+00:00
[2025-08-17T14:54:27.927+0000] {processor.py:208} INFO - Processing /home/airflow/.local/lib/python3.12/site-packages/airflow/example_dags/example_setup_teardown_taskflow.py took 0.074 seconds
