[2025-08-17T14:49:25.386+0000] {processor.py:186} INFO - Started process (PID=95) to work on /home/airflow/.local/lib/python3.12/site-packages/airflow/example_dags/example_subdag_operator.py
[2025-08-17T14:49:25.388+0000] {processor.py:914} INFO - Processing file /home/airflow/.local/lib/python3.12/site-packages/airflow/example_dags/example_subdag_operator.py for tasks to queue
[2025-08-17T14:49:25.390+0000] {logging_mixin.py:190} INFO - [2025-08-17T14:49:25.390+0000] {dagbag.py:587} INFO - Filling up the DagBag from /home/airflow/.local/lib/python3.12/site-packages/airflow/example_dags/example_subdag_operator.py
[2025-08-17T14:49:25.414+0000] {processor.py:925} INFO - DAG(s) 'example_subdag_operator.section-1', 'example_subdag_operator.section-2', 'example_subdag_operator' retrieved from /home/airflow/.local/lib/python3.12/site-packages/airflow/example_dags/example_subdag_operator.py
[2025-08-17T14:49:25.490+0000] {logging_mixin.py:190} INFO - [2025-08-17T14:49:25.490+0000] {override.py:1858} INFO - Created Permission View: can read on DAG:example_subdag_operator
[2025-08-17T14:49:25.501+0000] {logging_mixin.py:190} INFO - [2025-08-17T14:49:25.500+0000] {override.py:1858} INFO - Created Permission View: can delete on DAG:example_subdag_operator
[2025-08-17T14:49:25.507+0000] {logging_mixin.py:190} INFO - [2025-08-17T14:49:25.506+0000] {override.py:1858} INFO - Created Permission View: can edit on DAG:example_subdag_operator
[2025-08-17T14:49:25.508+0000] {logging_mixin.py:190} INFO - [2025-08-17T14:49:25.508+0000] {dag.py:3211} INFO - Sync 3 DAGs
[2025-08-17T14:49:25.521+0000] {logging_mixin.py:190} INFO - [2025-08-17T14:49:25.521+0000] {dag.py:3234} INFO - Creating ORM DAG for example_subdag_operator
[2025-08-17T14:49:25.523+0000] {logging_mixin.py:190} INFO - [2025-08-17T14:49:25.523+0000] {dag.py:3234} INFO - Creating ORM DAG for example_subdag_operator.section-2
[2025-08-17T14:49:25.524+0000] {logging_mixin.py:190} INFO - [2025-08-17T14:49:25.524+0000] {dag.py:3234} INFO - Creating ORM DAG for example_subdag_operator.section-1
[2025-08-17T14:49:25.533+0000] {logging_mixin.py:190} INFO - [2025-08-17T14:49:25.532+0000] {dag.py:4138} INFO - Setting next_dagrun for example_subdag_operator to 2022-01-01 00:00:00+00:00, run_after=2022-01-01 00:00:00+00:00
[2025-08-17T14:49:25.534+0000] {logging_mixin.py:190} INFO - [2025-08-17T14:49:25.534+0000] {dag.py:4138} INFO - Setting next_dagrun for example_subdag_operator.section-1 to None, run_after=None
[2025-08-17T14:49:25.535+0000] {logging_mixin.py:190} INFO - [2025-08-17T14:49:25.535+0000] {dag.py:4138} INFO - Setting next_dagrun for example_subdag_operator.section-2 to None, run_after=None
[2025-08-17T14:49:25.543+0000] {logging_mixin.py:190} INFO - [2025-08-17T14:49:25.543+0000] {dag.py:3211} INFO - Sync 2 DAGs
[2025-08-17T14:49:25.548+0000] {logging_mixin.py:190} INFO - [2025-08-17T14:49:25.548+0000] {dag.py:4138} INFO - Setting next_dagrun for example_subdag_operator.section-1 to None, run_after=None
[2025-08-17T14:49:25.551+0000] {logging_mixin.py:190} INFO - [2025-08-17T14:49:25.551+0000] {dag.py:4138} INFO - Setting next_dagrun for example_subdag_operator.section-2 to None, run_after=None
[2025-08-17T14:49:25.561+0000] {processor.py:208} INFO - Processing /home/airflow/.local/lib/python3.12/site-packages/airflow/example_dags/example_subdag_operator.py took 0.180 seconds
[2025-08-17T14:49:55.848+0000] {processor.py:186} INFO - Started process (PID=157) to work on /home/airflow/.local/lib/python3.12/site-packages/airflow/example_dags/example_subdag_operator.py
[2025-08-17T14:49:55.850+0000] {processor.py:914} INFO - Processing file /home/airflow/.local/lib/python3.12/site-packages/airflow/example_dags/example_subdag_operator.py for tasks to queue
[2025-08-17T14:49:55.853+0000] {logging_mixin.py:190} INFO - [2025-08-17T14:49:55.852+0000] {dagbag.py:587} INFO - Filling up the DagBag from /home/airflow/.local/lib/python3.12/site-packages/airflow/example_dags/example_subdag_operator.py
[2025-08-17T14:49:55.878+0000] {processor.py:925} INFO - DAG(s) 'example_subdag_operator.section-1', 'example_subdag_operator.section-2', 'example_subdag_operator' retrieved from /home/airflow/.local/lib/python3.12/site-packages/airflow/example_dags/example_subdag_operator.py
[2025-08-17T14:49:55.893+0000] {logging_mixin.py:190} INFO - [2025-08-17T14:49:55.893+0000] {dag.py:3211} INFO - Sync 3 DAGs
[2025-08-17T14:49:55.915+0000] {logging_mixin.py:190} INFO - [2025-08-17T14:49:55.915+0000] {dag.py:4138} INFO - Setting next_dagrun for example_subdag_operator to 2022-01-01 00:00:00+00:00, run_after=2022-01-01 00:00:00+00:00
[2025-08-17T14:49:55.920+0000] {logging_mixin.py:190} INFO - [2025-08-17T14:49:55.920+0000] {dag.py:4138} INFO - Setting next_dagrun for example_subdag_operator.section-1 to None, run_after=None
[2025-08-17T14:49:55.923+0000] {logging_mixin.py:190} INFO - [2025-08-17T14:49:55.922+0000] {dag.py:4138} INFO - Setting next_dagrun for example_subdag_operator.section-2 to None, run_after=None
[2025-08-17T14:49:55.931+0000] {logging_mixin.py:190} INFO - [2025-08-17T14:49:55.930+0000] {dag.py:3211} INFO - Sync 2 DAGs
[2025-08-17T14:49:55.938+0000] {logging_mixin.py:190} INFO - [2025-08-17T14:49:55.938+0000] {dag.py:4138} INFO - Setting next_dagrun for example_subdag_operator.section-1 to None, run_after=None
[2025-08-17T14:49:55.939+0000] {logging_mixin.py:190} INFO - [2025-08-17T14:49:55.939+0000] {dag.py:4138} INFO - Setting next_dagrun for example_subdag_operator.section-2 to None, run_after=None
[2025-08-17T14:49:55.951+0000] {processor.py:208} INFO - Processing /home/airflow/.local/lib/python3.12/site-packages/airflow/example_dags/example_subdag_operator.py took 0.108 seconds
[2025-08-17T14:50:26.078+0000] {processor.py:186} INFO - Started process (PID=219) to work on /home/airflow/.local/lib/python3.12/site-packages/airflow/example_dags/example_subdag_operator.py
[2025-08-17T14:50:26.079+0000] {processor.py:914} INFO - Processing file /home/airflow/.local/lib/python3.12/site-packages/airflow/example_dags/example_subdag_operator.py for tasks to queue
[2025-08-17T14:50:26.082+0000] {logging_mixin.py:190} INFO - [2025-08-17T14:50:26.081+0000] {dagbag.py:587} INFO - Filling up the DagBag from /home/airflow/.local/lib/python3.12/site-packages/airflow/example_dags/example_subdag_operator.py
[2025-08-17T14:50:26.105+0000] {processor.py:925} INFO - DAG(s) 'example_subdag_operator.section-1', 'example_subdag_operator.section-2', 'example_subdag_operator' retrieved from /home/airflow/.local/lib/python3.12/site-packages/airflow/example_dags/example_subdag_operator.py
[2025-08-17T14:50:26.119+0000] {logging_mixin.py:190} INFO - [2025-08-17T14:50:26.119+0000] {dag.py:3211} INFO - Sync 3 DAGs
[2025-08-17T14:50:26.138+0000] {logging_mixin.py:190} INFO - [2025-08-17T14:50:26.138+0000] {dag.py:4138} INFO - Setting next_dagrun for example_subdag_operator to 2022-01-01 00:00:00+00:00, run_after=2022-01-01 00:00:00+00:00
[2025-08-17T14:50:26.143+0000] {logging_mixin.py:190} INFO - [2025-08-17T14:50:26.143+0000] {dag.py:4138} INFO - Setting next_dagrun for example_subdag_operator.section-1 to None, run_after=None
[2025-08-17T14:50:26.145+0000] {logging_mixin.py:190} INFO - [2025-08-17T14:50:26.145+0000] {dag.py:4138} INFO - Setting next_dagrun for example_subdag_operator.section-2 to None, run_after=None
[2025-08-17T14:50:26.152+0000] {logging_mixin.py:190} INFO - [2025-08-17T14:50:26.152+0000] {dag.py:3211} INFO - Sync 2 DAGs
[2025-08-17T14:50:26.158+0000] {logging_mixin.py:190} INFO - [2025-08-17T14:50:26.157+0000] {dag.py:4138} INFO - Setting next_dagrun for example_subdag_operator.section-1 to None, run_after=None
[2025-08-17T14:50:26.159+0000] {logging_mixin.py:190} INFO - [2025-08-17T14:50:26.158+0000] {dag.py:4138} INFO - Setting next_dagrun for example_subdag_operator.section-2 to None, run_after=None
[2025-08-17T14:50:26.168+0000] {processor.py:208} INFO - Processing /home/airflow/.local/lib/python3.12/site-packages/airflow/example_dags/example_subdag_operator.py took 0.095 seconds
[2025-08-17T14:50:56.539+0000] {processor.py:186} INFO - Started process (PID=281) to work on /home/airflow/.local/lib/python3.12/site-packages/airflow/example_dags/example_subdag_operator.py
[2025-08-17T14:50:56.541+0000] {processor.py:914} INFO - Processing file /home/airflow/.local/lib/python3.12/site-packages/airflow/example_dags/example_subdag_operator.py for tasks to queue
[2025-08-17T14:50:56.543+0000] {logging_mixin.py:190} INFO - [2025-08-17T14:50:56.543+0000] {dagbag.py:587} INFO - Filling up the DagBag from /home/airflow/.local/lib/python3.12/site-packages/airflow/example_dags/example_subdag_operator.py
[2025-08-17T14:50:56.564+0000] {processor.py:925} INFO - DAG(s) 'example_subdag_operator.section-1', 'example_subdag_operator.section-2', 'example_subdag_operator' retrieved from /home/airflow/.local/lib/python3.12/site-packages/airflow/example_dags/example_subdag_operator.py
[2025-08-17T14:50:56.578+0000] {logging_mixin.py:190} INFO - [2025-08-17T14:50:56.578+0000] {dag.py:3211} INFO - Sync 3 DAGs
[2025-08-17T14:50:56.598+0000] {logging_mixin.py:190} INFO - [2025-08-17T14:50:56.598+0000] {dag.py:4138} INFO - Setting next_dagrun for example_subdag_operator to 2022-01-01 00:00:00+00:00, run_after=2022-01-01 00:00:00+00:00
[2025-08-17T14:50:56.602+0000] {logging_mixin.py:190} INFO - [2025-08-17T14:50:56.602+0000] {dag.py:4138} INFO - Setting next_dagrun for example_subdag_operator.section-1 to None, run_after=None
[2025-08-17T14:50:56.604+0000] {logging_mixin.py:190} INFO - [2025-08-17T14:50:56.604+0000] {dag.py:4138} INFO - Setting next_dagrun for example_subdag_operator.section-2 to None, run_after=None
[2025-08-17T14:50:56.616+0000] {logging_mixin.py:190} INFO - [2025-08-17T14:50:56.616+0000] {dag.py:3211} INFO - Sync 2 DAGs
[2025-08-17T14:50:56.622+0000] {logging_mixin.py:190} INFO - [2025-08-17T14:50:56.622+0000] {dag.py:4138} INFO - Setting next_dagrun for example_subdag_operator.section-1 to None, run_after=None
[2025-08-17T14:50:56.623+0000] {logging_mixin.py:190} INFO - [2025-08-17T14:50:56.623+0000] {dag.py:4138} INFO - Setting next_dagrun for example_subdag_operator.section-2 to None, run_after=None
[2025-08-17T14:50:56.631+0000] {processor.py:208} INFO - Processing /home/airflow/.local/lib/python3.12/site-packages/airflow/example_dags/example_subdag_operator.py took 0.097 seconds
[2025-08-17T14:51:27.365+0000] {processor.py:186} INFO - Started process (PID=343) to work on /home/airflow/.local/lib/python3.12/site-packages/airflow/example_dags/example_subdag_operator.py
[2025-08-17T14:51:27.367+0000] {processor.py:914} INFO - Processing file /home/airflow/.local/lib/python3.12/site-packages/airflow/example_dags/example_subdag_operator.py for tasks to queue
[2025-08-17T14:51:27.370+0000] {logging_mixin.py:190} INFO - [2025-08-17T14:51:27.369+0000] {dagbag.py:587} INFO - Filling up the DagBag from /home/airflow/.local/lib/python3.12/site-packages/airflow/example_dags/example_subdag_operator.py
[2025-08-17T14:51:27.394+0000] {processor.py:925} INFO - DAG(s) 'example_subdag_operator.section-1', 'example_subdag_operator.section-2', 'example_subdag_operator' retrieved from /home/airflow/.local/lib/python3.12/site-packages/airflow/example_dags/example_subdag_operator.py
[2025-08-17T14:51:27.406+0000] {logging_mixin.py:190} INFO - [2025-08-17T14:51:27.406+0000] {dag.py:3211} INFO - Sync 3 DAGs
[2025-08-17T14:51:27.422+0000] {logging_mixin.py:190} INFO - [2025-08-17T14:51:27.422+0000] {dag.py:4138} INFO - Setting next_dagrun for example_subdag_operator to 2022-01-01 00:00:00+00:00, run_after=2022-01-01 00:00:00+00:00
[2025-08-17T14:51:27.425+0000] {logging_mixin.py:190} INFO - [2025-08-17T14:51:27.425+0000] {dag.py:4138} INFO - Setting next_dagrun for example_subdag_operator.section-1 to None, run_after=None
[2025-08-17T14:51:27.427+0000] {logging_mixin.py:190} INFO - [2025-08-17T14:51:27.427+0000] {dag.py:4138} INFO - Setting next_dagrun for example_subdag_operator.section-2 to None, run_after=None
[2025-08-17T14:51:27.434+0000] {logging_mixin.py:190} INFO - [2025-08-17T14:51:27.434+0000] {dag.py:3211} INFO - Sync 2 DAGs
[2025-08-17T14:51:27.439+0000] {logging_mixin.py:190} INFO - [2025-08-17T14:51:27.439+0000] {dag.py:4138} INFO - Setting next_dagrun for example_subdag_operator.section-1 to None, run_after=None
[2025-08-17T14:51:27.440+0000] {logging_mixin.py:190} INFO - [2025-08-17T14:51:27.440+0000] {dag.py:4138} INFO - Setting next_dagrun for example_subdag_operator.section-2 to None, run_after=None
[2025-08-17T14:51:27.449+0000] {processor.py:208} INFO - Processing /home/airflow/.local/lib/python3.12/site-packages/airflow/example_dags/example_subdag_operator.py took 0.092 seconds
[2025-08-17T14:51:58.206+0000] {processor.py:186} INFO - Started process (PID=405) to work on /home/airflow/.local/lib/python3.12/site-packages/airflow/example_dags/example_subdag_operator.py
[2025-08-17T14:51:58.207+0000] {processor.py:914} INFO - Processing file /home/airflow/.local/lib/python3.12/site-packages/airflow/example_dags/example_subdag_operator.py for tasks to queue
[2025-08-17T14:51:58.210+0000] {logging_mixin.py:190} INFO - [2025-08-17T14:51:58.210+0000] {dagbag.py:587} INFO - Filling up the DagBag from /home/airflow/.local/lib/python3.12/site-packages/airflow/example_dags/example_subdag_operator.py
[2025-08-17T14:51:58.235+0000] {processor.py:925} INFO - DAG(s) 'example_subdag_operator.section-1', 'example_subdag_operator.section-2', 'example_subdag_operator' retrieved from /home/airflow/.local/lib/python3.12/site-packages/airflow/example_dags/example_subdag_operator.py
[2025-08-17T14:51:58.250+0000] {logging_mixin.py:190} INFO - [2025-08-17T14:51:58.249+0000] {dag.py:3211} INFO - Sync 3 DAGs
[2025-08-17T14:51:58.271+0000] {logging_mixin.py:190} INFO - [2025-08-17T14:51:58.271+0000] {dag.py:4138} INFO - Setting next_dagrun for example_subdag_operator to 2022-01-01 00:00:00+00:00, run_after=2022-01-01 00:00:00+00:00
[2025-08-17T14:51:58.275+0000] {logging_mixin.py:190} INFO - [2025-08-17T14:51:58.275+0000] {dag.py:4138} INFO - Setting next_dagrun for example_subdag_operator.section-1 to None, run_after=None
[2025-08-17T14:51:58.276+0000] {logging_mixin.py:190} INFO - [2025-08-17T14:51:58.276+0000] {dag.py:4138} INFO - Setting next_dagrun for example_subdag_operator.section-2 to None, run_after=None
[2025-08-17T14:51:58.285+0000] {logging_mixin.py:190} INFO - [2025-08-17T14:51:58.284+0000] {dag.py:3211} INFO - Sync 2 DAGs
[2025-08-17T14:51:58.290+0000] {logging_mixin.py:190} INFO - [2025-08-17T14:51:58.289+0000] {dag.py:4138} INFO - Setting next_dagrun for example_subdag_operator.section-1 to None, run_after=None
[2025-08-17T14:51:58.291+0000] {logging_mixin.py:190} INFO - [2025-08-17T14:51:58.291+0000] {dag.py:4138} INFO - Setting next_dagrun for example_subdag_operator.section-2 to None, run_after=None
[2025-08-17T14:51:58.300+0000] {processor.py:208} INFO - Processing /home/airflow/.local/lib/python3.12/site-packages/airflow/example_dags/example_subdag_operator.py took 0.101 seconds
[2025-08-17T14:52:29.281+0000] {processor.py:186} INFO - Started process (PID=467) to work on /home/airflow/.local/lib/python3.12/site-packages/airflow/example_dags/example_subdag_operator.py
[2025-08-17T14:52:29.282+0000] {processor.py:914} INFO - Processing file /home/airflow/.local/lib/python3.12/site-packages/airflow/example_dags/example_subdag_operator.py for tasks to queue
[2025-08-17T14:52:29.285+0000] {logging_mixin.py:190} INFO - [2025-08-17T14:52:29.284+0000] {dagbag.py:587} INFO - Filling up the DagBag from /home/airflow/.local/lib/python3.12/site-packages/airflow/example_dags/example_subdag_operator.py
[2025-08-17T14:52:29.305+0000] {processor.py:925} INFO - DAG(s) 'example_subdag_operator.section-1', 'example_subdag_operator.section-2', 'example_subdag_operator' retrieved from /home/airflow/.local/lib/python3.12/site-packages/airflow/example_dags/example_subdag_operator.py
[2025-08-17T14:52:29.319+0000] {logging_mixin.py:190} INFO - [2025-08-17T14:52:29.319+0000] {dag.py:3211} INFO - Sync 3 DAGs
[2025-08-17T14:52:29.338+0000] {logging_mixin.py:190} INFO - [2025-08-17T14:52:29.338+0000] {dag.py:4138} INFO - Setting next_dagrun for example_subdag_operator to 2022-01-01 00:00:00+00:00, run_after=2022-01-01 00:00:00+00:00
[2025-08-17T14:52:29.342+0000] {logging_mixin.py:190} INFO - [2025-08-17T14:52:29.342+0000] {dag.py:4138} INFO - Setting next_dagrun for example_subdag_operator.section-1 to None, run_after=None
[2025-08-17T14:52:29.343+0000] {logging_mixin.py:190} INFO - [2025-08-17T14:52:29.343+0000] {dag.py:4138} INFO - Setting next_dagrun for example_subdag_operator.section-2 to None, run_after=None
[2025-08-17T14:52:29.349+0000] {logging_mixin.py:190} INFO - [2025-08-17T14:52:29.349+0000] {dag.py:3211} INFO - Sync 2 DAGs
[2025-08-17T14:52:29.354+0000] {logging_mixin.py:190} INFO - [2025-08-17T14:52:29.354+0000] {dag.py:4138} INFO - Setting next_dagrun for example_subdag_operator.section-1 to None, run_after=None
[2025-08-17T14:52:29.355+0000] {logging_mixin.py:190} INFO - [2025-08-17T14:52:29.355+0000] {dag.py:4138} INFO - Setting next_dagrun for example_subdag_operator.section-2 to None, run_after=None
[2025-08-17T14:52:29.363+0000] {processor.py:208} INFO - Processing /home/airflow/.local/lib/python3.12/site-packages/airflow/example_dags/example_subdag_operator.py took 0.087 seconds
[2025-08-17T14:52:59.574+0000] {processor.py:186} INFO - Started process (PID=529) to work on /home/airflow/.local/lib/python3.12/site-packages/airflow/example_dags/example_subdag_operator.py
[2025-08-17T14:52:59.575+0000] {processor.py:914} INFO - Processing file /home/airflow/.local/lib/python3.12/site-packages/airflow/example_dags/example_subdag_operator.py for tasks to queue
[2025-08-17T14:52:59.579+0000] {logging_mixin.py:190} INFO - [2025-08-17T14:52:59.578+0000] {dagbag.py:587} INFO - Filling up the DagBag from /home/airflow/.local/lib/python3.12/site-packages/airflow/example_dags/example_subdag_operator.py
[2025-08-17T14:52:59.603+0000] {processor.py:925} INFO - DAG(s) 'example_subdag_operator.section-1', 'example_subdag_operator.section-2', 'example_subdag_operator' retrieved from /home/airflow/.local/lib/python3.12/site-packages/airflow/example_dags/example_subdag_operator.py
[2025-08-17T14:52:59.615+0000] {logging_mixin.py:190} INFO - [2025-08-17T14:52:59.615+0000] {dag.py:3211} INFO - Sync 3 DAGs
[2025-08-17T14:52:59.637+0000] {logging_mixin.py:190} INFO - [2025-08-17T14:52:59.637+0000] {dag.py:4138} INFO - Setting next_dagrun for example_subdag_operator to 2022-01-01 00:00:00+00:00, run_after=2022-01-01 00:00:00+00:00
[2025-08-17T14:52:59.641+0000] {logging_mixin.py:190} INFO - [2025-08-17T14:52:59.641+0000] {dag.py:4138} INFO - Setting next_dagrun for example_subdag_operator.section-1 to None, run_after=None
[2025-08-17T14:52:59.643+0000] {logging_mixin.py:190} INFO - [2025-08-17T14:52:59.642+0000] {dag.py:4138} INFO - Setting next_dagrun for example_subdag_operator.section-2 to None, run_after=None
[2025-08-17T14:52:59.651+0000] {logging_mixin.py:190} INFO - [2025-08-17T14:52:59.651+0000] {dag.py:3211} INFO - Sync 2 DAGs
[2025-08-17T14:52:59.657+0000] {logging_mixin.py:190} INFO - [2025-08-17T14:52:59.656+0000] {dag.py:4138} INFO - Setting next_dagrun for example_subdag_operator.section-1 to None, run_after=None
[2025-08-17T14:52:59.657+0000] {logging_mixin.py:190} INFO - [2025-08-17T14:52:59.657+0000] {dag.py:4138} INFO - Setting next_dagrun for example_subdag_operator.section-2 to None, run_after=None
[2025-08-17T14:52:59.667+0000] {processor.py:208} INFO - Processing /home/airflow/.local/lib/python3.12/site-packages/airflow/example_dags/example_subdag_operator.py took 0.100 seconds
[2025-08-17T14:53:30.448+0000] {processor.py:186} INFO - Started process (PID=591) to work on /home/airflow/.local/lib/python3.12/site-packages/airflow/example_dags/example_subdag_operator.py
[2025-08-17T14:53:30.450+0000] {processor.py:914} INFO - Processing file /home/airflow/.local/lib/python3.12/site-packages/airflow/example_dags/example_subdag_operator.py for tasks to queue
[2025-08-17T14:53:30.453+0000] {logging_mixin.py:190} INFO - [2025-08-17T14:53:30.453+0000] {dagbag.py:587} INFO - Filling up the DagBag from /home/airflow/.local/lib/python3.12/site-packages/airflow/example_dags/example_subdag_operator.py
[2025-08-17T14:53:30.479+0000] {processor.py:925} INFO - DAG(s) 'example_subdag_operator.section-1', 'example_subdag_operator.section-2', 'example_subdag_operator' retrieved from /home/airflow/.local/lib/python3.12/site-packages/airflow/example_dags/example_subdag_operator.py
[2025-08-17T14:53:30.495+0000] {logging_mixin.py:190} INFO - [2025-08-17T14:53:30.495+0000] {dag.py:3211} INFO - Sync 3 DAGs
[2025-08-17T14:53:30.515+0000] {logging_mixin.py:190} INFO - [2025-08-17T14:53:30.515+0000] {dag.py:4138} INFO - Setting next_dagrun for example_subdag_operator to 2022-01-01 00:00:00+00:00, run_after=2022-01-01 00:00:00+00:00
[2025-08-17T14:53:30.520+0000] {logging_mixin.py:190} INFO - [2025-08-17T14:53:30.519+0000] {dag.py:4138} INFO - Setting next_dagrun for example_subdag_operator.section-1 to None, run_after=None
[2025-08-17T14:53:30.522+0000] {logging_mixin.py:190} INFO - [2025-08-17T14:53:30.522+0000] {dag.py:4138} INFO - Setting next_dagrun for example_subdag_operator.section-2 to None, run_after=None
[2025-08-17T14:53:30.531+0000] {logging_mixin.py:190} INFO - [2025-08-17T14:53:30.530+0000] {dag.py:3211} INFO - Sync 2 DAGs
[2025-08-17T14:53:30.536+0000] {logging_mixin.py:190} INFO - [2025-08-17T14:53:30.536+0000] {dag.py:4138} INFO - Setting next_dagrun for example_subdag_operator.section-1 to None, run_after=None
[2025-08-17T14:53:30.538+0000] {logging_mixin.py:190} INFO - [2025-08-17T14:53:30.537+0000] {dag.py:4138} INFO - Setting next_dagrun for example_subdag_operator.section-2 to None, run_after=None
[2025-08-17T14:53:30.550+0000] {processor.py:208} INFO - Processing /home/airflow/.local/lib/python3.12/site-packages/airflow/example_dags/example_subdag_operator.py took 0.107 seconds
[2025-08-17T14:54:00.733+0000] {processor.py:186} INFO - Started process (PID=653) to work on /home/airflow/.local/lib/python3.12/site-packages/airflow/example_dags/example_subdag_operator.py
[2025-08-17T14:54:00.735+0000] {processor.py:914} INFO - Processing file /home/airflow/.local/lib/python3.12/site-packages/airflow/example_dags/example_subdag_operator.py for tasks to queue
[2025-08-17T14:54:00.738+0000] {logging_mixin.py:190} INFO - [2025-08-17T14:54:00.738+0000] {dagbag.py:587} INFO - Filling up the DagBag from /home/airflow/.local/lib/python3.12/site-packages/airflow/example_dags/example_subdag_operator.py
[2025-08-17T14:54:00.769+0000] {processor.py:925} INFO - DAG(s) 'example_subdag_operator.section-1', 'example_subdag_operator.section-2', 'example_subdag_operator' retrieved from /home/airflow/.local/lib/python3.12/site-packages/airflow/example_dags/example_subdag_operator.py
[2025-08-17T14:54:00.789+0000] {logging_mixin.py:190} INFO - [2025-08-17T14:54:00.789+0000] {dag.py:3211} INFO - Sync 3 DAGs
[2025-08-17T14:54:00.814+0000] {logging_mixin.py:190} INFO - [2025-08-17T14:54:00.813+0000] {dag.py:4138} INFO - Setting next_dagrun for example_subdag_operator to 2022-01-01 00:00:00+00:00, run_after=2022-01-01 00:00:00+00:00
[2025-08-17T14:54:00.820+0000] {logging_mixin.py:190} INFO - [2025-08-17T14:54:00.819+0000] {dag.py:4138} INFO - Setting next_dagrun for example_subdag_operator.section-1 to None, run_after=None
[2025-08-17T14:54:00.822+0000] {logging_mixin.py:190} INFO - [2025-08-17T14:54:00.822+0000] {dag.py:4138} INFO - Setting next_dagrun for example_subdag_operator.section-2 to None, run_after=None
[2025-08-17T14:54:00.831+0000] {logging_mixin.py:190} INFO - [2025-08-17T14:54:00.831+0000] {dag.py:3211} INFO - Sync 2 DAGs
[2025-08-17T14:54:00.836+0000] {logging_mixin.py:190} INFO - [2025-08-17T14:54:00.836+0000] {dag.py:4138} INFO - Setting next_dagrun for example_subdag_operator.section-1 to None, run_after=None
[2025-08-17T14:54:00.838+0000] {logging_mixin.py:190} INFO - [2025-08-17T14:54:00.838+0000] {dag.py:4138} INFO - Setting next_dagrun for example_subdag_operator.section-2 to None, run_after=None
[2025-08-17T14:54:00.850+0000] {processor.py:208} INFO - Processing /home/airflow/.local/lib/python3.12/site-packages/airflow/example_dags/example_subdag_operator.py took 0.124 seconds
[2025-08-17T14:54:31.464+0000] {processor.py:186} INFO - Started process (PID=715) to work on /home/airflow/.local/lib/python3.12/site-packages/airflow/example_dags/example_subdag_operator.py
[2025-08-17T14:54:31.465+0000] {processor.py:914} INFO - Processing file /home/airflow/.local/lib/python3.12/site-packages/airflow/example_dags/example_subdag_operator.py for tasks to queue
[2025-08-17T14:54:31.468+0000] {logging_mixin.py:190} INFO - [2025-08-17T14:54:31.468+0000] {dagbag.py:587} INFO - Filling up the DagBag from /home/airflow/.local/lib/python3.12/site-packages/airflow/example_dags/example_subdag_operator.py
[2025-08-17T14:54:31.492+0000] {processor.py:925} INFO - DAG(s) 'example_subdag_operator.section-1', 'example_subdag_operator.section-2', 'example_subdag_operator' retrieved from /home/airflow/.local/lib/python3.12/site-packages/airflow/example_dags/example_subdag_operator.py
[2025-08-17T14:54:31.504+0000] {logging_mixin.py:190} INFO - [2025-08-17T14:54:31.504+0000] {dag.py:3211} INFO - Sync 3 DAGs
[2025-08-17T14:54:31.520+0000] {logging_mixin.py:190} INFO - [2025-08-17T14:54:31.520+0000] {dag.py:4138} INFO - Setting next_dagrun for example_subdag_operator to 2022-01-01 00:00:00+00:00, run_after=2022-01-01 00:00:00+00:00
[2025-08-17T14:54:31.523+0000] {logging_mixin.py:190} INFO - [2025-08-17T14:54:31.523+0000] {dag.py:4138} INFO - Setting next_dagrun for example_subdag_operator.section-1 to None, run_after=None
[2025-08-17T14:54:31.524+0000] {logging_mixin.py:190} INFO - [2025-08-17T14:54:31.524+0000] {dag.py:4138} INFO - Setting next_dagrun for example_subdag_operator.section-2 to None, run_after=None
[2025-08-17T14:54:31.529+0000] {logging_mixin.py:190} INFO - [2025-08-17T14:54:31.529+0000] {dag.py:3211} INFO - Sync 2 DAGs
[2025-08-17T14:54:31.534+0000] {logging_mixin.py:190} INFO - [2025-08-17T14:54:31.534+0000] {dag.py:4138} INFO - Setting next_dagrun for example_subdag_operator.section-1 to None, run_after=None
[2025-08-17T14:54:31.534+0000] {logging_mixin.py:190} INFO - [2025-08-17T14:54:31.534+0000] {dag.py:4138} INFO - Setting next_dagrun for example_subdag_operator.section-2 to None, run_after=None
[2025-08-17T14:54:31.542+0000] {processor.py:208} INFO - Processing /home/airflow/.local/lib/python3.12/site-packages/airflow/example_dags/example_subdag_operator.py took 0.083 seconds
