[2025-08-17T14:49:27.292+0000] {processor.py:186} INFO - Started process (PID=112) to work on /home/airflow/.local/lib/python3.12/site-packages/airflow/example_dags/example_short_circuit_operator.py
[2025-08-17T14:49:27.293+0000] {processor.py:914} INFO - Processing file /home/airflow/.local/lib/python3.12/site-packages/airflow/example_dags/example_short_circuit_operator.py for tasks to queue
[2025-08-17T14:49:27.296+0000] {logging_mixin.py:190} INFO - [2025-08-17T14:49:27.296+0000] {dagbag.py:587} INFO - Filling up the DagBag from /home/airflow/.local/lib/python3.12/site-packages/airflow/example_dags/example_short_circuit_operator.py
[2025-08-17T14:49:27.306+0000] {processor.py:925} INFO - DAG(s) 'example_short_circuit_operator' retrieved from /home/airflow/.local/lib/python3.12/site-packages/airflow/example_dags/example_short_circuit_operator.py
[2025-08-17T14:49:27.389+0000] {logging_mixin.py:190} INFO - [2025-08-17T14:49:27.388+0000] {override.py:1858} INFO - Created Permission View: can read on DAG:example_short_circuit_operator
[2025-08-17T14:49:27.397+0000] {logging_mixin.py:190} INFO - [2025-08-17T14:49:27.397+0000] {override.py:1858} INFO - Created Permission View: can delete on DAG:example_short_circuit_operator
[2025-08-17T14:49:27.402+0000] {logging_mixin.py:190} INFO - [2025-08-17T14:49:27.402+0000] {override.py:1858} INFO - Created Permission View: can edit on DAG:example_short_circuit_operator
[2025-08-17T14:49:27.403+0000] {logging_mixin.py:190} INFO - [2025-08-17T14:49:27.403+0000] {dag.py:3211} INFO - Sync 1 DAGs
[2025-08-17T14:49:27.413+0000] {logging_mixin.py:190} INFO - [2025-08-17T14:49:27.412+0000] {dag.py:3234} INFO - Creating ORM DAG for example_short_circuit_operator
[2025-08-17T14:49:27.420+0000] {logging_mixin.py:190} INFO - [2025-08-17T14:49:27.420+0000] {dag.py:4138} INFO - Setting next_dagrun for example_short_circuit_operator to 2025-08-16 00:00:00+00:00, run_after=2025-08-17 00:00:00+00:00
[2025-08-17T14:49:27.433+0000] {processor.py:208} INFO - Processing /home/airflow/.local/lib/python3.12/site-packages/airflow/example_dags/example_short_circuit_operator.py took 0.146 seconds
[2025-08-17T14:49:58.397+0000] {processor.py:186} INFO - Started process (PID=174) to work on /home/airflow/.local/lib/python3.12/site-packages/airflow/example_dags/example_short_circuit_operator.py
[2025-08-17T14:49:58.399+0000] {processor.py:914} INFO - Processing file /home/airflow/.local/lib/python3.12/site-packages/airflow/example_dags/example_short_circuit_operator.py for tasks to queue
[2025-08-17T14:49:58.402+0000] {logging_mixin.py:190} INFO - [2025-08-17T14:49:58.401+0000] {dagbag.py:587} INFO - Filling up the DagBag from /home/airflow/.local/lib/python3.12/site-packages/airflow/example_dags/example_short_circuit_operator.py
[2025-08-17T14:49:58.409+0000] {processor.py:925} INFO - DAG(s) 'example_short_circuit_operator' retrieved from /home/airflow/.local/lib/python3.12/site-packages/airflow/example_dags/example_short_circuit_operator.py
[2025-08-17T14:49:58.428+0000] {logging_mixin.py:190} INFO - [2025-08-17T14:49:58.428+0000] {dag.py:3211} INFO - Sync 1 DAGs
[2025-08-17T14:49:58.444+0000] {logging_mixin.py:190} INFO - [2025-08-17T14:49:58.444+0000] {dag.py:4138} INFO - Setting next_dagrun for example_short_circuit_operator to 2025-08-16 00:00:00+00:00, run_after=2025-08-17 00:00:00+00:00
[2025-08-17T14:49:58.460+0000] {processor.py:208} INFO - Processing /home/airflow/.local/lib/python3.12/site-packages/airflow/example_dags/example_short_circuit_operator.py took 0.069 seconds
[2025-08-17T14:50:29.067+0000] {processor.py:186} INFO - Started process (PID=236) to work on /home/airflow/.local/lib/python3.12/site-packages/airflow/example_dags/example_short_circuit_operator.py
[2025-08-17T14:50:29.068+0000] {processor.py:914} INFO - Processing file /home/airflow/.local/lib/python3.12/site-packages/airflow/example_dags/example_short_circuit_operator.py for tasks to queue
[2025-08-17T14:50:29.071+0000] {logging_mixin.py:190} INFO - [2025-08-17T14:50:29.071+0000] {dagbag.py:587} INFO - Filling up the DagBag from /home/airflow/.local/lib/python3.12/site-packages/airflow/example_dags/example_short_circuit_operator.py
[2025-08-17T14:50:29.079+0000] {processor.py:925} INFO - DAG(s) 'example_short_circuit_operator' retrieved from /home/airflow/.local/lib/python3.12/site-packages/airflow/example_dags/example_short_circuit_operator.py
[2025-08-17T14:50:29.098+0000] {logging_mixin.py:190} INFO - [2025-08-17T14:50:29.097+0000] {dag.py:3211} INFO - Sync 1 DAGs
[2025-08-17T14:50:29.116+0000] {logging_mixin.py:190} INFO - [2025-08-17T14:50:29.116+0000] {dag.py:4138} INFO - Setting next_dagrun for example_short_circuit_operator to 2025-08-16 00:00:00+00:00, run_after=2025-08-17 00:00:00+00:00
[2025-08-17T14:50:29.132+0000] {processor.py:208} INFO - Processing /home/airflow/.local/lib/python3.12/site-packages/airflow/example_dags/example_short_circuit_operator.py took 0.070 seconds
[2025-08-17T14:50:59.641+0000] {processor.py:186} INFO - Started process (PID=298) to work on /home/airflow/.local/lib/python3.12/site-packages/airflow/example_dags/example_short_circuit_operator.py
[2025-08-17T14:50:59.643+0000] {processor.py:914} INFO - Processing file /home/airflow/.local/lib/python3.12/site-packages/airflow/example_dags/example_short_circuit_operator.py for tasks to queue
[2025-08-17T14:50:59.645+0000] {logging_mixin.py:190} INFO - [2025-08-17T14:50:59.645+0000] {dagbag.py:587} INFO - Filling up the DagBag from /home/airflow/.local/lib/python3.12/site-packages/airflow/example_dags/example_short_circuit_operator.py
[2025-08-17T14:50:59.652+0000] {processor.py:925} INFO - DAG(s) 'example_short_circuit_operator' retrieved from /home/airflow/.local/lib/python3.12/site-packages/airflow/example_dags/example_short_circuit_operator.py
[2025-08-17T14:50:59.670+0000] {logging_mixin.py:190} INFO - [2025-08-17T14:50:59.670+0000] {dag.py:3211} INFO - Sync 1 DAGs
[2025-08-17T14:50:59.688+0000] {logging_mixin.py:190} INFO - [2025-08-17T14:50:59.688+0000] {dag.py:4138} INFO - Setting next_dagrun for example_short_circuit_operator to 2025-08-16 00:00:00+00:00, run_after=2025-08-17 00:00:00+00:00
[2025-08-17T14:50:59.703+0000] {processor.py:208} INFO - Processing /home/airflow/.local/lib/python3.12/site-packages/airflow/example_dags/example_short_circuit_operator.py took 0.067 seconds
[2025-08-17T14:51:30.506+0000] {processor.py:186} INFO - Started process (PID=360) to work on /home/airflow/.local/lib/python3.12/site-packages/airflow/example_dags/example_short_circuit_operator.py
[2025-08-17T14:51:30.508+0000] {processor.py:914} INFO - Processing file /home/airflow/.local/lib/python3.12/site-packages/airflow/example_dags/example_short_circuit_operator.py for tasks to queue
[2025-08-17T14:51:30.510+0000] {logging_mixin.py:190} INFO - [2025-08-17T14:51:30.510+0000] {dagbag.py:587} INFO - Filling up the DagBag from /home/airflow/.local/lib/python3.12/site-packages/airflow/example_dags/example_short_circuit_operator.py
[2025-08-17T14:51:30.518+0000] {processor.py:925} INFO - DAG(s) 'example_short_circuit_operator' retrieved from /home/airflow/.local/lib/python3.12/site-packages/airflow/example_dags/example_short_circuit_operator.py
[2025-08-17T14:51:30.537+0000] {logging_mixin.py:190} INFO - [2025-08-17T14:51:30.537+0000] {dag.py:3211} INFO - Sync 1 DAGs
[2025-08-17T14:51:30.558+0000] {logging_mixin.py:190} INFO - [2025-08-17T14:51:30.557+0000] {dag.py:4138} INFO - Setting next_dagrun for example_short_circuit_operator to 2025-08-16 00:00:00+00:00, run_after=2025-08-17 00:00:00+00:00
[2025-08-17T14:51:30.571+0000] {processor.py:208} INFO - Processing /home/airflow/.local/lib/python3.12/site-packages/airflow/example_dags/example_short_circuit_operator.py took 0.070 seconds
[2025-08-17T14:52:01.267+0000] {processor.py:186} INFO - Started process (PID=422) to work on /home/airflow/.local/lib/python3.12/site-packages/airflow/example_dags/example_short_circuit_operator.py
[2025-08-17T14:52:01.268+0000] {processor.py:914} INFO - Processing file /home/airflow/.local/lib/python3.12/site-packages/airflow/example_dags/example_short_circuit_operator.py for tasks to queue
[2025-08-17T14:52:01.271+0000] {logging_mixin.py:190} INFO - [2025-08-17T14:52:01.271+0000] {dagbag.py:587} INFO - Filling up the DagBag from /home/airflow/.local/lib/python3.12/site-packages/airflow/example_dags/example_short_circuit_operator.py
[2025-08-17T14:52:01.278+0000] {processor.py:925} INFO - DAG(s) 'example_short_circuit_operator' retrieved from /home/airflow/.local/lib/python3.12/site-packages/airflow/example_dags/example_short_circuit_operator.py
[2025-08-17T14:52:01.298+0000] {logging_mixin.py:190} INFO - [2025-08-17T14:52:01.298+0000] {dag.py:3211} INFO - Sync 1 DAGs
[2025-08-17T14:52:01.317+0000] {logging_mixin.py:190} INFO - [2025-08-17T14:52:01.317+0000] {dag.py:4138} INFO - Setting next_dagrun for example_short_circuit_operator to 2025-08-16 00:00:00+00:00, run_after=2025-08-17 00:00:00+00:00
[2025-08-17T14:52:01.334+0000] {processor.py:208} INFO - Processing /home/airflow/.local/lib/python3.12/site-packages/airflow/example_dags/example_short_circuit_operator.py took 0.072 seconds
[2025-08-17T14:52:31.548+0000] {processor.py:186} INFO - Started process (PID=484) to work on /home/airflow/.local/lib/python3.12/site-packages/airflow/example_dags/example_short_circuit_operator.py
[2025-08-17T14:52:31.549+0000] {processor.py:914} INFO - Processing file /home/airflow/.local/lib/python3.12/site-packages/airflow/example_dags/example_short_circuit_operator.py for tasks to queue
[2025-08-17T14:52:31.552+0000] {logging_mixin.py:190} INFO - [2025-08-17T14:52:31.551+0000] {dagbag.py:587} INFO - Filling up the DagBag from /home/airflow/.local/lib/python3.12/site-packages/airflow/example_dags/example_short_circuit_operator.py
[2025-08-17T14:52:31.560+0000] {processor.py:925} INFO - DAG(s) 'example_short_circuit_operator' retrieved from /home/airflow/.local/lib/python3.12/site-packages/airflow/example_dags/example_short_circuit_operator.py
[2025-08-17T14:52:31.579+0000] {logging_mixin.py:190} INFO - [2025-08-17T14:52:31.579+0000] {dag.py:3211} INFO - Sync 1 DAGs
[2025-08-17T14:52:31.598+0000] {logging_mixin.py:190} INFO - [2025-08-17T14:52:31.597+0000] {dag.py:4138} INFO - Setting next_dagrun for example_short_circuit_operator to 2025-08-16 00:00:00+00:00, run_after=2025-08-17 00:00:00+00:00
[2025-08-17T14:52:31.612+0000] {processor.py:208} INFO - Processing /home/airflow/.local/lib/python3.12/site-packages/airflow/example_dags/example_short_circuit_operator.py took 0.069 seconds
[2025-08-17T14:53:01.911+0000] {processor.py:186} INFO - Started process (PID=546) to work on /home/airflow/.local/lib/python3.12/site-packages/airflow/example_dags/example_short_circuit_operator.py
[2025-08-17T14:53:01.912+0000] {processor.py:914} INFO - Processing file /home/airflow/.local/lib/python3.12/site-packages/airflow/example_dags/example_short_circuit_operator.py for tasks to queue
[2025-08-17T14:53:01.915+0000] {logging_mixin.py:190} INFO - [2025-08-17T14:53:01.914+0000] {dagbag.py:587} INFO - Filling up the DagBag from /home/airflow/.local/lib/python3.12/site-packages/airflow/example_dags/example_short_circuit_operator.py
[2025-08-17T14:53:01.923+0000] {processor.py:925} INFO - DAG(s) 'example_short_circuit_operator' retrieved from /home/airflow/.local/lib/python3.12/site-packages/airflow/example_dags/example_short_circuit_operator.py
[2025-08-17T14:53:01.942+0000] {logging_mixin.py:190} INFO - [2025-08-17T14:53:01.941+0000] {dag.py:3211} INFO - Sync 1 DAGs
[2025-08-17T14:53:01.963+0000] {logging_mixin.py:190} INFO - [2025-08-17T14:53:01.963+0000] {dag.py:4138} INFO - Setting next_dagrun for example_short_circuit_operator to 2025-08-16 00:00:00+00:00, run_after=2025-08-17 00:00:00+00:00
[2025-08-17T14:53:01.980+0000] {processor.py:208} INFO - Processing /home/airflow/.local/lib/python3.12/site-packages/airflow/example_dags/example_short_circuit_operator.py took 0.074 seconds
[2025-08-17T14:53:32.855+0000] {processor.py:186} INFO - Started process (PID=608) to work on /home/airflow/.local/lib/python3.12/site-packages/airflow/example_dags/example_short_circuit_operator.py
[2025-08-17T14:53:32.857+0000] {processor.py:914} INFO - Processing file /home/airflow/.local/lib/python3.12/site-packages/airflow/example_dags/example_short_circuit_operator.py for tasks to queue
[2025-08-17T14:53:32.861+0000] {logging_mixin.py:190} INFO - [2025-08-17T14:53:32.860+0000] {dagbag.py:587} INFO - Filling up the DagBag from /home/airflow/.local/lib/python3.12/site-packages/airflow/example_dags/example_short_circuit_operator.py
[2025-08-17T14:53:32.873+0000] {processor.py:925} INFO - DAG(s) 'example_short_circuit_operator' retrieved from /home/airflow/.local/lib/python3.12/site-packages/airflow/example_dags/example_short_circuit_operator.py
[2025-08-17T14:53:32.899+0000] {logging_mixin.py:190} INFO - [2025-08-17T14:53:32.899+0000] {dag.py:3211} INFO - Sync 1 DAGs
[2025-08-17T14:53:32.922+0000] {logging_mixin.py:190} INFO - [2025-08-17T14:53:32.922+0000] {dag.py:4138} INFO - Setting next_dagrun for example_short_circuit_operator to 2025-08-16 00:00:00+00:00, run_after=2025-08-17 00:00:00+00:00
[2025-08-17T14:53:32.942+0000] {processor.py:208} INFO - Processing /home/airflow/.local/lib/python3.12/site-packages/airflow/example_dags/example_short_circuit_operator.py took 0.092 seconds
[2025-08-17T14:54:03.577+0000] {processor.py:186} INFO - Started process (PID=670) to work on /home/airflow/.local/lib/python3.12/site-packages/airflow/example_dags/example_short_circuit_operator.py
[2025-08-17T14:54:03.578+0000] {processor.py:914} INFO - Processing file /home/airflow/.local/lib/python3.12/site-packages/airflow/example_dags/example_short_circuit_operator.py for tasks to queue
[2025-08-17T14:54:03.582+0000] {logging_mixin.py:190} INFO - [2025-08-17T14:54:03.582+0000] {dagbag.py:587} INFO - Filling up the DagBag from /home/airflow/.local/lib/python3.12/site-packages/airflow/example_dags/example_short_circuit_operator.py
[2025-08-17T14:54:03.593+0000] {processor.py:925} INFO - DAG(s) 'example_short_circuit_operator' retrieved from /home/airflow/.local/lib/python3.12/site-packages/airflow/example_dags/example_short_circuit_operator.py
[2025-08-17T14:54:03.620+0000] {logging_mixin.py:190} INFO - [2025-08-17T14:54:03.620+0000] {dag.py:3211} INFO - Sync 1 DAGs
[2025-08-17T14:54:03.645+0000] {logging_mixin.py:190} INFO - [2025-08-17T14:54:03.645+0000] {dag.py:4138} INFO - Setting next_dagrun for example_short_circuit_operator to 2025-08-16 00:00:00+00:00, run_after=2025-08-17 00:00:00+00:00
[2025-08-17T14:54:03.667+0000] {processor.py:208} INFO - Processing /home/airflow/.local/lib/python3.12/site-packages/airflow/example_dags/example_short_circuit_operator.py took 0.098 seconds
[2025-08-17T14:54:34.480+0000] {processor.py:186} INFO - Started process (PID=732) to work on /home/airflow/.local/lib/python3.12/site-packages/airflow/example_dags/example_short_circuit_operator.py
[2025-08-17T14:54:34.482+0000] {processor.py:914} INFO - Processing file /home/airflow/.local/lib/python3.12/site-packages/airflow/example_dags/example_short_circuit_operator.py for tasks to queue
[2025-08-17T14:54:34.485+0000] {logging_mixin.py:190} INFO - [2025-08-17T14:54:34.484+0000] {dagbag.py:587} INFO - Filling up the DagBag from /home/airflow/.local/lib/python3.12/site-packages/airflow/example_dags/example_short_circuit_operator.py
[2025-08-17T14:54:34.491+0000] {processor.py:925} INFO - DAG(s) 'example_short_circuit_operator' retrieved from /home/airflow/.local/lib/python3.12/site-packages/airflow/example_dags/example_short_circuit_operator.py
[2025-08-17T14:54:34.510+0000] {logging_mixin.py:190} INFO - [2025-08-17T14:54:34.510+0000] {dag.py:3211} INFO - Sync 1 DAGs
[2025-08-17T14:54:34.526+0000] {logging_mixin.py:190} INFO - [2025-08-17T14:54:34.526+0000] {dag.py:4138} INFO - Setting next_dagrun for example_short_circuit_operator to 2025-08-16 00:00:00+00:00, run_after=2025-08-17 00:00:00+00:00
[2025-08-17T14:54:34.542+0000] {processor.py:208} INFO - Processing /home/airflow/.local/lib/python3.12/site-packages/airflow/example_dags/example_short_circuit_operator.py took 0.066 seconds
