[2025-08-17T14:49:27.474+0000] {processor.py:186} INFO - Started process (PID=114) to work on /home/airflow/.local/lib/python3.12/site-packages/airflow/example_dags/example_branch_python_dop_operator_3.py
[2025-08-17T14:49:27.475+0000] {processor.py:914} INFO - Processing file /home/airflow/.local/lib/python3.12/site-packages/airflow/example_dags/example_branch_python_dop_operator_3.py for tasks to queue
[2025-08-17T14:49:27.479+0000] {logging_mixin.py:190} INFO - [2025-08-17T14:49:27.478+0000] {dagbag.py:587} INFO - Filling up the DagBag from /home/airflow/.local/lib/python3.12/site-packages/airflow/example_dags/example_branch_python_dop_operator_3.py
[2025-08-17T14:49:27.489+0000] {processor.py:925} INFO - DAG(s) 'example_branch_dop_operator_v3' retrieved from /home/airflow/.local/lib/python3.12/site-packages/airflow/example_dags/example_branch_python_dop_operator_3.py
[2025-08-17T14:49:27.599+0000] {logging_mixin.py:190} INFO - [2025-08-17T14:49:27.598+0000] {override.py:1858} INFO - Created Permission View: can read on DAG:example_branch_dop_operator_v3
[2025-08-17T14:49:27.639+0000] {logging_mixin.py:190} INFO - [2025-08-17T14:49:27.638+0000] {override.py:1858} INFO - Created Permission View: can delete on DAG:example_branch_dop_operator_v3
[2025-08-17T14:49:27.651+0000] {logging_mixin.py:190} INFO - [2025-08-17T14:49:27.651+0000] {override.py:1858} INFO - Created Permission View: can edit on DAG:example_branch_dop_operator_v3
[2025-08-17T14:49:27.653+0000] {logging_mixin.py:190} INFO - [2025-08-17T14:49:27.652+0000] {dag.py:3211} INFO - Sync 1 DAGs
[2025-08-17T14:49:27.670+0000] {logging_mixin.py:190} INFO - [2025-08-17T14:49:27.670+0000] {dag.py:3234} INFO - Creating ORM DAG for example_branch_dop_operator_v3
[2025-08-17T14:49:27.686+0000] {logging_mixin.py:190} INFO - [2025-08-17T14:49:27.686+0000] {dag.py:4138} INFO - Setting next_dagrun for example_branch_dop_operator_v3 to 2025-08-17 14:48:00+00:00, run_after=2025-08-17 14:49:00+00:00
[2025-08-17T14:49:27.707+0000] {processor.py:208} INFO - Processing /home/airflow/.local/lib/python3.12/site-packages/airflow/example_dags/example_branch_python_dop_operator_3.py took 0.239 seconds
[2025-08-17T14:49:58.503+0000] {processor.py:186} INFO - Started process (PID=176) to work on /home/airflow/.local/lib/python3.12/site-packages/airflow/example_dags/example_branch_python_dop_operator_3.py
[2025-08-17T14:49:58.504+0000] {processor.py:914} INFO - Processing file /home/airflow/.local/lib/python3.12/site-packages/airflow/example_dags/example_branch_python_dop_operator_3.py for tasks to queue
[2025-08-17T14:49:58.506+0000] {logging_mixin.py:190} INFO - [2025-08-17T14:49:58.506+0000] {dagbag.py:587} INFO - Filling up the DagBag from /home/airflow/.local/lib/python3.12/site-packages/airflow/example_dags/example_branch_python_dop_operator_3.py
[2025-08-17T14:49:58.514+0000] {processor.py:925} INFO - DAG(s) 'example_branch_dop_operator_v3' retrieved from /home/airflow/.local/lib/python3.12/site-packages/airflow/example_dags/example_branch_python_dop_operator_3.py
[2025-08-17T14:49:58.533+0000] {logging_mixin.py:190} INFO - [2025-08-17T14:49:58.533+0000] {dag.py:3211} INFO - Sync 1 DAGs
[2025-08-17T14:49:58.551+0000] {logging_mixin.py:190} INFO - [2025-08-17T14:49:58.551+0000] {dag.py:4138} INFO - Setting next_dagrun for example_branch_dop_operator_v3 to 2025-08-17 14:48:00+00:00, run_after=2025-08-17 14:49:00+00:00
[2025-08-17T14:49:58.567+0000] {processor.py:208} INFO - Processing /home/airflow/.local/lib/python3.12/site-packages/airflow/example_dags/example_branch_python_dop_operator_3.py took 0.069 seconds
[2025-08-17T14:50:29.168+0000] {processor.py:186} INFO - Started process (PID=238) to work on /home/airflow/.local/lib/python3.12/site-packages/airflow/example_dags/example_branch_python_dop_operator_3.py
[2025-08-17T14:50:29.169+0000] {processor.py:914} INFO - Processing file /home/airflow/.local/lib/python3.12/site-packages/airflow/example_dags/example_branch_python_dop_operator_3.py for tasks to queue
[2025-08-17T14:50:29.171+0000] {logging_mixin.py:190} INFO - [2025-08-17T14:50:29.171+0000] {dagbag.py:587} INFO - Filling up the DagBag from /home/airflow/.local/lib/python3.12/site-packages/airflow/example_dags/example_branch_python_dop_operator_3.py
[2025-08-17T14:50:29.180+0000] {processor.py:925} INFO - DAG(s) 'example_branch_dop_operator_v3' retrieved from /home/airflow/.local/lib/python3.12/site-packages/airflow/example_dags/example_branch_python_dop_operator_3.py
[2025-08-17T14:50:29.196+0000] {logging_mixin.py:190} INFO - [2025-08-17T14:50:29.196+0000] {dag.py:3211} INFO - Sync 1 DAGs
[2025-08-17T14:50:29.216+0000] {logging_mixin.py:190} INFO - [2025-08-17T14:50:29.215+0000] {dag.py:4138} INFO - Setting next_dagrun for example_branch_dop_operator_v3 to 2025-08-17 14:49:00+00:00, run_after=2025-08-17 14:50:00+00:00
[2025-08-17T14:50:29.231+0000] {processor.py:208} INFO - Processing /home/airflow/.local/lib/python3.12/site-packages/airflow/example_dags/example_branch_python_dop_operator_3.py took 0.068 seconds
[2025-08-17T14:50:59.741+0000] {processor.py:186} INFO - Started process (PID=300) to work on /home/airflow/.local/lib/python3.12/site-packages/airflow/example_dags/example_branch_python_dop_operator_3.py
[2025-08-17T14:50:59.742+0000] {processor.py:914} INFO - Processing file /home/airflow/.local/lib/python3.12/site-packages/airflow/example_dags/example_branch_python_dop_operator_3.py for tasks to queue
[2025-08-17T14:50:59.744+0000] {logging_mixin.py:190} INFO - [2025-08-17T14:50:59.744+0000] {dagbag.py:587} INFO - Filling up the DagBag from /home/airflow/.local/lib/python3.12/site-packages/airflow/example_dags/example_branch_python_dop_operator_3.py
[2025-08-17T14:50:59.753+0000] {processor.py:925} INFO - DAG(s) 'example_branch_dop_operator_v3' retrieved from /home/airflow/.local/lib/python3.12/site-packages/airflow/example_dags/example_branch_python_dop_operator_3.py
[2025-08-17T14:50:59.770+0000] {logging_mixin.py:190} INFO - [2025-08-17T14:50:59.770+0000] {dag.py:3211} INFO - Sync 1 DAGs
[2025-08-17T14:50:59.790+0000] {logging_mixin.py:190} INFO - [2025-08-17T14:50:59.790+0000] {dag.py:4138} INFO - Setting next_dagrun for example_branch_dop_operator_v3 to 2025-08-17 14:49:00+00:00, run_after=2025-08-17 14:50:00+00:00
[2025-08-17T14:50:59.805+0000] {processor.py:208} INFO - Processing /home/airflow/.local/lib/python3.12/site-packages/airflow/example_dags/example_branch_python_dop_operator_3.py took 0.070 seconds
[2025-08-17T14:51:30.607+0000] {processor.py:186} INFO - Started process (PID=362) to work on /home/airflow/.local/lib/python3.12/site-packages/airflow/example_dags/example_branch_python_dop_operator_3.py
[2025-08-17T14:51:30.609+0000] {processor.py:914} INFO - Processing file /home/airflow/.local/lib/python3.12/site-packages/airflow/example_dags/example_branch_python_dop_operator_3.py for tasks to queue
[2025-08-17T14:51:30.612+0000] {logging_mixin.py:190} INFO - [2025-08-17T14:51:30.611+0000] {dagbag.py:587} INFO - Filling up the DagBag from /home/airflow/.local/lib/python3.12/site-packages/airflow/example_dags/example_branch_python_dop_operator_3.py
[2025-08-17T14:51:30.621+0000] {processor.py:925} INFO - DAG(s) 'example_branch_dop_operator_v3' retrieved from /home/airflow/.local/lib/python3.12/site-packages/airflow/example_dags/example_branch_python_dop_operator_3.py
[2025-08-17T14:51:30.639+0000] {logging_mixin.py:190} INFO - [2025-08-17T14:51:30.639+0000] {dag.py:3211} INFO - Sync 1 DAGs
[2025-08-17T14:51:30.661+0000] {logging_mixin.py:190} INFO - [2025-08-17T14:51:30.661+0000] {dag.py:4138} INFO - Setting next_dagrun for example_branch_dop_operator_v3 to 2025-08-17 14:50:00+00:00, run_after=2025-08-17 14:51:00+00:00
[2025-08-17T14:51:30.675+0000] {processor.py:208} INFO - Processing /home/airflow/.local/lib/python3.12/site-packages/airflow/example_dags/example_branch_python_dop_operator_3.py took 0.073 seconds
[2025-08-17T14:52:01.374+0000] {processor.py:186} INFO - Started process (PID=424) to work on /home/airflow/.local/lib/python3.12/site-packages/airflow/example_dags/example_branch_python_dop_operator_3.py
[2025-08-17T14:52:01.376+0000] {processor.py:914} INFO - Processing file /home/airflow/.local/lib/python3.12/site-packages/airflow/example_dags/example_branch_python_dop_operator_3.py for tasks to queue
[2025-08-17T14:52:01.379+0000] {logging_mixin.py:190} INFO - [2025-08-17T14:52:01.378+0000] {dagbag.py:587} INFO - Filling up the DagBag from /home/airflow/.local/lib/python3.12/site-packages/airflow/example_dags/example_branch_python_dop_operator_3.py
[2025-08-17T14:52:01.388+0000] {processor.py:925} INFO - DAG(s) 'example_branch_dop_operator_v3' retrieved from /home/airflow/.local/lib/python3.12/site-packages/airflow/example_dags/example_branch_python_dop_operator_3.py
[2025-08-17T14:52:01.406+0000] {logging_mixin.py:190} INFO - [2025-08-17T14:52:01.406+0000] {dag.py:3211} INFO - Sync 1 DAGs
[2025-08-17T14:52:01.427+0000] {logging_mixin.py:190} INFO - [2025-08-17T14:52:01.427+0000] {dag.py:4138} INFO - Setting next_dagrun for example_branch_dop_operator_v3 to 2025-08-17 14:51:00+00:00, run_after=2025-08-17 14:52:00+00:00
[2025-08-17T14:52:01.443+0000] {processor.py:208} INFO - Processing /home/airflow/.local/lib/python3.12/site-packages/airflow/example_dags/example_branch_python_dop_operator_3.py took 0.074 seconds
[2025-08-17T14:52:31.651+0000] {processor.py:186} INFO - Started process (PID=486) to work on /home/airflow/.local/lib/python3.12/site-packages/airflow/example_dags/example_branch_python_dop_operator_3.py
[2025-08-17T14:52:31.653+0000] {processor.py:914} INFO - Processing file /home/airflow/.local/lib/python3.12/site-packages/airflow/example_dags/example_branch_python_dop_operator_3.py for tasks to queue
[2025-08-17T14:52:31.655+0000] {logging_mixin.py:190} INFO - [2025-08-17T14:52:31.655+0000] {dagbag.py:587} INFO - Filling up the DagBag from /home/airflow/.local/lib/python3.12/site-packages/airflow/example_dags/example_branch_python_dop_operator_3.py
[2025-08-17T14:52:31.664+0000] {processor.py:925} INFO - DAG(s) 'example_branch_dop_operator_v3' retrieved from /home/airflow/.local/lib/python3.12/site-packages/airflow/example_dags/example_branch_python_dop_operator_3.py
[2025-08-17T14:52:31.681+0000] {logging_mixin.py:190} INFO - [2025-08-17T14:52:31.680+0000] {dag.py:3211} INFO - Sync 1 DAGs
[2025-08-17T14:52:31.700+0000] {logging_mixin.py:190} INFO - [2025-08-17T14:52:31.699+0000] {dag.py:4138} INFO - Setting next_dagrun for example_branch_dop_operator_v3 to 2025-08-17 14:51:00+00:00, run_after=2025-08-17 14:52:00+00:00
[2025-08-17T14:52:31.715+0000] {processor.py:208} INFO - Processing /home/airflow/.local/lib/python3.12/site-packages/airflow/example_dags/example_branch_python_dop_operator_3.py took 0.069 seconds
[2025-08-17T14:53:02.128+0000] {processor.py:186} INFO - Started process (PID=548) to work on /home/airflow/.local/lib/python3.12/site-packages/airflow/example_dags/example_branch_python_dop_operator_3.py
[2025-08-17T14:53:02.129+0000] {processor.py:914} INFO - Processing file /home/airflow/.local/lib/python3.12/site-packages/airflow/example_dags/example_branch_python_dop_operator_3.py for tasks to queue
[2025-08-17T14:53:02.132+0000] {logging_mixin.py:190} INFO - [2025-08-17T14:53:02.132+0000] {dagbag.py:587} INFO - Filling up the DagBag from /home/airflow/.local/lib/python3.12/site-packages/airflow/example_dags/example_branch_python_dop_operator_3.py
[2025-08-17T14:53:02.140+0000] {processor.py:925} INFO - DAG(s) 'example_branch_dop_operator_v3' retrieved from /home/airflow/.local/lib/python3.12/site-packages/airflow/example_dags/example_branch_python_dop_operator_3.py
[2025-08-17T14:53:02.157+0000] {logging_mixin.py:190} INFO - [2025-08-17T14:53:02.157+0000] {dag.py:3211} INFO - Sync 1 DAGs
[2025-08-17T14:53:02.177+0000] {logging_mixin.py:190} INFO - [2025-08-17T14:53:02.177+0000] {dag.py:4138} INFO - Setting next_dagrun for example_branch_dop_operator_v3 to 2025-08-17 14:52:00+00:00, run_after=2025-08-17 14:53:00+00:00
[2025-08-17T14:53:02.191+0000] {processor.py:208} INFO - Processing /home/airflow/.local/lib/python3.12/site-packages/airflow/example_dags/example_branch_python_dop_operator_3.py took 0.068 seconds
[2025-08-17T14:53:33.231+0000] {processor.py:186} INFO - Started process (PID=610) to work on /home/airflow/.local/lib/python3.12/site-packages/airflow/example_dags/example_branch_python_dop_operator_3.py
[2025-08-17T14:53:33.235+0000] {processor.py:914} INFO - Processing file /home/airflow/.local/lib/python3.12/site-packages/airflow/example_dags/example_branch_python_dop_operator_3.py for tasks to queue
[2025-08-17T14:53:33.240+0000] {logging_mixin.py:190} INFO - [2025-08-17T14:53:33.240+0000] {dagbag.py:587} INFO - Filling up the DagBag from /home/airflow/.local/lib/python3.12/site-packages/airflow/example_dags/example_branch_python_dop_operator_3.py
[2025-08-17T14:53:33.251+0000] {processor.py:925} INFO - DAG(s) 'example_branch_dop_operator_v3' retrieved from /home/airflow/.local/lib/python3.12/site-packages/airflow/example_dags/example_branch_python_dop_operator_3.py
[2025-08-17T14:53:33.278+0000] {logging_mixin.py:190} INFO - [2025-08-17T14:53:33.278+0000] {dag.py:3211} INFO - Sync 1 DAGs
[2025-08-17T14:53:33.314+0000] {logging_mixin.py:190} INFO - [2025-08-17T14:53:33.314+0000] {dag.py:4138} INFO - Setting next_dagrun for example_branch_dop_operator_v3 to 2025-08-17 14:52:00+00:00, run_after=2025-08-17 14:53:00+00:00
[2025-08-17T14:53:33.336+0000] {processor.py:208} INFO - Processing /home/airflow/.local/lib/python3.12/site-packages/airflow/example_dags/example_branch_python_dop_operator_3.py took 0.112 seconds
[2025-08-17T14:54:03.710+0000] {processor.py:186} INFO - Started process (PID=672) to work on /home/airflow/.local/lib/python3.12/site-packages/airflow/example_dags/example_branch_python_dop_operator_3.py
[2025-08-17T14:54:03.712+0000] {processor.py:914} INFO - Processing file /home/airflow/.local/lib/python3.12/site-packages/airflow/example_dags/example_branch_python_dop_operator_3.py for tasks to queue
[2025-08-17T14:54:03.716+0000] {logging_mixin.py:190} INFO - [2025-08-17T14:54:03.715+0000] {dagbag.py:587} INFO - Filling up the DagBag from /home/airflow/.local/lib/python3.12/site-packages/airflow/example_dags/example_branch_python_dop_operator_3.py
[2025-08-17T14:54:03.728+0000] {processor.py:925} INFO - DAG(s) 'example_branch_dop_operator_v3' retrieved from /home/airflow/.local/lib/python3.12/site-packages/airflow/example_dags/example_branch_python_dop_operator_3.py
[2025-08-17T14:54:03.748+0000] {logging_mixin.py:190} INFO - [2025-08-17T14:54:03.748+0000] {dag.py:3211} INFO - Sync 1 DAGs
[2025-08-17T14:54:03.770+0000] {logging_mixin.py:190} INFO - [2025-08-17T14:54:03.770+0000] {dag.py:4138} INFO - Setting next_dagrun for example_branch_dop_operator_v3 to 2025-08-17 14:53:00+00:00, run_after=2025-08-17 14:54:00+00:00
[2025-08-17T14:54:03.787+0000] {processor.py:208} INFO - Processing /home/airflow/.local/lib/python3.12/site-packages/airflow/example_dags/example_branch_python_dop_operator_3.py took 0.083 seconds
[2025-08-17T14:54:34.596+0000] {processor.py:186} INFO - Started process (PID=734) to work on /home/airflow/.local/lib/python3.12/site-packages/airflow/example_dags/example_branch_python_dop_operator_3.py
[2025-08-17T14:54:34.597+0000] {processor.py:914} INFO - Processing file /home/airflow/.local/lib/python3.12/site-packages/airflow/example_dags/example_branch_python_dop_operator_3.py for tasks to queue
[2025-08-17T14:54:34.599+0000] {logging_mixin.py:190} INFO - [2025-08-17T14:54:34.599+0000] {dagbag.py:587} INFO - Filling up the DagBag from /home/airflow/.local/lib/python3.12/site-packages/airflow/example_dags/example_branch_python_dop_operator_3.py
[2025-08-17T14:54:34.608+0000] {processor.py:925} INFO - DAG(s) 'example_branch_dop_operator_v3' retrieved from /home/airflow/.local/lib/python3.12/site-packages/airflow/example_dags/example_branch_python_dop_operator_3.py
[2025-08-17T14:54:34.626+0000] {logging_mixin.py:190} INFO - [2025-08-17T14:54:34.626+0000] {dag.py:3211} INFO - Sync 1 DAGs
[2025-08-17T14:54:34.646+0000] {logging_mixin.py:190} INFO - [2025-08-17T14:54:34.646+0000] {dag.py:4138} INFO - Setting next_dagrun for example_branch_dop_operator_v3 to 2025-08-17 14:53:00+00:00, run_after=2025-08-17 14:54:00+00:00
[2025-08-17T14:54:34.661+0000] {processor.py:208} INFO - Processing /home/airflow/.local/lib/python3.12/site-packages/airflow/example_dags/example_branch_python_dop_operator_3.py took 0.070 seconds
