[2025-08-17T14:49:24.341+0000] {processor.py:186} INFO - Started process (PID=87) to work on /home/airflow/.local/lib/python3.12/site-packages/airflow/example_dags/example_branch_datetime_operator.py
[2025-08-17T14:49:24.342+0000] {processor.py:914} INFO - Processing file /home/airflow/.local/lib/python3.12/site-packages/airflow/example_dags/example_branch_datetime_operator.py for tasks to queue
[2025-08-17T14:49:24.345+0000] {logging_mixin.py:190} INFO - [2025-08-17T14:49:24.345+0000] {dagbag.py:587} INFO - Filling up the DagBag from /home/airflow/.local/lib/python3.12/site-packages/airflow/example_dags/example_branch_datetime_operator.py
[2025-08-17T14:49:24.359+0000] {processor.py:925} INFO - DAG(s) 'example_branch_datetime_operator_2', 'example_branch_datetime_operator_3', 'example_branch_datetime_operator' retrieved from /home/airflow/.local/lib/python3.12/site-packages/airflow/example_dags/example_branch_datetime_operator.py
[2025-08-17T14:49:24.462+0000] {logging_mixin.py:190} INFO - [2025-08-17T14:49:24.461+0000] {override.py:1858} INFO - Created Permission View: can read on DAG:example_branch_datetime_operator_2
[2025-08-17T14:49:24.471+0000] {logging_mixin.py:190} INFO - [2025-08-17T14:49:24.471+0000] {override.py:1858} INFO - Created Permission View: can delete on DAG:example_branch_datetime_operator_2
[2025-08-17T14:49:24.477+0000] {logging_mixin.py:190} INFO - [2025-08-17T14:49:24.477+0000] {override.py:1858} INFO - Created Permission View: can edit on DAG:example_branch_datetime_operator_2
[2025-08-17T14:49:24.488+0000] {logging_mixin.py:190} INFO - [2025-08-17T14:49:24.488+0000] {override.py:1858} INFO - Created Permission View: can read on DAG:example_branch_datetime_operator_3
[2025-08-17T14:49:24.494+0000] {logging_mixin.py:190} INFO - [2025-08-17T14:49:24.493+0000] {override.py:1858} INFO - Created Permission View: can delete on DAG:example_branch_datetime_operator_3
[2025-08-17T14:49:24.501+0000] {logging_mixin.py:190} INFO - [2025-08-17T14:49:24.500+0000] {override.py:1858} INFO - Created Permission View: can edit on DAG:example_branch_datetime_operator_3
[2025-08-17T14:49:24.512+0000] {logging_mixin.py:190} INFO - [2025-08-17T14:49:24.512+0000] {override.py:1858} INFO - Created Permission View: can read on DAG:example_branch_datetime_operator
[2025-08-17T14:49:24.518+0000] {logging_mixin.py:190} INFO - [2025-08-17T14:49:24.518+0000] {override.py:1858} INFO - Created Permission View: can delete on DAG:example_branch_datetime_operator
[2025-08-17T14:49:24.524+0000] {logging_mixin.py:190} INFO - [2025-08-17T14:49:24.524+0000] {override.py:1858} INFO - Created Permission View: can edit on DAG:example_branch_datetime_operator
[2025-08-17T14:49:24.525+0000] {logging_mixin.py:190} INFO - [2025-08-17T14:49:24.525+0000] {dag.py:3211} INFO - Sync 3 DAGs
[2025-08-17T14:49:24.537+0000] {logging_mixin.py:190} INFO - [2025-08-17T14:49:24.537+0000] {dag.py:3234} INFO - Creating ORM DAG for example_branch_datetime_operator_2
[2025-08-17T14:49:24.538+0000] {logging_mixin.py:190} INFO - [2025-08-17T14:49:24.538+0000] {dag.py:3234} INFO - Creating ORM DAG for example_branch_datetime_operator_3
[2025-08-17T14:49:24.539+0000] {logging_mixin.py:190} INFO - [2025-08-17T14:49:24.539+0000] {dag.py:3234} INFO - Creating ORM DAG for example_branch_datetime_operator
[2025-08-17T14:49:24.550+0000] {logging_mixin.py:190} INFO - [2025-08-17T14:49:24.550+0000] {dag.py:4138} INFO - Setting next_dagrun for example_branch_datetime_operator to 2025-08-16 00:00:00+00:00, run_after=2025-08-17 00:00:00+00:00
[2025-08-17T14:49:24.552+0000] {logging_mixin.py:190} INFO - [2025-08-17T14:49:24.551+0000] {dag.py:4138} INFO - Setting next_dagrun for example_branch_datetime_operator_2 to 2025-08-16 00:00:00+00:00, run_after=2025-08-17 00:00:00+00:00
[2025-08-17T14:49:24.553+0000] {logging_mixin.py:190} INFO - [2025-08-17T14:49:24.553+0000] {dag.py:4138} INFO - Setting next_dagrun for example_branch_datetime_operator_3 to 2025-08-16 00:00:00+00:00, run_after=2025-08-17 00:00:00+00:00
[2025-08-17T14:49:24.571+0000] {processor.py:208} INFO - Processing /home/airflow/.local/lib/python3.12/site-packages/airflow/example_dags/example_branch_datetime_operator.py took 0.236 seconds
[2025-08-17T14:49:54.907+0000] {processor.py:186} INFO - Started process (PID=149) to work on /home/airflow/.local/lib/python3.12/site-packages/airflow/example_dags/example_branch_datetime_operator.py
[2025-08-17T14:49:54.908+0000] {processor.py:914} INFO - Processing file /home/airflow/.local/lib/python3.12/site-packages/airflow/example_dags/example_branch_datetime_operator.py for tasks to queue
[2025-08-17T14:49:54.910+0000] {logging_mixin.py:190} INFO - [2025-08-17T14:49:54.910+0000] {dagbag.py:587} INFO - Filling up the DagBag from /home/airflow/.local/lib/python3.12/site-packages/airflow/example_dags/example_branch_datetime_operator.py
[2025-08-17T14:49:54.920+0000] {processor.py:925} INFO - DAG(s) 'example_branch_datetime_operator_2', 'example_branch_datetime_operator', 'example_branch_datetime_operator_3' retrieved from /home/airflow/.local/lib/python3.12/site-packages/airflow/example_dags/example_branch_datetime_operator.py
[2025-08-17T14:49:54.946+0000] {logging_mixin.py:190} INFO - [2025-08-17T14:49:54.946+0000] {dag.py:3211} INFO - Sync 3 DAGs
[2025-08-17T14:49:54.967+0000] {logging_mixin.py:190} INFO - [2025-08-17T14:49:54.967+0000] {dag.py:4138} INFO - Setting next_dagrun for example_branch_datetime_operator to 2025-08-16 00:00:00+00:00, run_after=2025-08-17 00:00:00+00:00
[2025-08-17T14:49:54.972+0000] {logging_mixin.py:190} INFO - [2025-08-17T14:49:54.972+0000] {dag.py:4138} INFO - Setting next_dagrun for example_branch_datetime_operator_2 to 2025-08-16 00:00:00+00:00, run_after=2025-08-17 00:00:00+00:00
[2025-08-17T14:49:54.974+0000] {logging_mixin.py:190} INFO - [2025-08-17T14:49:54.974+0000] {dag.py:4138} INFO - Setting next_dagrun for example_branch_datetime_operator_3 to 2025-08-16 00:00:00+00:00, run_after=2025-08-17 00:00:00+00:00
[2025-08-17T14:49:54.988+0000] {processor.py:208} INFO - Processing /home/airflow/.local/lib/python3.12/site-packages/airflow/example_dags/example_branch_datetime_operator.py took 0.086 seconds
[2025-08-17T14:50:25.498+0000] {processor.py:186} INFO - Started process (PID=211) to work on /home/airflow/.local/lib/python3.12/site-packages/airflow/example_dags/example_branch_datetime_operator.py
[2025-08-17T14:50:25.500+0000] {processor.py:914} INFO - Processing file /home/airflow/.local/lib/python3.12/site-packages/airflow/example_dags/example_branch_datetime_operator.py for tasks to queue
[2025-08-17T14:50:25.502+0000] {logging_mixin.py:190} INFO - [2025-08-17T14:50:25.502+0000] {dagbag.py:587} INFO - Filling up the DagBag from /home/airflow/.local/lib/python3.12/site-packages/airflow/example_dags/example_branch_datetime_operator.py
[2025-08-17T14:50:25.510+0000] {processor.py:925} INFO - DAG(s) 'example_branch_datetime_operator_3', 'example_branch_datetime_operator_2', 'example_branch_datetime_operator' retrieved from /home/airflow/.local/lib/python3.12/site-packages/airflow/example_dags/example_branch_datetime_operator.py
[2025-08-17T14:50:25.531+0000] {logging_mixin.py:190} INFO - [2025-08-17T14:50:25.531+0000] {dag.py:3211} INFO - Sync 3 DAGs
[2025-08-17T14:50:25.547+0000] {logging_mixin.py:190} INFO - [2025-08-17T14:50:25.547+0000] {dag.py:4138} INFO - Setting next_dagrun for example_branch_datetime_operator to 2025-08-16 00:00:00+00:00, run_after=2025-08-17 00:00:00+00:00
[2025-08-17T14:50:25.551+0000] {logging_mixin.py:190} INFO - [2025-08-17T14:50:25.551+0000] {dag.py:4138} INFO - Setting next_dagrun for example_branch_datetime_operator_2 to 2025-08-16 00:00:00+00:00, run_after=2025-08-17 00:00:00+00:00
[2025-08-17T14:50:25.553+0000] {logging_mixin.py:190} INFO - [2025-08-17T14:50:25.553+0000] {dag.py:4138} INFO - Setting next_dagrun for example_branch_datetime_operator_3 to 2025-08-16 00:00:00+00:00, run_after=2025-08-17 00:00:00+00:00
[2025-08-17T14:50:25.567+0000] {processor.py:208} INFO - Processing /home/airflow/.local/lib/python3.12/site-packages/airflow/example_dags/example_branch_datetime_operator.py took 0.073 seconds
[2025-08-17T14:50:56.044+0000] {processor.py:186} INFO - Started process (PID=273) to work on /home/airflow/.local/lib/python3.12/site-packages/airflow/example_dags/example_branch_datetime_operator.py
[2025-08-17T14:50:56.046+0000] {processor.py:914} INFO - Processing file /home/airflow/.local/lib/python3.12/site-packages/airflow/example_dags/example_branch_datetime_operator.py for tasks to queue
[2025-08-17T14:50:56.048+0000] {logging_mixin.py:190} INFO - [2025-08-17T14:50:56.048+0000] {dagbag.py:587} INFO - Filling up the DagBag from /home/airflow/.local/lib/python3.12/site-packages/airflow/example_dags/example_branch_datetime_operator.py
[2025-08-17T14:50:56.058+0000] {processor.py:925} INFO - DAG(s) 'example_branch_datetime_operator_2', 'example_branch_datetime_operator_3', 'example_branch_datetime_operator' retrieved from /home/airflow/.local/lib/python3.12/site-packages/airflow/example_dags/example_branch_datetime_operator.py
[2025-08-17T14:50:56.078+0000] {logging_mixin.py:190} INFO - [2025-08-17T14:50:56.078+0000] {dag.py:3211} INFO - Sync 3 DAGs
[2025-08-17T14:50:56.096+0000] {logging_mixin.py:190} INFO - [2025-08-17T14:50:56.096+0000] {dag.py:4138} INFO - Setting next_dagrun for example_branch_datetime_operator to 2025-08-16 00:00:00+00:00, run_after=2025-08-17 00:00:00+00:00
[2025-08-17T14:50:56.100+0000] {logging_mixin.py:190} INFO - [2025-08-17T14:50:56.099+0000] {dag.py:4138} INFO - Setting next_dagrun for example_branch_datetime_operator_2 to 2025-08-16 00:00:00+00:00, run_after=2025-08-17 00:00:00+00:00
[2025-08-17T14:50:56.102+0000] {logging_mixin.py:190} INFO - [2025-08-17T14:50:56.102+0000] {dag.py:4138} INFO - Setting next_dagrun for example_branch_datetime_operator_3 to 2025-08-16 00:00:00+00:00, run_after=2025-08-17 00:00:00+00:00
[2025-08-17T14:50:56.118+0000] {processor.py:208} INFO - Processing /home/airflow/.local/lib/python3.12/site-packages/airflow/example_dags/example_branch_datetime_operator.py took 0.080 seconds
[2025-08-17T14:51:26.702+0000] {processor.py:186} INFO - Started process (PID=335) to work on /home/airflow/.local/lib/python3.12/site-packages/airflow/example_dags/example_branch_datetime_operator.py
[2025-08-17T14:51:26.703+0000] {processor.py:914} INFO - Processing file /home/airflow/.local/lib/python3.12/site-packages/airflow/example_dags/example_branch_datetime_operator.py for tasks to queue
[2025-08-17T14:51:26.705+0000] {logging_mixin.py:190} INFO - [2025-08-17T14:51:26.705+0000] {dagbag.py:587} INFO - Filling up the DagBag from /home/airflow/.local/lib/python3.12/site-packages/airflow/example_dags/example_branch_datetime_operator.py
[2025-08-17T14:51:26.714+0000] {processor.py:925} INFO - DAG(s) 'example_branch_datetime_operator_2', 'example_branch_datetime_operator_3', 'example_branch_datetime_operator' retrieved from /home/airflow/.local/lib/python3.12/site-packages/airflow/example_dags/example_branch_datetime_operator.py
[2025-08-17T14:51:26.734+0000] {logging_mixin.py:190} INFO - [2025-08-17T14:51:26.734+0000] {dag.py:3211} INFO - Sync 3 DAGs
[2025-08-17T14:51:26.751+0000] {logging_mixin.py:190} INFO - [2025-08-17T14:51:26.751+0000] {dag.py:4138} INFO - Setting next_dagrun for example_branch_datetime_operator to 2025-08-16 00:00:00+00:00, run_after=2025-08-17 00:00:00+00:00
[2025-08-17T14:51:26.754+0000] {logging_mixin.py:190} INFO - [2025-08-17T14:51:26.754+0000] {dag.py:4138} INFO - Setting next_dagrun for example_branch_datetime_operator_2 to 2025-08-16 00:00:00+00:00, run_after=2025-08-17 00:00:00+00:00
[2025-08-17T14:51:26.757+0000] {logging_mixin.py:190} INFO - [2025-08-17T14:51:26.756+0000] {dag.py:4138} INFO - Setting next_dagrun for example_branch_datetime_operator_3 to 2025-08-16 00:00:00+00:00, run_after=2025-08-17 00:00:00+00:00
[2025-08-17T14:51:26.769+0000] {processor.py:208} INFO - Processing /home/airflow/.local/lib/python3.12/site-packages/airflow/example_dags/example_branch_datetime_operator.py took 0.072 seconds
[2025-08-17T14:51:57.690+0000] {processor.py:186} INFO - Started process (PID=397) to work on /home/airflow/.local/lib/python3.12/site-packages/airflow/example_dags/example_branch_datetime_operator.py
[2025-08-17T14:51:57.692+0000] {processor.py:914} INFO - Processing file /home/airflow/.local/lib/python3.12/site-packages/airflow/example_dags/example_branch_datetime_operator.py for tasks to queue
[2025-08-17T14:51:57.694+0000] {logging_mixin.py:190} INFO - [2025-08-17T14:51:57.694+0000] {dagbag.py:587} INFO - Filling up the DagBag from /home/airflow/.local/lib/python3.12/site-packages/airflow/example_dags/example_branch_datetime_operator.py
[2025-08-17T14:51:57.704+0000] {processor.py:925} INFO - DAG(s) 'example_branch_datetime_operator', 'example_branch_datetime_operator_3', 'example_branch_datetime_operator_2' retrieved from /home/airflow/.local/lib/python3.12/site-packages/airflow/example_dags/example_branch_datetime_operator.py
[2025-08-17T14:51:57.726+0000] {logging_mixin.py:190} INFO - [2025-08-17T14:51:57.725+0000] {dag.py:3211} INFO - Sync 3 DAGs
[2025-08-17T14:51:57.743+0000] {logging_mixin.py:190} INFO - [2025-08-17T14:51:57.742+0000] {dag.py:4138} INFO - Setting next_dagrun for example_branch_datetime_operator to 2025-08-16 00:00:00+00:00, run_after=2025-08-17 00:00:00+00:00
[2025-08-17T14:51:57.746+0000] {logging_mixin.py:190} INFO - [2025-08-17T14:51:57.746+0000] {dag.py:4138} INFO - Setting next_dagrun for example_branch_datetime_operator_2 to 2025-08-16 00:00:00+00:00, run_after=2025-08-17 00:00:00+00:00
[2025-08-17T14:51:57.749+0000] {logging_mixin.py:190} INFO - [2025-08-17T14:51:57.749+0000] {dag.py:4138} INFO - Setting next_dagrun for example_branch_datetime_operator_3 to 2025-08-16 00:00:00+00:00, run_after=2025-08-17 00:00:00+00:00
[2025-08-17T14:51:57.763+0000] {processor.py:208} INFO - Processing /home/airflow/.local/lib/python3.12/site-packages/airflow/example_dags/example_branch_datetime_operator.py took 0.078 seconds
[2025-08-17T14:52:28.559+0000] {processor.py:186} INFO - Started process (PID=459) to work on /home/airflow/.local/lib/python3.12/site-packages/airflow/example_dags/example_branch_datetime_operator.py
[2025-08-17T14:52:28.560+0000] {processor.py:914} INFO - Processing file /home/airflow/.local/lib/python3.12/site-packages/airflow/example_dags/example_branch_datetime_operator.py for tasks to queue
[2025-08-17T14:52:28.563+0000] {logging_mixin.py:190} INFO - [2025-08-17T14:52:28.563+0000] {dagbag.py:587} INFO - Filling up the DagBag from /home/airflow/.local/lib/python3.12/site-packages/airflow/example_dags/example_branch_datetime_operator.py
[2025-08-17T14:52:28.572+0000] {processor.py:925} INFO - DAG(s) 'example_branch_datetime_operator_2', 'example_branch_datetime_operator', 'example_branch_datetime_operator_3' retrieved from /home/airflow/.local/lib/python3.12/site-packages/airflow/example_dags/example_branch_datetime_operator.py
[2025-08-17T14:52:28.595+0000] {logging_mixin.py:190} INFO - [2025-08-17T14:52:28.595+0000] {dag.py:3211} INFO - Sync 3 DAGs
[2025-08-17T14:52:28.614+0000] {logging_mixin.py:190} INFO - [2025-08-17T14:52:28.614+0000] {dag.py:4138} INFO - Setting next_dagrun for example_branch_datetime_operator to 2025-08-16 00:00:00+00:00, run_after=2025-08-17 00:00:00+00:00
[2025-08-17T14:52:28.620+0000] {logging_mixin.py:190} INFO - [2025-08-17T14:52:28.620+0000] {dag.py:4138} INFO - Setting next_dagrun for example_branch_datetime_operator_2 to 2025-08-16 00:00:00+00:00, run_after=2025-08-17 00:00:00+00:00
[2025-08-17T14:52:28.622+0000] {logging_mixin.py:190} INFO - [2025-08-17T14:52:28.622+0000] {dag.py:4138} INFO - Setting next_dagrun for example_branch_datetime_operator_3 to 2025-08-16 00:00:00+00:00, run_after=2025-08-17 00:00:00+00:00
[2025-08-17T14:52:28.637+0000] {processor.py:208} INFO - Processing /home/airflow/.local/lib/python3.12/site-packages/airflow/example_dags/example_branch_datetime_operator.py took 0.083 seconds
[2025-08-17T14:52:58.995+0000] {processor.py:186} INFO - Started process (PID=521) to work on /home/airflow/.local/lib/python3.12/site-packages/airflow/example_dags/example_branch_datetime_operator.py
[2025-08-17T14:52:59.001+0000] {processor.py:914} INFO - Processing file /home/airflow/.local/lib/python3.12/site-packages/airflow/example_dags/example_branch_datetime_operator.py for tasks to queue
[2025-08-17T14:52:59.008+0000] {logging_mixin.py:190} INFO - [2025-08-17T14:52:59.008+0000] {dagbag.py:587} INFO - Filling up the DagBag from /home/airflow/.local/lib/python3.12/site-packages/airflow/example_dags/example_branch_datetime_operator.py
[2025-08-17T14:52:59.023+0000] {processor.py:925} INFO - DAG(s) 'example_branch_datetime_operator', 'example_branch_datetime_operator_2', 'example_branch_datetime_operator_3' retrieved from /home/airflow/.local/lib/python3.12/site-packages/airflow/example_dags/example_branch_datetime_operator.py
[2025-08-17T14:52:59.047+0000] {logging_mixin.py:190} INFO - [2025-08-17T14:52:59.047+0000] {dag.py:3211} INFO - Sync 3 DAGs
[2025-08-17T14:52:59.067+0000] {logging_mixin.py:190} INFO - [2025-08-17T14:52:59.067+0000] {dag.py:4138} INFO - Setting next_dagrun for example_branch_datetime_operator to 2025-08-16 00:00:00+00:00, run_after=2025-08-17 00:00:00+00:00
[2025-08-17T14:52:59.073+0000] {logging_mixin.py:190} INFO - [2025-08-17T14:52:59.073+0000] {dag.py:4138} INFO - Setting next_dagrun for example_branch_datetime_operator_2 to 2025-08-16 00:00:00+00:00, run_after=2025-08-17 00:00:00+00:00
[2025-08-17T14:52:59.076+0000] {logging_mixin.py:190} INFO - [2025-08-17T14:52:59.075+0000] {dag.py:4138} INFO - Setting next_dagrun for example_branch_datetime_operator_3 to 2025-08-16 00:00:00+00:00, run_after=2025-08-17 00:00:00+00:00
[2025-08-17T14:52:59.088+0000] {processor.py:208} INFO - Processing /home/airflow/.local/lib/python3.12/site-packages/airflow/example_dags/example_branch_datetime_operator.py took 0.099 seconds
[2025-08-17T14:53:29.719+0000] {processor.py:186} INFO - Started process (PID=583) to work on /home/airflow/.local/lib/python3.12/site-packages/airflow/example_dags/example_branch_datetime_operator.py
[2025-08-17T14:53:29.721+0000] {processor.py:914} INFO - Processing file /home/airflow/.local/lib/python3.12/site-packages/airflow/example_dags/example_branch_datetime_operator.py for tasks to queue
[2025-08-17T14:53:29.727+0000] {logging_mixin.py:190} INFO - [2025-08-17T14:53:29.727+0000] {dagbag.py:587} INFO - Filling up the DagBag from /home/airflow/.local/lib/python3.12/site-packages/airflow/example_dags/example_branch_datetime_operator.py
[2025-08-17T14:53:29.741+0000] {processor.py:925} INFO - DAG(s) 'example_branch_datetime_operator_3', 'example_branch_datetime_operator_2', 'example_branch_datetime_operator' retrieved from /home/airflow/.local/lib/python3.12/site-packages/airflow/example_dags/example_branch_datetime_operator.py
[2025-08-17T14:53:29.767+0000] {logging_mixin.py:190} INFO - [2025-08-17T14:53:29.767+0000] {dag.py:3211} INFO - Sync 3 DAGs
[2025-08-17T14:53:29.793+0000] {logging_mixin.py:190} INFO - [2025-08-17T14:53:29.793+0000] {dag.py:4138} INFO - Setting next_dagrun for example_branch_datetime_operator to 2025-08-16 00:00:00+00:00, run_after=2025-08-17 00:00:00+00:00
[2025-08-17T14:53:29.799+0000] {logging_mixin.py:190} INFO - [2025-08-17T14:53:29.799+0000] {dag.py:4138} INFO - Setting next_dagrun for example_branch_datetime_operator_2 to 2025-08-16 00:00:00+00:00, run_after=2025-08-17 00:00:00+00:00
[2025-08-17T14:53:29.803+0000] {logging_mixin.py:190} INFO - [2025-08-17T14:53:29.803+0000] {dag.py:4138} INFO - Setting next_dagrun for example_branch_datetime_operator_3 to 2025-08-16 00:00:00+00:00, run_after=2025-08-17 00:00:00+00:00
[2025-08-17T14:53:29.823+0000] {processor.py:208} INFO - Processing /home/airflow/.local/lib/python3.12/site-packages/airflow/example_dags/example_branch_datetime_operator.py took 0.110 seconds
[2025-08-17T14:53:59.982+0000] {processor.py:186} INFO - Started process (PID=645) to work on /home/airflow/.local/lib/python3.12/site-packages/airflow/example_dags/example_branch_datetime_operator.py
[2025-08-17T14:53:59.983+0000] {processor.py:914} INFO - Processing file /home/airflow/.local/lib/python3.12/site-packages/airflow/example_dags/example_branch_datetime_operator.py for tasks to queue
[2025-08-17T14:53:59.987+0000] {logging_mixin.py:190} INFO - [2025-08-17T14:53:59.987+0000] {dagbag.py:587} INFO - Filling up the DagBag from /home/airflow/.local/lib/python3.12/site-packages/airflow/example_dags/example_branch_datetime_operator.py
[2025-08-17T14:54:00.002+0000] {processor.py:925} INFO - DAG(s) 'example_branch_datetime_operator_3', 'example_branch_datetime_operator', 'example_branch_datetime_operator_2' retrieved from /home/airflow/.local/lib/python3.12/site-packages/airflow/example_dags/example_branch_datetime_operator.py
[2025-08-17T14:54:00.035+0000] {logging_mixin.py:190} INFO - [2025-08-17T14:54:00.035+0000] {dag.py:3211} INFO - Sync 3 DAGs
[2025-08-17T14:54:00.062+0000] {logging_mixin.py:190} INFO - [2025-08-17T14:54:00.061+0000] {dag.py:4138} INFO - Setting next_dagrun for example_branch_datetime_operator to 2025-08-16 00:00:00+00:00, run_after=2025-08-17 00:00:00+00:00
[2025-08-17T14:54:00.068+0000] {logging_mixin.py:190} INFO - [2025-08-17T14:54:00.068+0000] {dag.py:4138} INFO - Setting next_dagrun for example_branch_datetime_operator_2 to 2025-08-16 00:00:00+00:00, run_after=2025-08-17 00:00:00+00:00
[2025-08-17T14:54:00.071+0000] {logging_mixin.py:190} INFO - [2025-08-17T14:54:00.071+0000] {dag.py:4138} INFO - Setting next_dagrun for example_branch_datetime_operator_3 to 2025-08-16 00:00:00+00:00, run_after=2025-08-17 00:00:00+00:00
[2025-08-17T14:54:00.091+0000] {processor.py:208} INFO - Processing /home/airflow/.local/lib/python3.12/site-packages/airflow/example_dags/example_branch_datetime_operator.py took 0.114 seconds
[2025-08-17T14:54:30.940+0000] {processor.py:186} INFO - Started process (PID=707) to work on /home/airflow/.local/lib/python3.12/site-packages/airflow/example_dags/example_branch_datetime_operator.py
[2025-08-17T14:54:30.941+0000] {processor.py:914} INFO - Processing file /home/airflow/.local/lib/python3.12/site-packages/airflow/example_dags/example_branch_datetime_operator.py for tasks to queue
[2025-08-17T14:54:30.944+0000] {logging_mixin.py:190} INFO - [2025-08-17T14:54:30.943+0000] {dagbag.py:587} INFO - Filling up the DagBag from /home/airflow/.local/lib/python3.12/site-packages/airflow/example_dags/example_branch_datetime_operator.py
[2025-08-17T14:54:30.953+0000] {processor.py:925} INFO - DAG(s) 'example_branch_datetime_operator_2', 'example_branch_datetime_operator', 'example_branch_datetime_operator_3' retrieved from /home/airflow/.local/lib/python3.12/site-packages/airflow/example_dags/example_branch_datetime_operator.py
[2025-08-17T14:54:30.976+0000] {logging_mixin.py:190} INFO - [2025-08-17T14:54:30.976+0000] {dag.py:3211} INFO - Sync 3 DAGs
[2025-08-17T14:54:30.994+0000] {logging_mixin.py:190} INFO - [2025-08-17T14:54:30.993+0000] {dag.py:4138} INFO - Setting next_dagrun for example_branch_datetime_operator to 2025-08-16 00:00:00+00:00, run_after=2025-08-17 00:00:00+00:00
[2025-08-17T14:54:30.997+0000] {logging_mixin.py:190} INFO - [2025-08-17T14:54:30.997+0000] {dag.py:4138} INFO - Setting next_dagrun for example_branch_datetime_operator_2 to 2025-08-16 00:00:00+00:00, run_after=2025-08-17 00:00:00+00:00
[2025-08-17T14:54:31.000+0000] {logging_mixin.py:190} INFO - [2025-08-17T14:54:30.999+0000] {dag.py:4138} INFO - Setting next_dagrun for example_branch_datetime_operator_3 to 2025-08-16 00:00:00+00:00, run_after=2025-08-17 00:00:00+00:00
[2025-08-17T14:54:31.014+0000] {processor.py:208} INFO - Processing /home/airflow/.local/lib/python3.12/site-packages/airflow/example_dags/example_branch_datetime_operator.py took 0.079 seconds
