[2025-08-17T14:49:24.617+0000] {processor.py:186} INFO - Started process (PID=89) to work on /home/airflow/.local/lib/python3.12/site-packages/airflow/example_dags/example_datasets.py
[2025-08-17T14:49:24.619+0000] {processor.py:914} INFO - Processing file /home/airflow/.local/lib/python3.12/site-packages/airflow/example_dags/example_datasets.py for tasks to queue
[2025-08-17T14:49:24.621+0000] {logging_mixin.py:190} INFO - [2025-08-17T14:49:24.621+0000] {dagbag.py:587} INFO - Filling up the DagBag from /home/airflow/.local/lib/python3.12/site-packages/airflow/example_dags/example_datasets.py
[2025-08-17T14:49:24.752+0000] {processor.py:925} INFO - DAG(s) 'dataset_produces_1', 'consume_1_and_2_with_dataset_expressions', 'dataset_consumes_1', 'consume_1_or_2_with_dataset_expressions', 'dataset_consumes_unknown_never_scheduled', 'dataset_consumes_1_never_scheduled', 'dataset_consumes_1_and_2', 'consume_1_or_both_2_and_3_with_dataset_expressions', 'conditional_dataset_and_time_based_timetable', 'dataset_produces_2' retrieved from /home/airflow/.local/lib/python3.12/site-packages/airflow/example_dags/example_datasets.py
[2025-08-17T14:49:24.832+0000] {logging_mixin.py:190} INFO - [2025-08-17T14:49:24.831+0000] {override.py:1858} INFO - Created Permission View: can read on DAG:dataset_produces_1
[2025-08-17T14:49:24.840+0000] {logging_mixin.py:190} INFO - [2025-08-17T14:49:24.840+0000] {override.py:1858} INFO - Created Permission View: can delete on DAG:dataset_produces_1
[2025-08-17T14:49:24.847+0000] {logging_mixin.py:190} INFO - [2025-08-17T14:49:24.847+0000] {override.py:1858} INFO - Created Permission View: can edit on DAG:dataset_produces_1
[2025-08-17T14:49:24.856+0000] {logging_mixin.py:190} INFO - [2025-08-17T14:49:24.856+0000] {override.py:1858} INFO - Created Permission View: can read on DAG:consume_1_and_2_with_dataset_expressions
[2025-08-17T14:49:24.862+0000] {logging_mixin.py:190} INFO - [2025-08-17T14:49:24.862+0000] {override.py:1858} INFO - Created Permission View: can delete on DAG:consume_1_and_2_with_dataset_expressions
[2025-08-17T14:49:24.868+0000] {logging_mixin.py:190} INFO - [2025-08-17T14:49:24.868+0000] {override.py:1858} INFO - Created Permission View: can edit on DAG:consume_1_and_2_with_dataset_expressions
[2025-08-17T14:49:24.876+0000] {logging_mixin.py:190} INFO - [2025-08-17T14:49:24.876+0000] {override.py:1858} INFO - Created Permission View: can read on DAG:dataset_consumes_1
[2025-08-17T14:49:24.884+0000] {logging_mixin.py:190} INFO - [2025-08-17T14:49:24.883+0000] {override.py:1858} INFO - Created Permission View: can delete on DAG:dataset_consumes_1
[2025-08-17T14:49:24.889+0000] {logging_mixin.py:190} INFO - [2025-08-17T14:49:24.889+0000] {override.py:1858} INFO - Created Permission View: can edit on DAG:dataset_consumes_1
[2025-08-17T14:49:24.899+0000] {logging_mixin.py:190} INFO - [2025-08-17T14:49:24.899+0000] {override.py:1858} INFO - Created Permission View: can read on DAG:consume_1_or_2_with_dataset_expressions
[2025-08-17T14:49:24.904+0000] {logging_mixin.py:190} INFO - [2025-08-17T14:49:24.904+0000] {override.py:1858} INFO - Created Permission View: can delete on DAG:consume_1_or_2_with_dataset_expressions
[2025-08-17T14:49:24.909+0000] {logging_mixin.py:190} INFO - [2025-08-17T14:49:24.909+0000] {override.py:1858} INFO - Created Permission View: can edit on DAG:consume_1_or_2_with_dataset_expressions
[2025-08-17T14:49:24.921+0000] {logging_mixin.py:190} INFO - [2025-08-17T14:49:24.921+0000] {override.py:1858} INFO - Created Permission View: can read on DAG:dataset_consumes_unknown_never_scheduled
[2025-08-17T14:49:24.926+0000] {logging_mixin.py:190} INFO - [2025-08-17T14:49:24.926+0000] {override.py:1858} INFO - Created Permission View: can delete on DAG:dataset_consumes_unknown_never_scheduled
[2025-08-17T14:49:24.931+0000] {logging_mixin.py:190} INFO - [2025-08-17T14:49:24.931+0000] {override.py:1858} INFO - Created Permission View: can edit on DAG:dataset_consumes_unknown_never_scheduled
[2025-08-17T14:49:24.941+0000] {logging_mixin.py:190} INFO - [2025-08-17T14:49:24.941+0000] {override.py:1858} INFO - Created Permission View: can read on DAG:dataset_consumes_1_never_scheduled
[2025-08-17T14:49:24.948+0000] {logging_mixin.py:190} INFO - [2025-08-17T14:49:24.948+0000] {override.py:1858} INFO - Created Permission View: can delete on DAG:dataset_consumes_1_never_scheduled
[2025-08-17T14:49:24.953+0000] {logging_mixin.py:190} INFO - [2025-08-17T14:49:24.953+0000] {override.py:1858} INFO - Created Permission View: can edit on DAG:dataset_consumes_1_never_scheduled
[2025-08-17T14:49:24.963+0000] {logging_mixin.py:190} INFO - [2025-08-17T14:49:24.963+0000] {override.py:1858} INFO - Created Permission View: can read on DAG:dataset_consumes_1_and_2
[2025-08-17T14:49:24.969+0000] {logging_mixin.py:190} INFO - [2025-08-17T14:49:24.969+0000] {override.py:1858} INFO - Created Permission View: can delete on DAG:dataset_consumes_1_and_2
[2025-08-17T14:49:24.975+0000] {logging_mixin.py:190} INFO - [2025-08-17T14:49:24.975+0000] {override.py:1858} INFO - Created Permission View: can edit on DAG:dataset_consumes_1_and_2
[2025-08-17T14:49:24.983+0000] {logging_mixin.py:190} INFO - [2025-08-17T14:49:24.983+0000] {override.py:1858} INFO - Created Permission View: can read on DAG:consume_1_or_both_2_and_3_with_dataset_expressions
[2025-08-17T14:49:24.990+0000] {logging_mixin.py:190} INFO - [2025-08-17T14:49:24.989+0000] {override.py:1858} INFO - Created Permission View: can delete on DAG:consume_1_or_both_2_and_3_with_dataset_expressions
[2025-08-17T14:49:24.998+0000] {logging_mixin.py:190} INFO - [2025-08-17T14:49:24.997+0000] {override.py:1858} INFO - Created Permission View: can edit on DAG:consume_1_or_both_2_and_3_with_dataset_expressions
[2025-08-17T14:49:25.007+0000] {logging_mixin.py:190} INFO - [2025-08-17T14:49:25.007+0000] {override.py:1858} INFO - Created Permission View: can read on DAG:conditional_dataset_and_time_based_timetable
[2025-08-17T14:49:25.013+0000] {logging_mixin.py:190} INFO - [2025-08-17T14:49:25.013+0000] {override.py:1858} INFO - Created Permission View: can delete on DAG:conditional_dataset_and_time_based_timetable
[2025-08-17T14:49:25.020+0000] {logging_mixin.py:190} INFO - [2025-08-17T14:49:25.020+0000] {override.py:1858} INFO - Created Permission View: can edit on DAG:conditional_dataset_and_time_based_timetable
[2025-08-17T14:49:25.030+0000] {logging_mixin.py:190} INFO - [2025-08-17T14:49:25.030+0000] {override.py:1858} INFO - Created Permission View: can read on DAG:dataset_produces_2
[2025-08-17T14:49:25.036+0000] {logging_mixin.py:190} INFO - [2025-08-17T14:49:25.036+0000] {override.py:1858} INFO - Created Permission View: can delete on DAG:dataset_produces_2
[2025-08-17T14:49:25.042+0000] {logging_mixin.py:190} INFO - [2025-08-17T14:49:25.042+0000] {override.py:1858} INFO - Created Permission View: can edit on DAG:dataset_produces_2
[2025-08-17T14:49:25.043+0000] {logging_mixin.py:190} INFO - [2025-08-17T14:49:25.043+0000] {dag.py:3211} INFO - Sync 10 DAGs
[2025-08-17T14:49:25.055+0000] {logging_mixin.py:190} INFO - [2025-08-17T14:49:25.055+0000] {dag.py:3234} INFO - Creating ORM DAG for dataset_consumes_1
[2025-08-17T14:49:25.056+0000] {logging_mixin.py:190} INFO - [2025-08-17T14:49:25.056+0000] {dag.py:3234} INFO - Creating ORM DAG for dataset_consumes_1_never_scheduled
[2025-08-17T14:49:25.057+0000] {logging_mixin.py:190} INFO - [2025-08-17T14:49:25.057+0000] {dag.py:3234} INFO - Creating ORM DAG for conditional_dataset_and_time_based_timetable
[2025-08-17T14:49:25.058+0000] {logging_mixin.py:190} INFO - [2025-08-17T14:49:25.058+0000] {dag.py:3234} INFO - Creating ORM DAG for consume_1_or_both_2_and_3_with_dataset_expressions
[2025-08-17T14:49:25.059+0000] {logging_mixin.py:190} INFO - [2025-08-17T14:49:25.059+0000] {dag.py:3234} INFO - Creating ORM DAG for consume_1_and_2_with_dataset_expressions
[2025-08-17T14:49:25.060+0000] {logging_mixin.py:190} INFO - [2025-08-17T14:49:25.060+0000] {dag.py:3234} INFO - Creating ORM DAG for dataset_consumes_unknown_never_scheduled
[2025-08-17T14:49:25.061+0000] {logging_mixin.py:190} INFO - [2025-08-17T14:49:25.061+0000] {dag.py:3234} INFO - Creating ORM DAG for dataset_produces_1
[2025-08-17T14:49:25.062+0000] {logging_mixin.py:190} INFO - [2025-08-17T14:49:25.062+0000] {dag.py:3234} INFO - Creating ORM DAG for consume_1_or_2_with_dataset_expressions
[2025-08-17T14:49:25.063+0000] {logging_mixin.py:190} INFO - [2025-08-17T14:49:25.063+0000] {dag.py:3234} INFO - Creating ORM DAG for dataset_produces_2
[2025-08-17T14:49:25.064+0000] {logging_mixin.py:190} INFO - [2025-08-17T14:49:25.063+0000] {dag.py:3234} INFO - Creating ORM DAG for dataset_consumes_1_and_2
[2025-08-17T14:49:25.074+0000] {logging_mixin.py:190} INFO - [2025-08-17T14:49:25.074+0000] {dag.py:4138} INFO - Setting next_dagrun for conditional_dataset_and_time_based_timetable to 2025-08-13 01:00:00+00:00, run_after=2025-08-13 01:00:00+00:00
[2025-08-17T14:49:25.078+0000] {logging_mixin.py:190} INFO - [2025-08-17T14:49:25.078+0000] {dag.py:4138} INFO - Setting next_dagrun for consume_1_and_2_with_dataset_expressions to None, run_after=None
[2025-08-17T14:49:25.078+0000] {logging_mixin.py:190} INFO - [2025-08-17T14:49:25.078+0000] {dag.py:4138} INFO - Setting next_dagrun for consume_1_or_2_with_dataset_expressions to None, run_after=None
[2025-08-17T14:49:25.079+0000] {logging_mixin.py:190} INFO - [2025-08-17T14:49:25.079+0000] {dag.py:4138} INFO - Setting next_dagrun for consume_1_or_both_2_and_3_with_dataset_expressions to None, run_after=None
[2025-08-17T14:49:25.080+0000] {logging_mixin.py:190} INFO - [2025-08-17T14:49:25.080+0000] {dag.py:4138} INFO - Setting next_dagrun for dataset_consumes_1 to None, run_after=None
[2025-08-17T14:49:25.081+0000] {logging_mixin.py:190} INFO - [2025-08-17T14:49:25.080+0000] {dag.py:4138} INFO - Setting next_dagrun for dataset_consumes_1_and_2 to None, run_after=None
[2025-08-17T14:49:25.081+0000] {logging_mixin.py:190} INFO - [2025-08-17T14:49:25.081+0000] {dag.py:4138} INFO - Setting next_dagrun for dataset_consumes_1_never_scheduled to None, run_after=None
[2025-08-17T14:49:25.083+0000] {logging_mixin.py:190} INFO - [2025-08-17T14:49:25.082+0000] {dag.py:4138} INFO - Setting next_dagrun for dataset_consumes_unknown_never_scheduled to None, run_after=None
[2025-08-17T14:49:25.084+0000] {logging_mixin.py:190} INFO - [2025-08-17T14:49:25.084+0000] {dag.py:4138} INFO - Setting next_dagrun for dataset_produces_1 to 2025-08-16 00:00:00+00:00, run_after=2025-08-17 00:00:00+00:00
[2025-08-17T14:49:25.086+0000] {logging_mixin.py:190} INFO - [2025-08-17T14:49:25.086+0000] {dag.py:4138} INFO - Setting next_dagrun for dataset_produces_2 to None, run_after=None
[2025-08-17T14:49:25.125+0000] {processor.py:208} INFO - Processing /home/airflow/.local/lib/python3.12/site-packages/airflow/example_dags/example_datasets.py took 0.513 seconds
[2025-08-17T14:49:55.273+0000] {processor.py:186} INFO - Started process (PID=153) to work on /home/airflow/.local/lib/python3.12/site-packages/airflow/example_dags/example_datasets.py
[2025-08-17T14:49:55.275+0000] {processor.py:914} INFO - Processing file /home/airflow/.local/lib/python3.12/site-packages/airflow/example_dags/example_datasets.py for tasks to queue
[2025-08-17T14:49:55.278+0000] {logging_mixin.py:190} INFO - [2025-08-17T14:49:55.277+0000] {dagbag.py:587} INFO - Filling up the DagBag from /home/airflow/.local/lib/python3.12/site-packages/airflow/example_dags/example_datasets.py
[2025-08-17T14:49:55.408+0000] {processor.py:925} INFO - DAG(s) 'consume_1_and_2_with_dataset_expressions', 'dataset_consumes_1_and_2', 'dataset_produces_2', 'consume_1_or_both_2_and_3_with_dataset_expressions', 'dataset_consumes_1', 'consume_1_or_2_with_dataset_expressions', 'dataset_produces_1', 'dataset_consumes_1_never_scheduled', 'conditional_dataset_and_time_based_timetable', 'dataset_consumes_unknown_never_scheduled' retrieved from /home/airflow/.local/lib/python3.12/site-packages/airflow/example_dags/example_datasets.py
[2025-08-17T14:49:55.449+0000] {logging_mixin.py:190} INFO - [2025-08-17T14:49:55.448+0000] {dag.py:3211} INFO - Sync 10 DAGs
[2025-08-17T14:49:55.475+0000] {logging_mixin.py:190} INFO - [2025-08-17T14:49:55.475+0000] {dag.py:4138} INFO - Setting next_dagrun for conditional_dataset_and_time_based_timetable to 2025-08-13 01:00:00+00:00, run_after=2025-08-13 01:00:00+00:00
[2025-08-17T14:49:55.479+0000] {logging_mixin.py:190} INFO - [2025-08-17T14:49:55.478+0000] {dag.py:4138} INFO - Setting next_dagrun for consume_1_and_2_with_dataset_expressions to None, run_after=None
[2025-08-17T14:49:55.480+0000] {logging_mixin.py:190} INFO - [2025-08-17T14:49:55.480+0000] {dag.py:4138} INFO - Setting next_dagrun for consume_1_or_2_with_dataset_expressions to None, run_after=None
[2025-08-17T14:49:55.482+0000] {logging_mixin.py:190} INFO - [2025-08-17T14:49:55.482+0000] {dag.py:4138} INFO - Setting next_dagrun for consume_1_or_both_2_and_3_with_dataset_expressions to None, run_after=None
[2025-08-17T14:49:55.483+0000] {logging_mixin.py:190} INFO - [2025-08-17T14:49:55.483+0000] {dag.py:4138} INFO - Setting next_dagrun for dataset_consumes_1 to None, run_after=None
[2025-08-17T14:49:55.485+0000] {logging_mixin.py:190} INFO - [2025-08-17T14:49:55.484+0000] {dag.py:4138} INFO - Setting next_dagrun for dataset_consumes_1_and_2 to None, run_after=None
[2025-08-17T14:49:55.486+0000] {logging_mixin.py:190} INFO - [2025-08-17T14:49:55.486+0000] {dag.py:4138} INFO - Setting next_dagrun for dataset_consumes_1_never_scheduled to None, run_after=None
[2025-08-17T14:49:55.488+0000] {logging_mixin.py:190} INFO - [2025-08-17T14:49:55.487+0000] {dag.py:4138} INFO - Setting next_dagrun for dataset_consumes_unknown_never_scheduled to None, run_after=None
[2025-08-17T14:49:55.490+0000] {logging_mixin.py:190} INFO - [2025-08-17T14:49:55.490+0000] {dag.py:4138} INFO - Setting next_dagrun for dataset_produces_1 to 2025-08-16 00:00:00+00:00, run_after=2025-08-17 00:00:00+00:00
[2025-08-17T14:49:55.492+0000] {logging_mixin.py:190} INFO - [2025-08-17T14:49:55.492+0000] {dag.py:4138} INFO - Setting next_dagrun for dataset_produces_2 to None, run_after=None
[2025-08-17T14:49:55.539+0000] {processor.py:208} INFO - Processing /home/airflow/.local/lib/python3.12/site-packages/airflow/example_dags/example_datasets.py took 0.271 seconds
[2025-08-17T14:50:25.821+0000] {processor.py:186} INFO - Started process (PID=215) to work on /home/airflow/.local/lib/python3.12/site-packages/airflow/example_dags/example_datasets.py
[2025-08-17T14:50:25.822+0000] {processor.py:914} INFO - Processing file /home/airflow/.local/lib/python3.12/site-packages/airflow/example_dags/example_datasets.py for tasks to queue
[2025-08-17T14:50:25.824+0000] {logging_mixin.py:190} INFO - [2025-08-17T14:50:25.824+0000] {dagbag.py:587} INFO - Filling up the DagBag from /home/airflow/.local/lib/python3.12/site-packages/airflow/example_dags/example_datasets.py
[2025-08-17T14:50:25.939+0000] {processor.py:925} INFO - DAG(s) 'consume_1_or_2_with_dataset_expressions', 'conditional_dataset_and_time_based_timetable', 'dataset_produces_1', 'dataset_consumes_1', 'dataset_consumes_1_never_scheduled', 'consume_1_or_both_2_and_3_with_dataset_expressions', 'dataset_consumes_1_and_2', 'dataset_consumes_unknown_never_scheduled', 'dataset_produces_2', 'consume_1_and_2_with_dataset_expressions' retrieved from /home/airflow/.local/lib/python3.12/site-packages/airflow/example_dags/example_datasets.py
[2025-08-17T14:50:25.978+0000] {logging_mixin.py:190} INFO - [2025-08-17T14:50:25.977+0000] {dag.py:3211} INFO - Sync 10 DAGs
[2025-08-17T14:50:25.998+0000] {logging_mixin.py:190} INFO - [2025-08-17T14:50:25.998+0000] {dag.py:4138} INFO - Setting next_dagrun for conditional_dataset_and_time_based_timetable to 2025-08-13 01:00:00+00:00, run_after=2025-08-13 01:00:00+00:00
[2025-08-17T14:50:26.002+0000] {logging_mixin.py:190} INFO - [2025-08-17T14:50:26.002+0000] {dag.py:4138} INFO - Setting next_dagrun for consume_1_and_2_with_dataset_expressions to None, run_after=None
[2025-08-17T14:50:26.003+0000] {logging_mixin.py:190} INFO - [2025-08-17T14:50:26.003+0000] {dag.py:4138} INFO - Setting next_dagrun for consume_1_or_2_with_dataset_expressions to None, run_after=None
[2025-08-17T14:50:26.005+0000] {logging_mixin.py:190} INFO - [2025-08-17T14:50:26.005+0000] {dag.py:4138} INFO - Setting next_dagrun for consume_1_or_both_2_and_3_with_dataset_expressions to None, run_after=None
[2025-08-17T14:50:26.006+0000] {logging_mixin.py:190} INFO - [2025-08-17T14:50:26.006+0000] {dag.py:4138} INFO - Setting next_dagrun for dataset_consumes_1 to None, run_after=None
[2025-08-17T14:50:26.007+0000] {logging_mixin.py:190} INFO - [2025-08-17T14:50:26.007+0000] {dag.py:4138} INFO - Setting next_dagrun for dataset_consumes_1_and_2 to None, run_after=None
[2025-08-17T14:50:26.008+0000] {logging_mixin.py:190} INFO - [2025-08-17T14:50:26.008+0000] {dag.py:4138} INFO - Setting next_dagrun for dataset_consumes_1_never_scheduled to None, run_after=None
[2025-08-17T14:50:26.010+0000] {logging_mixin.py:190} INFO - [2025-08-17T14:50:26.010+0000] {dag.py:4138} INFO - Setting next_dagrun for dataset_consumes_unknown_never_scheduled to None, run_after=None
[2025-08-17T14:50:26.012+0000] {logging_mixin.py:190} INFO - [2025-08-17T14:50:26.012+0000] {dag.py:4138} INFO - Setting next_dagrun for dataset_produces_1 to 2025-08-16 00:00:00+00:00, run_after=2025-08-17 00:00:00+00:00
[2025-08-17T14:50:26.013+0000] {logging_mixin.py:190} INFO - [2025-08-17T14:50:26.013+0000] {dag.py:4138} INFO - Setting next_dagrun for dataset_produces_2 to None, run_after=None
[2025-08-17T14:50:26.040+0000] {processor.py:208} INFO - Processing /home/airflow/.local/lib/python3.12/site-packages/airflow/example_dags/example_datasets.py took 0.223 seconds
[2025-08-17T14:50:56.363+0000] {processor.py:186} INFO - Started process (PID=279) to work on /home/airflow/.local/lib/python3.12/site-packages/airflow/example_dags/example_datasets.py
[2025-08-17T14:50:56.364+0000] {processor.py:914} INFO - Processing file /home/airflow/.local/lib/python3.12/site-packages/airflow/example_dags/example_datasets.py for tasks to queue
[2025-08-17T14:50:56.366+0000] {logging_mixin.py:190} INFO - [2025-08-17T14:50:56.366+0000] {dagbag.py:587} INFO - Filling up the DagBag from /home/airflow/.local/lib/python3.12/site-packages/airflow/example_dags/example_datasets.py
[2025-08-17T14:50:56.478+0000] {processor.py:925} INFO - DAG(s) 'dataset_consumes_1_and_2', 'dataset_produces_2', 'consume_1_or_2_with_dataset_expressions', 'conditional_dataset_and_time_based_timetable', 'dataset_produces_1', 'dataset_consumes_unknown_never_scheduled', 'consume_1_and_2_with_dataset_expressions', 'dataset_consumes_1_never_scheduled', 'consume_1_or_both_2_and_3_with_dataset_expressions', 'dataset_consumes_1' retrieved from /home/airflow/.local/lib/python3.12/site-packages/airflow/example_dags/example_datasets.py
[2025-08-17T14:50:56.514+0000] {logging_mixin.py:190} INFO - [2025-08-17T14:50:56.514+0000] {dag.py:3211} INFO - Sync 10 DAGs
[2025-08-17T14:50:56.534+0000] {logging_mixin.py:190} INFO - [2025-08-17T14:50:56.534+0000] {dag.py:4138} INFO - Setting next_dagrun for conditional_dataset_and_time_based_timetable to 2025-08-13 01:00:00+00:00, run_after=2025-08-13 01:00:00+00:00
[2025-08-17T14:50:56.537+0000] {logging_mixin.py:190} INFO - [2025-08-17T14:50:56.537+0000] {dag.py:4138} INFO - Setting next_dagrun for consume_1_and_2_with_dataset_expressions to None, run_after=None
[2025-08-17T14:50:56.542+0000] {logging_mixin.py:190} INFO - [2025-08-17T14:50:56.542+0000] {dag.py:4138} INFO - Setting next_dagrun for consume_1_or_2_with_dataset_expressions to None, run_after=None
[2025-08-17T14:50:56.543+0000] {logging_mixin.py:190} INFO - [2025-08-17T14:50:56.543+0000] {dag.py:4138} INFO - Setting next_dagrun for consume_1_or_both_2_and_3_with_dataset_expressions to None, run_after=None
[2025-08-17T14:50:56.546+0000] {logging_mixin.py:190} INFO - [2025-08-17T14:50:56.546+0000] {dag.py:4138} INFO - Setting next_dagrun for dataset_consumes_1 to None, run_after=None
[2025-08-17T14:50:56.549+0000] {logging_mixin.py:190} INFO - [2025-08-17T14:50:56.549+0000] {dag.py:4138} INFO - Setting next_dagrun for dataset_consumes_1_and_2 to None, run_after=None
[2025-08-17T14:50:56.550+0000] {logging_mixin.py:190} INFO - [2025-08-17T14:50:56.550+0000] {dag.py:4138} INFO - Setting next_dagrun for dataset_consumes_1_never_scheduled to None, run_after=None
[2025-08-17T14:50:56.553+0000] {logging_mixin.py:190} INFO - [2025-08-17T14:50:56.553+0000] {dag.py:4138} INFO - Setting next_dagrun for dataset_consumes_unknown_never_scheduled to None, run_after=None
[2025-08-17T14:50:56.555+0000] {logging_mixin.py:190} INFO - [2025-08-17T14:50:56.555+0000] {dag.py:4138} INFO - Setting next_dagrun for dataset_produces_1 to 2025-08-16 00:00:00+00:00, run_after=2025-08-17 00:00:00+00:00
[2025-08-17T14:50:56.560+0000] {logging_mixin.py:190} INFO - [2025-08-17T14:50:56.560+0000] {dag.py:4138} INFO - Setting next_dagrun for dataset_produces_2 to None, run_after=None
[2025-08-17T14:50:56.590+0000] {processor.py:208} INFO - Processing /home/airflow/.local/lib/python3.12/site-packages/airflow/example_dags/example_datasets.py took 0.232 seconds
[2025-08-17T14:51:26.807+0000] {processor.py:186} INFO - Started process (PID=337) to work on /home/airflow/.local/lib/python3.12/site-packages/airflow/example_dags/example_datasets.py
[2025-08-17T14:51:26.808+0000] {processor.py:914} INFO - Processing file /home/airflow/.local/lib/python3.12/site-packages/airflow/example_dags/example_datasets.py for tasks to queue
[2025-08-17T14:51:26.810+0000] {logging_mixin.py:190} INFO - [2025-08-17T14:51:26.810+0000] {dagbag.py:587} INFO - Filling up the DagBag from /home/airflow/.local/lib/python3.12/site-packages/airflow/example_dags/example_datasets.py
[2025-08-17T14:51:26.920+0000] {processor.py:925} INFO - DAG(s) 'dataset_produces_1', 'consume_1_or_2_with_dataset_expressions', 'dataset_consumes_1_never_scheduled', 'dataset_consumes_unknown_never_scheduled', 'dataset_consumes_1', 'consume_1_or_both_2_and_3_with_dataset_expressions', 'consume_1_and_2_with_dataset_expressions', 'conditional_dataset_and_time_based_timetable', 'dataset_consumes_1_and_2', 'dataset_produces_2' retrieved from /home/airflow/.local/lib/python3.12/site-packages/airflow/example_dags/example_datasets.py
[2025-08-17T14:51:26.953+0000] {logging_mixin.py:190} INFO - [2025-08-17T14:51:26.953+0000] {dag.py:3211} INFO - Sync 10 DAGs
[2025-08-17T14:51:26.973+0000] {logging_mixin.py:190} INFO - [2025-08-17T14:51:26.972+0000] {dag.py:4138} INFO - Setting next_dagrun for conditional_dataset_and_time_based_timetable to 2025-08-13 01:00:00+00:00, run_after=2025-08-13 01:00:00+00:00
[2025-08-17T14:51:26.975+0000] {logging_mixin.py:190} INFO - [2025-08-17T14:51:26.975+0000] {dag.py:4138} INFO - Setting next_dagrun for consume_1_and_2_with_dataset_expressions to None, run_after=None
[2025-08-17T14:51:26.977+0000] {logging_mixin.py:190} INFO - [2025-08-17T14:51:26.977+0000] {dag.py:4138} INFO - Setting next_dagrun for consume_1_or_2_with_dataset_expressions to None, run_after=None
[2025-08-17T14:51:26.978+0000] {logging_mixin.py:190} INFO - [2025-08-17T14:51:26.978+0000] {dag.py:4138} INFO - Setting next_dagrun for consume_1_or_both_2_and_3_with_dataset_expressions to None, run_after=None
[2025-08-17T14:51:26.979+0000] {logging_mixin.py:190} INFO - [2025-08-17T14:51:26.979+0000] {dag.py:4138} INFO - Setting next_dagrun for dataset_consumes_1 to None, run_after=None
[2025-08-17T14:51:26.980+0000] {logging_mixin.py:190} INFO - [2025-08-17T14:51:26.980+0000] {dag.py:4138} INFO - Setting next_dagrun for dataset_consumes_1_and_2 to None, run_after=None
[2025-08-17T14:51:26.981+0000] {logging_mixin.py:190} INFO - [2025-08-17T14:51:26.981+0000] {dag.py:4138} INFO - Setting next_dagrun for dataset_consumes_1_never_scheduled to None, run_after=None
[2025-08-17T14:51:26.982+0000] {logging_mixin.py:190} INFO - [2025-08-17T14:51:26.982+0000] {dag.py:4138} INFO - Setting next_dagrun for dataset_consumes_unknown_never_scheduled to None, run_after=None
[2025-08-17T14:51:26.984+0000] {logging_mixin.py:190} INFO - [2025-08-17T14:51:26.984+0000] {dag.py:4138} INFO - Setting next_dagrun for dataset_produces_1 to 2025-08-16 00:00:00+00:00, run_after=2025-08-17 00:00:00+00:00
[2025-08-17T14:51:26.985+0000] {logging_mixin.py:190} INFO - [2025-08-17T14:51:26.985+0000] {dag.py:4138} INFO - Setting next_dagrun for dataset_produces_2 to None, run_after=None
[2025-08-17T14:51:27.008+0000] {processor.py:208} INFO - Processing /home/airflow/.local/lib/python3.12/site-packages/airflow/example_dags/example_datasets.py took 0.206 seconds
[2025-08-17T14:51:57.802+0000] {processor.py:186} INFO - Started process (PID=399) to work on /home/airflow/.local/lib/python3.12/site-packages/airflow/example_dags/example_datasets.py
[2025-08-17T14:51:57.803+0000] {processor.py:914} INFO - Processing file /home/airflow/.local/lib/python3.12/site-packages/airflow/example_dags/example_datasets.py for tasks to queue
[2025-08-17T14:51:57.805+0000] {logging_mixin.py:190} INFO - [2025-08-17T14:51:57.805+0000] {dagbag.py:587} INFO - Filling up the DagBag from /home/airflow/.local/lib/python3.12/site-packages/airflow/example_dags/example_datasets.py
[2025-08-17T14:51:57.924+0000] {processor.py:925} INFO - DAG(s) 'consume_1_or_2_with_dataset_expressions', 'consume_1_or_both_2_and_3_with_dataset_expressions', 'dataset_produces_1', 'consume_1_and_2_with_dataset_expressions', 'conditional_dataset_and_time_based_timetable', 'dataset_consumes_1_never_scheduled', 'dataset_consumes_1', 'dataset_consumes_unknown_never_scheduled', 'dataset_consumes_1_and_2', 'dataset_produces_2' retrieved from /home/airflow/.local/lib/python3.12/site-packages/airflow/example_dags/example_datasets.py
[2025-08-17T14:51:57.961+0000] {logging_mixin.py:190} INFO - [2025-08-17T14:51:57.961+0000] {dag.py:3211} INFO - Sync 10 DAGs
[2025-08-17T14:51:57.983+0000] {logging_mixin.py:190} INFO - [2025-08-17T14:51:57.983+0000] {dag.py:4138} INFO - Setting next_dagrun for conditional_dataset_and_time_based_timetable to 2025-08-13 01:00:00+00:00, run_after=2025-08-13 01:00:00+00:00
[2025-08-17T14:51:57.987+0000] {logging_mixin.py:190} INFO - [2025-08-17T14:51:57.987+0000] {dag.py:4138} INFO - Setting next_dagrun for consume_1_and_2_with_dataset_expressions to None, run_after=None
[2025-08-17T14:51:57.989+0000] {logging_mixin.py:190} INFO - [2025-08-17T14:51:57.989+0000] {dag.py:4138} INFO - Setting next_dagrun for consume_1_or_2_with_dataset_expressions to None, run_after=None
[2025-08-17T14:51:57.990+0000] {logging_mixin.py:190} INFO - [2025-08-17T14:51:57.990+0000] {dag.py:4138} INFO - Setting next_dagrun for consume_1_or_both_2_and_3_with_dataset_expressions to None, run_after=None
[2025-08-17T14:51:57.991+0000] {logging_mixin.py:190} INFO - [2025-08-17T14:51:57.991+0000] {dag.py:4138} INFO - Setting next_dagrun for dataset_consumes_1 to None, run_after=None
[2025-08-17T14:51:57.993+0000] {logging_mixin.py:190} INFO - [2025-08-17T14:51:57.993+0000] {dag.py:4138} INFO - Setting next_dagrun for dataset_consumes_1_and_2 to None, run_after=None
[2025-08-17T14:51:57.994+0000] {logging_mixin.py:190} INFO - [2025-08-17T14:51:57.994+0000] {dag.py:4138} INFO - Setting next_dagrun for dataset_consumes_1_never_scheduled to None, run_after=None
[2025-08-17T14:51:57.995+0000] {logging_mixin.py:190} INFO - [2025-08-17T14:51:57.995+0000] {dag.py:4138} INFO - Setting next_dagrun for dataset_consumes_unknown_never_scheduled to None, run_after=None
[2025-08-17T14:51:57.997+0000] {logging_mixin.py:190} INFO - [2025-08-17T14:51:57.997+0000] {dag.py:4138} INFO - Setting next_dagrun for dataset_produces_1 to 2025-08-16 00:00:00+00:00, run_after=2025-08-17 00:00:00+00:00
[2025-08-17T14:51:57.998+0000] {logging_mixin.py:190} INFO - [2025-08-17T14:51:57.998+0000] {dag.py:4138} INFO - Setting next_dagrun for dataset_produces_2 to None, run_after=None
[2025-08-17T14:51:58.028+0000] {processor.py:208} INFO - Processing /home/airflow/.local/lib/python3.12/site-packages/airflow/example_dags/example_datasets.py took 0.230 seconds
[2025-08-17T14:52:28.778+0000] {processor.py:186} INFO - Started process (PID=462) to work on /home/airflow/.local/lib/python3.12/site-packages/airflow/example_dags/example_datasets.py
[2025-08-17T14:52:28.779+0000] {processor.py:914} INFO - Processing file /home/airflow/.local/lib/python3.12/site-packages/airflow/example_dags/example_datasets.py for tasks to queue
[2025-08-17T14:52:28.781+0000] {logging_mixin.py:190} INFO - [2025-08-17T14:52:28.781+0000] {dagbag.py:587} INFO - Filling up the DagBag from /home/airflow/.local/lib/python3.12/site-packages/airflow/example_dags/example_datasets.py
[2025-08-17T14:52:28.887+0000] {processor.py:925} INFO - DAG(s) 'consume_1_or_2_with_dataset_expressions', 'dataset_consumes_1_never_scheduled', 'dataset_consumes_1_and_2', 'dataset_consumes_unknown_never_scheduled', 'conditional_dataset_and_time_based_timetable', 'dataset_consumes_1', 'dataset_produces_2', 'consume_1_or_both_2_and_3_with_dataset_expressions', 'consume_1_and_2_with_dataset_expressions', 'dataset_produces_1' retrieved from /home/airflow/.local/lib/python3.12/site-packages/airflow/example_dags/example_datasets.py
[2025-08-17T14:52:28.920+0000] {logging_mixin.py:190} INFO - [2025-08-17T14:52:28.920+0000] {dag.py:3211} INFO - Sync 10 DAGs
[2025-08-17T14:52:28.944+0000] {logging_mixin.py:190} INFO - [2025-08-17T14:52:28.943+0000] {dag.py:4138} INFO - Setting next_dagrun for conditional_dataset_and_time_based_timetable to 2025-08-13 01:00:00+00:00, run_after=2025-08-13 01:00:00+00:00
[2025-08-17T14:52:28.947+0000] {logging_mixin.py:190} INFO - [2025-08-17T14:52:28.947+0000] {dag.py:4138} INFO - Setting next_dagrun for consume_1_and_2_with_dataset_expressions to None, run_after=None
[2025-08-17T14:52:28.949+0000] {logging_mixin.py:190} INFO - [2025-08-17T14:52:28.949+0000] {dag.py:4138} INFO - Setting next_dagrun for consume_1_or_2_with_dataset_expressions to None, run_after=None
[2025-08-17T14:52:28.950+0000] {logging_mixin.py:190} INFO - [2025-08-17T14:52:28.950+0000] {dag.py:4138} INFO - Setting next_dagrun for consume_1_or_both_2_and_3_with_dataset_expressions to None, run_after=None
[2025-08-17T14:52:28.951+0000] {logging_mixin.py:190} INFO - [2025-08-17T14:52:28.951+0000] {dag.py:4138} INFO - Setting next_dagrun for dataset_consumes_1 to None, run_after=None
[2025-08-17T14:52:28.953+0000] {logging_mixin.py:190} INFO - [2025-08-17T14:52:28.952+0000] {dag.py:4138} INFO - Setting next_dagrun for dataset_consumes_1_and_2 to None, run_after=None
[2025-08-17T14:52:28.954+0000] {logging_mixin.py:190} INFO - [2025-08-17T14:52:28.954+0000] {dag.py:4138} INFO - Setting next_dagrun for dataset_consumes_1_never_scheduled to None, run_after=None
[2025-08-17T14:52:28.955+0000] {logging_mixin.py:190} INFO - [2025-08-17T14:52:28.955+0000] {dag.py:4138} INFO - Setting next_dagrun for dataset_consumes_unknown_never_scheduled to None, run_after=None
[2025-08-17T14:52:28.957+0000] {logging_mixin.py:190} INFO - [2025-08-17T14:52:28.957+0000] {dag.py:4138} INFO - Setting next_dagrun for dataset_produces_1 to 2025-08-16 00:00:00+00:00, run_after=2025-08-17 00:00:00+00:00
[2025-08-17T14:52:28.959+0000] {logging_mixin.py:190} INFO - [2025-08-17T14:52:28.958+0000] {dag.py:4138} INFO - Setting next_dagrun for dataset_produces_2 to None, run_after=None
[2025-08-17T14:52:29.000+0000] {processor.py:208} INFO - Processing /home/airflow/.local/lib/python3.12/site-packages/airflow/example_dags/example_datasets.py took 0.227 seconds
[2025-08-17T14:52:59.137+0000] {processor.py:186} INFO - Started process (PID=523) to work on /home/airflow/.local/lib/python3.12/site-packages/airflow/example_dags/example_datasets.py
[2025-08-17T14:52:59.138+0000] {processor.py:914} INFO - Processing file /home/airflow/.local/lib/python3.12/site-packages/airflow/example_dags/example_datasets.py for tasks to queue
[2025-08-17T14:52:59.141+0000] {logging_mixin.py:190} INFO - [2025-08-17T14:52:59.140+0000] {dagbag.py:587} INFO - Filling up the DagBag from /home/airflow/.local/lib/python3.12/site-packages/airflow/example_dags/example_datasets.py
[2025-08-17T14:52:59.264+0000] {processor.py:925} INFO - DAG(s) 'consume_1_and_2_with_dataset_expressions', 'conditional_dataset_and_time_based_timetable', 'dataset_produces_1', 'dataset_consumes_1_and_2', 'dataset_consumes_unknown_never_scheduled', 'dataset_consumes_1', 'consume_1_or_both_2_and_3_with_dataset_expressions', 'dataset_produces_2', 'consume_1_or_2_with_dataset_expressions', 'dataset_consumes_1_never_scheduled' retrieved from /home/airflow/.local/lib/python3.12/site-packages/airflow/example_dags/example_datasets.py
[2025-08-17T14:52:59.307+0000] {logging_mixin.py:190} INFO - [2025-08-17T14:52:59.307+0000] {dag.py:3211} INFO - Sync 10 DAGs
[2025-08-17T14:52:59.330+0000] {logging_mixin.py:190} INFO - [2025-08-17T14:52:59.330+0000] {dag.py:4138} INFO - Setting next_dagrun for conditional_dataset_and_time_based_timetable to 2025-08-13 01:00:00+00:00, run_after=2025-08-13 01:00:00+00:00
[2025-08-17T14:52:59.335+0000] {logging_mixin.py:190} INFO - [2025-08-17T14:52:59.335+0000] {dag.py:4138} INFO - Setting next_dagrun for consume_1_and_2_with_dataset_expressions to None, run_after=None
[2025-08-17T14:52:59.337+0000] {logging_mixin.py:190} INFO - [2025-08-17T14:52:59.336+0000] {dag.py:4138} INFO - Setting next_dagrun for consume_1_or_2_with_dataset_expressions to None, run_after=None
[2025-08-17T14:52:59.338+0000] {logging_mixin.py:190} INFO - [2025-08-17T14:52:59.338+0000] {dag.py:4138} INFO - Setting next_dagrun for consume_1_or_both_2_and_3_with_dataset_expressions to None, run_after=None
[2025-08-17T14:52:59.340+0000] {logging_mixin.py:190} INFO - [2025-08-17T14:52:59.340+0000] {dag.py:4138} INFO - Setting next_dagrun for dataset_consumes_1 to None, run_after=None
[2025-08-17T14:52:59.341+0000] {logging_mixin.py:190} INFO - [2025-08-17T14:52:59.341+0000] {dag.py:4138} INFO - Setting next_dagrun for dataset_consumes_1_and_2 to None, run_after=None
[2025-08-17T14:52:59.342+0000] {logging_mixin.py:190} INFO - [2025-08-17T14:52:59.342+0000] {dag.py:4138} INFO - Setting next_dagrun for dataset_consumes_1_never_scheduled to None, run_after=None
[2025-08-17T14:52:59.344+0000] {logging_mixin.py:190} INFO - [2025-08-17T14:52:59.343+0000] {dag.py:4138} INFO - Setting next_dagrun for dataset_consumes_unknown_never_scheduled to None, run_after=None
[2025-08-17T14:52:59.346+0000] {logging_mixin.py:190} INFO - [2025-08-17T14:52:59.346+0000] {dag.py:4138} INFO - Setting next_dagrun for dataset_produces_1 to 2025-08-16 00:00:00+00:00, run_after=2025-08-17 00:00:00+00:00
[2025-08-17T14:52:59.348+0000] {logging_mixin.py:190} INFO - [2025-08-17T14:52:59.348+0000] {dag.py:4138} INFO - Setting next_dagrun for dataset_produces_2 to None, run_after=None
[2025-08-17T14:52:59.378+0000] {processor.py:208} INFO - Processing /home/airflow/.local/lib/python3.12/site-packages/airflow/example_dags/example_datasets.py took 0.246 seconds
[2025-08-17T14:53:29.885+0000] {processor.py:186} INFO - Started process (PID=585) to work on /home/airflow/.local/lib/python3.12/site-packages/airflow/example_dags/example_datasets.py
[2025-08-17T14:53:29.887+0000] {processor.py:914} INFO - Processing file /home/airflow/.local/lib/python3.12/site-packages/airflow/example_dags/example_datasets.py for tasks to queue
[2025-08-17T14:53:29.890+0000] {logging_mixin.py:190} INFO - [2025-08-17T14:53:29.890+0000] {dagbag.py:587} INFO - Filling up the DagBag from /home/airflow/.local/lib/python3.12/site-packages/airflow/example_dags/example_datasets.py
[2025-08-17T14:53:30.037+0000] {processor.py:925} INFO - DAG(s) 'dataset_produces_1', 'dataset_consumes_unknown_never_scheduled', 'consume_1_and_2_with_dataset_expressions', 'dataset_consumes_1_never_scheduled', 'consume_1_or_2_with_dataset_expressions', 'dataset_consumes_1_and_2', 'consume_1_or_both_2_and_3_with_dataset_expressions', 'dataset_consumes_1', 'dataset_produces_2', 'conditional_dataset_and_time_based_timetable' retrieved from /home/airflow/.local/lib/python3.12/site-packages/airflow/example_dags/example_datasets.py
[2025-08-17T14:53:30.081+0000] {logging_mixin.py:190} INFO - [2025-08-17T14:53:30.081+0000] {dag.py:3211} INFO - Sync 10 DAGs
[2025-08-17T14:53:30.106+0000] {logging_mixin.py:190} INFO - [2025-08-17T14:53:30.106+0000] {dag.py:4138} INFO - Setting next_dagrun for conditional_dataset_and_time_based_timetable to 2025-08-13 01:00:00+00:00, run_after=2025-08-13 01:00:00+00:00
[2025-08-17T14:53:30.110+0000] {logging_mixin.py:190} INFO - [2025-08-17T14:53:30.110+0000] {dag.py:4138} INFO - Setting next_dagrun for consume_1_and_2_with_dataset_expressions to None, run_after=None
[2025-08-17T14:53:30.114+0000] {logging_mixin.py:190} INFO - [2025-08-17T14:53:30.114+0000] {dag.py:4138} INFO - Setting next_dagrun for consume_1_or_2_with_dataset_expressions to None, run_after=None
[2025-08-17T14:53:30.117+0000] {logging_mixin.py:190} INFO - [2025-08-17T14:53:30.117+0000] {dag.py:4138} INFO - Setting next_dagrun for consume_1_or_both_2_and_3_with_dataset_expressions to None, run_after=None
[2025-08-17T14:53:30.121+0000] {logging_mixin.py:190} INFO - [2025-08-17T14:53:30.121+0000] {dag.py:4138} INFO - Setting next_dagrun for dataset_consumes_1 to None, run_after=None
[2025-08-17T14:53:30.125+0000] {logging_mixin.py:190} INFO - [2025-08-17T14:53:30.125+0000] {dag.py:4138} INFO - Setting next_dagrun for dataset_consumes_1_and_2 to None, run_after=None
[2025-08-17T14:53:30.128+0000] {logging_mixin.py:190} INFO - [2025-08-17T14:53:30.128+0000] {dag.py:4138} INFO - Setting next_dagrun for dataset_consumes_1_never_scheduled to None, run_after=None
[2025-08-17T14:53:30.132+0000] {logging_mixin.py:190} INFO - [2025-08-17T14:53:30.131+0000] {dag.py:4138} INFO - Setting next_dagrun for dataset_consumes_unknown_never_scheduled to None, run_after=None
[2025-08-17T14:53:30.137+0000] {logging_mixin.py:190} INFO - [2025-08-17T14:53:30.137+0000] {dag.py:4138} INFO - Setting next_dagrun for dataset_produces_1 to 2025-08-16 00:00:00+00:00, run_after=2025-08-17 00:00:00+00:00
[2025-08-17T14:53:30.141+0000] {logging_mixin.py:190} INFO - [2025-08-17T14:53:30.141+0000] {dag.py:4138} INFO - Setting next_dagrun for dataset_produces_2 to None, run_after=None
[2025-08-17T14:53:30.174+0000] {processor.py:208} INFO - Processing /home/airflow/.local/lib/python3.12/site-packages/airflow/example_dags/example_datasets.py took 0.294 seconds
[2025-08-17T14:54:00.265+0000] {processor.py:186} INFO - Started process (PID=648) to work on /home/airflow/.local/lib/python3.12/site-packages/airflow/example_dags/example_datasets.py
[2025-08-17T14:54:00.269+0000] {processor.py:914} INFO - Processing file /home/airflow/.local/lib/python3.12/site-packages/airflow/example_dags/example_datasets.py for tasks to queue
[2025-08-17T14:54:00.272+0000] {logging_mixin.py:190} INFO - [2025-08-17T14:54:00.272+0000] {dagbag.py:587} INFO - Filling up the DagBag from /home/airflow/.local/lib/python3.12/site-packages/airflow/example_dags/example_datasets.py
[2025-08-17T14:54:00.432+0000] {processor.py:925} INFO - DAG(s) 'consume_1_or_2_with_dataset_expressions', 'dataset_consumes_unknown_never_scheduled', 'conditional_dataset_and_time_based_timetable', 'dataset_consumes_1', 'dataset_produces_1', 'dataset_consumes_1_never_scheduled', 'dataset_consumes_1_and_2', 'consume_1_and_2_with_dataset_expressions', 'dataset_produces_2', 'consume_1_or_both_2_and_3_with_dataset_expressions' retrieved from /home/airflow/.local/lib/python3.12/site-packages/airflow/example_dags/example_datasets.py
[2025-08-17T14:54:00.475+0000] {logging_mixin.py:190} INFO - [2025-08-17T14:54:00.475+0000] {dag.py:3211} INFO - Sync 10 DAGs
[2025-08-17T14:54:00.500+0000] {logging_mixin.py:190} INFO - [2025-08-17T14:54:00.500+0000] {dag.py:4138} INFO - Setting next_dagrun for conditional_dataset_and_time_based_timetable to 2025-08-13 01:00:00+00:00, run_after=2025-08-13 01:00:00+00:00
[2025-08-17T14:54:00.505+0000] {logging_mixin.py:190} INFO - [2025-08-17T14:54:00.505+0000] {dag.py:4138} INFO - Setting next_dagrun for consume_1_and_2_with_dataset_expressions to None, run_after=None
[2025-08-17T14:54:00.508+0000] {logging_mixin.py:190} INFO - [2025-08-17T14:54:00.508+0000] {dag.py:4138} INFO - Setting next_dagrun for consume_1_or_2_with_dataset_expressions to None, run_after=None
[2025-08-17T14:54:00.511+0000] {logging_mixin.py:190} INFO - [2025-08-17T14:54:00.511+0000] {dag.py:4138} INFO - Setting next_dagrun for consume_1_or_both_2_and_3_with_dataset_expressions to None, run_after=None
[2025-08-17T14:54:00.514+0000] {logging_mixin.py:190} INFO - [2025-08-17T14:54:00.513+0000] {dag.py:4138} INFO - Setting next_dagrun for dataset_consumes_1 to None, run_after=None
[2025-08-17T14:54:00.517+0000] {logging_mixin.py:190} INFO - [2025-08-17T14:54:00.517+0000] {dag.py:4138} INFO - Setting next_dagrun for dataset_consumes_1_and_2 to None, run_after=None
[2025-08-17T14:54:00.520+0000] {logging_mixin.py:190} INFO - [2025-08-17T14:54:00.520+0000] {dag.py:4138} INFO - Setting next_dagrun for dataset_consumes_1_never_scheduled to None, run_after=None
[2025-08-17T14:54:00.524+0000] {logging_mixin.py:190} INFO - [2025-08-17T14:54:00.524+0000] {dag.py:4138} INFO - Setting next_dagrun for dataset_consumes_unknown_never_scheduled to None, run_after=None
[2025-08-17T14:54:00.529+0000] {logging_mixin.py:190} INFO - [2025-08-17T14:54:00.529+0000] {dag.py:4138} INFO - Setting next_dagrun for dataset_produces_1 to 2025-08-16 00:00:00+00:00, run_after=2025-08-17 00:00:00+00:00
[2025-08-17T14:54:00.532+0000] {logging_mixin.py:190} INFO - [2025-08-17T14:54:00.532+0000] {dag.py:4138} INFO - Setting next_dagrun for dataset_produces_2 to None, run_after=None
[2025-08-17T14:54:00.571+0000] {processor.py:208} INFO - Processing /home/airflow/.local/lib/python3.12/site-packages/airflow/example_dags/example_datasets.py took 0.310 seconds
[2025-08-17T14:54:31.057+0000] {processor.py:186} INFO - Started process (PID=709) to work on /home/airflow/.local/lib/python3.12/site-packages/airflow/example_dags/example_datasets.py
[2025-08-17T14:54:31.058+0000] {processor.py:914} INFO - Processing file /home/airflow/.local/lib/python3.12/site-packages/airflow/example_dags/example_datasets.py for tasks to queue
[2025-08-17T14:54:31.061+0000] {logging_mixin.py:190} INFO - [2025-08-17T14:54:31.060+0000] {dagbag.py:587} INFO - Filling up the DagBag from /home/airflow/.local/lib/python3.12/site-packages/airflow/example_dags/example_datasets.py
[2025-08-17T14:54:31.182+0000] {processor.py:925} INFO - DAG(s) 'dataset_consumes_unknown_never_scheduled', 'consume_1_and_2_with_dataset_expressions', 'dataset_consumes_1', 'conditional_dataset_and_time_based_timetable', 'dataset_consumes_1_and_2', 'dataset_produces_1', 'dataset_consumes_1_never_scheduled', 'dataset_produces_2', 'consume_1_or_2_with_dataset_expressions', 'consume_1_or_both_2_and_3_with_dataset_expressions' retrieved from /home/airflow/.local/lib/python3.12/site-packages/airflow/example_dags/example_datasets.py
[2025-08-17T14:54:31.214+0000] {logging_mixin.py:190} INFO - [2025-08-17T14:54:31.214+0000] {dag.py:3211} INFO - Sync 10 DAGs
[2025-08-17T14:54:31.234+0000] {logging_mixin.py:190} INFO - [2025-08-17T14:54:31.234+0000] {dag.py:4138} INFO - Setting next_dagrun for conditional_dataset_and_time_based_timetable to 2025-08-13 01:00:00+00:00, run_after=2025-08-13 01:00:00+00:00
[2025-08-17T14:54:31.237+0000] {logging_mixin.py:190} INFO - [2025-08-17T14:54:31.237+0000] {dag.py:4138} INFO - Setting next_dagrun for consume_1_and_2_with_dataset_expressions to None, run_after=None
[2025-08-17T14:54:31.239+0000] {logging_mixin.py:190} INFO - [2025-08-17T14:54:31.239+0000] {dag.py:4138} INFO - Setting next_dagrun for consume_1_or_2_with_dataset_expressions to None, run_after=None
[2025-08-17T14:54:31.240+0000] {logging_mixin.py:190} INFO - [2025-08-17T14:54:31.240+0000] {dag.py:4138} INFO - Setting next_dagrun for consume_1_or_both_2_and_3_with_dataset_expressions to None, run_after=None
[2025-08-17T14:54:31.241+0000] {logging_mixin.py:190} INFO - [2025-08-17T14:54:31.241+0000] {dag.py:4138} INFO - Setting next_dagrun for dataset_consumes_1 to None, run_after=None
[2025-08-17T14:54:31.242+0000] {logging_mixin.py:190} INFO - [2025-08-17T14:54:31.242+0000] {dag.py:4138} INFO - Setting next_dagrun for dataset_consumes_1_and_2 to None, run_after=None
[2025-08-17T14:54:31.244+0000] {logging_mixin.py:190} INFO - [2025-08-17T14:54:31.244+0000] {dag.py:4138} INFO - Setting next_dagrun for dataset_consumes_1_never_scheduled to None, run_after=None
[2025-08-17T14:54:31.246+0000] {logging_mixin.py:190} INFO - [2025-08-17T14:54:31.246+0000] {dag.py:4138} INFO - Setting next_dagrun for dataset_consumes_unknown_never_scheduled to None, run_after=None
[2025-08-17T14:54:31.248+0000] {logging_mixin.py:190} INFO - [2025-08-17T14:54:31.248+0000] {dag.py:4138} INFO - Setting next_dagrun for dataset_produces_1 to 2025-08-16 00:00:00+00:00, run_after=2025-08-17 00:00:00+00:00
[2025-08-17T14:54:31.250+0000] {logging_mixin.py:190} INFO - [2025-08-17T14:54:31.249+0000] {dag.py:4138} INFO - Setting next_dagrun for dataset_produces_2 to None, run_after=None
[2025-08-17T14:54:31.275+0000] {processor.py:208} INFO - Processing /home/airflow/.local/lib/python3.12/site-packages/airflow/example_dags/example_datasets.py took 0.222 seconds
