[2025-08-17T14:49:19.894+0000] {processor.py:186} INFO - Started process (PID=59) to work on /home/airflow/.local/lib/python3.12/site-packages/airflow/example_dags/example_xcom.py
[2025-08-17T14:49:19.897+0000] {processor.py:914} INFO - Processing file /home/airflow/.local/lib/python3.12/site-packages/airflow/example_dags/example_xcom.py for tasks to queue
[2025-08-17T14:49:19.904+0000] {logging_mixin.py:190} INFO - [2025-08-17T14:49:19.903+0000] {dagbag.py:587} INFO - Filling up the DagBag from /home/airflow/.local/lib/python3.12/site-packages/airflow/example_dags/example_xcom.py
[2025-08-17T14:49:19.935+0000] {processor.py:925} INFO - DAG(s) 'example_xcom' retrieved from /home/airflow/.local/lib/python3.12/site-packages/airflow/example_dags/example_xcom.py
[2025-08-17T14:49:20.319+0000] {logging_mixin.py:190} INFO - [2025-08-17T14:49:20.316+0000] {override.py:1858} INFO - Created Permission View: can read on DAG:example_xcom
[2025-08-17T14:49:20.333+0000] {logging_mixin.py:190} INFO - [2025-08-17T14:49:20.332+0000] {override.py:1858} INFO - Created Permission View: can delete on DAG:example_xcom
[2025-08-17T14:49:20.343+0000] {logging_mixin.py:190} INFO - [2025-08-17T14:49:20.342+0000] {override.py:1858} INFO - Created Permission View: can edit on DAG:example_xcom
[2025-08-17T14:49:20.344+0000] {logging_mixin.py:190} INFO - [2025-08-17T14:49:20.344+0000] {dag.py:3211} INFO - Sync 1 DAGs
[2025-08-17T14:49:20.368+0000] {logging_mixin.py:190} INFO - [2025-08-17T14:49:20.368+0000] {dag.py:3234} INFO - Creating ORM DAG for example_xcom
[2025-08-17T14:49:20.384+0000] {logging_mixin.py:190} INFO - [2025-08-17T14:49:20.383+0000] {dag.py:4138} INFO - Setting next_dagrun for example_xcom to 2021-01-01 00:00:00+00:00, run_after=2021-01-01 00:00:00+00:00
[2025-08-17T14:49:20.413+0000] {processor.py:208} INFO - Processing /home/airflow/.local/lib/python3.12/site-packages/airflow/example_dags/example_xcom.py took 0.534 seconds
[2025-08-17T14:49:51.019+0000] {processor.py:186} INFO - Started process (PID=120) to work on /home/airflow/.local/lib/python3.12/site-packages/airflow/example_dags/example_xcom.py
[2025-08-17T14:49:51.021+0000] {processor.py:914} INFO - Processing file /home/airflow/.local/lib/python3.12/site-packages/airflow/example_dags/example_xcom.py for tasks to queue
[2025-08-17T14:49:51.024+0000] {logging_mixin.py:190} INFO - [2025-08-17T14:49:51.024+0000] {dagbag.py:587} INFO - Filling up the DagBag from /home/airflow/.local/lib/python3.12/site-packages/airflow/example_dags/example_xcom.py
[2025-08-17T14:49:51.034+0000] {processor.py:925} INFO - DAG(s) 'example_xcom' retrieved from /home/airflow/.local/lib/python3.12/site-packages/airflow/example_dags/example_xcom.py
[2025-08-17T14:49:51.057+0000] {logging_mixin.py:190} INFO - [2025-08-17T14:49:51.056+0000] {dag.py:3211} INFO - Sync 1 DAGs
[2025-08-17T14:49:51.076+0000] {logging_mixin.py:190} INFO - [2025-08-17T14:49:51.076+0000] {dag.py:4138} INFO - Setting next_dagrun for example_xcom to 2021-01-01 00:00:00+00:00, run_after=2021-01-01 00:00:00+00:00
[2025-08-17T14:49:51.094+0000] {processor.py:208} INFO - Processing /home/airflow/.local/lib/python3.12/site-packages/airflow/example_dags/example_xcom.py took 0.083 seconds
[2025-08-17T14:50:21.970+0000] {processor.py:186} INFO - Started process (PID=183) to work on /home/airflow/.local/lib/python3.12/site-packages/airflow/example_dags/example_xcom.py
[2025-08-17T14:50:21.972+0000] {processor.py:914} INFO - Processing file /home/airflow/.local/lib/python3.12/site-packages/airflow/example_dags/example_xcom.py for tasks to queue
[2025-08-17T14:50:21.976+0000] {logging_mixin.py:190} INFO - [2025-08-17T14:50:21.975+0000] {dagbag.py:587} INFO - Filling up the DagBag from /home/airflow/.local/lib/python3.12/site-packages/airflow/example_dags/example_xcom.py
[2025-08-17T14:50:21.986+0000] {processor.py:925} INFO - DAG(s) 'example_xcom' retrieved from /home/airflow/.local/lib/python3.12/site-packages/airflow/example_dags/example_xcom.py
[2025-08-17T14:50:22.010+0000] {logging_mixin.py:190} INFO - [2025-08-17T14:50:22.010+0000] {dag.py:3211} INFO - Sync 1 DAGs
[2025-08-17T14:50:22.031+0000] {logging_mixin.py:190} INFO - [2025-08-17T14:50:22.031+0000] {dag.py:4138} INFO - Setting next_dagrun for example_xcom to 2021-01-01 00:00:00+00:00, run_after=2021-01-01 00:00:00+00:00
[2025-08-17T14:50:22.051+0000] {processor.py:208} INFO - Processing /home/airflow/.local/lib/python3.12/site-packages/airflow/example_dags/example_xcom.py took 0.097 seconds
[2025-08-17T14:50:52.614+0000] {processor.py:186} INFO - Started process (PID=245) to work on /home/airflow/.local/lib/python3.12/site-packages/airflow/example_dags/example_xcom.py
[2025-08-17T14:50:52.616+0000] {processor.py:914} INFO - Processing file /home/airflow/.local/lib/python3.12/site-packages/airflow/example_dags/example_xcom.py for tasks to queue
[2025-08-17T14:50:52.619+0000] {logging_mixin.py:190} INFO - [2025-08-17T14:50:52.619+0000] {dagbag.py:587} INFO - Filling up the DagBag from /home/airflow/.local/lib/python3.12/site-packages/airflow/example_dags/example_xcom.py
[2025-08-17T14:50:52.643+0000] {processor.py:925} INFO - DAG(s) 'example_xcom' retrieved from /home/airflow/.local/lib/python3.12/site-packages/airflow/example_dags/example_xcom.py
[2025-08-17T14:50:52.667+0000] {logging_mixin.py:190} INFO - [2025-08-17T14:50:52.667+0000] {dag.py:3211} INFO - Sync 1 DAGs
[2025-08-17T14:50:52.688+0000] {logging_mixin.py:190} INFO - [2025-08-17T14:50:52.688+0000] {dag.py:4138} INFO - Setting next_dagrun for example_xcom to 2021-01-01 00:00:00+00:00, run_after=2021-01-01 00:00:00+00:00
[2025-08-17T14:50:52.707+0000] {processor.py:208} INFO - Processing /home/airflow/.local/lib/python3.12/site-packages/airflow/example_dags/example_xcom.py took 0.100 seconds
[2025-08-17T14:51:23.188+0000] {processor.py:186} INFO - Started process (PID=313) to work on /home/airflow/.local/lib/python3.12/site-packages/airflow/example_dags/example_xcom.py
[2025-08-17T14:51:23.190+0000] {processor.py:914} INFO - Processing file /home/airflow/.local/lib/python3.12/site-packages/airflow/example_dags/example_xcom.py for tasks to queue
[2025-08-17T14:51:23.193+0000] {logging_mixin.py:190} INFO - [2025-08-17T14:51:23.193+0000] {dagbag.py:587} INFO - Filling up the DagBag from /home/airflow/.local/lib/python3.12/site-packages/airflow/example_dags/example_xcom.py
[2025-08-17T14:51:23.203+0000] {processor.py:925} INFO - DAG(s) 'example_xcom' retrieved from /home/airflow/.local/lib/python3.12/site-packages/airflow/example_dags/example_xcom.py
[2025-08-17T14:51:23.224+0000] {logging_mixin.py:190} INFO - [2025-08-17T14:51:23.224+0000] {dag.py:3211} INFO - Sync 1 DAGs
[2025-08-17T14:51:23.245+0000] {logging_mixin.py:190} INFO - [2025-08-17T14:51:23.245+0000] {dag.py:4138} INFO - Setting next_dagrun for example_xcom to 2021-01-01 00:00:00+00:00, run_after=2021-01-01 00:00:00+00:00
[2025-08-17T14:51:23.279+0000] {processor.py:208} INFO - Processing /home/airflow/.local/lib/python3.12/site-packages/airflow/example_dags/example_xcom.py took 0.097 seconds
[2025-08-17T14:51:54.035+0000] {processor.py:186} INFO - Started process (PID=375) to work on /home/airflow/.local/lib/python3.12/site-packages/airflow/example_dags/example_xcom.py
[2025-08-17T14:51:54.037+0000] {processor.py:914} INFO - Processing file /home/airflow/.local/lib/python3.12/site-packages/airflow/example_dags/example_xcom.py for tasks to queue
[2025-08-17T14:51:54.039+0000] {logging_mixin.py:190} INFO - [2025-08-17T14:51:54.039+0000] {dagbag.py:587} INFO - Filling up the DagBag from /home/airflow/.local/lib/python3.12/site-packages/airflow/example_dags/example_xcom.py
[2025-08-17T14:51:54.049+0000] {processor.py:925} INFO - DAG(s) 'example_xcom' retrieved from /home/airflow/.local/lib/python3.12/site-packages/airflow/example_dags/example_xcom.py
[2025-08-17T14:51:54.073+0000] {logging_mixin.py:190} INFO - [2025-08-17T14:51:54.072+0000] {dag.py:3211} INFO - Sync 1 DAGs
[2025-08-17T14:51:54.091+0000] {logging_mixin.py:190} INFO - [2025-08-17T14:51:54.091+0000] {dag.py:4138} INFO - Setting next_dagrun for example_xcom to 2021-01-01 00:00:00+00:00, run_after=2021-01-01 00:00:00+00:00
[2025-08-17T14:51:54.108+0000] {processor.py:208} INFO - Processing /home/airflow/.local/lib/python3.12/site-packages/airflow/example_dags/example_xcom.py took 0.077 seconds
[2025-08-17T14:52:24.795+0000] {processor.py:186} INFO - Started process (PID=437) to work on /home/airflow/.local/lib/python3.12/site-packages/airflow/example_dags/example_xcom.py
[2025-08-17T14:52:24.796+0000] {processor.py:914} INFO - Processing file /home/airflow/.local/lib/python3.12/site-packages/airflow/example_dags/example_xcom.py for tasks to queue
[2025-08-17T14:52:24.799+0000] {logging_mixin.py:190} INFO - [2025-08-17T14:52:24.799+0000] {dagbag.py:587} INFO - Filling up the DagBag from /home/airflow/.local/lib/python3.12/site-packages/airflow/example_dags/example_xcom.py
[2025-08-17T14:52:24.808+0000] {processor.py:925} INFO - DAG(s) 'example_xcom' retrieved from /home/airflow/.local/lib/python3.12/site-packages/airflow/example_dags/example_xcom.py
[2025-08-17T14:52:24.829+0000] {logging_mixin.py:190} INFO - [2025-08-17T14:52:24.829+0000] {dag.py:3211} INFO - Sync 1 DAGs
[2025-08-17T14:52:24.848+0000] {logging_mixin.py:190} INFO - [2025-08-17T14:52:24.848+0000] {dag.py:4138} INFO - Setting next_dagrun for example_xcom to 2021-01-01 00:00:00+00:00, run_after=2021-01-01 00:00:00+00:00
[2025-08-17T14:52:24.874+0000] {processor.py:208} INFO - Processing /home/airflow/.local/lib/python3.12/site-packages/airflow/example_dags/example_xcom.py took 0.084 seconds
[2025-08-17T14:52:55.169+0000] {processor.py:186} INFO - Started process (PID=499) to work on /home/airflow/.local/lib/python3.12/site-packages/airflow/example_dags/example_xcom.py
[2025-08-17T14:52:55.171+0000] {processor.py:914} INFO - Processing file /home/airflow/.local/lib/python3.12/site-packages/airflow/example_dags/example_xcom.py for tasks to queue
[2025-08-17T14:52:55.174+0000] {logging_mixin.py:190} INFO - [2025-08-17T14:52:55.173+0000] {dagbag.py:587} INFO - Filling up the DagBag from /home/airflow/.local/lib/python3.12/site-packages/airflow/example_dags/example_xcom.py
[2025-08-17T14:52:55.188+0000] {processor.py:925} INFO - DAG(s) 'example_xcom' retrieved from /home/airflow/.local/lib/python3.12/site-packages/airflow/example_dags/example_xcom.py
[2025-08-17T14:52:55.215+0000] {logging_mixin.py:190} INFO - [2025-08-17T14:52:55.215+0000] {dag.py:3211} INFO - Sync 1 DAGs
[2025-08-17T14:52:55.239+0000] {logging_mixin.py:190} INFO - [2025-08-17T14:52:55.238+0000] {dag.py:4138} INFO - Setting next_dagrun for example_xcom to 2021-01-01 00:00:00+00:00, run_after=2021-01-01 00:00:00+00:00
[2025-08-17T14:52:55.259+0000] {processor.py:208} INFO - Processing /home/airflow/.local/lib/python3.12/site-packages/airflow/example_dags/example_xcom.py took 0.097 seconds
[2025-08-17T14:53:25.500+0000] {processor.py:186} INFO - Started process (PID=561) to work on /home/airflow/.local/lib/python3.12/site-packages/airflow/example_dags/example_xcom.py
[2025-08-17T14:53:25.503+0000] {processor.py:914} INFO - Processing file /home/airflow/.local/lib/python3.12/site-packages/airflow/example_dags/example_xcom.py for tasks to queue
[2025-08-17T14:53:25.507+0000] {logging_mixin.py:190} INFO - [2025-08-17T14:53:25.507+0000] {dagbag.py:587} INFO - Filling up the DagBag from /home/airflow/.local/lib/python3.12/site-packages/airflow/example_dags/example_xcom.py
[2025-08-17T14:53:25.522+0000] {processor.py:925} INFO - DAG(s) 'example_xcom' retrieved from /home/airflow/.local/lib/python3.12/site-packages/airflow/example_dags/example_xcom.py
[2025-08-17T14:53:25.548+0000] {logging_mixin.py:190} INFO - [2025-08-17T14:53:25.547+0000] {dag.py:3211} INFO - Sync 1 DAGs
[2025-08-17T14:53:25.573+0000] {logging_mixin.py:190} INFO - [2025-08-17T14:53:25.573+0000] {dag.py:4138} INFO - Setting next_dagrun for example_xcom to 2021-01-01 00:00:00+00:00, run_after=2021-01-01 00:00:00+00:00
[2025-08-17T14:53:25.592+0000] {processor.py:208} INFO - Processing /home/airflow/.local/lib/python3.12/site-packages/airflow/example_dags/example_xcom.py took 0.100 seconds
[2025-08-17T14:53:55.742+0000] {processor.py:186} INFO - Started process (PID=622) to work on /home/airflow/.local/lib/python3.12/site-packages/airflow/example_dags/example_xcom.py
[2025-08-17T14:53:55.746+0000] {processor.py:914} INFO - Processing file /home/airflow/.local/lib/python3.12/site-packages/airflow/example_dags/example_xcom.py for tasks to queue
[2025-08-17T14:53:55.752+0000] {logging_mixin.py:190} INFO - [2025-08-17T14:53:55.751+0000] {dagbag.py:587} INFO - Filling up the DagBag from /home/airflow/.local/lib/python3.12/site-packages/airflow/example_dags/example_xcom.py
[2025-08-17T14:53:55.774+0000] {processor.py:925} INFO - DAG(s) 'example_xcom' retrieved from /home/airflow/.local/lib/python3.12/site-packages/airflow/example_dags/example_xcom.py
[2025-08-17T14:53:55.799+0000] {logging_mixin.py:190} INFO - [2025-08-17T14:53:55.799+0000] {dag.py:3211} INFO - Sync 1 DAGs
[2025-08-17T14:53:55.825+0000] {logging_mixin.py:190} INFO - [2025-08-17T14:53:55.824+0000] {dag.py:4138} INFO - Setting next_dagrun for example_xcom to 2021-01-01 00:00:00+00:00, run_after=2021-01-01 00:00:00+00:00
[2025-08-17T14:53:55.843+0000] {processor.py:208} INFO - Processing /home/airflow/.local/lib/python3.12/site-packages/airflow/example_dags/example_xcom.py took 0.108 seconds
[2025-08-17T14:54:26.223+0000] {processor.py:186} INFO - Started process (PID=684) to work on /home/airflow/.local/lib/python3.12/site-packages/airflow/example_dags/example_xcom.py
[2025-08-17T14:54:26.224+0000] {processor.py:914} INFO - Processing file /home/airflow/.local/lib/python3.12/site-packages/airflow/example_dags/example_xcom.py for tasks to queue
[2025-08-17T14:54:26.228+0000] {logging_mixin.py:190} INFO - [2025-08-17T14:54:26.227+0000] {dagbag.py:587} INFO - Filling up the DagBag from /home/airflow/.local/lib/python3.12/site-packages/airflow/example_dags/example_xcom.py
[2025-08-17T14:54:26.238+0000] {processor.py:925} INFO - DAG(s) 'example_xcom' retrieved from /home/airflow/.local/lib/python3.12/site-packages/airflow/example_dags/example_xcom.py
[2025-08-17T14:54:26.257+0000] {logging_mixin.py:190} INFO - [2025-08-17T14:54:26.257+0000] {dag.py:3211} INFO - Sync 1 DAGs
[2025-08-17T14:54:26.277+0000] {logging_mixin.py:190} INFO - [2025-08-17T14:54:26.277+0000] {dag.py:4138} INFO - Setting next_dagrun for example_xcom to 2021-01-01 00:00:00+00:00, run_after=2021-01-01 00:00:00+00:00
[2025-08-17T14:54:26.294+0000] {processor.py:208} INFO - Processing /home/airflow/.local/lib/python3.12/site-packages/airflow/example_dags/example_xcom.py took 0.077 seconds
