[2025-08-17T14:49:21.421+0000] {processor.py:186} INFO - Started process (PID=64) to work on /home/airflow/.local/lib/python3.12/site-packages/airflow/example_dags/tutorial_objectstorage.py
[2025-08-17T14:49:21.422+0000] {processor.py:914} INFO - Processing file /home/airflow/.local/lib/python3.12/site-packages/airflow/example_dags/tutorial_objectstorage.py for tasks to queue
[2025-08-17T14:49:21.427+0000] {logging_mixin.py:190} INFO - [2025-08-17T14:49:21.426+0000] {dagbag.py:587} INFO - Filling up the DagBag from /home/airflow/.local/lib/python3.12/site-packages/airflow/example_dags/tutorial_objectstorage.py
[2025-08-17T14:49:21.444+0000] {processor.py:925} INFO - DAG(s) 'tutorial_objectstorage' retrieved from /home/airflow/.local/lib/python3.12/site-packages/airflow/example_dags/tutorial_objectstorage.py
[2025-08-17T14:49:21.615+0000] {logging_mixin.py:190} INFO - [2025-08-17T14:49:21.614+0000] {override.py:1858} INFO - Created Permission View: can read on DAG:tutorial_objectstorage
[2025-08-17T14:49:21.631+0000] {logging_mixin.py:190} INFO - [2025-08-17T14:49:21.630+0000] {override.py:1858} INFO - Created Permission View: can delete on DAG:tutorial_objectstorage
[2025-08-17T14:49:21.642+0000] {logging_mixin.py:190} INFO - [2025-08-17T14:49:21.642+0000] {override.py:1858} INFO - Created Permission View: can edit on DAG:tutorial_objectstorage
[2025-08-17T14:49:21.644+0000] {logging_mixin.py:190} INFO - [2025-08-17T14:49:21.643+0000] {dag.py:3211} INFO - Sync 1 DAGs
[2025-08-17T14:49:21.663+0000] {logging_mixin.py:190} INFO - [2025-08-17T14:49:21.663+0000] {dag.py:3234} INFO - Creating ORM DAG for tutorial_objectstorage
[2025-08-17T14:49:21.665+0000] {logging_mixin.py:190} INFO - [2025-08-17T14:49:21.664+0000] {dag.py:4138} INFO - Setting next_dagrun for tutorial_objectstorage to None, run_after=None
[2025-08-17T14:49:21.691+0000] {processor.py:208} INFO - Processing /home/airflow/.local/lib/python3.12/site-packages/airflow/example_dags/tutorial_objectstorage.py took 0.280 seconds
[2025-08-17T14:49:52.541+0000] {processor.py:186} INFO - Started process (PID=126) to work on /home/airflow/.local/lib/python3.12/site-packages/airflow/example_dags/tutorial_objectstorage.py
[2025-08-17T14:49:52.543+0000] {processor.py:914} INFO - Processing file /home/airflow/.local/lib/python3.12/site-packages/airflow/example_dags/tutorial_objectstorage.py for tasks to queue
[2025-08-17T14:49:52.546+0000] {logging_mixin.py:190} INFO - [2025-08-17T14:49:52.546+0000] {dagbag.py:587} INFO - Filling up the DagBag from /home/airflow/.local/lib/python3.12/site-packages/airflow/example_dags/tutorial_objectstorage.py
[2025-08-17T14:49:52.555+0000] {processor.py:925} INFO - DAG(s) 'tutorial_objectstorage' retrieved from /home/airflow/.local/lib/python3.12/site-packages/airflow/example_dags/tutorial_objectstorage.py
[2025-08-17T14:49:52.574+0000] {logging_mixin.py:190} INFO - [2025-08-17T14:49:52.574+0000] {dag.py:3211} INFO - Sync 1 DAGs
[2025-08-17T14:49:52.583+0000] {logging_mixin.py:190} INFO - [2025-08-17T14:49:52.583+0000] {dag.py:4138} INFO - Setting next_dagrun for tutorial_objectstorage to None, run_after=None
[2025-08-17T14:49:52.611+0000] {processor.py:208} INFO - Processing /home/airflow/.local/lib/python3.12/site-packages/airflow/example_dags/tutorial_objectstorage.py took 0.074 seconds
[2025-08-17T14:50:23.321+0000] {processor.py:186} INFO - Started process (PID=194) to work on /home/airflow/.local/lib/python3.12/site-packages/airflow/example_dags/tutorial_objectstorage.py
[2025-08-17T14:50:23.322+0000] {processor.py:914} INFO - Processing file /home/airflow/.local/lib/python3.12/site-packages/airflow/example_dags/tutorial_objectstorage.py for tasks to queue
[2025-08-17T14:50:23.324+0000] {logging_mixin.py:190} INFO - [2025-08-17T14:50:23.324+0000] {dagbag.py:587} INFO - Filling up the DagBag from /home/airflow/.local/lib/python3.12/site-packages/airflow/example_dags/tutorial_objectstorage.py
[2025-08-17T14:50:23.331+0000] {processor.py:925} INFO - DAG(s) 'tutorial_objectstorage' retrieved from /home/airflow/.local/lib/python3.12/site-packages/airflow/example_dags/tutorial_objectstorage.py
[2025-08-17T14:50:23.348+0000] {logging_mixin.py:190} INFO - [2025-08-17T14:50:23.348+0000] {dag.py:3211} INFO - Sync 1 DAGs
[2025-08-17T14:50:23.358+0000] {logging_mixin.py:190} INFO - [2025-08-17T14:50:23.358+0000] {dag.py:4138} INFO - Setting next_dagrun for tutorial_objectstorage to None, run_after=None
[2025-08-17T14:50:23.382+0000] {processor.py:208} INFO - Processing /home/airflow/.local/lib/python3.12/site-packages/airflow/example_dags/tutorial_objectstorage.py took 0.065 seconds
[2025-08-17T14:50:53.987+0000] {processor.py:186} INFO - Started process (PID=256) to work on /home/airflow/.local/lib/python3.12/site-packages/airflow/example_dags/tutorial_objectstorage.py
[2025-08-17T14:50:53.989+0000] {processor.py:914} INFO - Processing file /home/airflow/.local/lib/python3.12/site-packages/airflow/example_dags/tutorial_objectstorage.py for tasks to queue
[2025-08-17T14:50:53.992+0000] {logging_mixin.py:190} INFO - [2025-08-17T14:50:53.991+0000] {dagbag.py:587} INFO - Filling up the DagBag from /home/airflow/.local/lib/python3.12/site-packages/airflow/example_dags/tutorial_objectstorage.py
[2025-08-17T14:50:54.002+0000] {processor.py:925} INFO - DAG(s) 'tutorial_objectstorage' retrieved from /home/airflow/.local/lib/python3.12/site-packages/airflow/example_dags/tutorial_objectstorage.py
[2025-08-17T14:50:54.039+0000] {logging_mixin.py:190} INFO - [2025-08-17T14:50:54.039+0000] {dag.py:3211} INFO - Sync 1 DAGs
[2025-08-17T14:50:54.052+0000] {logging_mixin.py:190} INFO - [2025-08-17T14:50:54.052+0000] {dag.py:4138} INFO - Setting next_dagrun for tutorial_objectstorage to None, run_after=None
[2025-08-17T14:50:54.071+0000] {processor.py:208} INFO - Processing /home/airflow/.local/lib/python3.12/site-packages/airflow/example_dags/tutorial_objectstorage.py took 0.090 seconds
[2025-08-17T14:51:24.541+0000] {processor.py:186} INFO - Started process (PID=318) to work on /home/airflow/.local/lib/python3.12/site-packages/airflow/example_dags/tutorial_objectstorage.py
[2025-08-17T14:51:24.542+0000] {processor.py:914} INFO - Processing file /home/airflow/.local/lib/python3.12/site-packages/airflow/example_dags/tutorial_objectstorage.py for tasks to queue
[2025-08-17T14:51:24.544+0000] {logging_mixin.py:190} INFO - [2025-08-17T14:51:24.544+0000] {dagbag.py:587} INFO - Filling up the DagBag from /home/airflow/.local/lib/python3.12/site-packages/airflow/example_dags/tutorial_objectstorage.py
[2025-08-17T14:51:24.554+0000] {processor.py:925} INFO - DAG(s) 'tutorial_objectstorage' retrieved from /home/airflow/.local/lib/python3.12/site-packages/airflow/example_dags/tutorial_objectstorage.py
[2025-08-17T14:51:24.573+0000] {logging_mixin.py:190} INFO - [2025-08-17T14:51:24.573+0000] {dag.py:3211} INFO - Sync 1 DAGs
[2025-08-17T14:51:24.587+0000] {logging_mixin.py:190} INFO - [2025-08-17T14:51:24.586+0000] {dag.py:4138} INFO - Setting next_dagrun for tutorial_objectstorage to None, run_after=None
[2025-08-17T14:51:24.620+0000] {processor.py:208} INFO - Processing /home/airflow/.local/lib/python3.12/site-packages/airflow/example_dags/tutorial_objectstorage.py took 0.084 seconds
[2025-08-17T14:51:55.502+0000] {processor.py:186} INFO - Started process (PID=380) to work on /home/airflow/.local/lib/python3.12/site-packages/airflow/example_dags/tutorial_objectstorage.py
[2025-08-17T14:51:55.504+0000] {processor.py:914} INFO - Processing file /home/airflow/.local/lib/python3.12/site-packages/airflow/example_dags/tutorial_objectstorage.py for tasks to queue
[2025-08-17T14:51:55.506+0000] {logging_mixin.py:190} INFO - [2025-08-17T14:51:55.506+0000] {dagbag.py:587} INFO - Filling up the DagBag from /home/airflow/.local/lib/python3.12/site-packages/airflow/example_dags/tutorial_objectstorage.py
[2025-08-17T14:51:55.515+0000] {processor.py:925} INFO - DAG(s) 'tutorial_objectstorage' retrieved from /home/airflow/.local/lib/python3.12/site-packages/airflow/example_dags/tutorial_objectstorage.py
[2025-08-17T14:51:55.534+0000] {logging_mixin.py:190} INFO - [2025-08-17T14:51:55.534+0000] {dag.py:3211} INFO - Sync 1 DAGs
[2025-08-17T14:51:55.547+0000] {logging_mixin.py:190} INFO - [2025-08-17T14:51:55.546+0000] {dag.py:4138} INFO - Setting next_dagrun for tutorial_objectstorage to None, run_after=None
[2025-08-17T14:51:55.564+0000] {processor.py:208} INFO - Processing /home/airflow/.local/lib/python3.12/site-packages/airflow/example_dags/tutorial_objectstorage.py took 0.066 seconds
[2025-08-17T14:52:26.268+0000] {processor.py:186} INFO - Started process (PID=442) to work on /home/airflow/.local/lib/python3.12/site-packages/airflow/example_dags/tutorial_objectstorage.py
[2025-08-17T14:52:26.270+0000] {processor.py:914} INFO - Processing file /home/airflow/.local/lib/python3.12/site-packages/airflow/example_dags/tutorial_objectstorage.py for tasks to queue
[2025-08-17T14:52:26.272+0000] {logging_mixin.py:190} INFO - [2025-08-17T14:52:26.272+0000] {dagbag.py:587} INFO - Filling up the DagBag from /home/airflow/.local/lib/python3.12/site-packages/airflow/example_dags/tutorial_objectstorage.py
[2025-08-17T14:52:26.281+0000] {processor.py:925} INFO - DAG(s) 'tutorial_objectstorage' retrieved from /home/airflow/.local/lib/python3.12/site-packages/airflow/example_dags/tutorial_objectstorage.py
[2025-08-17T14:52:26.299+0000] {logging_mixin.py:190} INFO - [2025-08-17T14:52:26.299+0000] {dag.py:3211} INFO - Sync 1 DAGs
[2025-08-17T14:52:26.310+0000] {logging_mixin.py:190} INFO - [2025-08-17T14:52:26.310+0000] {dag.py:4138} INFO - Setting next_dagrun for tutorial_objectstorage to None, run_after=None
[2025-08-17T14:52:26.329+0000] {processor.py:208} INFO - Processing /home/airflow/.local/lib/python3.12/site-packages/airflow/example_dags/tutorial_objectstorage.py took 0.067 seconds
[2025-08-17T14:52:56.583+0000] {processor.py:186} INFO - Started process (PID=504) to work on /home/airflow/.local/lib/python3.12/site-packages/airflow/example_dags/tutorial_objectstorage.py
[2025-08-17T14:52:56.584+0000] {processor.py:914} INFO - Processing file /home/airflow/.local/lib/python3.12/site-packages/airflow/example_dags/tutorial_objectstorage.py for tasks to queue
[2025-08-17T14:52:56.586+0000] {logging_mixin.py:190} INFO - [2025-08-17T14:52:56.586+0000] {dagbag.py:587} INFO - Filling up the DagBag from /home/airflow/.local/lib/python3.12/site-packages/airflow/example_dags/tutorial_objectstorage.py
[2025-08-17T14:52:56.594+0000] {processor.py:925} INFO - DAG(s) 'tutorial_objectstorage' retrieved from /home/airflow/.local/lib/python3.12/site-packages/airflow/example_dags/tutorial_objectstorage.py
[2025-08-17T14:52:56.613+0000] {logging_mixin.py:190} INFO - [2025-08-17T14:52:56.613+0000] {dag.py:3211} INFO - Sync 1 DAGs
[2025-08-17T14:52:56.623+0000] {logging_mixin.py:190} INFO - [2025-08-17T14:52:56.623+0000] {dag.py:4138} INFO - Setting next_dagrun for tutorial_objectstorage to None, run_after=None
[2025-08-17T14:52:56.639+0000] {processor.py:208} INFO - Processing /home/airflow/.local/lib/python3.12/site-packages/airflow/example_dags/tutorial_objectstorage.py took 0.061 seconds
[2025-08-17T14:53:26.993+0000] {processor.py:186} INFO - Started process (PID=566) to work on /home/airflow/.local/lib/python3.12/site-packages/airflow/example_dags/tutorial_objectstorage.py
[2025-08-17T14:53:26.995+0000] {processor.py:914} INFO - Processing file /home/airflow/.local/lib/python3.12/site-packages/airflow/example_dags/tutorial_objectstorage.py for tasks to queue
[2025-08-17T14:53:26.999+0000] {logging_mixin.py:190} INFO - [2025-08-17T14:53:26.999+0000] {dagbag.py:587} INFO - Filling up the DagBag from /home/airflow/.local/lib/python3.12/site-packages/airflow/example_dags/tutorial_objectstorage.py
[2025-08-17T14:53:27.012+0000] {processor.py:925} INFO - DAG(s) 'tutorial_objectstorage' retrieved from /home/airflow/.local/lib/python3.12/site-packages/airflow/example_dags/tutorial_objectstorage.py
[2025-08-17T14:53:27.033+0000] {logging_mixin.py:190} INFO - [2025-08-17T14:53:27.033+0000] {dag.py:3211} INFO - Sync 1 DAGs
[2025-08-17T14:53:27.049+0000] {logging_mixin.py:190} INFO - [2025-08-17T14:53:27.049+0000] {dag.py:4138} INFO - Setting next_dagrun for tutorial_objectstorage to None, run_after=None
[2025-08-17T14:53:27.068+0000] {processor.py:208} INFO - Processing /home/airflow/.local/lib/python3.12/site-packages/airflow/example_dags/tutorial_objectstorage.py took 0.081 seconds
[2025-08-17T14:53:57.373+0000] {processor.py:186} INFO - Started process (PID=628) to work on /home/airflow/.local/lib/python3.12/site-packages/airflow/example_dags/tutorial_objectstorage.py
[2025-08-17T14:53:57.376+0000] {processor.py:914} INFO - Processing file /home/airflow/.local/lib/python3.12/site-packages/airflow/example_dags/tutorial_objectstorage.py for tasks to queue
[2025-08-17T14:53:57.381+0000] {logging_mixin.py:190} INFO - [2025-08-17T14:53:57.381+0000] {dagbag.py:587} INFO - Filling up the DagBag from /home/airflow/.local/lib/python3.12/site-packages/airflow/example_dags/tutorial_objectstorage.py
[2025-08-17T14:53:57.394+0000] {processor.py:925} INFO - DAG(s) 'tutorial_objectstorage' retrieved from /home/airflow/.local/lib/python3.12/site-packages/airflow/example_dags/tutorial_objectstorage.py
[2025-08-17T14:53:57.417+0000] {logging_mixin.py:190} INFO - [2025-08-17T14:53:57.417+0000] {dag.py:3211} INFO - Sync 1 DAGs
[2025-08-17T14:53:57.432+0000] {logging_mixin.py:190} INFO - [2025-08-17T14:53:57.432+0000] {dag.py:4138} INFO - Setting next_dagrun for tutorial_objectstorage to None, run_after=None
[2025-08-17T14:53:57.453+0000] {processor.py:208} INFO - Processing /home/airflow/.local/lib/python3.12/site-packages/airflow/example_dags/tutorial_objectstorage.py took 0.084 seconds
[2025-08-17T14:54:27.720+0000] {processor.py:186} INFO - Started process (PID=690) to work on /home/airflow/.local/lib/python3.12/site-packages/airflow/example_dags/tutorial_objectstorage.py
[2025-08-17T14:54:27.721+0000] {processor.py:914} INFO - Processing file /home/airflow/.local/lib/python3.12/site-packages/airflow/example_dags/tutorial_objectstorage.py for tasks to queue
[2025-08-17T14:54:27.724+0000] {logging_mixin.py:190} INFO - [2025-08-17T14:54:27.723+0000] {dagbag.py:587} INFO - Filling up the DagBag from /home/airflow/.local/lib/python3.12/site-packages/airflow/example_dags/tutorial_objectstorage.py
[2025-08-17T14:54:27.732+0000] {processor.py:925} INFO - DAG(s) 'tutorial_objectstorage' retrieved from /home/airflow/.local/lib/python3.12/site-packages/airflow/example_dags/tutorial_objectstorage.py
[2025-08-17T14:54:27.750+0000] {logging_mixin.py:190} INFO - [2025-08-17T14:54:27.749+0000] {dag.py:3211} INFO - Sync 1 DAGs
[2025-08-17T14:54:27.760+0000] {logging_mixin.py:190} INFO - [2025-08-17T14:54:27.759+0000] {dag.py:4138} INFO - Setting next_dagrun for tutorial_objectstorage to None, run_after=None
[2025-08-17T14:54:27.778+0000] {processor.py:208} INFO - Processing /home/airflow/.local/lib/python3.12/site-packages/airflow/example_dags/tutorial_objectstorage.py took 0.062 seconds
