[2025-08-17T14:49:24.918+0000] {processor.py:186} INFO - Started process (PID=91) to work on /home/airflow/.local/lib/python3.12/site-packages/airflow/example_dags/tutorial.py
[2025-08-17T14:49:24.920+0000] {processor.py:914} INFO - Processing file /home/airflow/.local/lib/python3.12/site-packages/airflow/example_dags/tutorial.py for tasks to queue
[2025-08-17T14:49:24.922+0000] {logging_mixin.py:190} INFO - [2025-08-17T14:49:24.922+0000] {dagbag.py:587} INFO - Filling up the DagBag from /home/airflow/.local/lib/python3.12/site-packages/airflow/example_dags/tutorial.py
[2025-08-17T14:49:24.931+0000] {processor.py:925} INFO - DAG(s) 'tutorial' retrieved from /home/airflow/.local/lib/python3.12/site-packages/airflow/example_dags/tutorial.py
[2025-08-17T14:49:25.017+0000] {logging_mixin.py:190} INFO - [2025-08-17T14:49:25.017+0000] {override.py:1858} INFO - Created Permission View: can read on DAG:tutorial
[2025-08-17T14:49:25.026+0000] {logging_mixin.py:190} INFO - [2025-08-17T14:49:25.025+0000] {override.py:1858} INFO - Created Permission View: can delete on DAG:tutorial
[2025-08-17T14:49:25.031+0000] {logging_mixin.py:190} INFO - [2025-08-17T14:49:25.031+0000] {override.py:1858} INFO - Created Permission View: can edit on DAG:tutorial
[2025-08-17T14:49:25.032+0000] {logging_mixin.py:190} INFO - [2025-08-17T14:49:25.032+0000] {dag.py:3211} INFO - Sync 1 DAGs
[2025-08-17T14:49:25.042+0000] {logging_mixin.py:190} INFO - [2025-08-17T14:49:25.042+0000] {dag.py:3234} INFO - Creating ORM DAG for tutorial
[2025-08-17T14:49:25.053+0000] {logging_mixin.py:190} INFO - [2025-08-17T14:49:25.053+0000] {dag.py:4138} INFO - Setting next_dagrun for tutorial to 2025-08-16 00:00:00+00:00, run_after=2025-08-17 00:00:00+00:00
[2025-08-17T14:49:25.068+0000] {processor.py:208} INFO - Processing /home/airflow/.local/lib/python3.12/site-packages/airflow/example_dags/tutorial.py took 0.155 seconds
[2025-08-17T14:49:55.145+0000] {processor.py:186} INFO - Started process (PID=152) to work on /home/airflow/.local/lib/python3.12/site-packages/airflow/example_dags/tutorial.py
[2025-08-17T14:49:55.146+0000] {processor.py:914} INFO - Processing file /home/airflow/.local/lib/python3.12/site-packages/airflow/example_dags/tutorial.py for tasks to queue
[2025-08-17T14:49:55.148+0000] {logging_mixin.py:190} INFO - [2025-08-17T14:49:55.148+0000] {dagbag.py:587} INFO - Filling up the DagBag from /home/airflow/.local/lib/python3.12/site-packages/airflow/example_dags/tutorial.py
[2025-08-17T14:49:55.159+0000] {processor.py:925} INFO - DAG(s) 'tutorial' retrieved from /home/airflow/.local/lib/python3.12/site-packages/airflow/example_dags/tutorial.py
[2025-08-17T14:49:55.179+0000] {logging_mixin.py:190} INFO - [2025-08-17T14:49:55.178+0000] {dag.py:3211} INFO - Sync 1 DAGs
[2025-08-17T14:49:55.199+0000] {logging_mixin.py:190} INFO - [2025-08-17T14:49:55.199+0000] {dag.py:4138} INFO - Setting next_dagrun for tutorial to 2025-08-16 00:00:00+00:00, run_after=2025-08-17 00:00:00+00:00
[2025-08-17T14:49:55.217+0000] {processor.py:208} INFO - Processing /home/airflow/.local/lib/python3.12/site-packages/airflow/example_dags/tutorial.py took 0.078 seconds
[2025-08-17T14:50:25.713+0000] {processor.py:186} INFO - Started process (PID=214) to work on /home/airflow/.local/lib/python3.12/site-packages/airflow/example_dags/tutorial.py
[2025-08-17T14:50:25.715+0000] {processor.py:914} INFO - Processing file /home/airflow/.local/lib/python3.12/site-packages/airflow/example_dags/tutorial.py for tasks to queue
[2025-08-17T14:50:25.717+0000] {logging_mixin.py:190} INFO - [2025-08-17T14:50:25.717+0000] {dagbag.py:587} INFO - Filling up the DagBag from /home/airflow/.local/lib/python3.12/site-packages/airflow/example_dags/tutorial.py
[2025-08-17T14:50:25.723+0000] {processor.py:925} INFO - DAG(s) 'tutorial' retrieved from /home/airflow/.local/lib/python3.12/site-packages/airflow/example_dags/tutorial.py
[2025-08-17T14:50:25.740+0000] {logging_mixin.py:190} INFO - [2025-08-17T14:50:25.740+0000] {dag.py:3211} INFO - Sync 1 DAGs
[2025-08-17T14:50:25.756+0000] {logging_mixin.py:190} INFO - [2025-08-17T14:50:25.755+0000] {dag.py:4138} INFO - Setting next_dagrun for tutorial to 2025-08-16 00:00:00+00:00, run_after=2025-08-17 00:00:00+00:00
[2025-08-17T14:50:25.773+0000] {processor.py:208} INFO - Processing /home/airflow/.local/lib/python3.12/site-packages/airflow/example_dags/tutorial.py took 0.064 seconds
[2025-08-17T14:50:56.241+0000] {processor.py:186} INFO - Started process (PID=276) to work on /home/airflow/.local/lib/python3.12/site-packages/airflow/example_dags/tutorial.py
[2025-08-17T14:50:56.243+0000] {processor.py:914} INFO - Processing file /home/airflow/.local/lib/python3.12/site-packages/airflow/example_dags/tutorial.py for tasks to queue
[2025-08-17T14:50:56.245+0000] {logging_mixin.py:190} INFO - [2025-08-17T14:50:56.245+0000] {dagbag.py:587} INFO - Filling up the DagBag from /home/airflow/.local/lib/python3.12/site-packages/airflow/example_dags/tutorial.py
[2025-08-17T14:50:56.252+0000] {processor.py:925} INFO - DAG(s) 'tutorial' retrieved from /home/airflow/.local/lib/python3.12/site-packages/airflow/example_dags/tutorial.py
[2025-08-17T14:50:56.267+0000] {logging_mixin.py:190} INFO - [2025-08-17T14:50:56.266+0000] {dag.py:3211} INFO - Sync 1 DAGs
[2025-08-17T14:50:56.282+0000] {logging_mixin.py:190} INFO - [2025-08-17T14:50:56.282+0000] {dag.py:4138} INFO - Setting next_dagrun for tutorial to 2025-08-16 00:00:00+00:00, run_after=2025-08-17 00:00:00+00:00
[2025-08-17T14:50:56.298+0000] {processor.py:208} INFO - Processing /home/airflow/.local/lib/python3.12/site-packages/airflow/example_dags/tutorial.py took 0.061 seconds
[2025-08-17T14:51:26.951+0000] {processor.py:186} INFO - Started process (PID=339) to work on /home/airflow/.local/lib/python3.12/site-packages/airflow/example_dags/tutorial.py
[2025-08-17T14:51:26.952+0000] {processor.py:914} INFO - Processing file /home/airflow/.local/lib/python3.12/site-packages/airflow/example_dags/tutorial.py for tasks to queue
[2025-08-17T14:51:26.954+0000] {logging_mixin.py:190} INFO - [2025-08-17T14:51:26.954+0000] {dagbag.py:587} INFO - Filling up the DagBag from /home/airflow/.local/lib/python3.12/site-packages/airflow/example_dags/tutorial.py
[2025-08-17T14:51:26.960+0000] {processor.py:925} INFO - DAG(s) 'tutorial' retrieved from /home/airflow/.local/lib/python3.12/site-packages/airflow/example_dags/tutorial.py
[2025-08-17T14:51:26.975+0000] {logging_mixin.py:190} INFO - [2025-08-17T14:51:26.975+0000] {dag.py:3211} INFO - Sync 1 DAGs
[2025-08-17T14:51:26.992+0000] {logging_mixin.py:190} INFO - [2025-08-17T14:51:26.992+0000] {dag.py:4138} INFO - Setting next_dagrun for tutorial to 2025-08-16 00:00:00+00:00, run_after=2025-08-17 00:00:00+00:00
[2025-08-17T14:51:27.007+0000] {processor.py:208} INFO - Processing /home/airflow/.local/lib/python3.12/site-packages/airflow/example_dags/tutorial.py took 0.060 seconds
[2025-08-17T14:51:58.008+0000] {processor.py:186} INFO - Started process (PID=401) to work on /home/airflow/.local/lib/python3.12/site-packages/airflow/example_dags/tutorial.py
[2025-08-17T14:51:58.009+0000] {processor.py:914} INFO - Processing file /home/airflow/.local/lib/python3.12/site-packages/airflow/example_dags/tutorial.py for tasks to queue
[2025-08-17T14:51:58.011+0000] {logging_mixin.py:190} INFO - [2025-08-17T14:51:58.011+0000] {dagbag.py:587} INFO - Filling up the DagBag from /home/airflow/.local/lib/python3.12/site-packages/airflow/example_dags/tutorial.py
[2025-08-17T14:51:58.019+0000] {processor.py:925} INFO - DAG(s) 'tutorial' retrieved from /home/airflow/.local/lib/python3.12/site-packages/airflow/example_dags/tutorial.py
[2025-08-17T14:51:58.036+0000] {logging_mixin.py:190} INFO - [2025-08-17T14:51:58.036+0000] {dag.py:3211} INFO - Sync 1 DAGs
[2025-08-17T14:51:58.054+0000] {logging_mixin.py:190} INFO - [2025-08-17T14:51:58.054+0000] {dag.py:4138} INFO - Setting next_dagrun for tutorial to 2025-08-16 00:00:00+00:00, run_after=2025-08-17 00:00:00+00:00
[2025-08-17T14:51:58.067+0000] {processor.py:208} INFO - Processing /home/airflow/.local/lib/python3.12/site-packages/airflow/example_dags/tutorial.py took 0.064 seconds
[2025-08-17T14:52:29.051+0000] {processor.py:186} INFO - Started process (PID=463) to work on /home/airflow/.local/lib/python3.12/site-packages/airflow/example_dags/tutorial.py
[2025-08-17T14:52:29.052+0000] {processor.py:914} INFO - Processing file /home/airflow/.local/lib/python3.12/site-packages/airflow/example_dags/tutorial.py for tasks to queue
[2025-08-17T14:52:29.055+0000] {logging_mixin.py:190} INFO - [2025-08-17T14:52:29.055+0000] {dagbag.py:587} INFO - Filling up the DagBag from /home/airflow/.local/lib/python3.12/site-packages/airflow/example_dags/tutorial.py
[2025-08-17T14:52:29.063+0000] {processor.py:925} INFO - DAG(s) 'tutorial' retrieved from /home/airflow/.local/lib/python3.12/site-packages/airflow/example_dags/tutorial.py
[2025-08-17T14:52:29.089+0000] {logging_mixin.py:190} INFO - [2025-08-17T14:52:29.089+0000] {dag.py:3211} INFO - Sync 1 DAGs
[2025-08-17T14:52:29.118+0000] {logging_mixin.py:190} INFO - [2025-08-17T14:52:29.118+0000] {dag.py:4138} INFO - Setting next_dagrun for tutorial to 2025-08-16 00:00:00+00:00, run_after=2025-08-17 00:00:00+00:00
[2025-08-17T14:52:29.135+0000] {processor.py:208} INFO - Processing /home/airflow/.local/lib/python3.12/site-packages/airflow/example_dags/tutorial.py took 0.088 seconds
[2025-08-17T14:52:59.346+0000] {processor.py:186} INFO - Started process (PID=525) to work on /home/airflow/.local/lib/python3.12/site-packages/airflow/example_dags/tutorial.py
[2025-08-17T14:52:59.348+0000] {processor.py:914} INFO - Processing file /home/airflow/.local/lib/python3.12/site-packages/airflow/example_dags/tutorial.py for tasks to queue
[2025-08-17T14:52:59.351+0000] {logging_mixin.py:190} INFO - [2025-08-17T14:52:59.350+0000] {dagbag.py:587} INFO - Filling up the DagBag from /home/airflow/.local/lib/python3.12/site-packages/airflow/example_dags/tutorial.py
[2025-08-17T14:52:59.359+0000] {processor.py:925} INFO - DAG(s) 'tutorial' retrieved from /home/airflow/.local/lib/python3.12/site-packages/airflow/example_dags/tutorial.py
[2025-08-17T14:52:59.379+0000] {logging_mixin.py:190} INFO - [2025-08-17T14:52:59.379+0000] {dag.py:3211} INFO - Sync 1 DAGs
[2025-08-17T14:52:59.400+0000] {logging_mixin.py:190} INFO - [2025-08-17T14:52:59.400+0000] {dag.py:4138} INFO - Setting next_dagrun for tutorial to 2025-08-16 00:00:00+00:00, run_after=2025-08-17 00:00:00+00:00
[2025-08-17T14:52:59.419+0000] {processor.py:208} INFO - Processing /home/airflow/.local/lib/python3.12/site-packages/airflow/example_dags/tutorial.py took 0.078 seconds
[2025-08-17T14:53:30.147+0000] {processor.py:186} INFO - Started process (PID=587) to work on /home/airflow/.local/lib/python3.12/site-packages/airflow/example_dags/tutorial.py
[2025-08-17T14:53:30.149+0000] {processor.py:914} INFO - Processing file /home/airflow/.local/lib/python3.12/site-packages/airflow/example_dags/tutorial.py for tasks to queue
[2025-08-17T14:53:30.152+0000] {logging_mixin.py:190} INFO - [2025-08-17T14:53:30.152+0000] {dagbag.py:587} INFO - Filling up the DagBag from /home/airflow/.local/lib/python3.12/site-packages/airflow/example_dags/tutorial.py
[2025-08-17T14:53:30.161+0000] {processor.py:925} INFO - DAG(s) 'tutorial' retrieved from /home/airflow/.local/lib/python3.12/site-packages/airflow/example_dags/tutorial.py
[2025-08-17T14:53:30.184+0000] {logging_mixin.py:190} INFO - [2025-08-17T14:53:30.184+0000] {dag.py:3211} INFO - Sync 1 DAGs
[2025-08-17T14:53:30.205+0000] {logging_mixin.py:190} INFO - [2025-08-17T14:53:30.205+0000] {dag.py:4138} INFO - Setting next_dagrun for tutorial to 2025-08-16 00:00:00+00:00, run_after=2025-08-17 00:00:00+00:00
[2025-08-17T14:53:30.226+0000] {processor.py:208} INFO - Processing /home/airflow/.local/lib/python3.12/site-packages/airflow/example_dags/tutorial.py took 0.085 seconds
[2025-08-17T14:54:00.293+0000] {processor.py:186} INFO - Started process (PID=649) to work on /home/airflow/.local/lib/python3.12/site-packages/airflow/example_dags/tutorial.py
[2025-08-17T14:54:00.295+0000] {processor.py:914} INFO - Processing file /home/airflow/.local/lib/python3.12/site-packages/airflow/example_dags/tutorial.py for tasks to queue
[2025-08-17T14:54:00.300+0000] {logging_mixin.py:190} INFO - [2025-08-17T14:54:00.299+0000] {dagbag.py:587} INFO - Filling up the DagBag from /home/airflow/.local/lib/python3.12/site-packages/airflow/example_dags/tutorial.py
[2025-08-17T14:54:00.309+0000] {processor.py:925} INFO - DAG(s) 'tutorial' retrieved from /home/airflow/.local/lib/python3.12/site-packages/airflow/example_dags/tutorial.py
[2025-08-17T14:54:00.332+0000] {logging_mixin.py:190} INFO - [2025-08-17T14:54:00.332+0000] {dag.py:3211} INFO - Sync 1 DAGs
[2025-08-17T14:54:00.358+0000] {logging_mixin.py:190} INFO - [2025-08-17T14:54:00.358+0000] {dag.py:4138} INFO - Setting next_dagrun for tutorial to 2025-08-16 00:00:00+00:00, run_after=2025-08-17 00:00:00+00:00
[2025-08-17T14:54:00.378+0000] {processor.py:208} INFO - Processing /home/airflow/.local/lib/python3.12/site-packages/airflow/example_dags/tutorial.py took 0.091 seconds
[2025-08-17T14:54:31.254+0000] {processor.py:186} INFO - Started process (PID=711) to work on /home/airflow/.local/lib/python3.12/site-packages/airflow/example_dags/tutorial.py
[2025-08-17T14:54:31.255+0000] {processor.py:914} INFO - Processing file /home/airflow/.local/lib/python3.12/site-packages/airflow/example_dags/tutorial.py for tasks to queue
[2025-08-17T14:54:31.258+0000] {logging_mixin.py:190} INFO - [2025-08-17T14:54:31.258+0000] {dagbag.py:587} INFO - Filling up the DagBag from /home/airflow/.local/lib/python3.12/site-packages/airflow/example_dags/tutorial.py
[2025-08-17T14:54:31.266+0000] {processor.py:925} INFO - DAG(s) 'tutorial' retrieved from /home/airflow/.local/lib/python3.12/site-packages/airflow/example_dags/tutorial.py
[2025-08-17T14:54:31.287+0000] {logging_mixin.py:190} INFO - [2025-08-17T14:54:31.287+0000] {dag.py:3211} INFO - Sync 1 DAGs
[2025-08-17T14:54:31.308+0000] {logging_mixin.py:190} INFO - [2025-08-17T14:54:31.307+0000] {dag.py:4138} INFO - Setting next_dagrun for tutorial to 2025-08-16 00:00:00+00:00, run_after=2025-08-17 00:00:00+00:00
[2025-08-17T14:54:31.325+0000] {processor.py:208} INFO - Processing /home/airflow/.local/lib/python3.12/site-packages/airflow/example_dags/tutorial.py took 0.077 seconds
