[2025-08-17T14:49:24.336+0000] {processor.py:186} INFO - Started process (PID=86) to work on /home/airflow/.local/lib/python3.12/site-packages/airflow/example_dags/tutorial_taskflow_api.py
[2025-08-17T14:49:24.337+0000] {processor.py:914} INFO - Processing file /home/airflow/.local/lib/python3.12/site-packages/airflow/example_dags/tutorial_taskflow_api.py for tasks to queue
[2025-08-17T14:49:24.340+0000] {logging_mixin.py:190} INFO - [2025-08-17T14:49:24.340+0000] {dagbag.py:587} INFO - Filling up the DagBag from /home/airflow/.local/lib/python3.12/site-packages/airflow/example_dags/tutorial_taskflow_api.py
[2025-08-17T14:49:24.351+0000] {processor.py:925} INFO - DAG(s) 'tutorial_taskflow_api' retrieved from /home/airflow/.local/lib/python3.12/site-packages/airflow/example_dags/tutorial_taskflow_api.py
[2025-08-17T14:49:24.458+0000] {logging_mixin.py:190} INFO - [2025-08-17T14:49:24.458+0000] {override.py:1858} INFO - Created Permission View: can read on DAG:tutorial_taskflow_api
[2025-08-17T14:49:24.468+0000] {logging_mixin.py:190} INFO - [2025-08-17T14:49:24.467+0000] {override.py:1858} INFO - Created Permission View: can delete on DAG:tutorial_taskflow_api
[2025-08-17T14:49:24.474+0000] {logging_mixin.py:190} INFO - [2025-08-17T14:49:24.474+0000] {override.py:1858} INFO - Created Permission View: can edit on DAG:tutorial_taskflow_api
[2025-08-17T14:49:24.475+0000] {logging_mixin.py:190} INFO - [2025-08-17T14:49:24.475+0000] {dag.py:3211} INFO - Sync 1 DAGs
[2025-08-17T14:49:24.486+0000] {logging_mixin.py:190} INFO - [2025-08-17T14:49:24.486+0000] {dag.py:3234} INFO - Creating ORM DAG for tutorial_taskflow_api
[2025-08-17T14:49:24.487+0000] {logging_mixin.py:190} INFO - [2025-08-17T14:49:24.487+0000] {dag.py:4138} INFO - Setting next_dagrun for tutorial_taskflow_api to None, run_after=None
[2025-08-17T14:49:24.502+0000] {processor.py:208} INFO - Processing /home/airflow/.local/lib/python3.12/site-packages/airflow/example_dags/tutorial_taskflow_api.py took 0.172 seconds
[2025-08-17T14:49:54.907+0000] {processor.py:186} INFO - Started process (PID=148) to work on /home/airflow/.local/lib/python3.12/site-packages/airflow/example_dags/tutorial_taskflow_api.py
[2025-08-17T14:49:54.908+0000] {processor.py:914} INFO - Processing file /home/airflow/.local/lib/python3.12/site-packages/airflow/example_dags/tutorial_taskflow_api.py for tasks to queue
[2025-08-17T14:49:54.911+0000] {logging_mixin.py:190} INFO - [2025-08-17T14:49:54.910+0000] {dagbag.py:587} INFO - Filling up the DagBag from /home/airflow/.local/lib/python3.12/site-packages/airflow/example_dags/tutorial_taskflow_api.py
[2025-08-17T14:49:54.917+0000] {processor.py:925} INFO - DAG(s) 'tutorial_taskflow_api' retrieved from /home/airflow/.local/lib/python3.12/site-packages/airflow/example_dags/tutorial_taskflow_api.py
[2025-08-17T14:49:54.937+0000] {logging_mixin.py:190} INFO - [2025-08-17T14:49:54.937+0000] {dag.py:3211} INFO - Sync 1 DAGs
[2025-08-17T14:49:54.950+0000] {logging_mixin.py:190} INFO - [2025-08-17T14:49:54.950+0000] {dag.py:4138} INFO - Setting next_dagrun for tutorial_taskflow_api to None, run_after=None
[2025-08-17T14:49:54.966+0000] {processor.py:208} INFO - Processing /home/airflow/.local/lib/python3.12/site-packages/airflow/example_dags/tutorial_taskflow_api.py took 0.063 seconds
[2025-08-17T14:50:25.498+0000] {processor.py:186} INFO - Started process (PID=210) to work on /home/airflow/.local/lib/python3.12/site-packages/airflow/example_dags/tutorial_taskflow_api.py
[2025-08-17T14:50:25.500+0000] {processor.py:914} INFO - Processing file /home/airflow/.local/lib/python3.12/site-packages/airflow/example_dags/tutorial_taskflow_api.py for tasks to queue
[2025-08-17T14:50:25.502+0000] {logging_mixin.py:190} INFO - [2025-08-17T14:50:25.502+0000] {dagbag.py:587} INFO - Filling up the DagBag from /home/airflow/.local/lib/python3.12/site-packages/airflow/example_dags/tutorial_taskflow_api.py
[2025-08-17T14:50:25.509+0000] {processor.py:925} INFO - DAG(s) 'tutorial_taskflow_api' retrieved from /home/airflow/.local/lib/python3.12/site-packages/airflow/example_dags/tutorial_taskflow_api.py
[2025-08-17T14:50:25.527+0000] {logging_mixin.py:190} INFO - [2025-08-17T14:50:25.527+0000] {dag.py:3211} INFO - Sync 1 DAGs
[2025-08-17T14:50:25.538+0000] {logging_mixin.py:190} INFO - [2025-08-17T14:50:25.538+0000] {dag.py:4138} INFO - Setting next_dagrun for tutorial_taskflow_api to None, run_after=None
[2025-08-17T14:50:25.554+0000] {processor.py:208} INFO - Processing /home/airflow/.local/lib/python3.12/site-packages/airflow/example_dags/tutorial_taskflow_api.py took 0.061 seconds
[2025-08-17T14:50:56.043+0000] {processor.py:186} INFO - Started process (PID=272) to work on /home/airflow/.local/lib/python3.12/site-packages/airflow/example_dags/tutorial_taskflow_api.py
[2025-08-17T14:50:56.044+0000] {processor.py:914} INFO - Processing file /home/airflow/.local/lib/python3.12/site-packages/airflow/example_dags/tutorial_taskflow_api.py for tasks to queue
[2025-08-17T14:50:56.046+0000] {logging_mixin.py:190} INFO - [2025-08-17T14:50:56.046+0000] {dagbag.py:587} INFO - Filling up the DagBag from /home/airflow/.local/lib/python3.12/site-packages/airflow/example_dags/tutorial_taskflow_api.py
[2025-08-17T14:50:56.052+0000] {processor.py:925} INFO - DAG(s) 'tutorial_taskflow_api' retrieved from /home/airflow/.local/lib/python3.12/site-packages/airflow/example_dags/tutorial_taskflow_api.py
[2025-08-17T14:50:56.070+0000] {logging_mixin.py:190} INFO - [2025-08-17T14:50:56.070+0000] {dag.py:3211} INFO - Sync 1 DAGs
[2025-08-17T14:50:56.079+0000] {logging_mixin.py:190} INFO - [2025-08-17T14:50:56.079+0000] {dag.py:4138} INFO - Setting next_dagrun for tutorial_taskflow_api to None, run_after=None
[2025-08-17T14:50:56.093+0000] {processor.py:208} INFO - Processing /home/airflow/.local/lib/python3.12/site-packages/airflow/example_dags/tutorial_taskflow_api.py took 0.055 seconds
[2025-08-17T14:51:26.702+0000] {processor.py:186} INFO - Started process (PID=334) to work on /home/airflow/.local/lib/python3.12/site-packages/airflow/example_dags/tutorial_taskflow_api.py
[2025-08-17T14:51:26.703+0000] {processor.py:914} INFO - Processing file /home/airflow/.local/lib/python3.12/site-packages/airflow/example_dags/tutorial_taskflow_api.py for tasks to queue
[2025-08-17T14:51:26.705+0000] {logging_mixin.py:190} INFO - [2025-08-17T14:51:26.705+0000] {dagbag.py:587} INFO - Filling up the DagBag from /home/airflow/.local/lib/python3.12/site-packages/airflow/example_dags/tutorial_taskflow_api.py
[2025-08-17T14:51:26.711+0000] {processor.py:925} INFO - DAG(s) 'tutorial_taskflow_api' retrieved from /home/airflow/.local/lib/python3.12/site-packages/airflow/example_dags/tutorial_taskflow_api.py
[2025-08-17T14:51:26.728+0000] {logging_mixin.py:190} INFO - [2025-08-17T14:51:26.727+0000] {dag.py:3211} INFO - Sync 1 DAGs
[2025-08-17T14:51:26.737+0000] {logging_mixin.py:190} INFO - [2025-08-17T14:51:26.737+0000] {dag.py:4138} INFO - Setting next_dagrun for tutorial_taskflow_api to None, run_after=None
[2025-08-17T14:51:26.751+0000] {processor.py:208} INFO - Processing /home/airflow/.local/lib/python3.12/site-packages/airflow/example_dags/tutorial_taskflow_api.py took 0.054 seconds
[2025-08-17T14:51:57.585+0000] {processor.py:186} INFO - Started process (PID=396) to work on /home/airflow/.local/lib/python3.12/site-packages/airflow/example_dags/tutorial_taskflow_api.py
[2025-08-17T14:51:57.586+0000] {processor.py:914} INFO - Processing file /home/airflow/.local/lib/python3.12/site-packages/airflow/example_dags/tutorial_taskflow_api.py for tasks to queue
[2025-08-17T14:51:57.588+0000] {logging_mixin.py:190} INFO - [2025-08-17T14:51:57.588+0000] {dagbag.py:587} INFO - Filling up the DagBag from /home/airflow/.local/lib/python3.12/site-packages/airflow/example_dags/tutorial_taskflow_api.py
[2025-08-17T14:51:57.595+0000] {processor.py:925} INFO - DAG(s) 'tutorial_taskflow_api' retrieved from /home/airflow/.local/lib/python3.12/site-packages/airflow/example_dags/tutorial_taskflow_api.py
[2025-08-17T14:51:57.611+0000] {logging_mixin.py:190} INFO - [2025-08-17T14:51:57.610+0000] {dag.py:3211} INFO - Sync 1 DAGs
[2025-08-17T14:51:57.621+0000] {logging_mixin.py:190} INFO - [2025-08-17T14:51:57.621+0000] {dag.py:4138} INFO - Setting next_dagrun for tutorial_taskflow_api to None, run_after=None
[2025-08-17T14:51:57.637+0000] {processor.py:208} INFO - Processing /home/airflow/.local/lib/python3.12/site-packages/airflow/example_dags/tutorial_taskflow_api.py took 0.056 seconds
[2025-08-17T14:52:28.558+0000] {processor.py:186} INFO - Started process (PID=458) to work on /home/airflow/.local/lib/python3.12/site-packages/airflow/example_dags/tutorial_taskflow_api.py
[2025-08-17T14:52:28.560+0000] {processor.py:914} INFO - Processing file /home/airflow/.local/lib/python3.12/site-packages/airflow/example_dags/tutorial_taskflow_api.py for tasks to queue
[2025-08-17T14:52:28.562+0000] {logging_mixin.py:190} INFO - [2025-08-17T14:52:28.562+0000] {dagbag.py:587} INFO - Filling up the DagBag from /home/airflow/.local/lib/python3.12/site-packages/airflow/example_dags/tutorial_taskflow_api.py
[2025-08-17T14:52:28.569+0000] {processor.py:925} INFO - DAG(s) 'tutorial_taskflow_api' retrieved from /home/airflow/.local/lib/python3.12/site-packages/airflow/example_dags/tutorial_taskflow_api.py
[2025-08-17T14:52:28.588+0000] {logging_mixin.py:190} INFO - [2025-08-17T14:52:28.588+0000] {dag.py:3211} INFO - Sync 1 DAGs
[2025-08-17T14:52:28.599+0000] {logging_mixin.py:190} INFO - [2025-08-17T14:52:28.599+0000] {dag.py:4138} INFO - Setting next_dagrun for tutorial_taskflow_api to None, run_after=None
[2025-08-17T14:52:28.616+0000] {processor.py:208} INFO - Processing /home/airflow/.local/lib/python3.12/site-packages/airflow/example_dags/tutorial_taskflow_api.py took 0.063 seconds
[2025-08-17T14:52:58.848+0000] {processor.py:186} INFO - Started process (PID=520) to work on /home/airflow/.local/lib/python3.12/site-packages/airflow/example_dags/tutorial_taskflow_api.py
[2025-08-17T14:52:58.849+0000] {processor.py:914} INFO - Processing file /home/airflow/.local/lib/python3.12/site-packages/airflow/example_dags/tutorial_taskflow_api.py for tasks to queue
[2025-08-17T14:52:58.852+0000] {logging_mixin.py:190} INFO - [2025-08-17T14:52:58.851+0000] {dagbag.py:587} INFO - Filling up the DagBag from /home/airflow/.local/lib/python3.12/site-packages/airflow/example_dags/tutorial_taskflow_api.py
[2025-08-17T14:52:58.858+0000] {processor.py:925} INFO - DAG(s) 'tutorial_taskflow_api' retrieved from /home/airflow/.local/lib/python3.12/site-packages/airflow/example_dags/tutorial_taskflow_api.py
[2025-08-17T14:52:58.876+0000] {logging_mixin.py:190} INFO - [2025-08-17T14:52:58.876+0000] {dag.py:3211} INFO - Sync 1 DAGs
[2025-08-17T14:52:58.886+0000] {logging_mixin.py:190} INFO - [2025-08-17T14:52:58.886+0000] {dag.py:4138} INFO - Setting next_dagrun for tutorial_taskflow_api to None, run_after=None
[2025-08-17T14:52:58.902+0000] {processor.py:208} INFO - Processing /home/airflow/.local/lib/python3.12/site-packages/airflow/example_dags/tutorial_taskflow_api.py took 0.059 seconds
[2025-08-17T14:53:29.564+0000] {processor.py:186} INFO - Started process (PID=581) to work on /home/airflow/.local/lib/python3.12/site-packages/airflow/example_dags/tutorial_taskflow_api.py
[2025-08-17T14:53:29.566+0000] {processor.py:914} INFO - Processing file /home/airflow/.local/lib/python3.12/site-packages/airflow/example_dags/tutorial_taskflow_api.py for tasks to queue
[2025-08-17T14:53:29.569+0000] {logging_mixin.py:190} INFO - [2025-08-17T14:53:29.569+0000] {dagbag.py:587} INFO - Filling up the DagBag from /home/airflow/.local/lib/python3.12/site-packages/airflow/example_dags/tutorial_taskflow_api.py
[2025-08-17T14:53:29.580+0000] {processor.py:925} INFO - DAG(s) 'tutorial_taskflow_api' retrieved from /home/airflow/.local/lib/python3.12/site-packages/airflow/example_dags/tutorial_taskflow_api.py
[2025-08-17T14:53:29.600+0000] {logging_mixin.py:190} INFO - [2025-08-17T14:53:29.600+0000] {dag.py:3211} INFO - Sync 1 DAGs
[2025-08-17T14:53:29.614+0000] {logging_mixin.py:190} INFO - [2025-08-17T14:53:29.614+0000] {dag.py:4138} INFO - Setting next_dagrun for tutorial_taskflow_api to None, run_after=None
[2025-08-17T14:53:29.633+0000] {processor.py:208} INFO - Processing /home/airflow/.local/lib/python3.12/site-packages/airflow/example_dags/tutorial_taskflow_api.py took 0.075 seconds
[2025-08-17T14:53:59.814+0000] {processor.py:186} INFO - Started process (PID=643) to work on /home/airflow/.local/lib/python3.12/site-packages/airflow/example_dags/tutorial_taskflow_api.py
[2025-08-17T14:53:59.816+0000] {processor.py:914} INFO - Processing file /home/airflow/.local/lib/python3.12/site-packages/airflow/example_dags/tutorial_taskflow_api.py for tasks to queue
[2025-08-17T14:53:59.819+0000] {logging_mixin.py:190} INFO - [2025-08-17T14:53:59.819+0000] {dagbag.py:587} INFO - Filling up the DagBag from /home/airflow/.local/lib/python3.12/site-packages/airflow/example_dags/tutorial_taskflow_api.py
[2025-08-17T14:53:59.830+0000] {processor.py:925} INFO - DAG(s) 'tutorial_taskflow_api' retrieved from /home/airflow/.local/lib/python3.12/site-packages/airflow/example_dags/tutorial_taskflow_api.py
[2025-08-17T14:53:59.854+0000] {logging_mixin.py:190} INFO - [2025-08-17T14:53:59.854+0000] {dag.py:3211} INFO - Sync 1 DAGs
[2025-08-17T14:53:59.869+0000] {logging_mixin.py:190} INFO - [2025-08-17T14:53:59.869+0000] {dag.py:4138} INFO - Setting next_dagrun for tutorial_taskflow_api to None, run_after=None
[2025-08-17T14:53:59.891+0000] {processor.py:208} INFO - Processing /home/airflow/.local/lib/python3.12/site-packages/airflow/example_dags/tutorial_taskflow_api.py took 0.082 seconds
[2025-08-17T14:54:30.939+0000] {processor.py:186} INFO - Started process (PID=706) to work on /home/airflow/.local/lib/python3.12/site-packages/airflow/example_dags/tutorial_taskflow_api.py
[2025-08-17T14:54:30.941+0000] {processor.py:914} INFO - Processing file /home/airflow/.local/lib/python3.12/site-packages/airflow/example_dags/tutorial_taskflow_api.py for tasks to queue
[2025-08-17T14:54:30.943+0000] {logging_mixin.py:190} INFO - [2025-08-17T14:54:30.943+0000] {dagbag.py:587} INFO - Filling up the DagBag from /home/airflow/.local/lib/python3.12/site-packages/airflow/example_dags/tutorial_taskflow_api.py
[2025-08-17T14:54:30.951+0000] {processor.py:925} INFO - DAG(s) 'tutorial_taskflow_api' retrieved from /home/airflow/.local/lib/python3.12/site-packages/airflow/example_dags/tutorial_taskflow_api.py
[2025-08-17T14:54:30.970+0000] {logging_mixin.py:190} INFO - [2025-08-17T14:54:30.970+0000] {dag.py:3211} INFO - Sync 1 DAGs
[2025-08-17T14:54:30.980+0000] {logging_mixin.py:190} INFO - [2025-08-17T14:54:30.980+0000] {dag.py:4138} INFO - Setting next_dagrun for tutorial_taskflow_api to None, run_after=None
[2025-08-17T14:54:30.995+0000] {processor.py:208} INFO - Processing /home/airflow/.local/lib/python3.12/site-packages/airflow/example_dags/tutorial_taskflow_api.py took 0.061 seconds
