[2025-08-17T14:49:26.591+0000] {processor.py:186} INFO - Started process (PID=106) to work on /home/airflow/.local/lib/python3.12/site-packages/airflow/example_dags/tutorial_dag.py
[2025-08-17T14:49:26.593+0000] {processor.py:914} INFO - Processing file /home/airflow/.local/lib/python3.12/site-packages/airflow/example_dags/tutorial_dag.py for tasks to queue
[2025-08-17T14:49:26.595+0000] {logging_mixin.py:190} INFO - [2025-08-17T14:49:26.595+0000] {dagbag.py:587} INFO - Filling up the DagBag from /home/airflow/.local/lib/python3.12/site-packages/airflow/example_dags/tutorial_dag.py
[2025-08-17T14:49:26.603+0000] {processor.py:925} INFO - DAG(s) 'tutorial_dag' retrieved from /home/airflow/.local/lib/python3.12/site-packages/airflow/example_dags/tutorial_dag.py
[2025-08-17T14:49:26.691+0000] {logging_mixin.py:190} INFO - [2025-08-17T14:49:26.691+0000] {override.py:1858} INFO - Created Permission View: can read on DAG:tutorial_dag
[2025-08-17T14:49:26.700+0000] {logging_mixin.py:190} INFO - [2025-08-17T14:49:26.699+0000] {override.py:1858} INFO - Created Permission View: can delete on DAG:tutorial_dag
[2025-08-17T14:49:26.705+0000] {logging_mixin.py:190} INFO - [2025-08-17T14:49:26.705+0000] {override.py:1858} INFO - Created Permission View: can edit on DAG:tutorial_dag
[2025-08-17T14:49:26.706+0000] {logging_mixin.py:190} INFO - [2025-08-17T14:49:26.706+0000] {dag.py:3211} INFO - Sync 1 DAGs
[2025-08-17T14:49:26.717+0000] {logging_mixin.py:190} INFO - [2025-08-17T14:49:26.717+0000] {dag.py:3234} INFO - Creating ORM DAG for tutorial_dag
[2025-08-17T14:49:26.719+0000] {logging_mixin.py:190} INFO - [2025-08-17T14:49:26.718+0000] {dag.py:4138} INFO - Setting next_dagrun for tutorial_dag to None, run_after=None
[2025-08-17T14:49:26.732+0000] {processor.py:208} INFO - Processing /home/airflow/.local/lib/python3.12/site-packages/airflow/example_dags/tutorial_dag.py took 0.146 seconds
[2025-08-17T14:49:56.879+0000] {processor.py:186} INFO - Started process (PID=168) to work on /home/airflow/.local/lib/python3.12/site-packages/airflow/example_dags/tutorial_dag.py
[2025-08-17T14:49:56.881+0000] {processor.py:914} INFO - Processing file /home/airflow/.local/lib/python3.12/site-packages/airflow/example_dags/tutorial_dag.py for tasks to queue
[2025-08-17T14:49:56.883+0000] {logging_mixin.py:190} INFO - [2025-08-17T14:49:56.883+0000] {dagbag.py:587} INFO - Filling up the DagBag from /home/airflow/.local/lib/python3.12/site-packages/airflow/example_dags/tutorial_dag.py
[2025-08-17T14:49:56.890+0000] {processor.py:925} INFO - DAG(s) 'tutorial_dag' retrieved from /home/airflow/.local/lib/python3.12/site-packages/airflow/example_dags/tutorial_dag.py
[2025-08-17T14:49:56.907+0000] {logging_mixin.py:190} INFO - [2025-08-17T14:49:56.907+0000] {dag.py:3211} INFO - Sync 1 DAGs
[2025-08-17T14:49:56.917+0000] {logging_mixin.py:190} INFO - [2025-08-17T14:49:56.917+0000] {dag.py:4138} INFO - Setting next_dagrun for tutorial_dag to None, run_after=None
[2025-08-17T14:49:56.931+0000] {processor.py:208} INFO - Processing /home/airflow/.local/lib/python3.12/site-packages/airflow/example_dags/tutorial_dag.py took 0.057 seconds
[2025-08-17T14:50:27.694+0000] {processor.py:186} INFO - Started process (PID=230) to work on /home/airflow/.local/lib/python3.12/site-packages/airflow/example_dags/tutorial_dag.py
[2025-08-17T14:50:27.696+0000] {processor.py:914} INFO - Processing file /home/airflow/.local/lib/python3.12/site-packages/airflow/example_dags/tutorial_dag.py for tasks to queue
[2025-08-17T14:50:27.698+0000] {logging_mixin.py:190} INFO - [2025-08-17T14:50:27.698+0000] {dagbag.py:587} INFO - Filling up the DagBag from /home/airflow/.local/lib/python3.12/site-packages/airflow/example_dags/tutorial_dag.py
[2025-08-17T14:50:27.704+0000] {processor.py:925} INFO - DAG(s) 'tutorial_dag' retrieved from /home/airflow/.local/lib/python3.12/site-packages/airflow/example_dags/tutorial_dag.py
[2025-08-17T14:50:27.721+0000] {logging_mixin.py:190} INFO - [2025-08-17T14:50:27.721+0000] {dag.py:3211} INFO - Sync 1 DAGs
[2025-08-17T14:50:27.731+0000] {logging_mixin.py:190} INFO - [2025-08-17T14:50:27.731+0000] {dag.py:4138} INFO - Setting next_dagrun for tutorial_dag to None, run_after=None
[2025-08-17T14:50:27.749+0000] {processor.py:208} INFO - Processing /home/airflow/.local/lib/python3.12/site-packages/airflow/example_dags/tutorial_dag.py took 0.060 seconds
[2025-08-17T14:50:58.292+0000] {processor.py:186} INFO - Started process (PID=292) to work on /home/airflow/.local/lib/python3.12/site-packages/airflow/example_dags/tutorial_dag.py
[2025-08-17T14:50:58.293+0000] {processor.py:914} INFO - Processing file /home/airflow/.local/lib/python3.12/site-packages/airflow/example_dags/tutorial_dag.py for tasks to queue
[2025-08-17T14:50:58.296+0000] {logging_mixin.py:190} INFO - [2025-08-17T14:50:58.296+0000] {dagbag.py:587} INFO - Filling up the DagBag from /home/airflow/.local/lib/python3.12/site-packages/airflow/example_dags/tutorial_dag.py
[2025-08-17T14:50:58.302+0000] {processor.py:925} INFO - DAG(s) 'tutorial_dag' retrieved from /home/airflow/.local/lib/python3.12/site-packages/airflow/example_dags/tutorial_dag.py
[2025-08-17T14:50:58.320+0000] {logging_mixin.py:190} INFO - [2025-08-17T14:50:58.320+0000] {dag.py:3211} INFO - Sync 1 DAGs
[2025-08-17T14:50:58.331+0000] {logging_mixin.py:190} INFO - [2025-08-17T14:50:58.331+0000] {dag.py:4138} INFO - Setting next_dagrun for tutorial_dag to None, run_after=None
[2025-08-17T14:50:58.349+0000] {processor.py:208} INFO - Processing /home/airflow/.local/lib/python3.12/site-packages/airflow/example_dags/tutorial_dag.py took 0.062 seconds
[2025-08-17T14:51:29.144+0000] {processor.py:186} INFO - Started process (PID=354) to work on /home/airflow/.local/lib/python3.12/site-packages/airflow/example_dags/tutorial_dag.py
[2025-08-17T14:51:29.145+0000] {processor.py:914} INFO - Processing file /home/airflow/.local/lib/python3.12/site-packages/airflow/example_dags/tutorial_dag.py for tasks to queue
[2025-08-17T14:51:29.148+0000] {logging_mixin.py:190} INFO - [2025-08-17T14:51:29.147+0000] {dagbag.py:587} INFO - Filling up the DagBag from /home/airflow/.local/lib/python3.12/site-packages/airflow/example_dags/tutorial_dag.py
[2025-08-17T14:51:29.155+0000] {processor.py:925} INFO - DAG(s) 'tutorial_dag' retrieved from /home/airflow/.local/lib/python3.12/site-packages/airflow/example_dags/tutorial_dag.py
[2025-08-17T14:51:29.173+0000] {logging_mixin.py:190} INFO - [2025-08-17T14:51:29.173+0000] {dag.py:3211} INFO - Sync 1 DAGs
[2025-08-17T14:51:29.185+0000] {logging_mixin.py:190} INFO - [2025-08-17T14:51:29.185+0000] {dag.py:4138} INFO - Setting next_dagrun for tutorial_dag to None, run_after=None
[2025-08-17T14:51:29.200+0000] {processor.py:208} INFO - Processing /home/airflow/.local/lib/python3.12/site-packages/airflow/example_dags/tutorial_dag.py took 0.061 seconds
[2025-08-17T14:51:59.940+0000] {processor.py:186} INFO - Started process (PID=416) to work on /home/airflow/.local/lib/python3.12/site-packages/airflow/example_dags/tutorial_dag.py
[2025-08-17T14:51:59.941+0000] {processor.py:914} INFO - Processing file /home/airflow/.local/lib/python3.12/site-packages/airflow/example_dags/tutorial_dag.py for tasks to queue
[2025-08-17T14:51:59.944+0000] {logging_mixin.py:190} INFO - [2025-08-17T14:51:59.944+0000] {dagbag.py:587} INFO - Filling up the DagBag from /home/airflow/.local/lib/python3.12/site-packages/airflow/example_dags/tutorial_dag.py
[2025-08-17T14:51:59.951+0000] {processor.py:925} INFO - DAG(s) 'tutorial_dag' retrieved from /home/airflow/.local/lib/python3.12/site-packages/airflow/example_dags/tutorial_dag.py
[2025-08-17T14:51:59.968+0000] {logging_mixin.py:190} INFO - [2025-08-17T14:51:59.968+0000] {dag.py:3211} INFO - Sync 1 DAGs
[2025-08-17T14:51:59.981+0000] {logging_mixin.py:190} INFO - [2025-08-17T14:51:59.981+0000] {dag.py:4138} INFO - Setting next_dagrun for tutorial_dag to None, run_after=None
[2025-08-17T14:51:59.995+0000] {processor.py:208} INFO - Processing /home/airflow/.local/lib/python3.12/site-packages/airflow/example_dags/tutorial_dag.py took 0.060 seconds
[2025-08-17T14:52:30.145+0000] {processor.py:186} INFO - Started process (PID=478) to work on /home/airflow/.local/lib/python3.12/site-packages/airflow/example_dags/tutorial_dag.py
[2025-08-17T14:52:30.146+0000] {processor.py:914} INFO - Processing file /home/airflow/.local/lib/python3.12/site-packages/airflow/example_dags/tutorial_dag.py for tasks to queue
[2025-08-17T14:52:30.148+0000] {logging_mixin.py:190} INFO - [2025-08-17T14:52:30.148+0000] {dagbag.py:587} INFO - Filling up the DagBag from /home/airflow/.local/lib/python3.12/site-packages/airflow/example_dags/tutorial_dag.py
[2025-08-17T14:52:30.156+0000] {processor.py:925} INFO - DAG(s) 'tutorial_dag' retrieved from /home/airflow/.local/lib/python3.12/site-packages/airflow/example_dags/tutorial_dag.py
[2025-08-17T14:52:30.175+0000] {logging_mixin.py:190} INFO - [2025-08-17T14:52:30.175+0000] {dag.py:3211} INFO - Sync 1 DAGs
[2025-08-17T14:52:30.188+0000] {logging_mixin.py:190} INFO - [2025-08-17T14:52:30.188+0000] {dag.py:4138} INFO - Setting next_dagrun for tutorial_dag to None, run_after=None
[2025-08-17T14:52:30.206+0000] {processor.py:208} INFO - Processing /home/airflow/.local/lib/python3.12/site-packages/airflow/example_dags/tutorial_dag.py took 0.067 seconds
[2025-08-17T14:53:00.316+0000] {processor.py:186} INFO - Started process (PID=539) to work on /home/airflow/.local/lib/python3.12/site-packages/airflow/example_dags/tutorial_dag.py
[2025-08-17T14:53:00.317+0000] {processor.py:914} INFO - Processing file /home/airflow/.local/lib/python3.12/site-packages/airflow/example_dags/tutorial_dag.py for tasks to queue
[2025-08-17T14:53:00.320+0000] {logging_mixin.py:190} INFO - [2025-08-17T14:53:00.319+0000] {dagbag.py:587} INFO - Filling up the DagBag from /home/airflow/.local/lib/python3.12/site-packages/airflow/example_dags/tutorial_dag.py
[2025-08-17T14:53:00.326+0000] {processor.py:925} INFO - DAG(s) 'tutorial_dag' retrieved from /home/airflow/.local/lib/python3.12/site-packages/airflow/example_dags/tutorial_dag.py
[2025-08-17T14:53:00.345+0000] {logging_mixin.py:190} INFO - [2025-08-17T14:53:00.345+0000] {dag.py:3211} INFO - Sync 1 DAGs
[2025-08-17T14:53:00.356+0000] {logging_mixin.py:190} INFO - [2025-08-17T14:53:00.356+0000] {dag.py:4138} INFO - Setting next_dagrun for tutorial_dag to None, run_after=None
[2025-08-17T14:53:00.374+0000] {processor.py:208} INFO - Processing /home/airflow/.local/lib/python3.12/site-packages/airflow/example_dags/tutorial_dag.py took 0.063 seconds
[2025-08-17T14:53:31.223+0000] {processor.py:186} INFO - Started process (PID=601) to work on /home/airflow/.local/lib/python3.12/site-packages/airflow/example_dags/tutorial_dag.py
[2025-08-17T14:53:31.225+0000] {processor.py:914} INFO - Processing file /home/airflow/.local/lib/python3.12/site-packages/airflow/example_dags/tutorial_dag.py for tasks to queue
[2025-08-17T14:53:31.228+0000] {logging_mixin.py:190} INFO - [2025-08-17T14:53:31.228+0000] {dagbag.py:587} INFO - Filling up the DagBag from /home/airflow/.local/lib/python3.12/site-packages/airflow/example_dags/tutorial_dag.py
[2025-08-17T14:53:31.237+0000] {processor.py:925} INFO - DAG(s) 'tutorial_dag' retrieved from /home/airflow/.local/lib/python3.12/site-packages/airflow/example_dags/tutorial_dag.py
[2025-08-17T14:53:31.259+0000] {logging_mixin.py:190} INFO - [2025-08-17T14:53:31.259+0000] {dag.py:3211} INFO - Sync 1 DAGs
[2025-08-17T14:53:31.274+0000] {logging_mixin.py:190} INFO - [2025-08-17T14:53:31.274+0000] {dag.py:4138} INFO - Setting next_dagrun for tutorial_dag to None, run_after=None
[2025-08-17T14:53:31.295+0000] {processor.py:208} INFO - Processing /home/airflow/.local/lib/python3.12/site-packages/airflow/example_dags/tutorial_dag.py took 0.077 seconds
[2025-08-17T14:54:01.805+0000] {processor.py:186} INFO - Started process (PID=663) to work on /home/airflow/.local/lib/python3.12/site-packages/airflow/example_dags/tutorial_dag.py
[2025-08-17T14:54:01.808+0000] {processor.py:914} INFO - Processing file /home/airflow/.local/lib/python3.12/site-packages/airflow/example_dags/tutorial_dag.py for tasks to queue
[2025-08-17T14:54:01.813+0000] {logging_mixin.py:190} INFO - [2025-08-17T14:54:01.813+0000] {dagbag.py:587} INFO - Filling up the DagBag from /home/airflow/.local/lib/python3.12/site-packages/airflow/example_dags/tutorial_dag.py
[2025-08-17T14:54:01.822+0000] {processor.py:925} INFO - DAG(s) 'tutorial_dag' retrieved from /home/airflow/.local/lib/python3.12/site-packages/airflow/example_dags/tutorial_dag.py
[2025-08-17T14:54:01.844+0000] {logging_mixin.py:190} INFO - [2025-08-17T14:54:01.844+0000] {dag.py:3211} INFO - Sync 1 DAGs
[2025-08-17T14:54:01.863+0000] {logging_mixin.py:190} INFO - [2025-08-17T14:54:01.863+0000] {dag.py:4138} INFO - Setting next_dagrun for tutorial_dag to None, run_after=None
[2025-08-17T14:54:01.885+0000] {processor.py:208} INFO - Processing /home/airflow/.local/lib/python3.12/site-packages/airflow/example_dags/tutorial_dag.py took 0.085 seconds
[2025-08-17T14:54:32.034+0000] {processor.py:186} INFO - Started process (PID=725) to work on /home/airflow/.local/lib/python3.12/site-packages/airflow/example_dags/tutorial_dag.py
[2025-08-17T14:54:32.035+0000] {processor.py:914} INFO - Processing file /home/airflow/.local/lib/python3.12/site-packages/airflow/example_dags/tutorial_dag.py for tasks to queue
[2025-08-17T14:54:32.037+0000] {logging_mixin.py:190} INFO - [2025-08-17T14:54:32.037+0000] {dagbag.py:587} INFO - Filling up the DagBag from /home/airflow/.local/lib/python3.12/site-packages/airflow/example_dags/tutorial_dag.py
[2025-08-17T14:54:32.044+0000] {processor.py:925} INFO - DAG(s) 'tutorial_dag' retrieved from /home/airflow/.local/lib/python3.12/site-packages/airflow/example_dags/tutorial_dag.py
[2025-08-17T14:54:32.060+0000] {logging_mixin.py:190} INFO - [2025-08-17T14:54:32.059+0000] {dag.py:3211} INFO - Sync 1 DAGs
[2025-08-17T14:54:32.072+0000] {logging_mixin.py:190} INFO - [2025-08-17T14:54:32.072+0000] {dag.py:4138} INFO - Setting next_dagrun for tutorial_dag to None, run_after=None
[2025-08-17T14:54:32.089+0000] {processor.py:208} INFO - Processing /home/airflow/.local/lib/python3.12/site-packages/airflow/example_dags/tutorial_dag.py took 0.060 seconds
